['40', '145', '149', '174']
['25', '113', '123', '229']
['204', '264']
['97', '114', '183', '212']
['32', '48']
['201', '245']
['147']
['76', '101', '244']
['18', '67', '259']
['86', '129', '179', '213', '247', '253']
['51', '170', '171']
['5', '63', '103']
['15', '35', '120']
['9', '50', '73']
['58', '69']
['104']
['225']
[]
['56', '71']
['1', '19', '224']
['64', '206']
['36', '203', '218']
['0', '47', '85', '143', '156', '214', '267']
['140']
['59', '98', '158', '180', '228', '236', '257']
['33', '52', '122']
['191', '193', '199', '209', '268']
['162', '262']
['24', '95', '196', '205', '235']
['10']
['139', '176', '185']
['65', '82', '89', '90', '106', '108', '178']
['30', '227', '251']
['41', '44', '53', '62', '109', '124']
['22', '135', '164', '168']
['221']
['125']
['17', '45', '210', '269']
['3', '21', '126', '131', '219']
['261']
['2', '75', '93', '118', '255']
['238']
['57', '198', '254']
['34', '42', '43', '79', '100', '220']
['115']
['94', '211', '230']
['54', '116', '155', '187', '194', '226']
['37', '163']
['7', '16', '132', '150']
['146']
['29', '80', '99', '117', '175', '202', '256']
['239']
['159', '200']
['160', '166', '190']
['26', '91', '153']
['8', '112', '134', '181', '195', '231']
['92', '157', '172', '186']
['6', '84', '137']
['68', '87', '217']
['207', '243', '265']
['161']
['182']
['246']
['136', '241', '252']
['72']
['31', '119', '189', '197', '234', '242']
['60', '105', '110', '111', '240']
['23', '61', '177']
['4', '11', '121', '127', '208', '223', '249']
['133', '248']
['27', '28', '66', '215']
['49', '81', '88', '102', '138', '141', '216']
['83', '148', '173', '192', '233', '260', '263']
['130', '154', '169', '232', '258']
['12', '55', '151', '184', '188', '237']
['77', '128', '142', '152', '165', '167']
['13', '250']
['14', '78', '144']
['20', '70', '74', '96', '107', '222']
['39', '266']
['38', '46']
