['7', '241', '244']
[]
['100', '115']
['157']
['63', '166', '172', '154', '195']
[]
['45', '150', '48']
['52']
['79', '217']
['135', '59']
['5', '167']
['194', '99']
['121', '34', '237', '180', '124']
['110', '225', '176', '243', '12', '199', '83']
['49', '174', '144']
['13', '170', '179']
['88', '51', '96']
['238', '149']
['54', '152']
['17', '229']
['25', '93']
['1', '61']
[]
['205', '178', '204']
['33', '163']
['108', '186']
['69', '114']
['10']
[]
['116', '76', '187']
['226', '29']
['181', '35']
['27', '71']
['192', '142']
['201']
['139', '97']
['222', '231', '32']
['67', '239', '77']
['82', '22']
['130', '56']
['193', '26', '23', '6', '140', '235', '64']
['53', '57']
['90', '175', '94', '234']
['132', '236', '15']
['128']
['47']
['92', '119']
['42']
['84', '148']
['218']
['177', '131']
['228', '8']
['200', '112']
['38']
['213', '183']
['101', '209', '227', '39']
[]
['143']
['70', '147']
['156', '220', '105', '190', '91', '232']
['127', '248']
['31']
[]
[]
['104']
['168']
['245', '171', '164', '55', '162']
['60']
[]
['95']
['62', '50', '74']
['65']
['223', '189']
['219']
['221', '155', '122']
['138', '247', '46']
['16', '134', '118']
['198']
['113', '106', '78']
['120', '24', '137', '197']
['4', '107']
['242']
['58', '123']
['109', '240', '125']
['233', '21', '208', '136', '66']
['3']
['145']
['111', '141']
['86', '11', '214', '211']
[]
['161']
['146', '153']
['160', '43', '19']
['98', '151']
['212', '40', '117']
[]
['191']
['44', '68', '207', '9', '102']
['196', '165']
[]
['20']
['14']
['169', '41', '75']
['206', '18', '203']
['210']
['184', '81', '230']
['73']
[]
['2']
[]
['80', '28']
[]
['72', '202']
['158']
['173']
['37', '89', '215', '0']
['30', '216']
['36', '185']
['133', '85', '224']
['159']
['246', '87']
[]
['129']
['188']
['249', '182']
['103', '126']
