['464', '314', '42', '327', '488', '272', '347']
['63', '216', '481', '222']
['178', '387', '430', '148', '242', '328', '145', '289', '77', '208', '384']
['137', '298']
['185', '292', '474', '448']
['87', '315', '66', '20']
['338', '452', '385', '311', '381', '368', '56', '420']
['122', '269', '94']
['487', '120', '394', '297', '477']
['196', '380', '203', '52', '157']
['70', '8']
['82', '455', '14', '49', '188']
['349', '236', '470', '282', '348', '215']
['140', '331', '401', '340']
['303', '41', '263', '147', '212']
['445']
['225', '119', '1']
['7', '300', '5', '313', '109', '146']
['74', '167', '389', '288', '248', '135', '154', '62', '318']
['59', '207', '456', '299', '11', '407']
['467', '383', '86', '442']
['262', '166', '424', '293']
['142', '219', '95', '483', '54', '223']
['141', '485']
['307', '103', '206', '382']
['88', '302', '78', '317', '105', '37']
['417', '200', '438', '489', '180']
['21', '34', '468', '496', '99']
['434', '36', '494', '229']
['13', '432', '169', '309', '150', '130', '379']
['369', '182', '121', '48', '152']
['411', '283', '226', '177', '355', '429']
['100', '15', '450', '175', '89']
['57']
['426', '441', '61', '25', '187', '270', '362', '241', '412', '374']
['126']
['444', '84', '319', '45', '279', '305']
['440', '326', '261', '131', '17', '286']
['415', '2', '498', '267', '285', '276']
['218', '339', '281', '454']
['492', '447', '193', '29']
['195', '6', '395', '372']
['243', '35']
['158', '163', '64', '9', '46']
['268', '273', '410', '459', '170', '443', '199', '333']
['217', '72', '104', '453', '421', '165']
['24', '304', '296', '446', '260']
['274', '404', '30', '214', '234', '133', '320', '388']
['220', '164', '125', '190', '478', '90', '191', '80']
['58', '232', '301', '416']
['47', '499', '144', '204', '224', '239']
['398', '334', '329', '278', '406']
['111', '294', '123']
['124', '475', '361', '277', '322']
['101', '428', '151']
['143', '238', '408', '134']
['482', '250', '393']
['427', '342', '183', '97']
['366', '117', '3', '128']
['139', '43', '53', '431', '132', '337', '350', '335', '386']
['40']
['461', '354', '115', '479', '451', '290']
['367', '129', '472']
['252', '168', '365', '399']
['39', '12']
['405', '324', '92', '73', '370', '258', '306', '373', '202', '27', '495', '364']
['466', '280']
['79', '256', '371', '235', '23', '343']
['102', '390', '435']
['295', '246', '253', '230']
['50', '321', '153', '33', '419', '323']
['211', '413', '400', '155', '22', '493', '284', '439', '316']
['375', '233', '356', '308', '457']
['85', '213', '76', '112', '98']
['179', '186', '71', '108']
['376', '184']
['4', '209', '189', '266', '310', '402', '174', '210', '403', '201']
['462', '357', '377', '247', '360', '436', '249']
['271', '449']
['60', '259', '44']
['473', '336', '116', '160', '75', '16', '497', '425']
['437', '257', '341', '38']
['113', '173', '396', '465', '460', '500', '325', '221']
['67', '161', '156', '463', '68']
['458', '486', '110']
['81', '359', '291', '352', '469', '93', '254']
['106', '65', '476', '118', '433']
['391', '107', '423', '51', '18']
['91', '198', '162', '418', '136', '240', '397', '265', '83']
['231', '358', '287', '490']
['228', '332', '149', '414']
['197', '363', '480', '96', '346', '251']
['245', '176', '19', '127', '264']
['172', '194', '192', '10', '471', '227', '255']
['345', '422', '32', '26', '69', '353']
['181', '244']
['55', '378', '484', '409']
['312', '237', '28', '159', '275', '392']
['491', '138', '351', '330', '31']
['205', '114', '344', '171']
