['CwC', 'W4L', '8VG', 'pf5', 'Qa3', '70K', 'NqO', 'NXP', 'zTH', '3kn', 'lsG', 'zgJ']
['oSh', 'IJ1', 'XHa', '0gI', 'YMC', 'Xim', '5qS', 'n99', 'hYw', '0oy', 'TUB', 'hdp']
['xpw', 'UPL', 'c3v', 'Qyh', '5U2', 'iFt', 'emD', 'ZQL', 'Gu6', 'hiF', 'a55', 'vca']
['a4K', 'AK4', 'vJC', 's3z', 'oak', 'Jgp', '2mv', 'tfQ', '4fp', 'xz4', '1uW', 'aLB']
['xRH', 'kYz', '4nb', 'uVg', 'iiE', 'FEQ', 'Swe', 'SMj', 'zfD', 'YBr', 'D40', '5i6']
['EoI', 'etm', 'QDa', 'zEh', 'jWX', 'Ql9', 'iTo', 'kiK', 'Eou', 'rMd', '2vJ', 'xx7']
['qPq', 'aTI', 'txp', 'P8b', 'xqY', 'X9s', 'cFa', '6pB', 'NiX', 'IU6', 'WB2', '0RD']
['PPi', 'GpL', '3QX', '1QY', 'VCH', 'Ns3', 'h6l', 'HvR', 'Fmb', 'LTB', 'JLF', 'Pas']
['dSZ', 'Qtt', 'rXN', 'sKX', '6Hl', 'hct', 'mGb', 'gTC', 'Tn8', 'ZVF', '0Qs', 'uQL']
['oUs', 'Itn', 'XMr', '0ID', 'EJa', 'ewc', 'tpP', 'CYA', '4KN', 'd60', 'e6S', 'N08']
['ISX', 'BPL', '69w', 'PoH', 'nkl', 'USE', 'PJa', 'FkC', '8uz', 'rz4', '6sH', 'VVW']
['VoJ', 'dvU', 'xLA', 'WLo', 'fFJ', '8nm', 'euj', 'uii', 'L1u', 'UDc', 'rC8', 'fKV']
['u1N', 'zfK', 'tFU', 'Hbr', 'nQj', 'mcI', 'ZNv', 'uZt', 'KS2', '9F9', 'Qti', 'stN']
['U0P', 'WXJ', 'JWV', '4Nd', 'MNb', 'QhQ', 'eGG', 'xxJ', 'B99', 'VZ7', 'i4H', 'BV4']
['ptf', 'iGU', 'SiL', 'jEj', 'yLV', 'GRw', 'WLk', '5jv', 'bDO', 'gEU', 'cEk', 'Y2z']
['Zc5', 'gkI', 'GUX', 'Z7b', 'kte', 'W2Z', '8j5', 'gVV', 'btz', 'iW8', '6na', '96X']
['NGB', 'ux2', 'G2k', 'ZxX', 'Afe', 'NyP', 'AJT', 'b7z', 'gE4', 'HWv', 'mRG', 'z1H']
['MQT', 'sfk', 'wgA', 'aZv', 'rYU', 'ttO', 'mFO', 'UmG', 's6M', 'PlJ', 'SmS', '5n5']
['cmd', 'Jla', 'dLc', 'SV9', '00m', 'rGT', 'bLd', 'lKO', '1RB', 'bA6', '9ug', 'e8d']
['tEu', 'mIe', '8uu', 'Epk', 'X5J', 'JfN', '4gy', 'qmj', 'i9C', 'gfv', 'VAV', 'HkK']
['Hyj', '5Li', 'qLD', 'PqY', 'Mvm', 'g08', 'Hi0', 'cDc', 'yAp', 'czy', 'dlb', 'nQv']
['Ihb', 'klv', 'uH4', 'KZy', 'LiP', 'I2i', 'm5j', 'Fws', 'tm4', 'oSw']
['QEF', 'DoC', 'f9z', 'W8n', 'BDE']
['nqI', 'KGR', 'F9o', 'JyM', 's1n', 'CU9', 'j3s', 'b9f', 'YNK', 'ziA']
['bAf', '17Q', 'mUL', 'wqW', 'ZFU', 'U4K', 'KRy', '6ro', 'Bfu', 'OCL']
['nf5', 'JYa', 'YFC', 'PQT', 'ZY3', 'rmu', '5zB', 'AcJ', 'wGp']
['Kn8', 'iba', 'Ke0', 'IZQ', 'H68', 'kT2']
['vyM', 'tKI', 'qDy', '27J', 'YEe', 'psG', 'AKr', 'uGP', 'jFu', 'I2S', '6Ip']
['blA', 'gEp', 'D5B', 'O2z', 'X5a', 'ULj', '19T', 'jGk', 'u9Q', 'JVP']
['U0Z', 'hHB', 'b99', 'nc0', 'h3r', 'kZ0', 'JcP', 'pTi']
['x86', 'Ot9', 'iS6', 'Wmv', 'SFn', 'v6U', '81k', '9NA']
['fQ3', 'VPb', '1gc', 'slQ', 'dNX', 'YUZ', 'x8V', '2UA', 'EJD', 'qkE', 'gWT']
['1aX', '1xS', '28R', 'hQH', 'tK7', 'mLL', 'J8r', 'FzE', 'e8H']
['upV', 'E2A', '4p5', 'mLF', 'oZQ', 'AHs', 'fFE', 'FbA']
['PiG', 'Hxo', 'H9O', 'rgC', 'wwD', 'XlR', 'MrD', 'oPH', 'Twl', '4LY', 'nRH']
