['17', '25', '27', '68', '69', '81', '95', '143', '173', '176', '184', '193', '220', '227', '228']
['33', '56', '62', '91', '110', '114', '115', '170', '202', '205', '240', '241', '261', '269', '285']
['22', '57', '84', '102', '119', '120', '147', '160', '188', '194', '239', '252', '256', '278', '295']
['15', '28', '31', '58', '116', '213', '219', '245', '279', '294', '299']
['16', '24', '53', '77', '87', '118', '127', '174', '201', '217']
['2', '37', '106', '131', '134', '180', '182', '223', '230', '234', '293']
['23', '41', '49', '75', '105', '125', '162', '197', '262', '288']
['50', '59', '66', '78', '109', '195', '214', '232', '238', '249']
['21', '47', '200', '206', '263', '276', '291']
['10', '48', '93', '123', '133', '142', '150', '199', '203', '229']
['13', '19', '38', '65', '89', '104', '135', '141', '153', '164', '236', '243']
['7', '99', '137', '140', '159', '181', '189', '204', '222', '242', '292', '296']
['1', '32', '55', '71', '74', '121', '126', '175', '183', '187', '209', '235']
['30', '36', '113', '138', '186', '211', '216', '224', '283', '284']
['52', '54', '79', '86', '107', '130', '139', '149', '178', '185', '287']
['4', '8', '39', '60', '90', '166', '167', '177', '221', '248', '250', '259', '280', '290']
['0', '12', '72', '94', '136', '264']
['9', '29', '73', '88', '129', '157', '161', '191', '267']
['5', '108', '148', '156', '158', '215', '258', '274', '282']
['11', '76', '132', '152', '233', '244', '254', '272', '289']
['14', '26', '61', '97', '101', '145', '172', '192', '275']
['46', '63', '82', '98', '155', '231', '247', '253', '281']
['3', '146', '196', '198', '226', '257', '265', '271', '286', '297']
['20', '80', '128', '165', '273']
['34', '51', '85', '208', '225', '251', '266', '270', '277']
['6', '18', '40', '43', '44', '70', '151', '154', '163']
['42', '117', '171', '179', '218', '255', '260']
['45', '67', '100', '103', '111', '168', '190', '207', '237']
['35', '92', '96', '112', '124', '144', '169', '210', '246', '298']
['64', '83', '122', '212', '268']
