['Cherise', 'Ardra', 'Charlot', 'Chiquia', 'Alysa', 'Annelise', 'Betti', 'Agace', 'Astrix', 'Cal']
['Annabelle', 'Ailene', 'Charity', 'Bernete', 'Carolyn', 'Bliss', 'Annadiane', 'Austina', 'Brittaney', 'Annabel']
['Christan', 'Cele', 'Caril', 'Casandra', 'Alayne', 'Berni', 'Bryna', 'Blancha', 'Ali', 'Bess']
['Brandi', 'Brigida', 'Bobbie', 'Blythe', 'Barbabra', 'Bill', 'Annamaria', 'Cathrine', 'Bobbee', 'Brandy']
['Antoinette', 'Camel', 'Bonnee', 'Carmine', 'Anabelle', 'Carlyn', 'Catlaina', 'Bunni', 'Andrea', 'Christabella']
['Carmel', 'Bettine', 'Christyna', 'Ashlie', 'Anabal', 'Caroljean', 'Aubrette', 'Berta', 'Cami', 'Annora']
['Amanda', 'Ardella', 'Alyda', 'Avis', 'Calla', 'Ara', 'Ambur', 'Billie', 'Cammy', 'Bobbye']
['Caro', 'Aeriel', 'Candra', 'Allix', 'Anthiathia', 'Amabel', 'Bamby', 'Binni', 'Berty', 'Belva']
['Adelheid', 'Carlye', 'Chiarra', 'Caralie', 'Carina', 'Cherilyn', 'Alicea', 'Carrissa', 'Bobby', 'Aimil']
['Bernardine', 'Bellanca', 'Alverta', 'Celestine', 'Benita', 'Charmion', 'Penny', 'Amy', 'Benetta', 'Alisun']
['Candis', 'Catharine', 'Andree', 'Catie', 'Carolina', 'Alejandra', 'Bibbie', 'Ashli', 'Ariela', 'Alanah']
['Annabela', 'Amargo', 'Charin', 'Abra', 'Anallese', 'Babbie', 'Barbey', 'Aveline', 'Chelsy', 'Abby']
['Angie', 'Bert', 'Carri', 'Auroora', 'Aurelea', 'Angil', 'Bernadine', 'Christel', 'Almeda', 'Carmelita']
['Allissa', 'Bobinette', 'Caryl', 'Calida', 'Chanda', 'Barbaraanne', 'Alys', 'Anatola', 'Anne', 'Audy']
['Babbette', 'Carena', 'David', 'Babs', 'Catherine', 'Celestyn', 'Billy', 'Cheslie', 'Cherrita', 'Cassondra']
['Celie', 'Alikee', 'Alissa', 'Allegra', 'Christye', 'Ashlen', 'Aurore', 'Adorne', 'Catriona', 'Bride']
['Aubine', 'Carlee', 'Anet', 'Arlene', 'Carole', 'Cammi', 'Brigid', 'Athene', 'Barbra', 'Cody']
['Bessy', 'Bobette', 'Brier', 'Bridgette', 'Blanche', 'Andriana', 'Anica', 'Alexia', 'Carlynn', 'Adelice']
['Camella', 'Agatha', 'Alvira', 'Berri', 'Angelina', 'Caryn', 'Brandie', 'Babette', 'Alexi', 'Aile']
['Charyl', 'Addi', 'Angela', 'Cherye', 'Callida', 'Alix', 'Belita', 'Agnola', 'Aliza', 'Bunny']
['Christal', 'Anni', 'Beatrice', 'Betty', 'Catlee', 'Alexandrina', 'Ardeen', 'Caron', 'Arlie', 'Bren']
['Cacilia', 'Ada', 'Cassy', 'Ardene', 'Arlina', 'Calli', 'Aili', 'Babara']
['Anjela', 'Beverie', 'Brandea', 'Babita', 'Arliene', 'Anastasia', 'Billi', 'Augusta']
['Andi', 'Aaren', 'Alie', 'Athena', 'Anastassia', 'Caren', 'Chelsey', 'Bethany']
['Cesya', 'Adoree', 'Alice', 'Bernardina', 'Blinnie', 'Betteann', 'Brandise', 'Asia', 'Berna']
['Angel', 'Bertine', 'Analiese', 'April', 'Charleen', 'Cariotta', 'Casie']
