['62', '157', '159', '212']
['18', '27', '113', '129', '206']
['146', '151', '211']
[]
['177']
['110', '131', '136']
['158', '247']
['34', '74', '76', '104', '179']
['57']
['41']
['98']
['16', '19', '143', '246']
['0', '87', '103', '149']
['154', '189']
['119', '165']
['40', '118', '208']
['78', '79', '139', '160', '218']
['8', '35', '38', '199']
['42', '167']
['5', '24', '124']
['82', '122', '223']
['216', '230']
['3', '191', '234']
['128', '182', '186']
['1', '45', '58', '65', '80', '106']
['30', '224', '236']
['50']
['54', '61', '70', '180']
['9', '95']
['105', '166', '237']
['213']
['14', '109', '116']
['86', '101', '162']
['85', '91', '156']
['220', '240']
['153', '170', '175', '227']
['96', '115', '192']
['117']
['29']
['39', '67', '172']
['25', '55', '92', '197', '202']
['71', '93', '126', '209']
['242']
['232']
['60', '88']
['11']
['4', '32', '47', '201', '238']
['228']
[]
['7', '43', '217']
['59', '90', '225']
['130']
['215', '226', '231', '250']
['68', '142', '193', '214']
['69']
['83', '132', '134', '205']
['2', '233', '241']
['75', '99', '120']
[]
['195']
['21', '44', '148', '184']
['127']
['150', '176', '198']
['6', '52', '244']
[]
['133', '164']
['66']
['13', '33']
['22', '46', '53', '94', '135', '138', '239']
[]
['178', '210']
['235']
[]
['63', '141', '204', '219']
['123', '181']
['36', '51', '64']
['173', '200']
['12', '48', '56', '73']
['84', '190']
['81', '161', '174']
['49', '171']
[]
['10', '28', '72', '102', '108']
['15', '26', '107', '114', '183']
['111', '249']
[]
['17', '97', '140']
['77']
['20', '185', '203']
['37', '100', '222']
['144', '194']
['112', '187', '207']
['196']
['121', '137', '168', '169']
['23', '147']
['145', '229', '243', '245']
['155']
['89', '125']
['152']
['31', '163', '188', '221', '248']
