['8', '17', '24', '165', '172', '177', '189', '194', '222', '239', '247', '252', '259', '278', '297', '299', '316', '329', '336', '361', '368', '423', '441', '442']
['1', '14', '61', '64', '69', '80', '83', '87', '95', '107', '121', '123', '143', '206', '207', '275', '277', '281', '325', '345', '376', '380', '426', '462', '463', '490', '494']
['30', '41', '60', '68', '89', '90', '163', '171', '214', '235', '251', '295', '304', '311', '324', '342', '384', '412', '414', '483', '491', '493']
['18', '50', '91', '135', '169', '220', '228', '260', '268', '269', '285', '330', '337', '351', '374', '390', '408', '437', '472']
['35', '40', '43', '45', '55', '76', '79', '99', '115', '119', '144', '148', '159', '184', '190', '244', '283', '314', '318', '326', '328', '335', '359', '420', '428', '433']
['29', '58', '77', '84', '88', '137', '151', '157', '170', '175', '183', '213', '249', '302', '308', '315', '322', '343', '346', '356', '396', '405', '413', '432', '438', '481']
['2', '20', '36', '46', '72', '96', '124', '136', '198', '218', '227', '242', '279', '280', '327', '387', '388', '393', '397', '452', '487', '492']
['3', '12', '26', '100', '104', '132', '166', '192', '212', '229', '232', '250', '257', '288', '290', '306', '331', '386', '404', '409', '446', '466', '477', '486', '497']
['4', '10', '27', '51', '57', '67', '101', '103', '122', '129', '138', '139', '155', '193', '196', '209', '210', '217', '274', '310', '320', '357', '379', '395', '401', '431', '444', '448', '450', '474']
['5', '11', '31', '33', '73', '75', '102', '106', '134', '195', '221', '254', '258', '282', '286', '294', '319', '365', '391', '394', '427', '449', '457', '470', '484']
['0', '15', '53', '54', '114', '116', '126', '141', '164', '176', '178', '181', '203', '215', '219', '233', '237', '241', '271', '289', '313', '333', '350', '398', '424', '430', '440', '445', '453', '469', '489']
['6', '13', '21', '37', '38', '59', '82', '86', '110', '117', '118', '145', '202', '223', '224', '236', '245', '255', '261', '263', '273', '307', '377', '400', '410', '429', '455', '456', '468', '479', '495', '498']
['16', '93', '112', '120', '127', '174', '180', '188', '200', '230', '240', '256', '265', '301', '338', '347', '354', '366', '389', '485', '496']
['7', '52', '71', '81', '92', '108', '147', '150', '153', '204', '246', '248', '287', '332', '378', '383', '421', '476', '482', '488']
['32', '56', '113', '199', '201', '208', '225', '253', '298', '300', '309', '344', '348', '392', '406', '415', '418', '460', '480']
['28', '44', '48', '65', '109', '152', '160', '167', '168', '211', '291', '296', '341', '355', '370', '372', '375', '411', '417', '436', '447', '458', '464', '473']
['42', '62', '94', '98', '149', '185', '234', '243', '264', '284', '303', '305', '312', '321', '323', '339', '349', '352', '363', '369', '385', '416', '419', '454', '478', '499']
['9', '19', '22', '23', '70', '85', '105', '146', '158', '161', '182', '186', '191', '226', '231', '272', '293', '317', '353', '371', '422', '434', '435', '467']
['34', '39', '47', '49', '78', '111', '131', '173', '179', '205', '238', '262', '267', '270', '334', '340', '362', '364', '373', '381', '382', '402', '425', '439', '443', '459', '465', '475']
['25', '63', '66', '74', '97', '125', '128', '130', '133', '140', '142', '154', '156', '162', '187', '197', '216', '266', '276', '292', '358', '360', '367', '399', '403', '407', '451', '461', '471']
