['4', '15', '20', '38', '59']
['33', '41', '60', '79', '145']
['72', '102', '110', '132', '185']
['67', '74', '148', '181', '190']
['24', '114', '121', '126', '232']
['6', '17', '116', '164', '240']
['25', '49', '54', '228', '244']
['26', '179', '239', '242', '247']
['13', '46', '75', '137', '260']
['63', '94', '104', '234', '264']
['139', '147', '176', '195', '266']
['45', '105', '188', '235', '267']
['12', '53', '93', '157', '271']
['40', '113', '133', '174', '275']
['9', '29', '39', '193', '280']
['30', '143', '158', '254', '281']
['82', '101', '136', '150', '304']
['89', '119', '146', '204', '307']
['108', '170', '230', '306', '309']
['42', '223', '229', '310', '315']
['21', '194', '261', '325', '326']
['28', '276', '279', '316', '331']
['16', '209', '237', '299', '338']
['1', '70', '197', '206', '346']
['19', '95', '162', '352', '356']
['18', '202', '284', '303', '362']
['27', '128', '207', '294', '366']
['180', '214', '327', '360', '376']
['22', '48', '349', '367', '381']
['65', '129', '199', '335', '382']
['99', '109', '224', '361', '385']
['155', '165', '200', '292', '387']
['156', '238', '268', '288', '388']
['87', '154', '250', '312', '390']
['78', '91', '218', '370', '395']
['221', '329', '348', '393', '396']
['103', '225', '249', '363', '398']
['131', '140', '220', '262', '404']
['34', '37', '191', '400', '410']
['98', '141', '256', '283', '414']
['166', '273', '291', '341', '417']
['171', '245', '334', '378', '419']
['62', '130', '152', '222', '421']
['107', '184', '186', '401', '424']
['134', '211', '227', '337']
['142', '159', '351', '399']
['149', '270']
['163', '183', '321']
['345']
['330']
['285']
['52', '257', '277', '339']
['111', '252', '413']
['71', '192', '297']
['81', '255', '332']
['51', '324', '374']
['35', '287']
['115', '168']
['187', '212', '368', '383']
['135', '208', '290']
['298', '301', '342', '406']
['258', '302', '403']
['3', '426']
['80', '86', '117']
['124', '318', '364', '415']
['333', '359']
['112']
['201', '246', '314']
[]
['68', '205', '274', '313']
['32', '66', '278', '357']
['269', '328', '336', '354']
['365']
['44', '198', '394']
['106', '169', '173']
['100', '123', '125', '389']
['138', '233']
['118']
['293', '369', '420']
['120', '286']
['144', '196']
[]
['55', '175', '317']
['282', '355', '418']
['14', '127', '236']
['248', '340']
['0', '88', '377', '405']
['56', '215', '391']
['189', '412']
['323', '397', '407']
['76', '353']
['319', '392']
['57', '373']
['58', '167', '178', '423']
['92', '272']
['2', '97']
['31', '85', '153', '182']
['216', '320']
['7', '47', '213', '231']
['347', '411']
['64', '96']
['50', '90', '210', '226']
['151', '241', '308', '311']
['251']
['219', '322', '343']
['10', '23', '161', '358']
[]
['422']
['61']
['36', '77', '83', '416']
['265', '305']
['386', '408']
['8', '11', '84', '259']
['203', '217', '379', '425']
['243', '295', '409']
['253', '263', '350', '372']
['5', '73']
['300', '380', '402']
['177', '375', '384']
['172', '296']
['43', '69', '160', '344']
['122', '289', '371']
