['47', '76', '84', '89', '105', '129', '131', '154', '240', '277', '288', '309', '313', '404', '418']
['44', '69', '100', '102', '150', '160', '166', '249', '260', '293', '295', '358', '363', '410']
['4', '13', '24', '107', '117', '125', '130', '142', '156', '159', '169', '175', '190', '208', '212', '223', '234', '303', '308', '337', '361', '405', '407']
['3', '29', '53', '71', '91', '106', '120', '128', '132', '140', '151', '203', '205', '206', '255', '281', '299', '317', '319', '341', '373', '376', '377', '388', '392']
['7', '12', '14', '42', '57', '97', '112', '113', '137', '181', '199', '209', '220', '222', '252', '305', '415']
['1', '85', '87', '103', '122', '161', '172', '211', '231', '278', '306', '314', '323', '335', '344', '356', '365']
['0', '32', '61', '65', '77', '82', '123', '133', '146', '174', '216', '242', '251', '254', '268', '279', '292', '378']
['50', '59', '94', '98', '99', '139', '194', '198', '202', '237', '243', '259', '265', '320', '322', '324', '347', '384', '389', '419']
['18', '28', '39', '58', '67', '96', '143', '168', '176', '177', '195', '197', '207', '247', '250', '261', '286', '289', '294', '296', '331', '367', '375', '393']
['46', '52', '74', '111', '138', '164', '182', '185', '196', '213', '227', '232', '263', '274', '300', '304', '312', '326', '355', '372', '396', '400', '413']
['11', '35', '64', '101', '148', '153', '157', '186', '189', '225', '229', '264', '311', '332', '338', '354', '369', '412']
['5', '26', '37', '49', '55', '62', '75', '81', '92', '126', '134', '165', '179', '192', '201', '233', '238', '301', '302', '349', '360', '386', '390', '391', '398']
['16', '33', '54', '73', '79', '80', '178', '214', '244', '246', '285', '310', '329', '343', '359', '366', '383', '394', '408']
['21', '38', '68', '127', '149', '236', '241', '275', '284', '287', '291', '327', '339', '352']
['9', '34', '36', '40', '51', '56', '108', '116', '141', '152', '180', '183', '184', '248', '271', '316', '348', '353']
['6', '20', '30', '43', '63', '167', '171', '217', '224', '257', '276', '325', '336', '345', '371']
['2', '8', '144', '145', '253', '256', '266', '283', '297', '315', '318', '380', '385']
['22', '31', '41', '48', '88', '90', '93', '109', '114', '124', '136', '155', '163', '170', '187', '193', '210', '273', '330', '368', '370', '374', '379', '387', '403']
['25', '60', '86', '115', '119', '162', '200', '204', '235', '239', '245', '258', '280', '298', '321', '340', '362', '364', '397', '401', '406', '409', '414']
['23', '45', '66', '72', '95', '104', '121', '135', '228', '230', '269', '272', '342', '346', '357', '381', '382', '411', '416']
['78', '83', '118', '147', '188', '218', '221', '226', '262', '290', '328', '334']
['10', '15', '17', '19', '27', '70', '110', '158', '173', '191', '215', '219', '267', '270', '282', '307', '333', '350', '351', '395', '399', '402', '417']
