['39', '40', '46', '52', '65', '90', '98', '104', '113', '130', '142', '146', '187', '191', '210', '211', '222', '239', '270', '285', '292', '300', '303', '305', '309']
['9', '11', '13', '27', '45', '47', '54', '67', '87', '88', '91', '131', '166', '198', '199', '219', '231', '237', '251', '257', '318', '322', '324', '328', '340']
['53', '63', '75', '103', '106', '108', '118', '156', '157', '165', '177', '178', '181', '190', '204', '213', '226', '227', '243', '248', '288', '298', '308', '385', '399']
['1', '18', '20', '32', '33', '62', '86', '110', '132', '141', '206', '214', '218', '225', '242', '250', '341', '384', '395']
['36', '58', '84', '122', '123', '160', '172', '176', '197', '260', '264', '274', '276', '332', '335', '343', '366', '381', '388', '389', '392']
['12', '30', '51', '79', '93', '128', '144', '180', '217', '228', '230', '233', '234', '246', '275', '290', '311', '315', '354', '379']
['28', '34', '80', '107', '127', '155', '192', '235', '240', '252', '263', '287', '329', '347', '352', '361']
['6', '201', '205', '221', '238', '249', '265', '268', '281', '312', '313', '316', '325', '336', '356', '359', '368', '374']
['15', '26', '37', '50', '64', '78', '89', '99', '136', '151', '185', '215', '241', '273', '291', '304', '306', '320', '357', '393', '394']
['21', '25', '35', '43', '44', '57', '114', '138', '143', '147', '158', '161', '162', '186', '200', '207', '254', '272', '326', '334', '360', '369', '383']
['19', '23', '29', '59', '69', '102', '109', '126', '148', '159', '163', '171', '195', '208', '319', '321', '323', '348', '386', '400']
['7', '66', '71', '168', '175', '193', '194', '244', '247', '256', '330', '353', '371', '390']
['5', '17', '48', '61', '72', '100', '101', '105', '119', '133', '134', '145', '167', '173', '183', '188', '232', '236', '364', '372', '376', '378', '391']
['10', '41', '42', '82', '111', '174', '196', '209', '220', '224', '258', '267', '283', '294', '296', '310', '317', '331', '349', '363', '365']
['0', '22', '24', '31', '49', '56', '77', '95', '149', '202', '255', '271', '278', '293', '301', '302', '338', '339', '358', '373', '375', '380', '396']
['60', '76', '140', '154', '245', '280', '282', '284', '289', '295', '333', '342', '344', '346', '355', '362', '377', '397']
['16', '55', '73', '74', '83', '85', '115', '139', '169', '182', '184', '253', '259', '266', '307', '337']
['2', '4', '38', '70', '116', '124', '125', '152', '189', '203', '212', '279', '286', '314', '327', '345', '350', '351', '367', '382']
['3', '8', '81', '112', '120', '121', '137', '150', '153', '164', '216', '223', '261', '387', '398']
['14', '68', '92', '94', '96', '97', '117', '129', '135', '170', '179', '229', '262', '269', '277', '297', '299', '370']
