['5', '43', '58', '59', '83', '118', '154', '188', '200', '256', '266', '270', '331', '336', '340', '348', '350', '371', '384', '425']
['4', '20', '40', '48', '87', '120', '137', '138', '152', '167', '180', '216', '296', '305', '310', '312', '322', '379', '417', '433', '468']
['94', '96', '103', '117', '123', '140', '145', '155', '156', '196', '197', '204', '208', '221', '251', '265', '280', '301', '308', '329', '346', '347', '397', '411', '413', '459', '466']
['9', '107', '160', '184', '190', '205', '231', '248', '258', '349', '389', '409', '410', '419', '452', '453', '498']
['8', '22', '41', '69', '90', '98', '101', '133', '146', '164', '181', '194', '201', '211', '215', '238', '241', '287', '299', '309', '317', '318', '363', '443', '457', '472', '487']
['19', '45', '53', '88', '134', '139', '142', '178', '183', '189', '207', '218', '223', '252', '253', '264', '302', '328', '343', '422', '429', '439', '449', '462', '485']
['15', '30', '89', '191', '203', '227', '237', '262', '297', '304', '315', '380', '383', '400', '407', '414', '458', '471', '488']
['39', '42', '54', '170', '209', '292', '298', '319', '386', '408', '435', '437', '447', '464']
['14', '18', '32', '34', '52', '73', '143', '193', '198', '235', '255', '259', '271', '275', '279', '286', '330', '341', '359', '403', '421', '432', '446', '470', '478']
['2', '28', '29', '33', '78', '95', '111', '112', '113', '130', '131', '141', '148', '168', '175', '179', '219', '245', '272', '276', '284', '321', '367', '388', '405', '440', '460', '486']
['17', '24', '77', '195', '230', '269', '278', '293', '311', '324', '352', '362', '376', '377', '385', '394', '455']
['1', '26', '50', '76', '108', '109', '114', '214', '243', '247', '288', '290', '303', '358', '370', '401', '438', '456', '474', '482']
['16', '37', '70', '153', '165', '177', '192', '240', '263', '274', '282', '283', '313', '368', '372', '427', '431', '441', '445', '450', '467', '476', '490']
['3', '38', '57', '60', '79', '86', '92', '210', '220', '261', '291', '316', '366', '373', '390', '391', '412', '416', '475', '499']
['23', '84', '85', '129', '161', '213', '242', '267', '277', '344', '374', '418', '496']
['7', '13', '21', '31', '62', '99', '125', '136', '163', '166', '185', '233', '234', '236', '239', '281', '294', '323', '342', '398', '402', '451', '454', '480', '483', '493']
['93', '116', '158', '173', '176', '244', '249', '257', '337', '339', '351', '364', '378', '382', '395', '396', '424', '428', '436', '461', '477', '492']
['11', '61', '63', '64', '74', '132', '226', '229', '232', '285', '289', '300', '327', '369', '393', '415', '420', '448', '473', '491']
['55', '72', '91', '124', '144', '187', '224', '250', '326', '332', '334', '345', '365', '399', '406', '434']
['6', '80', '82', '102', '147', '182', '225', '335', '444', '481', '489', '494']
['46', '65', '66', '81', '100', '106', '169', '260', '268', '333', '423', '479']
['0', '10', '36', '51', '67', '71', '97', '104', '110', '121', '122', '127', '157', '159', '199', '202', '206', '325', '354', '357', '375', '430']
['25', '35', '47', '68', '115', '119', '149', '171', '217', '295', '338', '353', '360', '392', '404', '442', '497']
['12', '44', '126', '128', '150', '151', '162', '172', '228', '254', '273', '355', '469']
['27', '49', '56', '75', '105', '135', '174', '186', '212', '222', '246', '306', '307', '314', '320', '356', '361', '381', '387', '426', '463', '465', '484', '495']
