['41', '60', '107', '126', '201', '234', '239', '256', '265', '302', '318']
['42', '45', '139', '208', '214', '259', '269', '300', '306', '314', '327']
['27', '31', '77', '79', '108', '124', '170', '204', '242', '271', '329']
['25', '40', '56', '61', '71', '151', '218', '246', '333', '357', '385']
['19', '59', '130', '132', '210', '268', '303', '352', '356', '359', '395']
['55', '69', '136', '156', '158', '176', '251', '292', '301', '319', '404']
['18', '24', '189', '222', '250', '260', '309', '331', '354', '400', '411']
['9', '51', '115', '181', '240', '248', '275', '358', '378', '410', '414']
['0', '26', '36', '52', '102', '231', '245', '308', '387', '401', '421']
['6', '35', '101', '104', '247', '277', '283', '289', '353', '420', '422']
['94', '98', '137', '167', '217', '276', '280', '291', '345', '388', '426']
['16', '39', '46', '66', '142', '150', '193', '228', '274', '341', '429']
['30', '37', '168', '198', '200', '340', '343', '344', '349', '409', '431']
['32', '47', '131', '155', '187', '249', '325', '336', '374', '377', '432']
['11', '28', '43', '93', '227', '235', '270', '367', '394', '412', '438']
['99', '147', '154', '281', '288', '307', '330', '332', '399', '418', '439']
['34', '87', '127', '149', '153', '166', '266', '335', '375', '425', '442']
['23', '49', '70', '163', '185', '199', '284', '337', '364', '398', '447']
['85', '88', '109', '112', '119', '273', '313', '316', '320', '360', '453']
['17', '20', '67', '113', '159', '160', '304', '355', '372', '386', '459']
['3', '84', '103', '174', '202', '233', '312', '365', '376', '430', '471']
['89', '173', '226', '236', '255', '315', '366', '427', '450', '455', '476']
['12', '215', '223', '243', '278', '296', '347', '383', '390', '445', '477']
['53', '169', '184', '207', '241', '262', '297', '369', '413', '449', '478']
['14', '22', '50', '62', '72', '252', '264', '285', '389', '393', '483']
['38', '161', '188', '238', '361', '402', '417', '448', '458', '469', '484']
['44', '48', '95', '175', '190', '209', '213', '261', '322', '465', '491']
['2', '65', '105', '145', '171', '178', '221', '299', '339', '470', '492']
['7', '97', '135', '143', '346', '433', '475', '482', '488', '490', '495']
['8', '13', '83', '164', '186', '282', '379', '396', '407', '443', '497']
['82', '141', '203', '216', '351', '408', '446', '452', '473', '479']
['15', '74', '133', '157', '177', '191', '194', '195', '272', '464']
['64', '140', '152', '237', '290', '298', '311', '324', '384']
['58', '81', '121', '165', '172', '258', '416']
['4', '90', '134', '219', '224', '287', '323', '368', '456', '466']
['54', '80', '120', '122', '370', '373', '454', '461', '463', '467']
['106', '148', '205', '220', '244', '371']
['63', '73', '118', '295', '328', '423', '435', '441', '474', '496']
['68', '114', '138', '197', '317', '321', '391', '434', '457']
['110', '129', '225', '338', '392', '451', '485', '487']
['162', '279', '293', '310', '380', '405', '406', '424', '437', '489']
['33', '91', '192', '342', '348', '397', '419']
['86', '100', '146', '253', '263', '286', '294', '494']
['5', '75', '179', '182', '229', '257', '415', '436', '468', '480']
['1', '116', '117', '206', '212', '363', '460']
['10', '29', '267', '305', '381', '428', '462', '472', '493', '498']
['21', '128', '230', '334', '382', '444']
['92', '111', '123', '144', '211', '232', '481', '486']
['78', '180', '254', '326', '350', '440', '499']
['57', '76', '96', '125', '183', '196', '362', '403']
