['9', '235', '398', '416', '464']
['68', '147', '155', '168', '175', '247', '311']
['32', '35', '75', '108', '156', '173', '265', '362', '425']
['54', '107', '184', '194', '248', '252', '301', '305', '312', '339', '396', '447']
['4', '17', '23', '95', '121', '126', '139', '187', '304', '333', '394', '436', '470', '485']
['19', '86', '204', '216', '228', '240', '243', '263', '328', '348', '378', '388', '414']
['31', '49', '53', '178', '189', '190', '278', '288', '309', '351']
['70', '97', '116', '152', '200', '260', '347', '452', '457']
['7', '38', '48', '64', '103', '124', '151', '179', '182', '268', '269', '294', '349', '369', '453', '460', '476']
['133', '255', '258', '496']
['109', '125', '164', '203', '224', '281', '292', '334', '344', '361', '368', '371', '377', '424', '472', '491', '494']
['27', '115', '136', '158', '186', '202', '244', '306', '379', '397', '410', '441', '448', '454']
['43', '89', '105', '154', '225', '354', '367', '468', '498']
['12', '16', '52', '150', '215', '223', '227', '353', '376', '387', '438', '479']
['44', '181', '188', '195', '237', '283', '285', '343', '346', '356', '420']
['15', '117', '122', '219', '222', '230', '262', '455', '477', '478']
['41', '94', '127', '329', '429', '432']
['2', '74', '169', '211', '331', '374', '381', '422', '469', '481']
['206', '256', '291', '316', '384', '449', '484']
['45', '72', '110', '279', '280', '324', '386']
['57', '77', '85', '118', '201', '363', '385', '391', '401', '403', '417']
['6', '65', '76', '92', '177', '251', '415', '473']
['5', '21', '28', '137', '160', '199', '282', '418', '426', '439', '486']
['102', '146', '183', '192', '210', '317', '320', '373', '413', '437', '471']
['13', '236', '239', '289', '318', '325', '402', '430', '475']
['11', '14', '50', '62', '167', '191', '218', '261', '338', '341', '357', '446']
['71', '111', '153', '180', '242', '253', '298', '322', '330', '352', '433', '434', '462', '492', '499']
['205', '273', '336', '400', '435']
['84', '96', '120', '128', '212', '238', '246', '370', '392', '488']
['47', '174', '213', '234']
['26', '30', '229', '307', '337', '421']
['51', '63', '73', '131', '221', '264', '274', '345', '493']
['3', '83', '90', '138', '172', '185', '250', '310', '335', '405', '463']
['36', '69', '82', '157', '209', '287', '358', '419', '431', '465']
['22', '129', '142', '165', '245', '259', '271', '272', '299', '302', '380', '406', '412', '482']
['56', '87', '88', '98', '100', '123', '249', '254', '267', '276', '296', '315', '390', '411']
['40', '214', '275', '365', '404', '444', '445']
['79', '113', '135', '171', '399']
['1', '99', '119', '132', '143', '148', '176', '193', '293', '340', '342', '360', '389', '450']
['93', '149', '241', '270', '323', '350', '393', '395', '423', '466', '483']
['58', '104', '145', '217', '226', '233', '257', '297', '375', '427', '443', '461']
['42', '59', '60', '81', '134', '196', '314', '327', '372', '459']
['67', '101', '114', '207', '326', '428', '467']
['0', '18', '29', '112', '140', '197', '232', '277', '308', '321', '366', '487']
['34', '220', '300', '313', '364', '442', '474', '495']
['39', '46', '144', '170', '266', '382', '458']
['61', '106', '159', '166', '208', '332', '408']
['10', '20', '141', '319', '355', '359', '407', '451', '489', '490']
['25', '33', '37', '66', '80', '130', '286', '383', '409', '440', '480']
['8', '24', '55', '78', '91', '161', '162', '163', '198', '231', '284', '290', '295', '303', '456', '497']
