['4', '29', '76', '102', '103', '106', '115', '125', '135', '175', '188', '192', '193', '265', '269']
['21', '34', '41', '44', '47', '51', '62', '75', '95', '128', '178', '203', '207', '214', '223', '227', '228', '244']
['1', '55', '66', '120', '123', '164', '187', '206', '234', '257', '282', '299']
['11', '25', '45', '59', '80', '91', '99', '111', '189', '194', '195', '222', '225']
['70', '138', '149', '170', '172', '190', '226', '245', '256', '259', '267', '270', '291']
['23', '24', '39', '60', '68', '150', '174', '197', '236', '240', '289', '290', '292', '293']
['26', '43', '61', '67', '85', '97', '124', '177', '237', '239', '255', '276']
['54', '65', '82', '88', '90', '116', '119', '152', '154', '155', '185', '212', '213', '281', '286']
['50', '63', '81', '104', '114', '153', '163', '180', '191', '201', '205', '221', '230', '238', '246']
['14', '35', '74', '92', '176', '181', '200', '209', '247', '252', '260', '280']
['33', '46', '69', '77', '93', '101', '118', '166', '179', '204', '208', '211', '235', '243', '248', '249', '261', '275', '294']
['2', '8', '19', '36', '38', '56', '58', '72', '94', '98', '127', '158', '183', '215', '218', '229', '250', '258']
['27', '53', '73', '78', '144', '167', '198', '210', '231', '264', '273', '278', '284', '295']
['7', '13', '15', '30', '86', '87', '107', '121', '161', '168', '216', '217', '220', '251', '263', '266', '277', '297']
['6', '10', '12', '17', '22', '32', '52', '96', '108', '122', '131', '143', '146', '186', '219']
['5', '40', '49', '57', '83', '105', '132', '137', '145', '160', '196', '199', '254', '268', '283']
['16', '79', '117', '126', '129', '136', '141', '165', '224', '272', '274', '279', '285', '288']
['20', '31', '42', '64', '71', '109', '113', '142', '148', '157', '159', '169', '182', '184', '202', '233', '287']
['9', '18', '28', '37', '48', '84', '110', '130', '134', '139', '147', '151', '156', '162', '171', '173', '232', '241', '271', '298', '300']
['3', '89', '100', '112', '133', '140', '242', '253', '262', '296']
