['21', '22', '32', '38', '40', '109', '118', '121', '145', '157', '169', '197', '212', '227', '247']
['13', '24', '34', '64', '70', '116', '159', '201', '207', '216', '220', '245', '248', '254', '268']
['5', '12', '73', '86', '117', '125', '140', '175', '191', '228', '231', '239', '241', '272', '273']
['45', '134', '151', '173', '180', '238']
['10', '18', '44', '91', '160', '200', '258', '277']
['4', '7', '25', '41', '48', '81', '88', '98', '115', '133', '184', '188', '213', '222']
['9', '49', '53', '97', '108', '119', '137', '148', '185', '193', '217', '243', '286']
['28', '46', '51', '58', '74', '85', '90', '141', '158', '205', '211', '261', '290']
['16', '65', '87', '103', '128', '210', '242', '297']
['105', '106', '142', '208', '229']
['8', '63', '96', '107', '124', '143', '155', '168', '198', '206', '264', '271', '298']
['1', '52', '99', '152', '266']
['2', '110', '203', '214', '233', '246', '255']
['17', '27', '39', '59', '71', '79', '126', '144', '165', '237']
['78', '89', '135', '166', '186']
['92', '112', '123', '156', '172', '177', '296']
['0', '26', '136', '146', '179', '269', '281', '283']
['19', '33', '35', '60', '67', '84', '129', '130', '260', '263', '292']
['14', '83', '167', '196', '223', '289', '291']
['29', '30', '77', '161', '190', '225', '244', '251', '256', '288']
['36', '75', '94', '120', '132', '139', '178', '215', '221', '230', '274', '294']
['15', '101', '122', '154', '194', '199', '235', '236', '270', '282', '295']
['56', '61', '72', '127', '147', '153', '226', '259', '267']
['47', '62', '76', '138', '162', '187', '195', '240', '249', '250', '278', '285']
['20', '66', '95', '111', '170', '182', '265', '276', '279']
['37', '42', '43', '93', '174', '224', '252', '257', '262']
['55', '68', '69', '113', '164', '183', '234', '275', '299']
['3', '6', '23', '80', '102', '176', '181', '192', '280', '284']
['31', '57', '100', '104', '131', '163', '209', '219', '232', '287', '293']
['11', '50', '54', '82', '114', '149', '150', '171', '189', '202', '204', '218', '253']
