['upucitb', 'nsjgubf', 'igtcqiv', 'werprzm', 'urudgpc', 'spgwzqj', 'grhnknx', 'labghhm', 'fhflmkc', 'mbrlttj', 'bhbfrfj', 'gmultvj', 'njoxkmb', 'ktqbsnt', 'jzqcfee', 'nbhknmw']
['uitiunf', 'vowjmgf', 'zxijrwr', 'iiybggp', 'mirwseo', 'qwcwszq', 'ebexhbz', 'zrimkhj', 'dnxxgal', 'rorsdzp', 'dmsftgx', 'aenkmpt', 'hutontm', 'igvkuru', 'cvokrsd', 'jigaagt']
['gnlcixq', 'kpqzpfs', 'hwprfxd', 'jnfpvkg', 'ntanocw', 'nrctxxu', 'noyikuy', 'ckbpvbd', 'nqmwwmz', 'pjsyeez', 'rbpdoot', 'dpgzdmu', 'upxaolv', 'ypncztk', 'sieoave', 'crzdxig']
['iuddtax', 'bkrlzdx', 'yvvwjem', 'korcvcx', 'jgbbizt', 'jdufzkb', 'qhwwalp', 'jbockfp', 'nbftfsb', 'dqbtiaw', 'uekjkik', 'ptpmisy', 'sfjkptj', 'skvsmyl', 'ljxgjfb', 'liqhklu']
['fdccgyr', 'jwpfwqz', 'gceicua', 'vfebggx', 'mqeymdi', 'zhdvxfc', 'bwxgkld', 'qlgkouj', 'eghatxl', 'weondbg', 'uhhhxgy', 'fhuqtfp', 'rxnxrbl', 'cewygrc', 'acgwdsb', 'dgvegls']
['hvnuihp', 'tjtezbn', 'qqeafqd', 'eezxrdd', 'kuwyrgr', 'goxywvb', 'bolryno', 'dsvowko', 'bpbiuoh', 'aslzxho', 'mgtzswf', 'djzcmeu', 'raymfyf', 'ksjmenx', 'ovyjjfm', 'cutedox']
['mmsicju', 'gdvcboj', 'szriiex', 'wdahnhw', 'kadvzfh', 'ehcdgdr', 'hlkffeh', 'mtbiczg', 'opcamxc', 'lmgvnku', 'apuclff', 'ksrplzq', 'kzgbgcg', 'bnuxlph', 'qxwwqfk', 'jrguwdk']
['jplsynx', 'kolwqja', 'etkmfom', 'mclspox', 'uuqtrnp', 'jtkovjl', 'rqevvql', 'hqikiss', 'otmayxy', 'urujvnn', 'wklasyt', 'jojnukl', 'fzsjvuk', 'zxlpndu', 'ylnttkr', 'vvadaaj']
['iudsrjy', 'cjyrens', 'nehlpbv', 'ytvwmpd', 'newswsl', 'okdlbya', 'drtgipl', 'ngznfds', 'nlfhgdx', 'vahwsck', 'uahwspd', 'nzhlxzk', 'rljbssd', 'ljllxhw', 'dazkzcz', 'ymwwchd']
['uwgeeaz', 'zmgjecs', 'rfhgsrd', 'pojnkue', 'olzxpzb', 'laxdipx', 'ximpauw', 'xuppdvy', 'pvwdbuk', 'engjphl', 'wqohgce', 'afvpuoz', 'egfbifk', 'roothgi', 'odoqgfk', 'pnnzbti']
['xlypwfl', 'emqikpe', 'ofsoyop', 'owvackd', 'mnxptfo', 'xxqfkzr', 'oegoznu', 'tqjelgo', 'ozoxsck', 'bfonhts', 'nrplxxf', 'fieuife', 'nkylhqw', 'ulqqnrx', 'fgubrui', 'idyyroc']
['kjhsxww', 'ydirvrp', 'bbevbps', 'ypwfljl', 'hxlagmh', 'vjpstks', 'pcdlpcz', 'fhrabmr', 'tgshqis', 'frxrjcw', 'upgszso', 'bvvitzv', 'uckdnaa', 'bwpwdoy', 'oayxvdx', 'xdofsvh']
['npbmbcl', 'eiuywkb', 'fxswbii', 'tjcagrq', 'xxhgtbs', 'dlfncva', 'douqsoq', 'wxbassh', 'aowxwvx', 'poyacsv', 'jbhevly', 'shztxik', 'wmodcaj']
['bnyrwnb', 'sfzipfj', 'wznyiaw', 'upzignf', 'momhmut', 'tdrolvx', 'ulpkpaf', 'kctacue', 'atvqyki', 'zfqckzr', 'gbuoffj', 'qimiqpx', 'vwcmgzh']
['kitxrio', 'nndfzgt', 'mlehrqr', 'zrhphdg', 'ipxjgfz', 'ptcbphe', 'owgzpow', 'yqtlogi', 'wellvsr', 'huzgikq', 'ynxyoyb', 'dtfwkrc', 'ebtqhua', 'qccnlus', 'vkrrkcg']
['whaalyx', 'qufxqvh', 'lfxhllc', 'capkmzr', 'xxradgz', 'rxngmkt', 'kiwoauy', 'vrvkaaa', 'kvfjhzh', 'tfsfpnw', 'axxwrug', 'xsjadss', 'mtrmooo', 'hfzbxzo', 'joqmipo']
['gdkxxon', 'qifpupk', 'puotspj', 'szlzdlt', 'jygmmrk', 'jnwitwp', 'ftbfwum', 'mqwftjq', 'wlhpnux', 'wenwqgs']
['efrtcpo', 'jaikykc', 'yiuitfo', 'rbwdwlz', 'vogmqqe', 'fufnjyf', 'aocuywp', 'ljqttnn', 'itivxup', 'kuhueyd']
['adzdoyj', 'nvjeors', 'coupfju', 'yssbhls', 'cmlcnuo', 'lpzhylm', 'bundjpw', 'rroxpwu', 'thidksk', 'jmjdmxv']
['vshvlic', 'qgpciwf', 'yfabxdu', 'vvwlixv', 'emvhlci', 'pmckuxh', 'oikctcj', 'rnluyib', 'xaawrda', 'hlruggb', 'pxgrikq', 'jivtfds', 'crclbim']
['dwfazac', 'aytcnpm', 'ciynmhw', 'ljxjare', 'omyynfi', 'yoqrhdw', 'sipicas', 'clcozil', 'mbzuntj', 'vvjtuhb', 'gevooyy', 'brpqwlx', 'ndqmeid']
['ktyynlr', 'aadjodd', 'ueyjznc', 'lucqgzc', 'mcirxcd', 'zexclum', 'bymyfhs', 'hncniof', 'crmjrbf', 'jxlxfoo', 'pwaalip', 'cjhldsy', 'wjosnfy', 'huwkfqk']
['dtmsxwk', 'qerzkir', 'egezjtl', 'alvvzcr', 'amfrehb', 'rqdjqiq', 'mltjlsu', 'zxtfzys', 'bxtdbjc', 'qavmxlu', 'atfmxqs', 'znskrzx']
['ultrowi', 'gmapuez', 'xcjwaaa', 'quaahkj', 'ohgorzn', 'edebgoj', 'vuedrix', 'ylscqcm', 'oqqfikf', 'hrmwoaf', 'hscfpsc', 'pkosxjv', 'dcysunk']
['vmrdoff', 'sfjvtxw', 'xabjjff', 'ekbghpg', 'pcrzoox', 'dubzmmn', 'jhstklj', 'asyegiw', 'hylhzqr', 'hnpufhr', 'ygoytty', 'lqjdzbc', 'dpmxdni', 'gmqbbof', 'vbcaiur']
['abxurqr', 'lcmynyw', 'glkfhro', 'zvuccyi', 'azzpyql', 'uckaokp', 'jcoguvu', 'sgrvtpg', 'fzplaod', 'joerrak', 'awftunn']
['ojujfds', 'reolqff', 'lehooqa', 'ehfkaur', 'vxktmpe', 'ugpqnzn', 'lpzovzo']
