['3', '5', '48', '62', '68', '75', '84', '113', '114', '117', '118', '146', '192', '193', '213']
['2', '23', '24', '32', '63', '72', '81', '92', '104', '121', '159', '164', '197', '212', '216']
['13', '37', '100', '115', '133', '140', '154', '155', '163', '182', '183', '200', '210', '228', '233']
['0', '19', '21', '30', '43', '49', '50', '134', '156', '186', '232', '234', '245', '257', '265']
['4', '31', '38', '59', '73', '88', '190', '208', '219', '227', '241', '254', '268', '269', '270']
['10', '11', '16', '25', '44', '58', '107', '128', '143', '144', '157', '158', '161', '251', '272']
['9', '18', '27', '76', '78', '122', '141', '147', '162', '237', '240', '243', '252', '253', '273']
['20', '79', '95', '110', '112', '124', '148', '177', '196', '201', '207', '230', '236', '264', '276']
['12', '71', '83', '85', '87', '106', '123', '132', '136', '145', '173', '199', '220', '260', '285']
['7', '22', '64', '105', '153', '160', '175', '176', '211', '214', '238', '262', '266', '282', '293']
['47', '52', '74', '96', '98', '149', '185', '194', '206', '222', '235', '246', '261', '275', '294']
['8', '28', '51', '60', '102', '130', '171', '179', '189', '198', '231', '278', '280', '283', '296']
['53', '66', '94', '97', '125', '131', '152', '184', '187', '195', '263', '286', '290', '291', '299']
['29', '42', '70', '77', '93', '116', '127', '181', '218', '223', '242', '244', '256', '274', '300']
['1', '15', '40', '45', '65', '103', '126', '150', '166', '167', '170', '221', '267', '288', '302']
['61', '120', '139', '168', '203', '226', '258', '271', '289', '297', '304']
['26', '34', '46', '55', '89', '165', '180', '191', '209', '247', '277', '298', '301']
['36', '56', '80', '101', '119', '129', '205', '215', '250', '279', '281', '292', '303', '306']
['6', '33', '67', '90', '99', '108', '111', '137', '178', '202', '229']
['17', '35', '39', '54', '57', '109', '138', '142', '224', '225', '284', '295']
['41', '151', '169', '172', '174', '204', '255', '287', '305']
['14', '69', '82', '86', '91', '135', '188', '217', '239', '248', '249', '259']
