['Sierra', 'Kaylee', 'Marissa', 'Katie', 'Mikayla', 'Gabriela', 'Crystal', 'Meghan', 'Veronica', 'Payton']
['Amber', 'Courtney', 'Caroline', 'Laura', 'Tiffany', 'Lily', 'Riley', 'Hope', 'Sophie', 'Kristina']
['Maya', 'Chelsea', 'Daniela', 'Peyton', 'Delaney', 'Genesis', 'Bridget', 'Kassandra', 'Emilee', 'Kayleigh']
['Angel', 'Heather', 'Alejandra', 'Katrina', 'Allyson', 'Tabitha', 'Destinee', 'Kamryn', 'Heaven', 'Linda']
['Gabrielle', 'Miranda', 'Britney', 'Michaela', 'Maggie', 'Kyra', 'Casey', 'Katelynn', 'Alexus', 'Julissa']
['Molly', 'Lindsey', 'Ana', 'Angelina', 'Valerie', 'Rebekah', 'Savanna', 'Ella', 'Daniella', 'Eliza']
['Cheyenne', 'Nancy', 'Yesenia', 'Cecilia', 'Josephine', 'Addison', 'Clara', 'Eleanor', 'Kierra', 'Harley']
['Danielle', 'Jacqueline', 'Angela', 'Hayley', 'Claudia', 'Kate', 'Dana', 'Shayla', 'Mikaela', 'Kasey']
['Audrey', 'Amaya', 'April', 'Guadalupe', 'Kira', 'Hallie', 'Nia', 'Paola', 'Hailee', 'Lesly']
['Gabriella', 'Daisy', 'Karina', 'Naomi', 'Esmeralda', 'Natalia', 'Tatiana', 'Kaitlynn', 'Lacey', 'India']
['Christina', 'Jada', 'Leah', 'Kennedy', 'Cheyanne', 'Tiara', 'Allie', 'Marisol', 'Francesca', 'Layla']
['Diana', 'Alicia', 'Skylar', 'Sofia', 'Brenda', 'Lindsay', 'Cierra', 'Fatima', 'Carla', 'Carissa']
['Diamond', 'Avery', 'Camryn', 'Holly', 'Jasmin', 'Haylee', 'Jayla', 'Sidney', 'Ellie', 'Sharon']
['Brittney', 'Lydia', 'Adrianna', 'Joanna', 'Brenna', 'Baylee', 'Tia', 'Yasmine', 'Tatum', 'Alice']
['Evelyn', 'Kathleen', 'Anne', 'Rosa', 'Ashleigh', 'Heidi', 'Brandi', 'Viviana', 'Susan', 'Alayna']
['Jenna', 'Isabelle', 'Mya', 'Alondra', 'Kara', 'Abby', 'Meredith', 'Imani', 'Marina', 'Karissa']
['Mia', 'Kelly', 'Kylee', 'Nina', 'Annie', 'Ashlee', 'Helen', 'Krista', 'Serenity', 'Jane']
['Zoe', 'Alexa', 'Carmen', 'Miriam', 'Reagan', 'Kailey', 'Deja', 'Anahi', 'Precious', 'Jayda']
['Sara', 'Faith', 'Kendall', 'Elena', 'Carolina', 'Georgia', 'Raquel', 'Krystal', 'Brandy', 'Halle']
['Brittany', 'Summer', 'Sadie', 'Julianna', 'Dominique', 'Tessa', 'Jacquelyn', 'Renee', 'Lesley', 'Ellen']
['Paige', 'Monica', 'Jordyn', 'Priscilla', 'Cristina', 'Martha', 'Jessie', 'Tamara', 'Yasmin', 'Madisyn']
['Kylie', 'Madelyn', 'Cynthia', 'Patricia', 'Elise', 'Vivian', 'Marisa', 'Madalyn', 'Tamia', 'Charity']
['Leslie', 'Arianna', 'Karla', 'Clarissa', 'Ivy', 'Ashlynn', 'Cara', 'Alisha', 'Felicity', 'Alyson']
['Vanessa', 'Cassandra', 'Bianca', 'Makenzie', 'Jazmine', 'Nadia', 'Camille', 'Monique', 'Talia', 'Angelique']
['Erika', 'Lauryn', 'Gianna', 'Sandra', 'Celeste', 'Rylee', 'Esther', 'Jenny', 'Irene', 'Madyson']
['Makayla', 'Melissa', 'Cassidy', 'Mckenzie', 'Julie', 'Christine', 'Ruby', 'Ruth', 'Melody', 'Chelsey']
['Amy', 'Gracie', 'Aliyah', 'Dakota', 'Teresa', 'Kaylie', 'Bailee', 'Lilly', 'Tania', 'Paulina']
['Jordan', 'Shannon', 'Kendra', 'Raven', 'Whitney', 'Kristin', 'Josie', 'Phoebe', 'Kiley', 'Mayra']
['Caitlin', 'Erica', 'Kyla', 'Mercedes', 'Gillian', 'Noelle', 'Carley', 'Justine', 'Skye', 'Emilie']
['Brooke', 'Trinity', 'Autumn', 'Karen', 'Aubrey', 'Alison', 'Wendy', 'Jaden', 'Alina', 'Sage']
['Madeline', 'Aaliyah', 'Lucy', 'Mariana', 'Marie', 'Theresa', 'Brisa', 'Lucia', 'Chasity', 'Ann']
['Brooklyn', 'Selena', 'Amelia', 'Mallory', 'Asia', 'Rachael', 'Iris', 'Taryn', 'Colleen', 'Angie']
['Kimberly', 'Caitlyn', 'Angelica', 'Carly', 'Skyler', 'Tori', 'Logan', 'Bryanna', 'Elisabeth', 'Kailee']
['Mary', 'Breanna', 'Hanna', 'Desiree', 'Ariel', 'Alana', 'Cindy', 'Kali', 'Cora', 'Genevieve']
['Jade', 'Bethany', 'Valeria', 'Anastasia', 'Kassidy', 'Gina', 'Kelsie', 'Rhiannon', 'Pamela', 'Macey']
['Kathryn', 'Mckenna', 'Tara', 'Janet', 'Kaleigh', 'Tyler', 'Maddison', 'Tyra', 'Johanna', 'Marlene']
['Mariah', 'Jocelyn', 'Ava', 'Katlyn', 'Cassie', 'Ashton', 'Virginia', 'Jayden', 'Elaina', 'Tayler']
['Andrea', 'Erin', 'Ariana', 'Ashlyn', 'Lisa', 'Felicia', 'Malia', 'Nora', 'Piper', 'Kaley']
['Kristen', 'Natasha', 'Meagan', 'Lizbeth', 'Tatyana', 'Jaclyn', 'Deborah', 'Carrie', 'Brooklynn', 'Leilani']
['Isabel', 'Melanie', 'Lillian', 'Cameron', 'Jaqueline', 'Alaina', 'Regan', 'Janae', 'Sonia', 'Eden']
['Michelle', 'Jamie', 'Kirsten', 'Kiera', 'Kaylin', 'Annabelle', 'Carlie', 'Kenya', 'Amari', 'Devin']
['Katelyn', 'Margaret', 'Eva', 'Carolyn', 'Janelle', 'Paris', 'Marilyn', 'Barbara', 'Julianne', 'Aileen']
['Bailey', 'Alexandria', 'Shania', 'Gisselle', 'Hunter', 'Abbey', 'Lexi', 'Kiersten', 'Macie', 'Chyna']
['Shelby', 'Kelsey', 'Alexia', 'Alissa', 'Rose', 'Denise', 'Tiana', 'Haleigh', 'Miracle', 'Athena']
['Sabrina', 'Adriana', 'Serena', 'Kiana', 'Litzy', 'Joy', 'Fiona', 'Alma', 'Sylvia', 'Esperanza']
['Catherine', 'Ciara', 'Charlotte', 'Sasha', 'Larissa', 'Tianna', 'Aurora', 'Alanna', 'Adrienne', 'Luz']
['Briana', 'Kiara', 'Kaitlin', 'Giselle', 'Madeleine', 'Liliana', 'Annika', 'Kaila', 'Cristal', 'Eliana']
['Jillian', 'Juliana', 'Callie', 'Mckayla', 'Ayanna', 'Zaria', 'Nichole', 'Perla', 'Eve', 'Sydnee']
['Macy', 'Makenna', 'Zoey', 'Emely', 'Lorena', 'Elisa', 'Shyanne', 'Tierra', 'Kelli', 'Madelynn']
['Claire', 'Jazmin', 'Deanna', 'Gloria', 'Regina', 'Clare', 'Breana', 'Melina', 'Arielle', 'Toni']
