['63', '74', '86', '96', '128', '197', '228', '246', '283', '316', '336', '362', '376', '397']
['18', '39', '47', '53', '80', '92', '122', '161', '180', '190', '196', '226', '266', '326', '355', '357', '367', '370', '374']
['13', '15', '29', '55', '65', '82', '108', '154', '191', '202', '214', '227', '238', '278', '289', '290', '293', '317', '393']
['5', '9', '23', '33', '54', '97', '114', '127', '148', '230', '264', '281', '340', '363', '375', '377', '389']
['30', '46', '50', '67', '71', '145', '151', '172', '174', '178', '201', '203', '213', '248', '256', '269', '280', '330', '354']
['21', '51', '72', '81', '110', '129', '137', '184', '199', '212', '220', '234', '247', '311', '332', '344', '348', '358', '372']
['8', '37', '45', '68', '70', '101', '125', '135', '182', '185', '188', '216', '232', '233', '294', '296', '302', '308', '315', '328', '329', '379']
['16', '17', '28', '38', '40', '62', '100', '117', '123', '126', '134', '140', '152', '170', '186', '193', '221', '235', '276', '277', '279', '295', '320', '325', '381', '382', '387', '398']
['19', '34', '44', '56', '73', '77', '121', '167', '171', '192', '194', '207', '209', '210', '219', '255', '338', '347', '361', '392']
['4', '14', '41', '42', '43', '59', '79', '104', '119', '132', '133', '225', '240', '253', '254', '257', '259', '261', '272', '297', '305', '318', '342', '351', '396']
['10', '27', '60', '66', '78', '107', '109', '146', '156', '160', '165', '183', '218', '229', '274', '275', '286', '309', '322', '341', '350', '394']
['0', '1', '48', '69', '111', '149', '155', '159', '176', '177', '181', '198', '200', '223', '241', '250', '270', '323', '352', '364', '366', '380', '383', '388', '395']
['2', '83', '95', '115', '118', '163', '166', '208', '231', '245', '249', '271', '291', '298', '327', '349', '353', '373', '385']
['102', '103', '113', '124', '131', '144', '158', '169', '237', '242', '252', '303', '306', '319', '324', '334', '337', '343', '356', '371', '399']
['3', '52', '57', '61', '76', '90', '130', '139', '142', '147', '168', '189', '258', '265', '268', '282', '284', '307', '314', '333', '365']
['6', '7', '11', '26', '35', '49', '88', '105', '112', '136', '204', '251', '260', '273', '299', '339', '346', '384']
['36', '84', '94', '116', '120', '138', '175', '224', '285', '287', '345', '369', '391']
['32', '64', '75', '89', '93', '99', '143', '153', '162', '179', '206', '215', '222', '239', '262', '292', '312', '313', '321', '386', '390']
['12', '20', '22', '24', '25', '85', '91', '98', '150', '157', '211', '244', '288', '304', '331', '368', '378']
['31', '58', '87', '106', '141', '164', '173', '187', '195', '205', '217', '236', '243', '263', '267', '300', '301', '310', '335', '359', '360']
