['80', '82', '145', '175', '215', '222', '279']
['11', '14', '26', '137', '210', '248', '285']
['8', '32', '90', '211', '266', '277', '297']
['17', '151', '241', '246', '259', '311', '318']
['115', '130', '152', '207', '249', '312', '326']
['9', '54', '164', '190', '251', '322', '364']
['93', '110', '136', '200', '300', '345', '366']
['47', '149', '171', '291', '331', '347', '373']
['20', '184', '202', '341', '363', '376', '386']
['35', '69', '73', '224', '245', '374', '397']
['57', '79', '101', '122', '165', '321', '399']
[]
['15', '178', '289']
['33', '59', '317']
['34', '282']
['188', '310']
['30', '108', '134', '227', '261']
['206', '233', '236', '258', '275', '306']
['42', '129', '231', '244']
['58', '154', '192', '335', '393']
['216']
['116', '283']
['40', '87', '223', '254', '284', '348']
['97', '197']
['112', '168', '177', '392']
['49', '64', '126', '155', '191', '204']
['48', '51', '114']
['36', '86', '94', '313']
['118', '201', '290']
['203', '265', '325', '333']
['228', '256']
['174', '189', '330', '352', '355', '377']
['83', '332', '389']
['18', '92', '156', '180', '257', '382']
['240', '268']
['99', '195', '278']
['329', '385']
['29', '71', '105', '124', '158']
['4', '75', '128', '161']
['0', '270', '273', '302']
['67', '182']
['13', '31', '106', '117', '209', '304']
['127', '230', '292']
['63', '196', '360', '388', '398']
['125', '250', '357', '395']
['39', '53', '140', '170', '369']
['309']
['121', '370', '380']
['44', '198', '328', '340', '343']
['1', '107', '220']
['56', '111', '153', '239', '383']
['243', '307', '320', '344', '356']
['68', '225', '237', '339']
['148', '262', '359', '378']
['84', '102', '316', '338']
['45', '354']
['28', '88', '120', '167', '247', '323']
['218', '242', '263']
['46', '133', '281']
['81', '89', '150', '390']
['7', '85', '194', '260', '280', '384']
['5', '173', '336']
['37', '43', '78', '146', '238']
['19', '163', '166']
['3', '61', '187']
['41', '96', '131', '351']
['12', '169']
['23', '60', '162', '334', '346']
['98', '141', '296', '361']
['217', '308']
['55', '65', '183', '276', '293', '301']
['52', '109']
['181', '234', '371']
['219', '229', '303', '387']
['157', '264', '349']
['24', '62']
['104', '274', '319', '337', '365']
['72', '76', '77', '286', '381']
['100', '142', '159', '391']
['66', '212', '252', '272']
['2', '147', '186', '350']
['315']
['221', '253']
['70', '119', '179', '214', '269']
['25', '172', '294', '295']
['160', '287', '324', '358']
['74', '362']
[]
['27', '103', '135', '267', '314']
['38', '91', '143', '372']
['16']
['255', '299', '353', '367']
['50', '113', '123', '208', '226']
['176', '379', '396']
['6', '10']
['21', '205', '232', '342', '394']
['199', '213', '288', '327']
['22', '139', '193', '271', '298', '375']
['138', '144']
['95', '132', '185', '235', '305', '368']
