['25', '63', '217', '348', '451', '477']
['3', '33', '262', '313', '332', '392']
['32', '99', '148', '232', '322']
['5', '275', '308', '416']
['12', '13', '66', '115', '181', '330', '361', '379', '460']
['24', '79', '372', '444', '452']
['9', '105', '110', '180', '211', '421', '488']
['418']
['373', '389']
['182', '194', '205', '285', '459', '462']
['70', '229', '266', '314', '321']
['49', '57', '344', '456', '475', '498']
['55', '84', '111', '140', '197', '299', '319']
['35', '317', '333', '366']
['224']
['52', '85', '106', '354']
['238', '243', '270', '481']
['74', '114', '218', '362', '377', '466']
['125', '206', '223', '396']
['122', '160', '172', '446']
['72', '381', '495']
['41', '457', '482']
['50', '60', '149', '191', '318', '433', '448', '494']
['116', '150', '458']
['193', '255', '311', '391']
['92', '109', '123', '167', '268', '394']
['297', '334', '487']
['130', '159', '192']
['71', '154', '327', '378', '449']
['17', '48', '93', '486']
['136', '141', '241', '307', '310', '342', '347', '401', '403']
['51', '158', '198', '246', '296', '371', '453']
['365']
['103', '177', '207', '274', '406']
['69', '156', '432', '441']
['146', '179', '267', '443']
['134', '240']
['78', '151', '312', '436', '438']
['15', '210', '222']
['104']
['133', '305', '410']
['44', '120', '184', '409']
['87', '97', '157', '282', '328']
['199', '213']
['68', '90', '163', '259', '300']
['196', '220', '295', '454']
['4', '28', '29', '118', '144', '202', '208', '281', '320', '469', '473']
['101', '119', '358', '380']
['45', '236', '316', '331', '350']
['7', '152', '440', '467']
['58', '306', '337', '484']
['98', '102', '249', '289', '351', '386']
['112', '128', '155', '252', '264', '364', '405', '425', '464', '465']
['1', '30', '127', '138', '147', '195', '231', '390']
['188', '226', '248', '286', '472']
['61', '178', '302', '323', '478']
['189', '245', '309', '340', '404']
['22', '83', '86', '294', '335', '370', '382', '489']
['100', '250', '402']
['38', '273']
['145', '244', '261', '426']
['117', '176', '251', '304', '442', '492']
['14', '76', '185', '230', '387']
['47', '65', '164', '276', '329', '491']
['26', '227', '393']
['16', '137', '233', '341', '385', '397', '445']
['0', '242', '290', '427']
['108', '260', '384']
['131', '375', '476', '497']
['36']
['43', '56', '124', '201']
['54', '88', '212', '357', '363', '368', '398', '424', '483', '499']
['107', '367', '412']
['6', '39', '298', '359', '395', '414', '428']
['132', '219', '280', '291', '447']
['27', '31', '75', '153', '265', '417', '474']
['18', '62', '209', '234', '247', '293', '303']
['34', '40', '174', '258', '336']
['8', '95', '142', '237', '271', '338', '349']
['82', '139', '203', '485']
['64', '113', '214', '376', '429', '435', '490']
['20', '81', '168', '183', '292', '413', '479']
['94', '272', '345', '388', '430']
['23', '96', '228', '419', '496']
['239', '353', '360', '420', '470']
['37', '42', '129', '173', '175', '355', '411']
['21', '77', '143', '204', '257', '284', '288', '343', '415']
['89', '422']
['91', '279', '400', '431', '434']
['59', '187', '200', '256', '356', '468']
['53', '283', '315', '423', '455']
['2', '10', '126', '166', '221', '269', '374', '480']
['46', '190', '339', '450', '493']
['11', '165', '216', '407', '408', '439', '463']
['19', '67', '161', '169', '324', '437']
['162', '170', '326']
['73', '121', '325', '352', '383', '399']
['135', '171', '225', '253', '254', '277', '278', '287', '346']
['80', '235', '263', '301', '369', '471']
['186', '215', '461']
