['137', '75', '276', '119', '315', '161', '14', '230', '210', '33', '318', '246', '256', '70', '327', '293', '181', '274', '21', '4', '381', '178', '61', '372']
['263', '150', '297', '82', '138', '222', '8', '13', '91', '387', '84', '311', '74', '269', '110', '62', '149', '134', '291', '174', '354', '211', '309', '288']
['30', '270', '300', '166', '29', '94', '67', '199', '219', '93', '353', '216', '116', '52', '51', '347', '121', '394', '316', '97', '79', '46', '102', '120']
['393', '339', '27', '247', '142', '12', '68', '189', '362', '271', '255', '114', '292', '385', '352', '204', '103', '56']
['262', '259', '35', '370', '76', '131', '237', '382', '218', '203', '324', '349', '368', '156', '87', '251', '141']
['10', '77', '9', '177', '43', '100', '193', '7', '106', '209', '314', '212', '124', '64', '286', '71', '356']
['364', '367', '346', '250', '2', '185', '195', '361', '215', '366', '392', '140', '159', '96', '301', '279', '253', '233', '18']
['374', '252', '213', '278', '172', '78', '24', '32', '235', '169', '200', '307', '1', '238', '160', '398', '229', '258', '359', '390', '268']
['144', '336', '83', '375', '389', '380', '117', '81', '179', '139', '168', '132', '157', '3', '146', '308', '217', '363', '50', '303', '162']
['325', '133', '272', '60', '109', '126', '313', '182', '63', '329', '69', '186', '249', '399', '357', '15', '34', '19', '224', '101', '122', '208', '282']
['158', '191', '228', '42', '285', '295', '135', '112', '23', '220', '236', '337', '47', '322', '164', '151', '397', '188']
['298', '113', '107', '148', '192', '45', '85', '299', '163', '333', '180', '202', '165', '104', '41', '136', '245', '175', '344', '326', '345']
['231', '171', '223', '331', '383', '341', '360', '306', '396', '167', '226', '280', '40', '248', '302', '80', '342', '379', '207', '330', '54']
['232', '343', '323', '111', '395', '197', '384', '206', '20', '49', '221', '242', '25', '304', '294', '57', '358', '365', '59', '273']
['198', '260', '196', '190', '89', '28', '11', '321', '296', '284', '118', '328', '187']
['388', '378', '26', '128', '17', '38', '115', '65', '267', '39', '369', '6', '371', '99', '334', '44', '201']
['391', '240', '338', '241', '88', '257', '289', '214', '317', '350', '147', '143', '287', '275', '86', '145', '58', '92', '90', '227', '5', '176', '153']
['36', '108', '98', '305', '225', '16', '332', '130', '123', '335', '277', '37', '310', '48', '66', '320', '376', '265']
['152', '281', '184', '234', '243', '73', '155', '55', '244', '154', '312', '170', '31', '53', '283', '173', '0', '373', '340', '239', '125', '266']
['348', '261', '129', '355', '351', '183', '377', '105', '319', '72', '95', '254', '205', '290', '386', '264', '194', '127', '22']
