['xlypwfl', 'hvnuihp', 'whaalyx', 'zxijrwr', 'lcmynyw', 'ytvwmpd', 'xcjwaaa', 'rbwdwlz', 'mbrlttj', 'rnluyib', 'dqbtiaw', 'uhhhxgy', 'clcozil', 'tgshqis', 'fieuife', 'upgszso']
['yvvwjem', 'nndfzgt', 'ofsoyop', 'abxurqr', 'bbevbps', 'ueyjznc', 'azzpyql', 'njoxkmb', 'rqevvql', 'dpgzdmu', 'hxlagmh', 'yqtlogi', 'oqqfikf', 'bpbiuoh', 'crzdxig', 'hscfpsc']
['lpzhylm', 'hwprfxd', 'yfabxdu', 'ngznfds', 'nrctxxu', 'bhbfrfj', 'tdrolvx', 'vjpstks', 'huzgikq', 'fufnjyf', 'vvjtuhb', 'xsjadss', 'wqohgce', 'skvsmyl', 'bvvitzv', 'itivxup']
['iudsrjy', 'jwpfwqz', 'lfxhllc', 'gceicua', 'rorsdzp', 'bymyfhs', 'pvwdbuk', 'mtbiczg', 'nrplxxf', 'raymfyf', 'nzhlxzk', 'zfqckzr', 'mltjlsu', 'rljbssd', 'ljqttnn', 'liqhklu']
['igtcqiv', 'bnyrwnb', 'sfjvtxw', 'ptcbphe', 'yoqrhdw', 'jigaagt', 'hylhzqr', 'sgrvtpg', 'ypncztk', 'cewygrc', 'sieoave', 'rqdjqiq', 'atvqyki', 'acgwdsb', 'afvpuoz', 'ovyjjfm']
['mlehrqr', 'zmgjecs', 'ebexhbz', 'rfhgsrd', 'aadjodd', 'olzxpzb', 'dnxxgal', 'wdahnhw', 'vahwsck', 'uekjkik', 'szlzdlt', 'djzcmeu', 'wklasyt', 'apuclff', 'pxgrikq', 'cutedox']
['coupfju', 'vmrdoff', 'pojnkue', 'zhdvxfc', 'jtkovjl', 'pmckuxh', 'aenkmpt', 'dsvowko', 'hnpufhr', 'rxnxrbl', 'ynxyoyb', 'alvvzcr', 'dtfwkrc', 'hlruggb', 'ehfkaur', 'ygoytty']
['npbmbcl', 'iiybggp', 'qufxqvh', 'urudgpc', 'zrimkhj', 'eezxrdd', 'bwxgkld', 'zvuccyi', 'mcirxcd', 'ulpkpaf', 'vuedrix', 'kctacue', 'lehooqa', 'qccnlus', 'uckdnaa', 'vxktmpe']
['iuddtax', 'ydirvrp', 'labghhm', 'vfebggx', 'ekbghpg', 'mqeymdi', 'mclspox', 'jbockfp', 'igvkuru', 'asyegiw', 'axxwrug', 'aocuywp', 'wxbassh', 'amfrehb', 'lmgvnku', 'ulqqnrx']
['uwgeeaz', 'kjhsxww', 'nehlpbv', 'ciynmhw', 'yiuitfo', 'uckaokp', 'kadvzfh', 'rbpdoot', 'ktqbsnt', 'kvfjhzh', 'bolryno', 'puotspj', 'otmayxy', 'hfzbxzo', 'jbhevly', 'ftbfwum']
['kpqzpfs', 'sfzipfj', 'ultrowi', 'spgwzqj', 'xabjjff', 'oegoznu', 'xxhgtbs', 'jzqcfee', 'owgzpow', 'ylscqcm', 'urujvnn', 'thidksk', 'egfbifk', 'pkosxjv', 'jrguwdk', 'wlhpnux']
['upucitb', 'adzdoyj', 'kolwqja', 'fdccgyr', 'qqeafqd', 'wznyiaw', 'fhflmkc', 'xxradgz', 'edebgoj', 'tqjelgo', 'tfsfpnw', 'dlfncva', 'ljxgjfb', 'fzsjvuk', 'poyacsv', 'gmqbbof']
['bkrlzdx', 'cmlcnuo', 'zrhphdg', 'qifpupk', 'jdufzkb', 'mnxptfo', 'szriiex', 'ckbpvbd', 'lucqgzc', 'dubzmmn', 'dmsftgx', 'mgtzswf', 'zxtfzys', 'jmjdmxv', 'crclbim', 'idyyroc']
['gnlcixq', 'etkmfom', 'noyikuy', 'vvwlixv', 'xxqfkzr', 'tjcagrq', 'vogmqqe', 'wellvsr', 'upxaolv', 'pwaalip', 'douqsoq', 'engjphl', 'hrmwoaf', 'opcamxc', 'jnwitwp', 'wenwqgs']
['eiuywkb', 'laxdipx', 'weondbg', 'bfonhts', 'pcdlpcz', 'bxtdbjc', 'joerrak', 'dpmxdni', 'shztxik']
['qgpciwf', 'gdvcboj', 'aytcnpm', 'werprzm', 'gmultvj', 'sipicas', 'aslzxho', 'dgvegls', 'fgubrui', 'lpzovzo']
['tjtezbn', 'glkfhro', 'mirwseo', 'nbftfsb', 'rxngmkt', 'fhuqtfp', 'crmjrbf', 'jxlxfoo', 'sfjkptj', 'ljllxhw', 'bwpwdoy', 'mqwftjq', 'kuhueyd', 'znskrzx']
['dtmsxwk', 'jaikykc', 'kuwyrgr', 'jnfpvkg', 'qlgkouj', 'fhrabmr', 'xaawrda', 'cjhldsy', 'roothgi', 'ugpqnzn', 'ymwwchd', 'brpqwlx']
['jplsynx', 'efrtcpo', 'korcvcx', 'egezjtl', 'ipxjgfz', 'fxswbii', 'hutontm', 'mbzuntj', 'kzgbgcg', 'qavmxlu', 'awftunn', 'atfmxqs', 'huwkfqk']
['dwfazac', 'nsjgubf', 'okdlbya', 'pcrzoox', 'omyynfi', 'pjsyeez', 'vrvkaaa', 'fzplaod', 'odoqgfk', 'oayxvdx']
['vshvlic', 'nvjeors', 'vowjmgf', 'upzignf', 'gdkxxon', 'uuqtrnp', 'jcoguvu', 'xuppdvy', 'reolqff', 'zxlpndu', 'lqjdzbc', 'vkrrkcg', 'vbcaiur', 'ndqmeid']
['uitiunf', 'mmsicju', 'jgbbizt', 'cjyrens', 'ktyynlr', 'drtgipl', 'qhwwalp', 'ksrplzq', 'gbuoffj', 'bnuxlph', 'qxwwqfk', 'dazkzcz', 'vvadaaj']
['yssbhls', 'kitxrio', 'qwcwszq', 'nqmwwmz', 'nlfhgdx', 'hqikiss', 'hncniof', 'rroxpwu', 'joqmipo']
['owvackd', 'ntanocw', 'ehcdgdr', 'cvokrsd', 'uahwspd', 'ojujfds', 'ptpmisy', 'ebtqhua', 'mtrmooo', 'ylnttkr', 'xdofsvh']
['emqikpe', 'grhnknx', 'goxywvb', 'quaahkj', 'ohgorzn', 'ljxjare', 'kiwoauy', 'hlkffeh', 'ksjmenx', 'nkylhqw', 'qimiqpx', 'jivtfds', 'pnnzbti']
['newswsl', 'capkmzr', 'gmapuez', 'momhmut', 'zexclum', 'ximpauw', 'oikctcj', 'nbhknmw', 'frxrjcw', 'gevooyy', 'jygmmrk', 'dcysunk', 'vwcmgzh', 'wmodcaj', 'wjosnfy']
['qerzkir', 'ypwfljl', 'bundjpw', 'eghatxl', 'emvhlci', 'ozoxsck', 'jhstklj', 'jojnukl', 'aowxwvx']
