['Dorothy', 'Johnny', 'Dolores', 'Tabatha', 'Emilee', 'Christine', 'Matt']
['Dawn', 'Shane', 'Harriett', 'Teresa', 'Vickie', 'Gordon', 'Wilfredo']
['Isaac', 'Arturo', 'Salvatore', 'John', 'Marjorie', 'Cameron', 'Warren']
['Mona', 'Anthony', 'Lottie', 'Louise', 'Colin', 'Kathleen', 'Bruce']
['Mitchell', 'Harriet', 'Deborah', 'Rueben', 'Trenton', 'Molly', 'Iris']
['Henry', 'Bernadette', 'Gilbert', 'Fred', 'Thelma', 'Janet', 'Jeanette']
['Brett', 'Phyllis', 'Cathleen', 'Steven', 'Marcus', 'Barry', 'Anne']
['Joe', 'Maureen', 'Hugo', 'Carla', 'Gary', 'Gale', 'Lorene']
['Benjamin', 'Charlotte', 'Susan', 'Virgie', 'Tim', 'Lucille', 'Gloria']
['Damian', 'Debbie', 'Eric', 'Jammie', 'Stephen', 'Nancy', 'Miriam']
['Albert', 'Octavia']
['Bernie', 'Paula', 'Oscar', 'Clyde', 'Reggie', 'Jean']
['Jewel', 'Noma', 'Monica']
['Jewell', 'Kelly', 'Vance']
['Delia', 'Rory', 'Daniel', 'Ethel', 'Todd']
['Victor', 'Gerald', 'Fay', 'Fletcher', 'Ruth']
['Chester', 'Cleo']
['Charles', 'Cynthia']
['Lowell', 'Jessie', 'Jane', 'Marybeth', 'Samantha']
['Tommy', 'Latonya', 'Ted', 'Casandra']
['Lorena']
['Marta', 'Ernest', 'Sheila', 'Justin', 'Eva']
['Annie', 'Leola', 'Timothy']
['Austin', 'Jodi', 'Leigh']
['Dewayne', 'Steve', 'Jerry', 'Vanessa']
['Jami', 'Lillie', 'Carolyn', 'Sulema']
['Matilda', 'Marion', 'Jim']
['Barbara', 'Curtis']
['Harry', 'Anita', 'Maria', 'Angel', 'Erma', 'Adrian']
['Kathryn', 'Mae', 'Shawna']
['Lakesha', 'Nathaniel', 'Randall', 'Esperanza', 'Byron']
['Weldon']
['Kristina', 'Evelyn']
['Roberta', 'Sam', 'Keith']
['Alonzo', 'Bonita', 'Claire', 'Carlton', 'Judith']
['Shaun', 'Cedric', 'Lucia', 'Levi', 'Aileen']
['Alvin', 'Lacey', 'Virginia']
['Pat', 'Cyndy']
['Andre', 'Chelsea', 'Rocio', 'Minnie', 'Olive', 'Lizzie']
['Josephine', 'Fredrick', 'Billie']
['Raquel', 'Grace']
['Clifford', 'Ericka', 'Jonathon', 'Beatrice', 'Katherine']
['Toni', 'Karen']
['Tiara']
['Cindy', 'Stanley', 'Victoria', 'Nicholas']
['Margaret', 'Michael', 'Heidi', 'Beverly', 'Bessie', 'Jessica']
['Doris', 'Dottie', 'Gail']
['Norma', 'Ruthie', 'Evan', 'Adam', 'Sally', 'Gerard']
['Merle', 'Jeffrey', 'Andrea', 'Manuel']
['Pearl']
['Amanda', 'Sandra', 'Mari', 'Frank', 'Chris', 'Bobby']
['Mireya']
['Erica', 'Donna', 'Ray', 'Danielle', 'Brooks']
['Carol', 'Jerome', 'Mark']
['Mildred']
['Darryl', 'Philip', 'Daphne', 'Eunice', 'Crystal']
['Cheryl', 'Carl', 'Roberto', 'Sarah', 'Peter']
['Zachary']
['Loretta', 'Kathryne', 'Cheri', 'Alan', 'Alice', 'Randy']
['Regina', 'Bernard', 'Julius', 'Doretha', 'Rhonda']
['Wilbur', 'Catherine', 'Vera', 'Frances', 'Justine']
['Hilton', 'Peggy', 'Gladys', 'Eduardo', 'Anna', 'Melissa']
['Patsy', 'Jeremy', 'Vicente', 'Ronald', 'Tomas']
['Corinne', 'Paul', 'Shante', 'Claudia', 'Renee', 'Luis']
['Patricia']
['Tanya', 'Samuel', 'Kenny', 'Hazel', 'Rod']
['Argentina', 'Gregory', 'Rena']
['Tonya', 'Edward', 'Edwin', 'Leo', 'Carmen', 'Aron']
['Emerson', 'Frida']
['Derrick', 'Tom', 'Juan', 'Kay']
['Katrina', 'Matthew', 'Joyce']
['Michelle', 'Stephanie']
['Douglas']
['Houston', 'William', 'Allen', 'Barbra', 'Theresa']
['Melanie', 'David', 'Ella']
[]
['Carrie', 'Ralph', 'Colleen']
['Carlos', 'Jonathan', 'Lester', 'Sharon']
['Walter', 'Blanche']
['Jayne', 'Kelvin', 'Julie']
['Lorenzo', 'Mary', 'Cesar', 'Melvin']
['Diane', 'Laura', 'Bernice', 'Thomas']
['Irene', 'Louis', 'Terry', 'Isabelle']
['Stacy', 'Quentin', 'Jeff']
['Emily', 'Rafael', 'Patrice', 'Betty']
['Mei', 'Alberta', 'Joshua']
['Ada', 'Heather', 'Alex', 'Vicky', 'Lidia', 'Johnathan']
['Dwayne', 'Robert', 'Cara', 'Richard']
['Krista', 'Horace', 'Lena']
[]
['Kenneth', 'Kurt']
['Mario', 'Pauline', 'Mavis', 'Abdul', 'Lexie']
['Larry', 'Hector', 'Raymond', 'Gene', 'Dan']
['Lela', 'Arline', 'Geraldine', 'Sara', 'Kristen', 'Maybell']
['Clara', 'Lori']
['Tracy', 'Jason', 'Earl', 'Christian']
['Lydia', 'Hillary', 'Laurie', 'Lawrence']
['Kim', 'Jacqueline', 'Linda', 'Brandon', 'Wade']
['Shelly', 'James', 'Maryann', 'Shirley', 'Russel']
['Rebecca', 'Ricardo']
['Desiree', 'Mamie', 'Martha', 'Elizabeth', 'Rick', 'Shawn']
['Pamela', 'Porfirio', 'Devon', 'Jennifer']
['Katie', 'Carina']
['Julia', 'Hildegard', 'Darrin', 'Brian', 'Kristine']
['George']
['Lisa', 'Maxine', 'Jeffery']
['Scotty', 'Dena', 'Josie', 'Kimberly']
['Christiana', 'Christopher']
['Milton', 'Jasmine', 'Tommie', 'Felipe', 'Arthur']
['Kyle', 'Melony', 'Deandre', 'Newton']
['Guadalupe', 'Joel']
['Tammy', 'Ladonna', 'Roy', 'Antonio', 'Beatriz', 'Roger']
['Carole', 'Phillip']
['Wanda', 'Megan', 'Joseph', 'Donald', 'Erik', 'Robin']
['Esther', 'Elvera', 'Patrick']
['Marie', 'Brenda']
['Antonietta', 'Debra', 'Myra']
['Carroll', 'Sheldon', 'Harold']
['Brittany', 'Johnnie', 'Sheryl']
['Lauren', 'Martin']
['Dennis', 'Marge', 'Ashley', 'Helen', 'Esta']
['Joan', 'Nellie', 'Lucy']
['Craig', 'Rachel']
['Kelli', 'Joy', 'Antoinette', 'Marla', 'Janice', 'Ivan']
