['35', '45', '66', '110', '112', '115', '123', '136', '148', '155']
['14', '36', '59', '79', '95', '131', '150', '163', '180', '185']
['5', '69', '159', '168', '176', '188', '191', '202', '208', '209']
['11', '29', '91', '103', '105', '114', '147', '190', '203', '217']
['9', '22', '60', '99', '108', '140', '175', '189', '226', '236']
['2', '28', '116', '153', '158', '237']
['7', '39', '101', '122', '130', '210', '214']
['104', '119', '187', '240']
['12', '30', '84', '93', '118', '195', '223']
['67', '70', '126', '134', '169', '174', '242', '245']
['33', '40', '72', '186']
['6', '49', '52', '58', '76', '81', '86', '90', '234']
['10', '96', '143', '170', '182', '211', '215', '220']
['25', '65', '145', '151', '199']
['1', '77', '196', '212', '231']
['68', '74', '124', '125', '205']
['17', '31', '121', '127', '129', '198', '207', '219', '247']
['20', '21', '71', '87', '200', '204', '229']
['41', '166', '178']
['224', '232']
['4', '34', '42', '73', '102', '173', '228', '248']
['44', '61', '161', '165']
['8', '27', '37', '80', '157']
['24', '48', '63', '88', '89', '141', '162', '206', '227']
['47', '62', '113', '154', '244']
['0', '3', '53', '78', '120']
['16', '23', '51', '55', '111', '135', '164', '172', '181']
['56', '92', '238']
['18', '85', '128', '218', '235']
['32', '100', '109', '133', '139', '230']
['117', '160', '167']
['50', '64', '83', '107', '146', '171', '216', '221']
['43', '82', '137', '183', '246']
['26', '138', '194', '225']
['13', '184', '193', '197', '213']
['57', '75', '97', '106', '177', '192', '233']
['38', '144', '152', '179', '239', '243']
['46', '132', '149', '249']
['142', '156', '222']
['15', '19', '54', '94', '98', '201', '241']
