['10', '51', '83', '143', '145', '209', '211', '217', '230']
['43', '84', '152', '157', '163', '188', '195', '213', '222', '250']
['1', '21', '59', '80', '130', '148', '149', '189', '232']
['6', '24', '73', '86', '103', '113', '161', '210', '233']
['13', '68', '95', '100', '102', '120', '121', '154', '159', '206', '231']
['29', '35', '55', '126', '129', '176']
['58', '62', '63', '153', '196', '208', '245']
['12', '90', '110', '138', '158', '165', '171', '182', '186', '199', '203', '240', '249']
['17', '32', '45', '67', '135', '193']
['3', '92', '108', '139', '191', '198', '220', '229', '234', '248']
['38', '49', '74', '94', '118', '137', '151', '167', '200', '221', '228']
['27', '39', '52', '81', '97', '117', '128', '140', '174', '244']
['9', '11', '47', '50', '53', '56', '57', '89', '109', '127', '173', '238', '241']
['25', '30', '133', '162', '194', '207', '242', '243']
['28', '31', '37', '104', '105', '111', '168', '177', '187', '237']
['23', '41', '64', '78', '190', '226']
['7', '20', '26', '107', '125', '181', '184', '218']
['60', '91', '93', '96', '106', '115', '122', '146', '150', '156', '160', '164', '185', '202', '205', '214', '246']
['15', '34', '42', '48', '54', '71', '98', '101', '147', '166', '183', '216', '223']
['4', '36', '69', '75', '123', '132', '201', '204']
['8', '22', '131', '134', '179', '180', '192', '197', '212', '247']
['18', '33', '65', '70', '114', '136', '169', '172', '175', '236', '239']
['16', '19', '61', '66', '72', '88', '116', '170', '235']
['2', '14', '44', '79', '82', '85', '87', '119', '141', '142', '178', '219', '224', '227']
['5', '40', '46', '76', '77', '99', '112', '124', '144', '155', '215', '225']
