['FF3177', '8ECA84', '398310', '1330B3', '0264AF', 'DCB902', '1600AD', '0FC6EE', '4BC7D0', '565E46', 'C0A19A', 'EED7BB', 'C1CAB9', '9C4CA5', '593840', '94AED5', '8FF839', '9C4F00', 'FE7E47', 'B0F05D']
['B49939', '41AFC9', 'A0DDCD', 'FFD642', 'D9180C', 'DBDDB5', '6DCBC8', '9DF876', '1B06C5', '26DB4C', '0C4437', '1743CD', 'B00B7F', 'D0E36A', '19EFAF', '46371B', '3F75A9', 'E46F9E', '1D528C', '6D4DDC']
['73271F', '20C0D0', 'D6DD9E', 'F37211', 'D8A834', '6C5208', '099A40', '0CFFC9', '30C157', '2D4D61', '18D668', '7FE1F2', '54C37C', '189812', 'E492E0', '56B4C2', '92C42A', '7D4045', 'D83AF7', 'D0E5BE']
['273165', '0C3AFF', '696B37', 'F8B91A', 'E7EFA5', '7848BA', 'F2B7FD', 'BC38A8', '43F505', '3D4600', 'CC9A13', '76131B', 'D8492F', '2BEC39', 'F1B367', '672145', '30EA83', '400D20', '00C269', 'EB90EE']
['33ABEE', '99392B', '7334F9', '2D56C1', '160ED4', '2B3DD7', 'D883C0', 'D31361', '833C34', 'F1DB81', 'F3EDD7', '29BFBC', 'CED5FC', '75C017', '628552', '5C91EE', 'F4EDF8', 'B13536', 'C0EA59', 'A03FB7']
['D65E29', 'C2A74D', '1D9893', '5ABFA9', '3D046E', '60B803', '3228BB', 'BB9072', '9D8AD8', '01E026', '09944C', 'D98FB6', '3B6837', '14A3E7', '52FB79', 'D049CD', '380FF7', '1DD8D0', '03B42D', '5B4152']
['9330C0', 'FB3B86', '77B9A5', '98B1CA', 'B2C529', 'BCD2F5', 'DBF47C', '00CD58', 'A5F27A', 'C8F1A7', '861E09', '3CB50A', 'B38307', '0D6A28', 'D2F8E5', 'B6FA16', 'E15D93', '5A5DE8', 'FBF275', '3EF396']
['E479C8', 'C748A2', 'BB986B', '9D6554', '113E1F', 'BA6187', '49EB71', 'B8B01F', '8254EB', '206150', 'B6ACFC', 'D2BDB6', '9923B4', '5AF312', 'C3678B', 'EFBA0C', '718436', '4C1D36', '369765', '5C4F81']
['38515C', '5C5B8D', '78E144', '992AEE', 'F33ACF', 'E0044F', '601CA7', 'D2EB79', '6EEE66', '068D28', '882258', '5A681E', '52BFE5', 'E81232', '81A0D3', '39CAB7', '1F4650', '28CCA5', 'AB96B9', '73F93C']
['9B09E5', '7647CD', 'F13455', '3963FC', '09FFA6', 'F61AD7', 'E4F6EF', 'DDB7C8', 'EB3718', '035E05', '605983', '77EB41', '2E4B9D', 'FECCAB', 'C54164', '7CC3A7', 'E33128', '5451FF', '35DA72', '1D0C35']
['10BBE1', '93D432', '90E78E', '1350AD', '9C0B9D', '4EBF50', 'E8A38A', '608F21', '5E2607', '747199', '593AF4', 'D6F426', '1A770B', '29D22B', '8AC55C', '36FCBF', '66B93A', '893D61', '414B77', '82F466']
['A4FCD1', '1D4417', '05F2DC', '2215AE', 'E1B665', '99E133', 'F545E1', '4BD8B1', '364B78', '848C87', '42EE34', '1C3933', '846154', 'AC34B5', '2B8E0B', '26C6B9', 'B85F11', '34ACF3', 'B166D1', '920715']
['BA7ED0', '316244', '2B8F4B', '4AE7C7', 'AF83FA', '292CB3', '81E0FA', '8F75EC', '82BD08', '7FADE3', '0AFD91', 'F9EB1F', '823C51', '3A0D10', 'C69699', '0525B9', '6E3DED', '029563', '80F9BC', 'EC2626']
['62BC31', 'C07CCC', 'F9011B', 'EB9D60', '78DB65', 'CD5322', 'C60FE7', '187923', 'FCB503', 'B78EF9', 'E8C5B8', 'CBE0EA', '51197D', 'C19610', '503A55', 'F7F9CB', 'DE6241', '5248A9', 'CC66B0', 'B4BD91']
['A89402', '88E0AE', '89372A', '929578', '739ABF', 'A911EF', 'D50881', 'F448AE', '4AC817', '5E4F6B', '4D74EB', 'E77DD8', 'AD6105', 'D78522', 'E93252', '4430C2', 'C34593', '98497D', '2E6B38', '943005']
['22394B', '4DBE20', '6246E1', '2EDC82', '5A3E90', '1F6554', '026256', 'B2A692', '4BBAFA', '72D023', '3235BA', '219F75', '3FAE1E', '4FCF52', 'ABE83F', 'F32B0B', '7B306C', '6D4C8F', '917501', '1CAAAC']
['E3583F', 'C96CD6', '1D39ED', '463E2C', '9C5DCF', '5ADC6D', '468F31', '420711', '04279E', '69FD70', 'CC4384', '58ED2B', 'C9EF6D', '478A7C', '2F46CD', 'C4882F', 'CB5EDA', 'E4C3BA', '9FCB42', 'CA893B']
['82B105', 'A34095', '71AC6D', '5C0D69', '49EEB4', '24A4D1', '177A03', '2F584A', '40C7FF', '74ADA7', 'FD33F7', '47063A', '552199', '8BEC15', 'D79D49', 'B0C2D3', '2961DB', 'DF5F9C', 'FCD63D', '71AE93']
['45CE10', 'B32674', '923B8C', '5BC875', '94C20E', 'B2C27D', '7AADBC', 'FBB00D', 'E277CB', '31C6A3', '88FFF8', '539972', '89A551', 'BE3703', 'D324E7', 'EC35B5', '9CE56C', '4A32EA', 'A4EAD9', '66C38E']
['5332A9', 'BE5B1D', '6BF4D3', '511040', 'EB7E6A', '2C02B7', '66F8EA', 'D8849E', '5D4F2F', '6C1A62', '1E571E', 'C5416A', '8DF985', '8806E7', 'CD374A', '87EE7F', 'EE9200', '31B801', '8D43AD', 'A1D29E']
['8963E1', '7F8E1D', '326662', '1866E0', '15AA36', '7B325B', '0A3E48', '18AEFC', '8883AC', '5F88E7', '770A4C', 'A4F4BB', '255208', '81DA52', 'EEF23E', '940AC5', 'DFE9C6', '8EC8D8', '0E78AA', 'AAAF0B']
['2DE42A', 'DF44F5', '26DA83', '9BAC71', 'B56D74', '3D830C', '83752D', '29267F', '75002A', 'DDA295', '6C3CD5', 'E1A380', 'E2701A', '4E8355', '935873', '3E6399', '8E8C76', 'CC08F5', '1E0B30', '66547C']
['0231A4', '5C016B', 'D363AB', '1986A0', 'B4257C', 'FD1DAC', '3E7F60', '95F017', 'E9F19A', '6AFCAC', '55B952', '9ABAFB', 'E191B0', '25B295', '09CFE9', 'D78532', '0E6FA7', 'EDB261', '037831', '85CFC7']
['83ACF7', '052CC7', '05473A', 'B2CB4D', '7C730C', '38EA17', '1656DC', 'F4C13E', 'FAB638', '4C0FCD', '5BEDDF', '97D861', '81A856', 'F28C7F', '2D2248', '415552', 'DB6CBF', '1D216B', '31B17E', '34E9FE']
['26B294', '43FE78', 'F85131', '1FBE40', '6833E8', '244528', '57FCD8', 'EF37A6', '0AC7A0', '7C8A3D', 'FC75E7', '77042F', '865328', '5D5C76', '2819EE', '0FE5DD', '0B99EF', '118FE2', '6E7E64', 'CE0D10']
