['69', '97', '110', '117', '122', '134', '154', '183', '196', '233', '239', '260']
['0', '8', '16', '48', '72', '85', '124', '128', '147', '157', '229', '267']
['4', '12', '33', '55', '127', '139', '175', '191', '217', '244', '282', '299']
['64', '81', '116', '141', '193', '212', '216', '228', '236', '237', '269', '306']
['3', '22', '38', '70', '98', '140', '145', '201', '222', '238', '242', '310']
['19', '142', '163', '167', '256', '275', '290', '298', '307', '308', '313', '322']
['5', '23', '27', '76', '78', '188', '199', '261', '262', '263', '274', '348']
['18', '67', '82', '89', '90', '99', '164', '185', '204', '276', '351', '378']
['34', '53', '73', '77', '132', '150', '350', '356', '358', '372', '374', '380']
['1', '14', '25', '45', '83', '125', '180', '286', '366', '375', '384', '393']
['7', '13', '30', '46', '149', '208', '268', '345', '360', '371', '397', '404']
['42', '65', '68', '94', '111', '148', '278', '312', '314', '331', '352', '412']
['47', '86', '88', '114', '156', '165', '170', '230', '335', '364', '367', '418']
['6', '32', '54', '93', '178', '205', '219', '305', '347', '353', '385', '444']
['43', '44', '105', '135', '172', '173', '223', '284', '382', '408', '422', '445']
['21', '74', '129', '136', '161', '235', '277', '311', '324', '338', '392', '447']
['41', '118', '126', '215', '234', '258', '273', '295', '346', '443', '448', '450']
['29', '106', '169', '255', '309', '315', '329', '330', '342', '395', '411', '453']
['59', '131', '171', '279', '319', '363', '396', '405', '413', '419', '435', '460']
['2', '92', '151', '160', '181', '187', '210', '213', '365', '373', '387', '461']
['52', '57', '102', '153', '186', '225', '287', '344', '376', '398', '441', '462']
['37', '133', '190', '240', '323', '332', '343', '377', '386', '400', '440', '464']
['62', '198', '200', '254', '271', '321', '389', '402', '410', '456', '463', '467']
['51', '56', '143', '162', '207', '292', '301', '303', '370', '379', '438', '469']
['17', '35', '61', '66', '91', '100', '104', '326', '403', '433', '451', '478']
['87', '120', '195', '209', '241', '399', '449', '459', '471', '473', '475', '482']
['15', '28', '107', '121', '177', '211', '221', '318', '325', '409', '442', '488']
['49', '108', '155', '176', '226', '265', '328', '354', '368', '423', '479', '494']
['24', '119', '123', '144', '158', '232', '243', '252', '266', '291', '293', '499']
['9', '10', '79', '115', '159', '432', '472']
['103', '194', '218', '224', '288', '369', '468', '481']
['71', '137', '152', '168', '337', '388', '415', '427', '429', '492']
['26', '39', '96', '231', '247', '250', '272', '359', '430', '476', '483']
['84', '138', '259', '289', '340', '362', '417', '428', '487', '490', '493']
['101', '189', '227', '249', '283', '327', '341', '355', '361', '491', '498']
['184', '248', '320', '390', '407', '414']
['36', '75', '192', '297', '316', '394', '436', '458', '466']
['11', '58', '60', '166', '270', '300', '336', '339', '391', '485', '497']
['40', '109', '203', '253', '381', '431', '452']
['174', '197', '280', '357', '416', '421', '439', '455', '496']
['20', '113', '182', '220', '264', '285', '302', '349', '426', '457', '477']
['202', '245', '281', '296', '383', '425', '437', '470', '474', '489', '495']
['95', '146', '214', '246', '257', '333', '406', '434', '486']
['31', '63', '179', '251', '294', '317', '334', '401', '420', '454', '480']
['50', '80', '112', '130', '206', '304', '424', '446', '465', '484']
