['31', '32', '37', '82', '87', '108', '110', '111', '126', '156', '165', '188', '190', '205', '255', '259', '284', '286', '298', '303']
['79', '144', '158', '168', '169', '225', '256', '257', '278', '285', '293', '295']
['8', '17', '85', '100', '114', '171', '250', '253', '266', '277', '290', '299']
['15', '24', '44', '103', '238', '239', '240', '291']
['14', '30', '36', '48', '58', '73', '107', '125', '187', '207']
['52', '130', '146', '212', '220', '260']
['64', '120', '134', '151', '174', '196', '283', '288']
['50', '131', '152', '154', '164', '199', '245', '247']
['28', '112', '115', '118', '147', '179', '189', '200', '222', '294']
['5', '34', '99', '101', '203', '213', '254', '280', '292']
['1', '11', '42', '62', '78', '98', '148', '209', '221', '235', '301']
['18', '22', '54', '67', '84', '123', '136', '137', '219', '241', '263']
['6', '29', '38', '46', '51', '55', '60', '61', '63', '92', '94', '186', '272']
['25', '47', '96', '116', '128', '211', '230', '237', '274', '287']
['16', '175', '206', '215', '268', '297', '305']
['86', '90', '132', '170', '269', '275', '306']
['13', '21', '26', '143', '155', '159', '173', '183', '197', '232', '251', '271']
['19', '59', '69', '70', '71', '80', '113', '127', '135', '138', '214', '227']
['66', '141', '142', '160', '163', '202', '216', '231', '270', '281', '296']
['20', '27', '33', '81', '117', '218', '223', '229', '276']
['4', '9', '23', '121', '129', '195', '246']
['12', '45', '56', '133', '140', '150', '192', '194', '258', '261', '273', '307']
['10', '39', '40', '57', '162', '180', '181', '201', '217', '233', '242', '248', '262', '304']
['7', '65', '74', '93', '106', '172', '249', '267', '289']
['35', '49', '97', '166', '167', '198', '224', '264', '265']
['41', '75', '88', '95', '102', '119', '124', '149', '178', '208', '226', '228', '252', '282', '300']
['43', '68', '77', '104', '145', '185', '193', '204', '210', '243', '302']
['76', '91', '109', '153', '157', '161', '176', '182', '234', '236', '244']
['0', '2', '3', '53', '72', '83', '89', '105', '122', '139', '177', '184', '191', '279']
