['29', '30', '33', '35', '43', '68', '83', '101', '110', '115', '120', '133', '148', '159', '186', '194', '198', '205', '255', '271', '274', '291', '298', '301', '316', '317', '321', '338', '342', '349']
['3', '22', '40', '49', '70', '86', '93', '98', '113', '139', '161', '184', '199', '214', '222', '265', '294', '312', '315', '322', '327', '336', '345', '355', '364', '369', '388', '406', '407', '452']
['1', '8', '9', '17', '67', '74', '85', '95', '114', '118', '141', '142', '156', '160', '175', '188', '221', '234', '286', '303', '323', '329', '332', '334', '347', '363', '372', '399', '451', '460']
['0', '27', '44', '47', '60', '82', '92', '127', '153', '163', '181', '204', '218', '219', '223', '227', '249', '269', '283', '331', '339', '374', '380', '409', '445', '449', '450', '456', '465', '476']
['23', '108', '116', '136', '140', '183', '229', '232', '237', '254', '257', '267', '276', '300', '304', '309', '353', '365', '382', '389', '405', '411', '439', '455', '462', '466', '474', '477', '490']
['25', '77', '109', '135', '162', '187', '202', '236', '256', '275', '285', '295', '305', '320', '351', '386', '395', '413', '415', '420', '421', '425', '438', '453', '479', '480', '489']
['42', '63', '72', '73', '84', '122', '169', '200', '217', '241', '245', '246', '306', '310', '318', '343', '358', '383', '403', '428', '435', '447', '486', '497']
['10', '36', '37', '48', '94', '137', '195', '235', '277', '282', '290', '292', '307', '324', '352', '376', '416', '436', '441', '459', '475', '482', '484', '496']
['38', '56', '105', '131', '145', '150', '155', '166', '168', '176', '178', '189', '192', '243', '260', '278', '296', '308', '326', '348', '350', '360', '371', '442', '448', '495']
['2', '5', '11', '15', '34', '39', '41', '58', '69', '81', '87', '90', '107', '119', '121', '132', '147', '167', '185', '247', '261', '288', '359', '361', '414', '419', '427', '469', '485']
['7', '31', '66', '96', '146', '171', '203', '231', '248', '251', '252', '262', '284', '314', '362', '368', '401', '402', '424', '440', '468']
['13', '16', '45', '57', '65', '80', '134', '154', '173', '193', '228', '268', '281', '333', '356', '373', '375', '390', '392', '396', '398', '404', '431', '433', '483', '487']
['14', '46', '75', '88', '129', '130', '144', '149', '152', '174', '212', '253', '266', '293', '328', '393', '394', '412', '426']
['4', '18', '32', '51', '79', '102', '106', '117', '123', '165', '180', '182', '190', '201', '239', '280', '299', '311', '313', '391', '422', '429', '434', '473', '493', '494']
['53', '89', '138', '151', '220', '225', '240', '244', '258', '263', '270', '279', '325', '337', '381', '400', '418', '467', '481', '492', '498']
['20', '28', '50', '52', '55', '62', '99', '103', '128', '143', '164', '179', '206', '210', '215', '216', '273', '289', '297', '354', '377', '378', '432', '458', '470', '471']
['26', '71', '124', '170', '224', '233', '242', '259', '264', '344', '423', '437', '446', '499']
['12', '61', '76', '100', '191', '207', '208', '211', '213', '238', '250', '287', '302', '319', '366', '367', '370', '387', '444', '463', '464', '472', '491']
['6', '21', '24', '54', '78', '91', '97', '104', '125', '126', '157', '172', '226', '230', '335', '341', '346', '379', '408', '430', '443', '457', '478']
['19', '59', '64', '111', '112', '158', '177', '196', '197', '209', '272', '330', '340', '357', '384', '385', '397', '410', '417', '454', '461', '488']
