['3', '19', '31', '177', '184', '193', '281']
['62', '156', '176', '212', '263']
['59', '84', '87', '131', '136', '146', '220', '248', '264', '280', '293']
['15', '71', '115', '159', '165', '186', '238', '283']
['21', '42', '57', '132', '134', '174', '192', '244', '276', '277', '288', '306']
['47', '49', '64', '89', '100', '111', '116', '117', '138', '188', '207', '231', '260', '273']
['25', '27', '39', '60', '106', '119', '140', '166', '189', '225', '266']
['17', '18', '85', '86', '122', '148', '168', '219', '241', '249', '251', '254']
['196', '237', '240', '291']
['41', '54', '58', '78', '114', '129', '145', '147', '221', '229', '246', '271', '287']
['14', '73', '83', '121', '141', '232']
['11', '110', '175', '179', '224', '286']
['7', '95', '104', '139', '155', '160', '163', '243', '300']
['113', '123', '169', '171', '201', '222']
['12', '180', '204', '242', '258', '282', '285', '299', '305']
['91', '214', '217', '256']
['13', '20', '93', '99', '144', '182', '236', '257']
['30', '35', '68', '82', '108', '194', '203', '253', '268']
['1', '74', '102', '158', '167', '181', '187', '202', '205', '213', '215', '294']
['22', '43', '66', '77', '98', '126', '151', '153', '164', '195', '261', '267', '269', '307']
['16', '23', '28', '32', '63', '72', '79', '120', '130', '154', '199', '200', '228', '298']
['38', '46', '69', '101', '105', '127', '133', '150', '227', '245', '255', '278']
['9', '33', '96', '124', '135', '218', '252', '265', '284', '289', '290', '297', '301', '304']
['51', '61', '81', '97', '125', '149', '223', '292', '309']
['26', '34', '109', '128', '157', '162', '173', '259', '274', '296']
['0', '4', '36', '45', '55', '107', '190', '279']
['5', '6', '29', '50', '52', '75', '90', '172', '206', '211', '216', '272', '275', '302']
['2', '10', '24', '40', '53', '67', '94', '103', '143', '170', '183', '185', '198', '234', '262']
['37', '48', '80', '88', '92', '142', '208', '235', '247', '295', '303']
['44', '56', '70', '118', '152', '161', '191', '197', '226']
['8', '65', '76', '112', '137', '178', '209', '210', '230', '233', '239', '250', '270', '308']
