['2', '334']
['359']
['229', '342']
['100', '307']
['41', '83', '171', '285', '301']
['77', '81', '149', '151', '239', '257', '315']
['122']
['298']
['95', '130', '248']
['245', '375', '392', '393', '395']
[]
['136', '249']
['116', '381']
['156', '368']
['33', '144', '253', '349']
['34']
['119', '225', '234', '256', '325']
[]
['82', '92', '105', '216']
['103', '135', '162', '192']
[]
['191', '250', '288', '316']
['23', '38', '282', '321']
['108']
['160', '176', '312', '367']
['18', '382']
['55', '211']
['186', '220']
['328']
[]
['7', '263', '377']
['57']
['109', '164', '223', '356']
['214', '346']
['46', '123', '167', '254']
['20', '124', '240', '323', '397']
['145', '190', '207', '278', '383']
['209', '374']
['131', '170']
['22', '185', '195', '252', '324', '371']
['45', '232']
['358']
['58', '70', '172', '380', '394']
['153', '270']
['39', '61', '159', '224', '326', '348']
['42', '221']
['200', '255', '384']
['76']
['9']
['67', '305']
['193']
['218', '235']
[]
[]
[]
['327']
['1', '21', '52', '150', '246', '372']
['273', '292']
['259']
['260', '286']
['36', '158']
['25', '355']
['53', '62', '63', '169', '178', '196', '396']
['132', '215', '267', '398']
['303']
['68', '91', '163', '173', '199', '276']
['3', '339', '362']
['84', '230', '262', '264']
['161']
['27', '365', '399']
['71', '99', '205', '279', '306', '340']
['154']
['281']
['31', '97', '152']
['6', '177', '343']
['80']
['54']
['50']
['56', '78', '148', '272', '373']
['28', '166', '181', '183', '265']
['126', '184']
['174']
['30', '101', '258', '329']
['19', '344', '364']
['115', '236', '241', '296', '299', '333', '357']
[]
['125', '175', '204', '212', '294', '308', '331']
['35']
['12', '73', '208', '227', '354']
[]
['338']
['17', '247']
['86', '94', '112', '127', '129', '330']
['134', '228', '332']
['293', '314']
['85', '128', '179', '280', '347']
['217', '317', '361']
['4', '64']
['47', '157']
['60', '202', '266', '350', '387']
['189', '284', '313']
['14', '168']
['289', '388', '391']
[]
['287', '291']
['65', '75', '146', '335', '353']
[]
['139', '222']
['180', '290']
['15']
['51', '198']
['66', '106']
['40', '90', '114', '231', '238']
['87', '93', '379']
['118', '197', '390']
['26', '98', '141', '297']
['155', '206', '302']
['8', '74', '188', '275']
['32', '69', '113', '345']
['10', '72']
[]
['226']
['107', '111', '242']
['147', '201', '310', '366']
['11']
['96', '140', '352', '360', '376']
['48']
['24', '165', '210', '244', '271', '385', '386']
['16', '311', '341']
['102', '243']
['59', '117', '138']
['142', '194', '213', '233', '337']
['29', '121', '378']
['37', '43']
['295']
['319']
['79', '187', '320', '322', '351']
['120', '318']
['49', '133', '261', '268', '269']
['5', '237', '389']
[]
['88', '104', '304', '369']
['44', '110', '309']
['277', '283']
['182', '203', '336']
['143']
['219', '363']
['0', '251', '370']
['274', '300']
['13', '89', '137']
