['12', '42', '56', '59', '70', '81', '83', '94', '102', '113', '128', '160', '179', '180', '216', '235', '237', '245', '254', '283']
['5', '41', '45', '51', '53', '68', '72', '79', '80', '89', '100', '140', '141', '151', '170', '186', '218', '243', '287', '288']
['40', '129', '132', '148', '150', '162', '166', '181', '192', '205', '221', '231', '240', '241', '299', '303', '310', '311', '322', '331']
['39', '48', '57', '61', '104', '117', '123', '145', '176', '200', '201', '206', '220', '233', '282', '292', '316', '323', '324', '334']
['4', '30', '32', '33', '58', '84', '93', '114', '142', '190', '195', '204', '212', '250', '253', '298', '302', '338', '342', '347']
['6', '9', '22', '23', '35', '64', '71', '103', '120', '133', '144', '152', '155', '157', '163', '178', '213', '270', '313', '348']
['8', '29', '34', '87', '108', '121', '125', '136', '143', '156', '165', '198', '229', '247', '261', '285', '289', '319', '350', '352']
['36', '44', '92', '96', '194', '199', '207', '208', '238', '239', '266', '267', '274', '284', '297', '312', '321', '328', '335', '363']
['7', '18', '77', '88', '98', '153', '185', '189', '191', '234', '236', '246', '257', '265', '281', '291', '305', '307', '369', '370']
['13', '15', '54', '60', '91', '135', '147', '210', '214', '230', '258', '262', '269', '278', '318', '333', '353', '360', '364', '378']
['20', '46', '55', '65', '101', '105', '119', '146', '175', '215', '228', '232', '259', '260', '296', '368', '374', '379', '380', '386']
['10', '17', '21', '27', '74', '126', '149', '171', '173', '174', '183', '187', '224', '249', '264', '329', '372', '376', '388', '390']
['11', '14', '78', '85', '90', '137', '211', '248', '252', '268', '277', '300', '325', '339', '349', '357', '385', '391', '394', '395']
['24', '25', '69', '75', '99', '134', '138', '203', '226', '256', '286', '290', '306', '320', '340', '362', '377', '393']
['2', '16', '50', '67', '76', '82', '159', '193', '196', '227', '244', '263', '279', '327', '341', '367', '383', '387', '389']
['0', '43', '95', '106', '111', '112', '184', '188', '209', '242', '271', '294', '304', '351', '361', '371', '392', '399']
['1', '26', '28', '38', '73', '107', '109', '110', '115', '164', '225', '280', '293', '355', '365', '398']
['3', '19', '31', '49', '63', '86', '118', '139', '172', '182', '222', '255', '332', '345']
['62', '97', '116', '124', '169', '197', '217', '219', '223', '295', '309', '314', '326', '354', '359', '366', '382']
['37', '52', '122', '127', '131', '158', '161', '177', '251', '272', '275', '317', '330', '337', '343', '375', '384', '396', '397']
['47', '66', '130', '154', '167', '168', '202', '273', '276', '301', '308', '315', '336', '344', '346', '356', '358', '373', '381']
