['49', '250', '101', '337', '386', '20', '415', '74', '201']
['137', '132', '3', '376', '34', '315', '451', '181', '139', '463']
['1', '37', '203', '106', '467']
['464', '226', '346', '263', '439', '251', '400', '412', '260', '394']
['9', '373', '490', '168', '477', '494']
['475', '171', '333', '227', '486', '381', '204', '19', '298']
['360', '136', '318', '39', '6', '342', '54']
['156', '184', '245', '351', '195', '446', '496', '300', '235']
['341', '130', '385', '220', '144']
['11', '197', '292', '472', '417']
['216', '217', '70', '465', '492', '396', '100']
['111', '387', '445', '162', '269', '395', '374', '115']
['411', '480', '8', '189', '424', '108', '159']
['154', '175', '151', '357', '497', '48', '89', '367']
['194', '232', '147', '53', '309', '375', '447', '423', '90', '399', '322']
['192', '382', '80', '121', '404', '440', '434', '282']
['361', '224', '397', '457', '102']
['31', '187', '289', '487', '141', '343', '44', '221', '82', '145', '51']
['104', '183', '338', '359', '126', '191', '233', '323', '41', '279']
['72', '288', '213', '489', '383']
['249', '461', '58', '352', '473', '248', '253', '441', '307']
['64', '308', '62', '138', '133', '135', '425', '302', '38']
['67', '280', '328', '369', '57', '409', '435', '173', '390', '178', '140']
['362', '403', '209', '290', '372', '344', '368', '316', '448', '63', '98', '214', '313', '287']
['257', '35', '84', '87', '109', '198', '485', '229', '438']
['13', '479', '306', '493']
['0', '265', '266', '364', '413', '78', '314', '134', '79']
['160', '240', '442', '73', '355', '125', '444']
['117', '222', '384', '436', '484', '371', '163', '59', '241', '205', '258']
['81', '379', '27', '43', '295', '223', '239', '426', '33', '105', '339', '255']
['23', '118', '284', '432', '2', '358', '276', '95', '450', '311', '431', '91', '303', '97']
['69', '407', '273', '419', '243', '285', '271']
['293', '406', '437', '256']
['52', '75', '421', '499', '42', '76', '71']
['208', '331', '326', '21', '167', '114', '186']
['5', '158', '96', '211', '429']
['4', '94', '237', '18', '193', '210', '270', '363', '398', '478', '234', '66', '28', '388', '55']
['498', '275', '180', '206', '127', '142']
['93', '14']
['310', '128', '391', '393', '107', '22', '225', '152', '481']
['30', '294', '427', '495', '297', '471', '348', '174', '264']
['88', '466', '401', '365']
['92', '15', '491', '262', '17']
['274', '433', '277', '353', '199', '340', '236', '304', '332', '29', '286']
['196', '215', '453', '157', '389', '488', '131']
['113', '146', '345', '77', '65', '283', '320', '414', '354', '161', '254', '68', '349']
['408', '122', '449', '336', '24', '200', '460', '207', '455', '483', '32', '50', '153']
['120', '165', '272', '329', '392', '321', '188', '347', '176', '47', '182']
['259', '261', '278', '179', '468', '25', '317', '299']
['7', '86', '164', '301', '56', '422', '350', '428', '416', '110', '46', '228', '380', '454', '268', '238']
['112', '170', '252', '166', '177', '231', '476', '123', '305', '462', '312', '330', '149', '452', '458']
['83', '370', '470', '148', '456', '116']
['61', '202', '325', '230', '474', '36', '319', '185']
['60', '244', '45', '119', '267', '420', '482', '218']
['335', '459', '430', '219', '26', '246', '296', '12', '356']
['169', '327', '378', '150', '129', '324', '103', '377', '247', '281', '291']
['418', '469', '334', '85', '402', '40', '242', '10', '172', '212']
['155', '124', '405', '443', '190', '410', '143', '16', '99', '366']
