['6', '38', '85', '89', '147', '161', '178', '179', '182', '201', '214', '233', '243', '250', '272', '278', '288']
['24', '35', '108', '114', '136', '139', '150', '158', '196', '253', '274', '293', '300', '311', '325', '331', '346']
['62', '69', '81', '110', '151', '171', '180', '215', '263', '280', '301', '305', '310', '341', '351', '353', '358']
['7', '29', '87', '119', '130', '133', '134', '160', '209', '213', '221', '228', '244', '286', '374', '379', '384']
['25', '58', '99', '175', '200', '203', '205', '216', '239', '246', '257', '279', '296', '302', '370', '381', '396']
['11', '16', '23', '30', '43', '77', '131', '148', '249', '264', '269', '291', '307', '387', '389', '394', '399']
['12', '37', '48', '53', '74', '138', '166', '168', '223', '287', '320', '368', '377', '400', '402', '404', '414']
['17', '39', '42', '60', '66', '95', '105', '185', '188', '258', '262', '285', '317', '327', '363', '371', '428']
['1', '71', '78', '92', '142', '153', '283', '321', '339', '348', '350', '360', '366', '426', '438', '446', '453']
['36', '73', '83', '93', '100', '101', '112', '115', '137', '140', '220', '224', '238', '255', '433', '454', '456']
['0', '31', '46', '109', '118', '120', '154', '164', '189', '297', '309', '313', '349', '362', '420', '437', '466']
['8', '70', '107', '135', '159', '192', '211', '217', '236', '261', '347', '354', '401', '424', '427', '450', '467']
['10', '28', '50', '57', '84', '165', '184', '193', '219', '240', '267', '423', '430', '432', '441', '449', '470']
['26', '54', '56', '116', '141', '265', '290', '312', '356', '373', '382', '383', '445', '448', '468', '471', '479']
['3', '75', '91', '156', '177', '186', '208', '226', '315', '324', '408', '412', '439', '451', '480', '486', '492']
['124', '132', '181', '190', '204', '230', '306', '343', '352', '361', '392', '393', '406', '455', '463', '495', '497']
['27', '33', '98', '102', '128', '167', '183', '187', '270', '277', '308', '329', '376', '410', '425', '483', '499']
['44', '76', '127', '155', '225', '275', '276', '314', '328', '345', '365', '369', '407', '434', '443']
['22', '72', '96', '143', '207', '235', '268', '284', '322', '330', '333', '342', '386', '431', '458', '487']
['59', '61', '65', '97', '111', '212', '294', '295', '298', '304', '318', '337', '403', '444', '475', '488']
['2', '4', '9', '14', '45', '51', '144', '163', '271', '359', '391', '442', '460', '465', '474']
['15', '18', '104', '113', '121', '157', '197', '266', '338', '390', '415', '417', '461', '464', '476']
['32', '47', '63', '232', '289', '372', '385', '413', '416', '440', '457', '478', '485', '489']
['86', '170', '191', '202', '241', '245', '252', '364', '405', '484', '496', '498']
['21', '49', '52', '68', '123', '162', '237', '281', '319', '344', '469', '490']
['79', '126', '129', '152', '195', '198', '199', '388', '409', '419', '429', '436', '452', '462', '473']
['20', '88', '94', '103', '106', '145', '176', '256', '259', '340', '367', '378', '459']
['13', '90', '117', '169', '210', '222', '242', '248', '251', '303', '323', '357', '481', '493']
['19', '194', '227', '247', '260', '380', '395', '472', '482']
['34', '64', '82', '206', '218', '234', '273', '282', '335', '355', '375', '397', '398', '422']
['40', '122', '125', '146', '172', '174', '231', '254', '292', '299', '334', '336', '418', '421', '447', '477']
['5', '41', '55', '67', '80', '149', '173', '229', '316', '326', '332', '411', '435', '491', '494']
