['3', '8', '32', '62', '69', '72', '79', '91', '156', '157', '193', '199', '232', '246', '274', '277', '303', '316', '329', '342', '350', '360', '374', '377', '386', '393', '435', '439', '452', '456']
['4', '17', '117', '130', '131', '144', '160', '172', '173', '196', '203', '219', '233', '245', '253', '257', '261', '270', '286', '296', '297', '335', '346', '368', '375', '381', '383', '409', '421', '490']
['92', '96', '135', '137', '162', '180', '206', '208', '211', '216', '217', '229', '237', '241', '272', '311', '323', '406', '410', '411', '418', '440', '457', '458', '459', '476']
['23', '28', '33', '74', '99', '108', '120', '122', '166', '171', '175', '184', '228', '248', '250', '300', '304', '305', '309', '358', '376', '395', '399', '434', '455', '460', '466', '487']
['22', '41', '52', '71', '77', '98', '119', '124', '148', '149', '182', '187', '200', '214', '224', '227', '265', '331', '468', '479']
['14', '16', '38', '101', '116', '141', '154', '174', '178', '204', '205', '226', '235', '267', '273', '282', '298', '319', '348', '361', '385', '419', '425', '427', '467']
['18', '81', '93', '212', '327', '347', '379', '387', '388', '441', '442', '464', '485', '488']
['21', '27', '37', '47', '53', '63', '64', '84', '104', '105', '106', '123', '145', '167', '176', '179', '222', '262', '269', '290', '292', '325', '337', '352', '366', '371', '465', '481']
['49', '58', '65', '75', '94', '95', '102', '103', '126', '127', '168', '192', '223', '240', '259', '283', '328', '333', '362', '364', '402', '445', '483']
['1', '11', '20', '24', '51', '125', '129', '138', '140', '147', '183', '210', '243', '256', '260', '307', '349', '359', '384', '394', '398', '408', '428', '463', '480', '486']
['9', '88', '110', '146', '152', '170', '190', '195', '225', '291', '320', '321', '391', '401', '403', '416', '446']
['36', '40', '44', '45', '54', '60', '68', '97', '139', '142', '150', '151', '207', '285', '318', '324', '336', '338', '343', '344', '345', '367', '380', '389', '390', '407', '430', '469']
['57', '82', '83', '107', '143', '181', '185', '236', '249', '252', '266', '275', '310', '340', '356', '372', '392', '413', '415', '417', '420', '424', '451', '470', '482']
['19', '31', '42', '46', '70', '76', '85', '100', '112', '114', '161', '197', '213', '215', '221', '268', '280', '289', '314', '317', '354', '382', '438', '475', '484']
['15', '30', '35', '56', '59', '111', '113', '158', '163', '177', '186', '191', '198', '239', '255', '281', '293', '299', '301', '334', '363', '369', '396', '405', '412', '474']
['2', '67', '90', '109', '153', '159', '164', '165', '189', '242', '244', '263', '264', '288', '295', '302', '308', '313', '326', '351', '357', '373', '423', '437', '449', '462', '472', '478']
['13', '43', '50', '73', '78', '80', '115', '132', '155', '201', '202', '247', '278', '279', '287', '312', '332', '353', '355', '370', '426', '443', '448', '453']
['5', '10', '12', '29', '61', '66', '134', '218', '220', '230', '276', '341', '365', '400', '404', '429', '431', '436', '461', '489']
['0', '7', '34', '87', '89', '121', '128', '133', '136', '169', '188', '194', '254', '271', '284', '294', '306', '315', '322', '330', '339', '397', '414', '422', '432', '450', '473']
['6', '25', '26', '39', '48', '55', '86', '118', '209', '231', '234', '238', '251', '258', '378', '433', '444', '447', '454', '471', '477']
