['Vertex71', 'Vertex153', 'Vertex177', 'Vertex190', 'Vertex224', 'Vertex255', 'Vertex288', 'Vertex294', 'Vertex332', 'Vertex333', 'Vertex364']
['Vertex256', 'Vertex260', 'Vertex308', 'Vertex339', 'Vertex350', 'Vertex436']
['Vertex125', 'Vertex150', 'Vertex198', 'Vertex200', 'Vertex207', 'Vertex212', 'Vertex225', 'Vertex233', 'Vertex267', 'Vertex293', 'Vertex317', 'Vertex347', 'Vertex387']
['Vertex83', 'Vertex136', 'Vertex151', 'Vertex174', 'Vertex268', 'Vertex269', 'Vertex285', 'Vertex309', 'Vertex322', 'Vertex363', 'Vertex365', 'Vertex402', 'Vertex434']
['Vertex62', 'Vertex66', 'Vertex79', 'Vertex88', 'Vertex105', 'Vertex123', 'Vertex162', 'Vertex183', 'Vertex199', 'Vertex243', 'Vertex249', 'Vertex297', 'Vertex299', 'Vertex370']
['Vertex58', 'Vertex90', 'Vertex98', 'Vertex110', 'Vertex119', 'Vertex131', 'Vertex157', 'Vertex344', 'Vertex355', 'Vertex360', 'Vertex362', 'Vertex381']
['Vertex169', 'Vertex230', 'Vertex273', 'Vertex279', 'Vertex291', 'Vertex295', 'Vertex330', 'Vertex372', 'Vertex416', 'Vertex420', 'Vertex431']
['Vertex96', 'Vertex141', 'Vertex156', 'Vertex221', 'Vertex229', 'Vertex231', 'Vertex292', 'Vertex300', 'Vertex323', 'Vertex327', 'Vertex374']
['Vertex76', 'Vertex104', 'Vertex111', 'Vertex158', 'Vertex176', 'Vertex254', 'Vertex399', 'Vertex412']
['Vertex201', 'Vertex228', 'Vertex289', 'Vertex315', 'Vertex393', 'Vertex407', 'Vertex422']
['Vertex59', 'Vertex252', 'Vertex319', 'Vertex354', 'Vertex368', 'Vertex378', 'Vertex382', 'Vertex415', 'Vertex426']
['Vertex43', 'Vertex48', 'Vertex68', 'Vertex82', 'Vertex250', 'Vertex281', 'Vertex284', 'Vertex342', 'Vertex361', 'Vertex369', 'Vertex383']
['Vertex97', 'Vertex112', 'Vertex133', 'Vertex196', 'Vertex218', 'Vertex251', 'Vertex303', 'Vertex311']
['Vertex44', 'Vertex54', 'Vertex103', 'Vertex165', 'Vertex188', 'Vertex203', 'Vertex349', 'Vertex379', 'Vertex384', 'Vertex398', 'Vertex401', 'Vertex409']
['Vertex67', 'Vertex127', 'Vertex258', 'Vertex259', 'Vertex298', 'Vertex346', 'Vertex356', 'Vertex385', 'Vertex404', 'Vertex413']
['Vertex52', 'Vertex129', 'Vertex202', 'Vertex226', 'Vertex301', 'Vertex316', 'Vertex357', 'Vertex392', 'Vertex419', 'Vertex437', 'Vertex439']
['Vertex155', 'Vertex181', 'Vertex187', 'Vertex189', 'Vertex237', 'Vertex336']
['Vertex63', 'Vertex116', 'Vertex142', 'Vertex178', 'Vertex296', 'Vertex424', 'Vertex428']
['Vertex60', 'Vertex195', 'Vertex236', 'Vertex245', 'Vertex283', 'Vertex329', 'Vertex335', 'Vertex417', 'Vertex433']
['Vertex164', 'Vertex168', 'Vertex182', 'Vertex185', 'Vertex241', 'Vertex271', 'Vertex351', 'Vertex371', 'Vertex388']
['Vertex72', 'Vertex80', 'Vertex117', 'Vertex149', 'Vertex161', 'Vertex286', 'Vertex305', 'Vertex345']
['Vertex154', 'Vertex216', 'Vertex246', 'Vertex325', 'Vertex338', 'Vertex396']
['Vertex47', 'Vertex61', 'Vertex84', 'Vertex109', 'Vertex120', 'Vertex170', 'Vertex272', 'Vertex313', 'Vertex430']
['Vertex92', 'Vertex138', 'Vertex146', 'Vertex147', 'Vertex211', 'Vertex265']
['Vertex57', 'Vertex122', 'Vertex128', 'Vertex130', 'Vertex139', 'Vertex144', 'Vertex227', 'Vertex257', 'Vertex262', 'Vertex310', 'Vertex328', 'Vertex340', 'Vertex380', 'Vertex389', 'Vertex408', 'Vertex410', 'Vertex421']
['Vertex77', 'Vertex91', 'Vertex118', 'Vertex248', 'Vertex280', 'Vertex302', 'Vertex306', 'Vertex318', 'Vertex377']
['Vertex41', 'Vertex53', 'Vertex107', 'Vertex134', 'Vertex135', 'Vertex208', 'Vertex238', 'Vertex264', 'Vertex348', 'Vertex367', 'Vertex406']
['Vertex101', 'Vertex160', 'Vertex172', 'Vertex193', 'Vertex197', 'Vertex209', 'Vertex244', 'Vertex266', 'Vertex307', 'Vertex352', 'Vertex386']
['Vertex50', 'Vertex64', 'Vertex65', 'Vertex95', 'Vertex108', 'Vertex140', 'Vertex184', 'Vertex191', 'Vertex217', 'Vertex242', 'Vertex263', 'Vertex290', 'Vertex394']
['Vertex69', 'Vertex163', 'Vertex166', 'Vertex275', 'Vertex278', 'Vertex312', 'Vertex359', 'Vertex391', 'Vertex397', 'Vertex423']
['Vertex132', 'Vertex204', 'Vertex239', 'Vertex358']
['Vertex46', 'Vertex93', 'Vertex143', 'Vertex148', 'Vertex186', 'Vertex222', 'Vertex232', 'Vertex320', 'Vertex429', 'Vertex435']
['Vertex85', 'Vertex179', 'Vertex180', 'Vertex219', 'Vertex282', 'Vertex366']
['Vertex40', 'Vertex94', 'Vertex121', 'Vertex159', 'Vertex171', 'Vertex213', 'Vertex223', 'Vertex304', 'Vertex395', 'Vertex414', 'Vertex418', 'Vertex425']
['Vertex75', 'Vertex81', 'Vertex114', 'Vertex234', 'Vertex247', 'Vertex277', 'Vertex314', 'Vertex321', 'Vertex353', 'Vertex400']
['Vertex70', 'Vertex73', 'Vertex78', 'Vertex87', 'Vertex145', 'Vertex167', 'Vertex173', 'Vertex253', 'Vertex261', 'Vertex270', 'Vertex287', 'Vertex375', 'Vertex390', 'Vertex405', 'Vertex438']
['Vertex42', 'Vertex51', 'Vertex74', 'Vertex102', 'Vertex124', 'Vertex126', 'Vertex235', 'Vertex324', 'Vertex326', 'Vertex331', 'Vertex334', 'Vertex411']
['Vertex45', 'Vertex86', 'Vertex100', 'Vertex113', 'Vertex152', 'Vertex175', 'Vertex206', 'Vertex210', 'Vertex274', 'Vertex276', 'Vertex376']
['Vertex49', 'Vertex55', 'Vertex99', 'Vertex214', 'Vertex220', 'Vertex240', 'Vertex337', 'Vertex427', 'Vertex432']
['Vertex56', 'Vertex89', 'Vertex106', 'Vertex115', 'Vertex137', 'Vertex192', 'Vertex194', 'Vertex205', 'Vertex215', 'Vertex341', 'Vertex343', 'Vertex373', 'Vertex403']
