['Tracy', 'Mitzi', 'Nikki', 'Davis', 'Annie', 'Mason', 'Wanda', 'Flora', 'Daron', 'Donna', 'Alice', 'Elvin']
['David', 'Janet', 'Bryan', 'Cyrus', 'Ahmad', 'Bryon', 'Ariel', 'Leila', 'Hyman', 'Randy']
['Terry', 'Becky', 'Lydia', 'Melba', 'Irvin', 'Holly', 'Darin', 'Brent', 'Brady', 'Fidel', 'Dwain', 'Sammy', 'Kelly']
['Elmer', 'Karin', 'Margo', 'Alvin', 'Jamar', 'Essie', 'Edwin', 'Elias', 'Jamel', 'Rusty', 'Dante', 'Alton', 'Janis', 'Joann', 'Garry', 'Rufus']
['Barry', 'Ernie', 'Allan', 'Quinn', 'Bobbi', 'Basil', 'Lyman', 'Tasha', 'Sheri', 'Bette', 'Billy', 'Shaun', 'Shane', 'Major', 'Cliff', 'Debra', 'Pansy', 'April']
['Moses', 'Dixie', 'Lauri', 'Chris', 'Leroy', 'Kevin', 'Effie', 'Lacey']
['Issac', 'Lorie', 'Kayla', 'Ebony', 'Claud', 'Gayle', 'Paige', 'Maria', 'Louis', 'Danny', 'Chong', 'Mandy', 'Brock', 'Misty']
['Devin', 'Mikel', 'Felix', 'Marty', 'Elsie', 'Buddy', 'Marci', 'Ronny', 'Hilda', 'Sybil', 'Randi', 'Jacob']
['Mable', 'Zelma', 'Jaime', 'Adele', 'Emery', 'Bruno', 'Rhett', 'Patti', 'Lorna', 'Sally', 'Linda', 'Betsy', 'Homer', 'Moshe']
['Lucio', 'Steve', 'Tommy', 'Katie', 'Monty', 'Ruben', 'Tonya']
['Jonah', 'Aline', 'Josie', 'Leona', 'Greta', 'Cesar', 'Daisy', 'Teddy', 'Deann', 'Verna', 'Adela', 'Eddie', 'Benny']
['Myron', 'Cindy', 'Wyatt', 'Ilene', 'Aaron', 'Brian', 'Sonja', 'Craig', 'Clara', 'Tanya', 'Twila']
['Sadie', 'Doris', 'Josef', 'Roger', 'Ervin', 'Marcy', 'Casey', 'Carly', 'Clark', 'Wendi', 'Freda', 'Chase', 'Maude', 'Bryce', 'Sonny', 'Tammi', 'Pearl']
['Julia', 'Vicky', 'Laura', 'Helga', 'Queen', 'Wilma', 'Amado', 'Erica', 'Mamie', 'Audra', 'Leann', 'Pedro', 'Percy', 'Micah', 'Sofia']
['Della', 'Renee', 'Rhoda', 'Corey', 'Kirby', 'Julio', 'Amber', 'Grant', 'Terri', 'Brant']
['Jayne', 'Maura', 'Naomi', 'Ellen', 'Marla', 'Wally', 'Dario', 'Joyce', 'Peter', 'Orval', 'Karen', 'Berta', 'Clint']
['Candy', 'Erika', 'Staci', 'Odell', 'Jared', 'Tessa', 'Fritz', 'Willy', 'Elena', 'Elvia', 'Merle', 'Emily']
['Ollie', 'Britt', 'Trent', 'Donny', 'Viola', 'Kathy', 'Arlen', 'Wendy', 'Tyron', 'Robin', 'Timmy', 'Nancy']
['Malik', 'Chang', 'Avery', 'Vilma', 'Clyde', 'Erick', 'Sandy', 'Roxie', 'Mitch', 'Robyn', 'Mario', 'Lanny', 'Olive', 'Roman']
['Nelda', 'Perry', 'Carla', 'James', 'Hazel', 'Dusty', 'Tonia', 'Nadia', 'Jason']
