['AAC', 'AAF', 'ABG', 'ABY', 'ADN', 'AEL', 'AEX', 'AGD', 'AGW', 'AHU', 'AKK', 'ALA', 'AMH', 'AOD', 'API', 'AQO', 'ARF', 'ARU']
['AAN', 'ADA', 'ADD', 'ADI', 'AGE', 'AGQ', 'APF', 'ASS', 'ATB']
['ACO', 'AEF', 'AHQ', 'AIB', 'AIM', 'AMW', 'ANF', 'AOJ', 'AOL', 'ARB', 'ARO']
['AAD', 'ADR', 'AGT', 'AIU', 'AJN', 'ALI', 'ALJ', 'AMJ', 'AOI', 'AOK', 'APM', 'AQA', 'ASY']
['AAJ', 'ADW', 'AFD', 'AFL', 'AHK', 'AHO', 'AII', 'AJD', 'AJS', 'AOF', 'AQJ', 'AQY', 'ASF']
['ABH', 'ACG', 'ADC', 'AFR', 'AGF', 'AHJ', 'AHN', 'AKB', 'AKS', 'AMC', 'AMG', 'AMM', 'APD', 'ARH', 'ATA', 'ATR']
['AAQ', 'ABB', 'ACL', 'AEN', 'AFN', 'AJR', 'AMV', 'AOX', 'APV', 'APX', 'AQE', 'AQK', 'AQR', 'AQS', 'ASR']
['ADJ', 'AEI', 'AEW', 'AFA', 'AFX', 'AGP', 'ANM', 'ANY', 'ASA']
['ACH', 'AFJ', 'AFS', 'AGB', 'AGM', 'AKQ', 'ALF', 'ALM', 'ANN', 'AOP', 'APC', 'AQL', 'ATF']
['ABC', 'ABL', 'AGR', 'AJC', 'ALQ', 'AMA', 'AMK', 'APU', 'AQQ', 'ARK', 'ASI']
['ABU', 'AFI', 'AFV', 'AIX', 'AKY', 'ANV', 'APQ', 'AQN', 'AQX', 'ARP']
['ACA', 'ACT', 'ADQ', 'ADV', 'AFU', 'AGX', 'AJU', 'ALR', 'ANK', 'AQH', 'ARW', 'ATG']
['AAX', 'ABJ', 'AEG', 'AHS', 'AHT', 'AIW', 'AKD', 'AKR', 'ANT', 'AQM', 'ARC', 'ATD']
['AAY', 'ABD', 'ABN', 'AEC', 'AFC', 'AFG', 'AHE', 'AHF', 'AJG', 'AKE', 'AOS', 'AQC', 'ARD', 'ARM', 'ATC']
['AAI', 'ACC', 'ADS', 'AHP', 'AID', 'AIE', 'AKN', 'ANH', 'AOY', 'ARA', 'ARI', 'ATP']
['ABX', 'AJE', 'AJL', 'ANC', 'ANL', 'ARX', 'ARY']
['AAB', 'ADF', 'AEA', 'AEK', 'AFF', 'AGG', 'AJQ', 'AJY', 'AMN', 'ANA', 'ANE', 'ANS', 'AOH', 'APA', 'APJ', 'APL', 'ATV']
['AAL', 'AAS', 'AAV', 'ABQ', 'ABV', 'AFY', 'AHC', 'AKX', 'ALK', 'ASU', 'ATN']
['AEP', 'AHH', 'AHM', 'AIC', 'AIQ', 'AJO', 'ALX', 'ANB', 'APO', 'APY', 'AQB', 'AQV', 'ARQ']
['ADM', 'AEH', 'AER', 'AEY', 'AGJ', 'AHD', 'AHL', 'AJX', 'AKO', 'ALT', 'ARJ', 'ASD', 'ASH', 'ASQ', 'ATM', 'ATX']
['AAR', 'ACI', 'ACK', 'ACP', 'ACU', 'ACY', 'ADX', 'AET', 'AIH', 'AKV', 'ALY', 'APP', 'ARL', 'ARV']
['ACJ', 'AEV', 'AFM', 'AJB', 'AKC', 'AKU', 'ALC', 'ALD', 'AMS', 'ANW', 'AOA', 'AOG', 'APG', 'APT', 'AQT', 'AQW', 'ASN']
['ACF', 'ADH', 'ADO', 'AED', 'AGH', 'AJW', 'AKP', 'AQU', 'ASW', 'ATO', 'ATS']
['AAA', 'AAG', 'AAM', 'AAU', 'AGA', 'AGV', 'AIR', 'AKF', 'AMP', 'AOO', 'AOQ', 'AQG', 'ASE', 'ATI']
['AEB', 'AHR', 'ANJ', 'ANX', 'APH', 'AQF', 'ART', 'ASB', 'ATL', 'ATQ']
['AAP', 'ACE', 'AFO', 'AGU', 'AIK', 'AIS', 'ALG', 'ANG', 'ANO', 'ANQ', 'AOB', 'ARE', 'ARN', 'ATU', 'ATW']
['AAO', 'AHV', 'AJF', 'AKG', 'ALH', 'AOW', 'ASX']
['AAE', 'ABP', 'ABS', 'AFQ', 'AGK', 'AGL', 'AGO', 'AIT', 'AKT', 'AMB', 'AME', 'AMR', 'ASP']
['AAT', 'ABO', 'ADK', 'AEJ', 'AGC', 'AIG', 'AIY', 'AJJ', 'ALE', 'AMX', 'AND', 'ANI', 'APE', 'ARS']
['ABM', 'ABR', 'ADT', 'ADU', 'AGY', 'AJP', 'AKI', 'ALO', 'AMT', 'ANR', 'AON', 'AOR', 'AOV', 'ASK', 'ATH']
['AAW', 'ABW', 'ADE', 'AEE', 'AFH', 'AFK', 'AGS', 'AHI', 'AIP', 'AIV', 'AJI', 'AKM', 'AMF', 'AMY', 'AOU', 'AQP', 'ASG']
['ACX', 'ADB', 'AHW', 'AKJ', 'ALB', 'ALP', 'ALW', 'ANU', 'ASM', 'AST']
['ACB', 'ACV', 'AGI', 'AHG', 'AHY', 'AIL', 'AKL', 'ALN', 'AMO', 'AOM', 'ATY']
['AAK', 'AFT', 'AIA', 'AKA', 'ALU', 'ALV', 'ANP', 'AOC', 'ASC', 'ASL']
['AAH', 'ABK', 'ABT', 'ACM', 'ACS', 'AIO', 'AJA', 'AJK', 'ALL', 'AMQ', 'ARG', 'ARR']
['ABE', 'ACN', 'ADG', 'ADL', 'ADP', 'AEQ', 'AFW', 'AKW', 'AMU', 'APR', 'APS', 'ASO']
['ACD', 'ACR', 'ADY', 'AHA', 'AKH', 'AMD', 'AQI', 'ASV', 'ATE']
['AEO', 'AES', 'AEU', 'AIF', 'AJH', 'AMI', 'AML', 'AOE', 'ASJ', 'ATJ']
['ABA', 'ABI', 'ACQ', 'AFB', 'AFE', 'AGN', 'AHB', 'AIJ', 'AJM', 'AJT', 'ALS', 'AOT', 'APB', 'APK', 'APN', 'AQD', 'ATK']
['ABF', 'ACW', 'AEM', 'AFP', 'AHX', 'AIN', 'AJV', 'APW', 'ATT']
