['67', '94', '102', '103', '105', '107', '111', '119', '130', '131', '137', '170', '180', '208', '223', '238', '241', '249', '257', '258', '287', '326', '333', '339', '368', '393', '405', '415', '417', '426']
['44', '83', '189', '206', '239', '265', '279', '291', '322', '323', '365', '394', '413', '435', '444', '445', '454', '462', '466', '499']
['55', '71', '75', '98', '121', '139', '149', '155', '164', '266', '290', '316', '317', '358', '386', '488', '490']
['25', '77', '80', '100', '101', '176', '194', '205', '244', '247', '308', '416', '467', '492', '497']
['37', '53', '110', '138', '146', '175', '243', '250', '324', '325', '338', '347', '353', '357', '370', '374', '383', '476', '485']
['26', '30', '41', '91', '106', '161', '162', '163', '192', '207', '215', '232', '233', '335', '336', '343', '363', '465', '496']
['10', '34', '79', '92', '99', '151', '204', '226', '236', '277', '285', '295', '329', '331', '369', '397', '402', '428', '456', '475']
['14', '23', '50', '69', '123', '127', '150', '154', '184', '195', '222', '227', '304', '319', '320', '332', '361', '391', '422', '441', '469', '491']
['29', '66', '74', '95', '114', '117', '166', '172', '211', '212', '229', '245', '289', '292', '318', '350', '382', '429', '472']
['17', '88', '156', '157', '174', '178', '242', '255', '330', '340', '342', '360', '373', '411', '418', '482']
['16', '18', '22', '39', '47', '60', '63', '68', '87', '128', '193', '197', '260', '272', '274', '282', '310', '356', '388', '398', '401', '414', '420', '437', '451', '470', '471', '478', '495']
['3', '6', '45', '48', '57', '82', '125', '135', '169', '199', '231', '269', '275', '367', '371', '400']
['42', '115', '129', '141', '147', '177', '187', '190', '228', '230', '321', '328', '387', '396', '424', '427', '431', '442', '453', '500']
['38', '56', '58', '61', '73', '104', '126', '136', '186', '248', '281', '306', '349', '362', '364', '372', '468', '493']
['27', '35', '90', '116', '160', '213', '297', '299', '311', '351', '425', '430', '433', '457', '479', '483', '494']
['5', '36', '49', '51', '72', '81', '191', '210', '219', '268', '273', '300', '303', '309', '348', '460', '477', '481']
['8', '54', '97', '113', '122', '152', '165', '200', '214', '237', '246', '253', '256', '305', '313', '346', '376', '404', '407', '410', '439', '458', '473']
['7', '13', '32', '62', '86', '89', '108', '109', '120', '158', '183', '188', '225', '270', '271', '345', '354', '452', '455', '459', '480']
['15', '33', '40', '78', '84', '85', '148', '159', '171', '182', '221', '284', '288', '312', '378', '384', '392', '395', '419', '438', '443', '464', '489']
['1', '12', '65', '112', '132', '133', '167', '224', '276', '283', '314', '334', '337', '352', '359', '366', '375', '385', '408', '421', '446', '448', '449']
['9', '24', '28', '31', '70', '142', '173', '198', '209', '216', '217', '218', '220', '254', '264', '302', '380', '484']
['4', '43', '46', '52', '59', '76', '93', '96', '145', '153', '234', '267', '293', '301', '307', '381', '399', '409', '412', '434', '440', '450', '461', '487']
['124', '134', '140', '144', '168', '179', '203', '235', '278', '327', '341', '403', '406', '423', '447', '463', '498']
['2', '11', '21', '181', '201', '251', '262', '280', '286', '294', '377', '389', '390', '474']
['19', '20', '64', '118', '143', '185', '196', '202', '240', '252', '259', '261', '263', '296', '298', '315', '344', '355', '379', '432', '436', '486']
