['39', '105', '112', '161', '227', '237', '284', '328', '332']
['31', '388']
['67', '79', '225']
['45', '155', '236', '379']
['32', '62', '198', '212', '317']
['29', '97', '266']
['58', '374']
['9', '230', '352']
['175']
['3', '303', '392']
['5', '7', '87']
['15', '41', '242', '313']
['6', '95', '129', '190', '262', '270']
['156', '264', '281']
['280', '334', '358']
['0', '10', '318', '320', '339', '341']
['96', '275', '294', '327']
['340']
['111', '118', '146', '172', '314']
['80', '90', '216', '223', '248', '346']
['108']
['33', '89', '109', '115', '173']
['72', '77', '83', '101', '215', '244']
['159', '228', '307']
['27', '160', '309', '383']
['75', '113', '139', '290', '363']
['127']
['21', '136', '147', '157']
['65', '278', '289', '304', '326']
['16', '36', '158', '169', '219', '268', '286', '376', '382']
['20', '166', '197', '208', '221', '229', '342']
['171', '184', '210', '222', '239']
['206', '285', '295', '310', '368']
['94', '125', '265']
['273', '312', '316', '324']
['99']
['170', '220', '365']
['321']
['78', '120', '149', '178', '344', '372', '393']
['100', '141', '217', '249', '258', '283', '337', '366']
['126', '130', '214']
[]
['163']
['42', '254', '269', '349', '377']
['28', '86', '224', '322']
['191', '207', '252', '296', '302']
['8', '19', '37', '85', '123', '292', '359', '362']
[]
['13', '43', '70', '287']
['22', '186', '238']
['367', '370']
['204', '235', '256', '373']
['26', '205', '315', '384']
['60', '153', '179', '203', '247', '300', '305', '389', '394']
['24', '195']
['35', '103', '119', '350', '386']
['319']
['17', '76', '88', '98', '138', '250', '331', '343']
['50', '151', '255', '293', '298', '395']
['176', '180', '202', '291', '357']
['92', '93', '213', '232', '299', '387']
['81', '150', '209', '231', '306', '311']
['134', '189', '241', '364', '381']
['11', '323', '345']
['137', '336']
['46', '154', '185', '261', '335']
['30', '114', '257', '272']
['91', '177']
['164', '253', '329', '351']
['66', '69', '399']
['259', '277', '288']
['38', '121', '168', '192', '233', '297', '398']
['14', '353']
['51', '71', '84', '106']
['44', '57', '61', '187', '263', '325', '333', '371']
['23', '56', '102', '162', '274', '369']
['25', '183', '276', '308', '347']
['2', '145']
['133', '211']
['18', '49', '73', '132', '201', '282']
['12', '74', '142']
['64', '140', '148', '152']
['110', '354']
['234', '243', '246', '338', '390']
['167', '174', '182', '194', '226']
['48', '82']
['47', '199', '378']
['53', '124']
['55', '117', '128', '355']
['34', '63', '68', '200', '356', '396']
['4', '267']
['54', '196', '361']
['59', '107', '131']
['122', '143', '165', '193', '279', '330']
['135', '144', '245', '360', '397']
['116', '181', '218', '251', '391']
['1', '260', '301', '385']
['40', '52', '271']
['104', '188', '240', '348', '375', '380']
[]
