['28', '41', '116', '129', '143', '167', '277', '278', '288', '318', '382', '401', '428', '452', '469', '476', '488', '497']
['11', '23', '33', '47', '65', '66', '100', '117', '157', '164', '174', '184', '192', '194', '227', '236', '240', '289', '304', '343', '358', '366', '374', '385', '392', '408', '431', '432', '473', '483', '484', '494', '496']
['6', '7', '18', '68', '78', '80', '82', '99', '104', '153', '155', '175', '176', '193', '214', '270', '275', '279', '342', '352', '398', '461']
['39', '49', '67', '69', '115', '119', '139', '125', '156', '206', '221', '228', '281', '296', '346', '384', '388', '389', '396', '399', '422', '466', '472', '485', '491']
['3', '15', '17', '21', '31', '43', '44', '54', '60', '75', '79', '93', '113', '136', '169', '204', '223', '232', '238', '241', '258', '276', '308', '367', '400', '409', '448', '456', '487']
['9', '53', '56', '103', '158', '178', '181', '188', '237', '257', '264', '254', '313', '332', '339', '365', '387', '379', '419', '445', '463', '490', '492']
['8', '42', '45', '70', '97', '102', '121', '130', '141', '142', '191', '205', '211', '219', '269', '280', '285', '286', '314', '347', '351', '353', '378', '405', '407', '413', '429', '446', '498']
['51', '81', '145', '151', '172', '195', '242', '249', '256', '267', '268', '330', '336', '390', '393', '404', '426', '435', '454', '457']
['24', '29', '34', '50', '62', '86', '88', '107', '134', '171', '179', '200', '216', '230', '245', '248', '297', '307', '312', '321', '350', '363', '416', '424', '427', '430', '447', '467']
['12', '25', '52', '55', '92', '122', '148', '161', '177', '187', '218', '265', '271', '274', '255', '301', '328', '383', '402', '412', '418', '440', '453', '499']
['26', '77', '94', '96', '101', '112', '146', '159', '165', '196', '198', '199', '203', '209', '239', '261', '253', '292', '309', '310', '348', '386', '397', '377', '423', '459', '460']
['2', '4', '22', '30', '58', '63', '73', '74', '91', '98', '123', '133', '135', '144', '149', '126', '150', '166', '224', '234', '243', '247', '287', '341', '357', '369', '439', '458', '464']
['14', '36', '90', '110', '111', '152', '160', '162', '201', '202', '215', '266', '250', '298', '323', '324', '326', '331', '359', '373', '434', '441', '482']
['27', '35', '37', '48', '83', '182', '190', '212', '251', '282', '283', '303', '311', '315', '322', '333', '334', '354', '375', '403', '425', '437', '465', '481', '489']
['1', '20', '32', '38', '46', '57', '128', '170', '173', '185', '186', '189', '233', '260', '293', '295', '337', '338', '381', '420', '438', '444', '470', '480', '493']
['10', '16', '61', '64', '120', '132', '180', '208', '213', '217', '225', '263', '272', '290', '294', '300', '302', '329', '340', '344', '345', '349', '370', '391', '395', '406', '433', '436', '455', '479']
['0', '71', '76', '84', '105', '131', '137', '138', '140', '127', '163', '210', '229', '235', '305', '316', '364', '394', '376', '414', '417', '421', '468', '471', '474', '477', '495']
['13', '19', '108', '118', '124', '147', '168', '246', '262', '273', '291', '306', '317', '325', '335', '355', '361', '368', '372', '380', '410', '411', '442', '443', '449']
['40', '59', '72', '89', '106', '183', '197', '220', '222', '226', '259', '252', '299', '319', '320', '327', '356', '360', '371', '415', '451', '462', '475']
['5', '85', '87', '95', '109', '114', '154', '207', '231', '244', '284', '362', '450', '478', '486']
