['95', '135', '12', '44', '161', '150', '38', '126', '139', '187']
['159', '245', '43', '67', '9', '141', '42', '214', '209', '149']
['26', '23', '84', '113', '205', '189', '146', '143', '53', '69']
['40', '154', '21', '6', '1', '101', '183', '57', '168', '155']
['100', '148', '60', '184', '83', '16', '29', '19', '27', '28']
['115', '76', '216', '127', '192', '71', '96', '30', '162', '197']
['212', '4', '120', '110', '131', '140', '116', '195', '123', '247']
['51', '80', '167', '102', '246', '104', '37', '92', '25', '118']
['52', '18', '22', '172', '158', '182', '78', '87', '125', '136']
['206', '215', '61', '198', '156', '200', '178', '237', '3', '106']
['24', '117', '142', '98', '64', '11', '32', '46', '208', '153']
['41', '72', '217', '36', '181', '55', '190', '86', '157', '207']
['166', '171', '179', '228', '48', '132', '70', '151', '97', '20']
['176', '163', '59', '81', '177', '229', '10', '73', '35', '241']
['77', '103', '243', '193', '137', '174', '15', '89', '152', '196']
['191', '68', '74', '202', '145', '85', '14', '0']
['210', '180', '239', '188', '112', '244', '75', '58']
['109', '5', '222', '199']
['234', '147', '93', '223', '221', '114', '124']
['186', '233', '8', '105', '111', '232']
['175', '33', '130', '203', '164']
['240', '91', '235', '49', '213']
['45', '218', '94', '90', '39', '160', '34']
['230', '242', '231', '249', '108', '121', '211', '119']
['17', '227', '129', '63', '107', '201', '133', '47', '138']
['82', '50', '134', '62', '79']
['99', '7', '144', '226', '236', '2', '173']
['238', '248', '88', '220', '54', '122']
['185', '204', '13', '169', '128', '165', '194']
['170', '224', '65', '225', '66', '219', '31', '56']
