['11', '17', '24', '25', '48', '70', '103', '138', '160', '175', '204', '217', '254', '266', '280', '320', '327', '329', '336', '346']
['12', '29', '31', '106', '107', '134', '166', '205', '222', '232', '233', '273', '276', '326', '357', '373', '402', '415', '418', '454']
['27', '71', '95', '121', '156', '162', '193', '199', '219', '225', '287', '311', '314', '331', '352', '359', '362', '398', '420', '479']
['14', '32', '44', '54', '58', '82', '88', '228', '229', '230', '235', '275', '300', '364', '376', '413', '444', '455', '477', '481']
['108', '161', '177', '197', '202', '316', '318', '383', '384', '400', '446']
['3', '43', '73', '98', '123', '127', '173', '227', '269', '284', '285', '293', '304', '371', '388', '421', '450', '471', '495']
['5', '10', '13', '52', '69', '119', '120', '136', '143', '147', '183', '214', '236', '267', '288', '378', '389', '468', '482']
['30', '59', '139', '255', '310', '338', '463', '465']
['6', '22', '47', '63', '109', '142', '212', '277', '291', '325', '379', '406', '419', '442', '453', '460']
['0', '9', '26', '45', '149', '165', '169', '200', '203', '231', '252', '261', '270', '353', '385', '387', '457', '464', '486']
['8', '39', '104', '126', '133', '144', '181', '192', '195', '206', '242', '256', '290', '292', '315', '351', '368', '404', '451']
['19', '37', '49', '53', '75', '76', '80', '84', '87', '152', '226', '279', '350', '405', '427', '428']
['18', '23', '62', '137', '141', '157', '185', '194', '262', '356', '377', '422', '459', '470']
['61', '100', '117', '118', '189', '223', '234', '302', '322', '349', '390', '461', '494']
['42', '114', '150', '186', '243', '253', '263', '286', '301', '345', '347', '397', '417', '439', '483', '487', '492']
['51', '57', '77', '85', '135', '146', '171', '176', '209', '259', '268', '317', '382', '411', '412', '430', '438', '478']
['55', '94', '97', '99', '132', '182', '239', '298', '299', '334', '340', '440', '475', '489', '491']
['20', '46', '78', '91', '111', '196', '207', '211', '221', '238', '251', '343', '348', '358', '369', '392', '437', '458', '469']
['7', '28', '34', '60', '167', '272', '330', '339', '391', '407', '410', '425', '441', '480', '485', '493']
['15', '66', '83', '92', '101', '122', '128', '163', '174', '245', '250', '265', '289', '294', '328', '414', '473']
['2', '50', '129', '131', '170', '180', '198', '240', '241', '244', '307', '313', '319', '324', '341']
['21', '68', '90', '145', '184', '191', '210', '213', '258', '271', '297', '332', '401', '448', '466', '467']
['38', '140', '187', '220', '237', '282', '303', '306', '355', '360', '365', '394', '462', '476', '488']
['40', '64', '67', '79', '102', '125', '130', '151', '154', '179', '216', '281', '363', '367', '380', '395', '484']
['33', '89', '113', '153', '190', '257', '295', '335', '386', '403', '432', '434', '435', '447', '472']
['16', '41', '96', '201', '215', '278', '305', '308', '337', '370', '372', '375', '381', '409', '426', '429', '433', '436', '445']
['72', '110', '148', '155', '164', '188', '218', '246', '260', '283', '312', '344', '354', '374', '396', '423', '424', '443', '456']
['1', '35', '105', '172', '264', '296', '309', '323', '366', '416']
['65', '81', '86', '112', '116', '158', '159', '168', '178', '208', '224', '247', '249', '342', '361', '393', '452']
['4', '36', '56', '74', '93', '115', '124', '248', '274', '321', '333', '399', '408', '431', '449', '474', '490']
