['Dorene', 'Saul', 'Marquitta', 'Dong', 'Sherwood', 'Enola', 'Lisa', 'Marcos', 'Dorthea']
['Eugene', 'Kylie', 'Altagracia', 'Osvaldo', 'Clarinda', 'Easter']
['Aaron', 'Roxane', 'Glenda', 'Lauren', 'Imogene', 'Clarice', 'Houston', 'Milissa']
['Rachel', 'Beverley', 'Elena', 'Laticia', 'Doyle', 'Reita', 'Jesus', 'Naomi', 'Clyde']
['Tarah', 'Claudie', 'Jan', 'Lucas', 'Heide', 'Oneida', 'Kay', 'Antoinette', 'Retta', 'Raul', 'Jeffrey', 'Chas', 'Kim', 'Marion', 'Freddie', 'Christiane', 'Nohemi']
['Millicent', 'Winford', 'Tamisha', 'Elicia', 'Robert', 'Alicia', 'Alvera', 'Russell', 'Jama', 'Antonette', 'Hyun']
['Chan', 'Clinton', 'Cortney', 'Clifton', 'Toya', 'Danita', 'Rima', 'Son', 'Caitlyn', 'Laraine', 'Naida', 'Dewayne', 'Alex', 'Jami', 'Jacque', 'Sharan', 'Chester', 'Sharla', 'Vincenzo', 'Vernon', 'Elliott']
['Sharlene', 'Ema', 'Earnest', 'Kasey', 'Marlo', 'Joelle', 'Charmaine', 'Michaela', 'Fanny', 'Dion', 'Almeta']
['Latia', 'Oscar', 'Leilani', 'Lola', 'Pearlie', 'Cristi', 'Angella', 'Pa', 'Susannah']
['Irma', 'Jina', 'Alexandra', 'Loren', 'Mariano']
['Tiffani', 'Lorelei', 'Savanna', 'Phylis', 'Debora', 'Glenna', 'Lezlie', 'Annamarie', 'Marilynn', 'Kris', 'Kareem', 'Renea', 'Shavon']
['Marci', 'Loura', 'Kyung', 'Rachael', 'Eustolia', 'Hillary', 'Alane', 'Lyn', 'June', 'Latoya', 'Tamala', 'Spencer', 'Antonina', 'Elvie', 'Shaun']
['Angeline', 'Clarence', 'Mariette', 'Zena', 'Gerardo', 'Ron', 'Garret', 'Randa', 'Honey', 'Leila', 'Orval', 'Eloisa', 'Grant', 'Nieves', 'Florencio']
['Carson', 'Jeremy', 'Tina', 'Bonnie', 'Jade', 'Ella', 'Griselda', 'Dagmar', 'Marcie', 'Murray', 'Esperanza']
['Darnell', 'Miranda', 'Wes', 'Verona', 'Riley', 'Audie', 'In', 'Jeanette']
['Hilario', 'Eve', 'Lamonica', 'Lue', 'Rolando', 'Adah', 'Lashay', 'Stanley', 'Leontine', 'Joye', 'Junior', 'Ambrose', 'Juliet']
['An', 'Gisela', 'Joan', 'Alvin', 'Chang', 'Lizabeth', 'Sharilyn', 'Florinda', 'Percy', 'Isabel', 'Terry', 'Deirdre', 'Danial', 'Randall', 'Susan']
['Annabel', 'Deana', 'Horace', 'Margart', 'Amada', 'Carolee', 'Raleigh', 'Theo', 'Janetta', 'Allena']
['Kendall', 'Inga', 'Elvia', 'Meagan', 'Alfred', 'Frederic']
['Madison', 'Clarissa', 'Alton', 'Lasonya', 'Shonda', 'Kitty', 'Delmar', 'Rosalee', 'Vivien', 'Travis', 'Logan', 'Oswaldo', 'Cleotilde', 'Merrill', 'Louise', 'Darrel', 'Harvey', 'Anabel', 'Stanford']
['Hiroko', 'Martin', 'Marquis', 'Emmanuel', 'Marcella', 'Nathalie', 'Elenora', 'Nickolas']
['Alexa', 'Felix', 'Odell', 'Chun', 'Jefferey', 'Treena', 'Trena', 'Rosalba', 'German', 'Clara', 'Gerard', 'Neida']
['Piedad', 'Dewitt', 'Flavia', 'Porter', 'Kelly', 'Sheldon', 'Eufemia', 'Dora', 'Artie', 'Tammi', 'Oma', 'Vada']
['Byron', 'Xuan', 'Xavier', 'Lana', 'Claretha', 'Ocie', 'Charisse', 'Rodrigo', 'Jennie', 'Selma', 'Brendon']
['Tressa', 'Kristi', 'Cassie', 'Bertha', 'Johnny', 'Edmond', 'Nadia', 'Tanisha', 'Kirstin', 'Lyndon', 'Jae', 'Leonard']
['Nicole', 'Marvin', 'Princess', 'Pinkie', 'Whitney', 'Marvis', 'Valorie', 'Tracie', 'Tameika', 'Mariah', 'Rita']
['Yevette', 'Refugio', 'Ryann', 'Joanne', 'Lilly', 'Arcelia', 'Renetta', 'Lucia', 'Hershel']
['Kristopher', 'Vernia', 'Hortense', 'Elfrieda', 'Tai', 'Trey', 'Tyisha']
['Kurtis', 'Olevia', 'Darwin', 'Carmon', 'Alethia', 'Louella', 'Shelton', 'Kimbra', 'Stephani', 'Irena', 'Aretha', 'Hassan', 'Hayden', 'Jay', 'Camelia', 'Hui', 'Loria', 'Herlinda']
['Zoraida', 'Ok', 'Helene', 'Sharell', 'Dusti', 'Destiny', 'Garland', 'Chance', 'Taneka', 'Leonida']
