['142', '186', '207', '309', '324', '352']
['28', '67', '79', '87', '230', '241', '268', '279', '282', '283', '290', '305', '394', '421']
['58', '89', '92', '131', '178', '205', '216', '224', '242', '293', '367', '477', '484']
['50', '53', '74', '112', '227', '246', '274', '378', '391', '434', '485']
['34', '39', '153', '240', '289', '318', '435', '462', '493']
['90', '125', '306', '337', '428']
['0', '12', '19', '99', '272', '302', '362', '406', '436', '442', '445', '489']
['110', '147', '161', '259', '294', '298', '322', '379', '401']
['70', '91', '100', '123', '226', '231', '247', '257', '399']
['41', '57', '96', '97', '107', '170', '211', '348']
['10', '59', '60', '145', '204', '250', '270', '343', '345', '386', '461', '475', '495']
['238', '251', '313', '360', '374', '418']
['13', '113', '199', '276', '321', '395', '416', '449', '473']
['17', '40', '148', '258', '286', '327', '344', '375', '483']
['6', '46', '69', '183', '260', '284', '296', '390', '460', '499']
['65', '68', '119', '173', '197', '213', '222', '295', '307', '335', '356', '361', '369', '414', '451', '455', '491']
['95', '128', '130', '235', '244', '256', '340', '364']
['32', '48', '62', '77', '84', '245', '285', '287', '325', '359', '412', '457']
['27', '137', '139', '156', '172', '214', '405', '448', '454', '466']
['81', '152', '179', '188', '254', '326', '382']
['37', '47', '106', '133', '138', '143', '202', '239', '341', '465', '490']
['30', '63', '105', '191', '208', '299', '363', '402', '411', '424']
['189', '217', '278', '311', '380', '415', '458']
['9', '118', '265', '347', '420', '439', '447', '470', '482']
['109', '221', '253', '275', '389', '409']
['7', '26', '56', '117', '124', '140', '187', '190', '280', '315', '400', '481']
['3', '76', '144', '162', '198', '228', '261', '319', '328', '342', '425', '468', '494']
['52', '55', '66', '203', '317', '384', '433']
['18', '82', '116', '163', '212', '225', '332', '381', '496']
['51', '252', '349', '413', '474', '478', '498']
['8', '43', '93', '102', '159', '308', '338', '353', '354', '372', '397', '403', '479', '480']
['29', '31', '71', '151', '184', '218', '334', '444']
['5', '36', '54', '122', '292', '297', '351', '452']
['126', '141', '149', '155', '243', '291', '312', '393', '404']
['11', '33', '35', '73', '83', '196', '201', '219', '262', '310', '387', '422', '423', '440']
['273', '438', '497']
['22', '42', '150', '164', '200', '269', '336', '371', '487']
['136', '180', '181', '210', '223', '232', '266', '288', '339', '350', '373', '456', '469', '492']
['38', '72', '78', '114', '134', '171', '255', '355', '383', '467', '486', '488']
['16', '75', '85', '101', '120', '132', '166', '176', '229', '249', '264', '320', '365', '476']
['15', '80', '194', '237', '323', '398', '472']
['88', '98', '182', '209', '277', '303', '330', '431']
['24', '44', '61', '86', '121', '160', '167', '234', '300', '304', '316', '368', '388', '408', '430', '437', '463']
['14', '21', '154', '233', '301', '333', '357', '358', '366', '376', '407', '429']
['23', '45', '115', '174', '215', '329', '346', '385', '426', '432']
['64', '129', '175', '281', '314', '392', '417', '419', '427', '441', '464']
['1', '94', '104', '146', '165', '185', '206', '331', '396', '459']
['2', '20', '108', '111', '157', '168', '193', '195', '236', '263', '267', '446', '450']
['4', '49', '103', '135', '177', '220', '248', '370', '377', '410', '453']
['25', '127', '158', '169', '192', '271', '443', '471']
