['18', '20', '40', '56', '81', '102', '118', '129', '165', '253', '254']
['16', '35', '46', '71', '75', '125', '141', '206', '210', '235', '274']
['29', '32', '134', '146', '155', '169', '211', '213', '244', '272', '299']
['48', '94', '103', '121', '170', '207', '266', '286', '287', '335', '350']
['80', '142', '194', '233', '247', '278', '298', '321', '328', '349', '360']
['85', '109', '200', '234', '269', '271', '291', '316', '366', '388', '403']
['4', '27', '51', '76', '90', '106', '152', '156', '284', '389', '410']
['23', '38', '243', '261', '267', '302', '318', '376', '385', '395', '412']
['73', '212', '237', '270', '303', '329', '341', '345', '362', '428', '438']
['30', '137', '172', '178', '183', '231', '258', '292', '369', '398', '440']
['24', '37', '70', '84', '108', '154', '202', '218', '238', '348', '450']
['17', '139', '203', '225', '281', '358', '378', '394', '415', '451', '452']
['11', '53', '117', '187', '197', '227', '297', '331', '399', '432', '460']
['19', '41', '52', '77', '322', '365', '396', '397', '424', '458', '465']
['63', '92', '97', '119', '143', '177', '180', '296', '364', '421', '471']
['42', '69', '150', '222', '268', '276', '301', '343', '347', '437', '476']
['36', '45', '98', '167', '290', '323', '333', '391', '414', '435', '478']
['25', '66', '116', '136', '219', '273', '279', '344', '442', '467', '480']
['122', '131', '196', '208', '263', '283', '325', '434', '447', '469', '489']
['61', '101', '110', '149', '159', '191', '193', '255', '339', '400', '492']
['21', '132', '319', '327', '418', '455']
['54', '62', '133', '138', '176', '190', '317', '488']
['2', '39', '148', '236', '259', '342', '355', '464', '482', '486']
['115', '185', '260', '406', '417', '496']
['57', '78', '100', '158', '277', '294', '375', '425', '457', '493']
['49', '65', '128', '174', '314', '383', '409', '475']
['7', '164', '184', '188', '205', '248', '408', '419', '446', '462']
['112', '127', '135', '282', '307', '313', '379', '444']
['6', '14', '124', '209', '256', '330', '338']
['1', '96', '226', '305', '423', '430']
['15', '250', '295', '405', '481']
['83', '126', '239', '320', '326', '490']
['5', '12', '58', '99', '245', '249', '265', '310', '361', '483']
['0', '31', '114', '201', '224', '311', '367', '468']
['68', '104', '182', '221', '257', '280', '356', '382']
['28', '157', '175', '240', '353', '407', '413']
['161', '228', '251', '275', '315', '340', '392', '411']
['13', '33', '105', '171', '352', '401', '473', '497']
['113', '332', '393', '422', '459']
['44', '93', '120', '123', '168', '186', '217', '262']
['55', '86', '95', '153', '232', '300', '373', '390', '404']
['89', '147', '179', '246', '288', '377', '453', '491']
['43', '64', '162', '220', '285', '293', '431', '456', '494']
['47', '82', '88', '192', '204', '216', '229', '337', '346', '463']
['10', '166', '181', '264', '386', '461', '472']
['140', '230', '368', '372', '384', '426', '470', '474', '484', '498']
['8', '26', '50', '74', '151', '198', '199', '308', '433', '495']
['59', '163', '195', '214', '289', '336', '380', '387', '441']
['144', '145', '309', '374', '439', '443', '448', '449', '485']
['72', '87', '160', '173', '241', '420', '436', '466', '487']
['79', '130', '312', '334', '402', '427', '429', '445', '477']
['22', '91', '111', '242', '354', '363']
['3', '67', '107', '324', '351', '370']
['34', '252', '304', '306', '357', '359', '371', '381', '479']
['9', '60', '189', '215', '223', '416', '454', '499']
