['25', '33', '36', '68', '69', '85', '96', '136', '143', '164', '168', '214', '217', '245', '266', '271', '274', '289', '304', '305', '307', '313', '354', '370', '393', '396']
['35', '49', '53', '54', '58', '123', '169', '184', '192', '204', '206', '211', '234', '237', '281', '286', '293', '312', '328', '340', '341', '366', '373', '374', '395', '402']
['20', '21', '40', '45', '71', '88', '98', '100', '112', '131', '134', '157', '162', '170', '209', '243', '252', '261', '264', '265', '298', '332', '349', '364', '376', '405']
['62', '66', '77', '97', '127', '140', '151', '163', '181', '219', '246', '259', '262', '290', '297', '299', '306', '326', '337', '357', '369', '384', '390', '412', '417', '424']
['5', '11', '15', '31', '42', '59', '114', '132', '135', '148', '166', '167', '187', '207', '208', '218', '231', '233', '255', '268', '272', '292', '308', '346', '379', '427']
['12', '23', '27', '29', '50', '76', '91', '122', '128', '144', '182', '186', '197', '202', '212', '230', '273', '288', '295', '303', '320', '365', '380', '382', '435', '446']
['0', '6', '38', '48', '52', '84', '99', '104', '108', '115', '117', '156', '165', '190', '191', '215', '244', '247', '278', '282', '315', '350', '360', '437', '450', '454']
['4', '26', '39', '72', '75', '83', '130', '138', '147', '220', '221', '223', '225', '226', '242', '317', '343', '358', '361', '377', '394', '416', '438', '443', '448', '458']
['28', '34', '51', '102', '137', '173', '179', '180', '194', '198', '203', '250', '256', '280', '294', '302', '309', '311', '316', '324', '333', '359', '375', '439', '449', '459']
['2', '14', '56', '86', '89', '101', '106', '150', '152', '159', '175', '177', '199', '201', '205', '224', '236', '251', '267', '404', '420', '429', '434', '452', '455', '460']
['1', '13', '17', '19', '22', '47', '57', '78', '79', '81', '94', '113', '126', '153', '185', '210', '248', '254', '276', '322', '330', '356', '403', '433', '440', '462']
['7', '8', '10', '37', '55', '82', '107', '111', '120', '146', '158', '160', '193', '200', '227', '270', '301', '314', '323', '329', '352', '372', '378', '436', '457', '470']
['24', '87', '118', '154', '176', '235', '253', '260', '275', '287', '291', '335', '344', '351', '388', '391', '398', '406', '408', '421', '445', '456', '473', '483', '485', '487']
['41', '67', '74', '92', '110', '133', '141', '171', '257', '277', '284', '310', '325', '336', '342', '367', '386', '392', '413', '441', '444', '447', '472', '476', '484', '490']
['3', '9', '16', '60', '70', '121', '161', '174', '232', '239', '300', '318', '338', '339', '410', '451', '461', '467', '474', '475', '481', '482', '488', '495', '497', '498']
['18', '64', '105', '119', '125', '129', '189', '213', '279', '296', '353', '389', '407', '409', '411', '418', '419', '426', '463', '469', '479', '496']
['43', '46', '73', '124', '155', '172', '196', '249', '334', '381', '399', '401', '415', '422', '428', '471', '486', '493', '494', '499']
['30', '63', '80', '103', '195', '216', '229', '238', '240', '241', '321', '327', '345', '347', '355', '368', '383', '400', '430', '453', '465', '478', '480', '489']
['44', '90', '95', '109', '142', '145', '149', '188', '222', '228', '263', '285', '319', '371', '387', '414', '423', '431', '432', '442', '466', '468', '477']
['32', '61', '65', '93', '116', '139', '178', '183', '258', '269', '283', '331', '348', '362', '363', '385', '397', '425', '464', '491', '492']
