['AEY', 'AMB', 'AOQ', 'AHM', 'AIU', 'AKL', 'APF', 'AJG', 'AGQ', 'ADJ', 'AIC', 'AMP', 'ACT', 'AEM', 'ADY', 'ADB', 'AMW', 'AOL', 'AJF']
['AGE', 'AJH', 'AAD', 'AMQ', 'ANF', 'ABM', 'AJL', 'AAE', 'AFN', 'AMI', 'ALP', 'ADQ', 'AHC', 'AAH', 'AMA', 'ACJ', 'ADI', 'AKS', 'AER']
['AET', 'ADL', 'AAS', 'ANY', 'AIE', 'AFJ', 'AIY', 'AMU', 'AKU', 'AEQ', 'AHU', 'AGB', 'ACK', 'AOY', 'ABQ', 'ABR', 'AHB', 'AHL', 'ALS']
['ALQ', 'AHA', 'AQN', 'AQD', 'ADW', 'ANZ', 'ADN', 'AMT', 'AMK', 'ABP', 'APH', 'ACU', 'AON', 'AHI', 'APP', 'ADO', 'AMZ', 'AQF', 'AIQ']
['APK', 'AOW', 'AFH', 'ACV', 'AMN', 'AHQ', 'APQ', 'AQC', 'AMV', 'AIF', 'ALZ', 'ALA', 'ADE', 'ACN', 'AAU', 'AFZ', 'ABE', 'ANV', 'ABW']
['ACD', 'AJR', 'AFS', 'AQE', 'ANN', 'ALW', 'ANU', 'ADX', 'ABT', 'AFA', 'ADV', 'AKZ', 'ANQ', 'AFG', 'ALJ', 'ADT', 'AGA', 'ABF', 'AEE']
['ACM', 'ABH', 'AKI', 'AGH', 'AAY', 'AQG', 'AJV', 'ABS', 'APB', 'AHS', 'AAM', 'ACR', 'ACQ', 'ABN', 'ALD', 'AHE', 'AEK', 'AQB', 'AGW']
['AAW', 'AAG', 'AMJ', 'AAT', 'AQK', 'AFI', 'AII', 'ALV', 'APA', 'AGF', 'AGG', 'AFF', 'AHP', 'AJD', 'AGD', 'AFK', 'AJE', 'AHD', 'ANC']
['AIP', 'AHX', 'AOT', 'APW', 'AGT', 'AKC', 'ABO', 'ANX', 'AJK', 'AIA', 'AJX', 'ADD', 'AJM', 'AHT', 'AJP', 'AGI', 'AHG', 'ADZ', 'AGS']
['AAJ', 'AJT', 'AEU', 'AKR', 'AHN', 'AQI', 'ANL', 'AFM', 'AHW', 'ADF', 'AFX', 'ADH', 'AFQ', 'AOF', 'APL', 'AEA', 'AML', 'ALH', 'AOO']
['ACP', 'AAK', 'ANT', 'ANH', 'ADR', 'AIH', 'APT', 'AKY', 'AKT', 'AFL', 'ACS', 'AOB', 'ANE', 'AEX', 'ACE', 'ACW', 'ABJ', 'AOI', 'ALT']
['AEG', 'APN', 'AEC', 'AQM', 'AKJ', 'AEH', 'ABL', 'AOE', 'AHV', 'AEZ', 'AJB', 'ABY', 'ANW', 'ALB', 'AKK', 'AJY', 'AKE', 'ADA', 'AGR']
['AKB', 'APD', 'AQJ', 'ABX', 'AQH', 'AKP', 'AJQ', 'AFB', 'AAC', 'AJZ', 'AIJ', 'ABV', 'AFY', 'AES', 'ACB', 'ACL', 'APS', 'APO', 'ACY']
['ALM', 'AMY', 'ABZ', 'APG', 'AFC', 'AOH', 'ALC', 'AJU', 'ACZ', 'AKW', 'AKO', 'AEI', 'AGZ', 'AJA', 'AOZ', 'AFT', 'APM', 'ACX', 'AMH']
['ADP', 'AMM', 'AQL', 'ACG', 'APX', 'AMO', 'AAZ', 'ANG', 'ANJ', 'ABI', 'AMC', 'AHZ', 'AGC', 'AMD', 'ALU', 'AOC', 'AOR', 'ALK', 'AMX']
['AQA', 'AOX', 'ADU', 'API', 'AAV', 'AIG', 'AIX', 'AHH', 'AGM', 'AEL', 'ANB', 'AHF', 'AEJ', 'ABU', 'AQO', 'AKN', 'AOV', 'ACH', 'AAF']
['ALO', 'AGO', 'AOK', 'ABA', 'ANI', 'AEP', 'AKF', 'AIL', 'APR', 'ANR', 'AJN', 'AOA', 'ADC', 'AFW', 'ALG', 'AFO', 'AJW', 'ABD', 'AIS']
['ANO', 'AIB', 'AEF', 'ADK', 'ANK', 'AID', 'AAB', 'ANP', 'AIZ', 'AAA', 'AFP', 'AAQ', 'AKX', 'ADS', 'AEW', 'ADM', 'AGX', 'AIR', 'AOU']
['AFU', 'AGY', 'ACC', 'AAX', 'ALR', 'AGJ', 'ANA', 'AAI', 'AEN', 'AOG', 'AHO', 'AFV', 'APV', 'AHR', 'AIW', 'AEV', 'AJS', 'ACA', 'APZ']
['AHK', 'APC', 'ACI', 'AAN', 'AOM', 'ALI', 'APY', 'AMS', 'AKA', 'ALN', 'ALL', 'ACO', 'ACF', 'ALY', 'ALE', 'APU', 'AAP']
['APJ', 'AJJ', 'AIK', 'APE', 'AFE', 'AME', 'AJC', 'AKH', 'ABB', 'AOP', 'AGU', 'AKV', 'AIO', 'AEO', 'AMF', 'AIN', 'AND', 'AGV']
['AFD', 'AED', 'AEB', 'AMR', 'AKD', 'AAO', 'AJO', 'AKG', 'ABC', 'AJI', 'ABK', 'AGP', 'ANM', 'AIT', 'AHJ', 'AFR', 'AAL', 'AKM']
['AOD', 'AGN', 'AAR', 'ANS', 'AIV', 'AHY', 'AIM', 'AKQ', 'ADG', 'ALF', 'ALX', 'AGK', 'AGL', 'AOJ', 'ABG', 'AOS', 'AMG']
