['11', '22', '25', '56', '70', '87']
['12', '19', '28', '32', '91', '100']
['30', '51', '58', '60', '65', '102']
['15', '57', '75', '85', '99', '115']
['7', '48', '88', '95', '109', '146']
['4', '33', '93', '122', '123', '147']
['3', '29', '50', '98', '119', '148']
['34', '52', '67', '96', '157', '160']
['5', '68', '89', '111', '140', '162']
['20', '69', '77', '112', '172', '174']
['49', '92', '106', '132', '151', '192']
['40', '47', '124', '152', '197', '198']
['82', '120', '173', '183', '186', '202']
['1', '108', '143', '156', '175', '203']
['16', '24', '26', '61', '176', '205']
['37', '118', '136', '145', '187', '210']
['39', '45', '142', '196', '211', '212']
['6', '59', '63', '105', '195', '214']
['21', '103', '138', '184', '199', '216']
['43', '62', '110', '117', '141', '217']
['44', '155', '158', '194', '204', '219']
['17', '27', '127', '165', '169', '222']
['2', '107', '121', '190', '215', '227']
['42', '55', '66', '71', '139', '229']
['129', '150', '159', '167', '181', '234']
['36', '38', '54', '179', '238', '239']
['9', '23', '209', '224', '226', '244']
['72', '79', '213', '223', '235', '245']
['90', '114', '182', '231', '242', '248']
['8', '41', '80', '185', '220', '249']
['13', '35', '53', '230']
['14', '104', '168']
['134', '166', '189', '228', '240']
['81', '113', '149', '161']
['128', '135', '201', '237']
['193']
['31', '83', '153', '225']
['46', '144', '200', '206', '241']
['125', '130', '170', '236']
['78', '180']
['84', '218', '232']
['116', '131']
['137', '154', '188', '246']
['0', '97', '171', '177', '207']
['74', '133', '191', '221', '233']
['101', '163']
['18', '64', '247']
['76', '243']
['10', '86', '164']
['73', '94', '126', '178', '208']
