['XNYRJ', 'QQUYY', 'TAHXC', 'PLFWC', 'VXIFI']
['DFBMK', 'TEFPC', 'OENWP', 'RCZHM', 'CQBIT']
['HATBR', 'SROSJ', 'EGIIY', 'NVSYK', 'SIGOM']
['WJIWZ', 'OMYLR', 'GCQTP', 'AHMRO', 'WDGCR']
['BBKUO', 'NSDMC', 'LYGHF', 'MXBHP', 'IAMKK']
['XBTFE', 'ZEPYJ', 'FDGQA', 'UDTFQ', 'FGDHQ']
['LVBGW', 'KYKCO', 'EHHWX', 'KUMCW', 'OXRDD']
['VTOZN', 'FBWOW', 'FELNZ', 'PSVNQ', 'KGIPC']
['OKQTW', 'JWSRE', 'XWMKT', 'QGXZJ', 'FXUHH']
['ZBJTS', 'ZJPJO', 'WPGRW', 'YORBA', 'OQSOU']
['OXRUQ', 'AICHQ', 'NUSHB', 'IGQNP', 'QUECI']
['DVRRV', 'QYLAH', 'UCQZE', 'DBIOJ', 'SFQST']
['SMSHQ', 'OLFRP', 'ORRXP', 'GJRAV', 'CKFJL']
['WSVIR', 'MQDQQ', 'JEBNF', 'DFVZW', 'CIILB']
['ZIJNW', 'CBNUD', 'XFNKQ', 'XUYPR', 'VGCRP']
['BLHOQ', 'ZCVZT', 'XCTJB', 'WJAIQ', 'PTRTD']
['TFWCC', 'VBRPO', 'LIQGP', 'YJCIZ', 'HWSJL']
['KENPF', 'THQAC', 'PECLI', 'AWDBE', 'RMUXW']
['FXFUX', 'ALMIE', 'VFFHE', 'WNYYG', 'ZRVWH']
['VLQCW', 'SGXHX', 'ZUTJZ', 'PKHDM', 'FVYLB']
['SGTRH', 'IGUWL', 'MEKWP', 'YQSUZ', 'ETYTK']
['BVCTY', 'DLKKW', 'MTCGB', 'IKHTD', 'CSQHY']
['DSUJE', 'XBSXA', 'SPHAJ', 'TAIVA', 'NDLFM']
['EADHZ', 'FEUEQ', 'MXMMA', 'IAADS', 'JHGWB']
['UJESQ', 'PQAHJ', 'RUYNY', 'JTHWI', 'NSAJQ']
['QBVUY', 'QYWKX', 'OJGET', 'BPZOY', 'GOXXP']
['JOZYK', 'WUTXG', 'INTFC', 'HNXEZ', 'IRAUO']
['ENKVR', 'QCRLR', 'ACJRU', 'LBKGE', 'UJHDY']
['GEQFC', 'PVVAV', 'KRWXO', 'ZHVLK', 'MWVBQ']
['KDZKT', 'FZRBE', 'EYFRR', 'RWZXF', 'TBZDI']
['IBUGB', 'CIPCP', 'VNVFZ', 'YJPCO', 'YWPLR']
['ZJQQO', 'WGGGP', 'EOCJX', 'GAEKQ', 'CUUFQ']
['KXUES', 'APXMD', 'KHNJL', 'SGRXP', 'UGVLA']
['XIDUV', 'XUHAP', 'HSIWG', 'NLRBO', 'ERTVL']
['BTWAZ', 'UCLPW', 'QGRPC', 'WAHPX', 'DKHZJ']
['OSLVS', 'ONQWA', 'QIALM', 'KPECP', 'KCHSD']
['PGHQU', 'CIUZU', 'UHSWZ', 'WTGUO', 'CHIJG']
['PXCKJ', 'SEYUH', 'HFDOF', 'JQBSO', 'QCHPG']
['TNZEA', 'SZXFW', 'TTIDN', 'YNIQG', 'CVNCZ']
['ECNTU', 'IVZGD', 'CBJEL', 'QGGOH', 'EWNSH']
['RQZPM', 'WAQDW', 'VSPLU', 'GVYUW', 'XBLXM']
['OKPQW', 'RURLC', 'QVNNO', 'AGDTK', 'MIKDS']
['HTJHJ', 'FJPVZ', 'MYAVD', 'TKJBK', 'DVLFX']
['UFVEC', 'UBCVC', 'XXFSV', 'ZYPEK', 'HAXVF']
['SVMGK', 'PABIC', 'XXRUC', 'HGJEC', 'YXPNV']
['OCOQX', 'GZQDO', 'NCDJQ', 'DUAEB', 'GWJWE']
['EHMWV', 'VWJWK', 'VXLZU', 'VPSEI', 'AXQPJ']
['CFMPM', 'IZZTZ', 'LIGPC', 'IZMEQ', 'TBPZM']
['QAOAR', 'WLCAR', 'VVCGQ', 'ZNMAJ', 'QPVND']
['RJIED', 'YBAFX', 'LSZMU', 'WOIJX', 'WCFRY']
['FCJLJ', 'QECFT', 'OAGEZ', 'YFRIJ', 'KEMJT']
['FSTKF', 'SAVNS', 'OVYUV', 'HNKDE', 'IGAXC']
['ACMPF', 'VATRQ', 'XEEVL', 'GUDYJ', 'CLLNQ']
['NHQWU', 'CCNPM', 'PKBGA', 'CIOFH', 'SYIZZ']
['CPJBS', 'XGNPD', 'TVCFA', 'FZBVB', 'TUSMK']
['GLIPE', 'TLZCG', 'LPHWP', 'EBLCO', 'ERQBP']
['OZZTI', 'QIZOX', 'ZPTPS', 'WWYEF', 'FCWUA']
['ZQDIP', 'JAFZN', 'IXMQO', 'NKCOJ', 'KXMSB']
['VYDDY', 'RDCTS', 'QQXNO', 'WUCQA', 'GICKM']
['RFWKF', 'VQDCT', 'YWCZV', 'BJTHH', 'DCJPL']
['QSVBC', 'KSCIB', 'ARMIC', 'UQKOV', 'XAOMD']
['GNCHO', 'OVYDG', 'RUGKU', 'MRXML', 'UHYVL']
['ENWEP', 'VGUGP', 'OUQMM', 'KQUJH', 'HKVZW']
['WHRVK', 'UZKCN', 'JCOPI', 'EFKRH', 'TKYGG']
['CKHRK', 'SKBJW', 'BGOJW', 'ALXRH', 'IRNCA']
['BNYBV', 'HCVBR', 'VIPLF', 'AILUZ', 'SRUUN']
['PQDFC', 'EAITX', 'JMYIA', 'DKSJV', 'RJDRX']
['VQAKV', 'BNJLP', 'TYMOI', 'RMJIF', 'QBZQQ']
['EAEIR', 'VATKD', 'NSTKH', 'NWAHL', 'CIBMR']
['CPTCX', 'ABYHN', 'UHOTV', 'QSYML', 'JXGHX']
['BBVXC', 'OTQON', 'YQPNL', 'AWUBI', 'ZLQYF']
['VLEXY', 'BPLLS', 'BWWYB', 'UGKUC', 'FZQXE']
['PSZDK', 'ZJNIT', 'LNIAF', 'TFGVT', 'TFEWH']
['LCHJI', 'QNUDR', 'DSQUZ', 'HXXMK', 'GBGAG']
['SJJMM', 'SHLYA', 'SRFIJ', 'MESKQ', 'BEIFF']
