['150', '239', '281', '221', '406', '291', '446', '482', '215', '275', '495', '73', '361', '132', '83', '360', '461', '408', '302', '181', '77', '43', '113', '445', '471', '176', '383', '293', '165', '278', '142']
['131', '438', '4', '467', '465', '61', '364', '475', '492', '454', '56', '126', '290', '426', '134', '100', '444', '65']
['378', '111', '70', '416', '133', '121', '200', '362', '425', '478', '397', '320', '53', '109', '192', '118', '453', '95', '368', '494', '21', '354']
['187', '379', '253', '329', '55', '110', '222', '309', '9', '10', '144', '411', '124', '48', '180', '38', '227', '339', '71', '398']
['102', '108', '244', '137', '76', '389', '493', '188', '307', '90', '130', '274', '143', '299', '395']
['234', '417', '157', '254', '357', '348', '393', '387', '396', '46', '283', '280', '267', '18', '273', '386', '464', '298', '410', '340', '231', '216', '19']
['174', '28', '270', '120', '413', '39', '164', '443', '297', '135', '29', '3', '179', '355', '399', '167']
['177', '93', '16', '185', '294', '431', '304', '31', '242', '116', '380', '193', '483', '462', '485', '314', '420', '94', '50', '268', '343', '119', '328', '2', '79', '257']
['315', '149', '66', '228', '34', '87', '160', '470', '212', '248', '67', '78', '223', '155', '1', '472', '484', '341', '468', '373']
['246', '312', '429', '219', '266', '477', '459', '305', '247', '59', '6', '332', '44', '331', '287', '323', '140', '427', '237', '400', '381', '415', '15', '11', '447', '497', '8', '159']
['88', '318', '430', '392', '409', '326', '82', '41', '103', '261', '51', '289', '316', '352', '13', '178', '496', '226', '98', '127', '104', '22', '382', '458', '172', '390', '209', '208', '388', '300']
['166', '235', '80', '308', '72', '136', '96', '229', '206', '263', '347', '81', '32', '349', '122', '264', '255', '499', '251', '295']
['442', '75', '151', '284', '147', '195', '146', '466', '233', '481', '491', '423', '57', '105', '486', '371', '249', '334', '54', '148', '182', '171']
['238', '211', '292', '345', '217', '138', '375', '401', '162', '258', '336', '89', '191', '479', '424', '152', '277', '112', '313', '333', '49', '213', '14', '232', '385', '356', '369', '414']
['412', '5', '306', '20', '321', '272', '428', '194', '404', '288', '325', '269', '421', '358', '129', '330', '64', '85', '498', '214', '463', '202', '207']
['220', '451', '394', '480', '52', '322', '158', '419', '35', '490', '114', '23', '230', '173', '58']
['139', '175', '488', '452', '460', '256', '342', '197', '370', '245', '489', '365', '376', '311', '218', '260']
['455', '101', '74', '163', '91', '449', '265', '203', '303', '0', '391', '169', '128', '205', '437', '407', '353', '439', '86', '60', '198', '271', '17', '45', '186', '170']
['286', '435', '199', '183', '363', '250', '367', '276', '190', '351', '418', '153', '476', '33', '432', '204', '26', '337', '346']
['296', '474', '473', '457', '25', '210', '301', '92', '374', '450', '335', '240', '68', '262', '252', '487', '422', '141', '36', '327', '168', '7', '99', '123', '405', '30', '403']
['236', '310', '106', '156', '436', '456', '24', '69', '241', '448', '440', '285', '319', '225', '469', '441', '359', '37', '47', '338', '107', '12', '243', '84', '63', '224']
['115', '145', '344', '259', '433', '117', '324', '189', '434', '42', '350', '27', '377', '402', '161', '184', '279', '62', '40', '125', '196', '97', '282', '372', '317', '384', '154', '366', '201']
