['146', '114', '313', '342', '172', '58', '173', '255', '111', '269', '35', '113', '88', '216', '17', '48', '83', '267', '148', '306', '292', '6', '301', '251', '250']
['53', '345', '57', '49', '320', '371', '52', '178', '362', '23', '175', '129', '287', '147', '215', '165', '268', '167', '44', '18', '325', '102', '181', '254', '15']
['153', '140', '3', '158', '87', '296', '51', '19', '281', '8', '318', '315', '21', '273', '329', '157', '262', '245', '392', '120', '156', '72', '305', '194', '193']
['213', '256', '220', '192', '219', '275', '186', '266', '247', '290', '351', '316', '66', '258', '174', '398', '10', '230', '210', '217', '74', '222', '73', '63', '64']
['341', '265', '241', '350', '232', '191', '288', '380', '206', '360', '199', '336', '142', '382', '357', '182', '121', '92', '42', '185', '234', '39', '284', '37', '396']
['299', '361', '189', '333', '187', '363', '190', '364', '100', '355', '67', '395', '95', '368', '198', '391', '344', '128', '369', '349', '282', '69', '110', '298', '9']
['26', '321', '155', '34', '101', '261', '274', '209', '229', '105', '24', '212', '38', '36', '62', '375', '29', '162', '300']
['132', '365', '358', '12', '302', '40', '179', '135', '386', '82', '106', '289', '159', '130', '201', '116', '381', '13', '115', '61', '141']
['291', '319', '5', '133', '89', '354', '103', '177', '109', '164', '224', '4', '118']
['366', '68', '244', '169', '308', '372', '278', '125', '359', '97', '285', '98', '145']
['203', '80', '399', '104', '326', '303', '279', '236', '235', '223', '272', '117', '47', '154', '136', '27', '144', '16', '335']
['323', '25', '233', '328', '81', '331', '367', '379', '59', '286', '297', '131', '79', '170']
['171', '260', '249', '200', '107', '94', '151', '322', '238', '152', '138', '389', '334', '41', '112', '211', '237', '202', '11', '50', '243', '393', '338']
['271', '293', '28', '122', '377', '119', '332', '376', '339', '77', '231', '390', '330', '71', '394', '374']
['176', '160', '2', '45', '99', '22', '32', '240', '270', '14', '208']
['86', '263', '239', '227', '340', '257', '388', '60', '168', '84', '150', '385', '65', '55', '7', '93', '352', '370', '295']
['312', '0', '324', '346', '1', '139', '70', '56', '183', '46', '304', '218', '259', '78', '225', '123', '143', '373', '383', '184', '221', '163', '196', '85']
['378', '280', '248', '188', '264', '226', '294', '277', '356', '307', '252', '204', '353']
['310', '397', '207', '149', '242', '124', '327', '246', '347', '96', '126', '384', '33', '90', '43', '343', '30', '76', '127', '283', '197']
['309', '75', '314', '137', '253', '337', '134', '161', '180', '31', '348', '228', '166', '108', '214', '20', '276', '205', '54', '387', '311', '91', '317', '195']
