['302', '617', '724', '962', '984', '716', '292', '156', '57', '851', '58', '269', '294', '430', '661', '547', '445', '414', '463', '700', '125', '905', '548', '370', '192', '100', '119', '722', '10', '113', '810']
['551', '858', '407', '244', '74', '774', '835', '886', '572', '603', '742', '444', '384', '560', '475', '768', '477', '545', '595', '611', '994', '642', '175', '148', '899', '358', '697', '75', '829', '922', '916']
['166', '579', '955', '251', '869', '850', '350', '552', '952', '889', '527', '834', '14', '602', '931', '582', '465', '667', '285', '190', '261', '245', '36', '149', '947', '447', '248', '82', '626', '404', '410']
['121', '476', '99', '478', '682', '155', '900', '770', '157', '279', '446', '228', '6', '816', '66', '883', '895', '837', '299', '796', '614', '711', '972', '177', '193', '676', '509', '798', '671', '247', '372']
['990', '957', '607', '793', '601', '112', '178', '909', '212', '160', '544', '554', '471', '259', '42', '815', '849', '226', '347', '443', '172', '767', '387', '380', '276', '65', '367', '875', '920', '68', '628']
['877', '298', '764', '791', '649', '115', '584', '914', '659', '539', '395', '425', '427', '646', '640', '287', '843', '240', '536', '428', '653', '342', '654', '52', '819', '553', '526', '313', '403', '146', '629']
['291', '856', '216', '199', '730', '854', '713', '821', '998', '224', '359', '354', '355', '30', '206', '43', '979', '303', '320', '24', '580', '689', '470', '328', '662', '986', '300', '499', '912', '11', '496']
['191', '945', '215', '997', '638', '566', '915', '53', '438', '911', '652', '296', '497', '574', '801', '464', '881', '577', '21', '472', '506', '41', '120', '663', '598', '468', '409', '771', '335', '612', '885']
['165', '457', '505', '197', '516', '976', '702', '933', '538', '260', '80', '46', '494', '25', '250', '140', '98', '431', '795', '645', '932', '698', '268', '656', '719', '599', '651', '361', '331', '371', '198']
['271', '523', '782', '507', '594', '399', '619', '668', '462', '510', '1', '589', '482', '2', '29', '732', '484', '234', '569', '132', '452', '59', '16', '625', '326', '804', '813', '87', '535', '687', '246']
['492', '808', '325', '232', '339', '783', '963', '4', '675', '344', '790', '207', '709', '874', '616', '746', '311', '664', '417', '610', '44', '940', '181', '775', '151', '230', '936', '878', '340', '153', '393']
['903', '691', '800', '930', '769', '208', '888', '83', '297', '420', '949', '31', '820', '490', '564', '961', '964', '705', '608', '549', '530', '977', '729', '282', '176', '531', '937', '40', '242', '567', '136']
['319', '907', '555', '744', '812', '310', '708', '632', '19', '802', '710', '364', '686', '988', '360', '871', '187', '578', '658', '919', '953', '571', '28', '669', '978', '973', '315', '541', '301', '217', '221']
['183', '873', '77', '501', '338', '54', '755', '824', '736', '971', '772', '50', '902', '214', '776', '79', '469', '752', '731', '73', '550', '673', '333', '413', '195', '362', '349', '862', '543', '923', '396']
['213', '848', '929', '908', '621', '734', '695', '439', '76', '373', '35', '792', '459', '627', '235', '400', '942', '377', '641', '805', '381', '519', '453', '928', '317', '882', '823', '946', '437', '639', '517']
['845', '117', '5', '814', '289', '925', '131', '648', '987', '105', '956', '725', '693', '993', '406', '735', '236', '12', '257', '145', '63', '500', '588', '781', '982', '147', '504', '308', '644', '926', '337']
['270', '421', '91', '85', '418', '680', '123', '870', '991', '861', '88', '487', '188', '9', '295', '743', '449', '896', '983', '238', '249', '485', '753', '18', '258', '965', '489', '754', '346', '773', '17']
['102', '435', '312', '880', '426', '573', '592', '15', '211', '402', '934', '448', '0', '739', '604', '142', '563', '838', '89', '436', '369', '597', '537', '460', '34', '901', '281', '839', '243', '174', '262']
['558', '853', '674', '185', '647', '503', '376', '348', '655', '969', '609', '180', '159', '766', '565', '778', '341', '570', '980', '233', '951', '491', '179', '660', '954', '334', '750', '630', '96', '398', '995']
['202', '498', '218', '917', '737', '307', '622', '167', '314', '524', '56', '970', '694', '264', '830', '152', '699', '3', '201', '434', '388', '495', '81', '528', '231', '327', '678', '196', '777', '144', '966']
['252', '450', '161', '818', '343', '833', '352', '605', '864', '921', '94', '22', '692', '758', '684', '473', '168', '906', '72', '780', '267', '488', '583', '374', '78', '615', '717', '62', '345', '321', '585']
['309', '293', '898', '456', '365', '318', '479', '441', '84', '525', '827', '726', '666', '860', '189', '958', '324', '323', '101', '634', '785', '967', '163', '635', '263', '273', '135', '451', '67', '70', '636']
['825', '981', '256', '336', '480', '950', '512', '210', '107', '842', '879', '760', '807', '892', '685', '913', '799', '173', '749', '650', '803', '47', '390', '366', '304', '817', '33', '467', '205', '493', '60']
['483', '432', '643', '411', '169', '887', '7', '106', '876', '290', '126', '124', '633', '857', '274', '90', '924', '809', '688', '935', '127', '747', '587', '714', '141', '97', '13', '322', '306', '561', '378']
['581', '20', '712', '109', '114', '718', '164', '316', '696', '836', '461', '897', '130', '103', '419', '92', '32', '559', '884', '222', '129', '992', '894', '556', '48', '593', '557', '186', '985', '278', '847']
['133', '203', '108', '786', '379', '822', '383', '405', '890', '392', '974', '748', '738', '458', '787', '757', '960', '613', '846', '600', '677', '826', '122', '511', '672', '866', '723', '620', '576', '968', '382']
['332', '8', '229', '704', '486', '637', '286', '521', '520', '701', '720', '154', '568', '454', '272', '86', '93', '591', '606', '502', '670', '162', '254', '200', '415', '562', '170', '918', '844', '533', '368']
['353', '27', '690', '357', '128', '363', '944', '707', '943', '959', '665', '623', '657', '137', '424', '948', '466', '171', '989', '703', '763', '104', '266', '832', '540', '831', '789', '401', '518', '150', '440']
['143', '546', '220', '840', '422', '423', '351', '852', '255', '61', '715', '867', '225', '416', '762', '253', '733', '275', '811', '765', '397', '891', '433', '996', '394', '508', '110', '223']
['740', '596', '116', '586', '872', '618', '412', '741', '277', '631', '721', '745', '237', '219', '759', '209', '158', '679', '111', '515', '841', '280', '227', '118', '241', '828', '513', '134', '64']
['938', '784', '49', '239', '375', '45', '794', '529', '429', '51', '904', '389', '55', '455', '184', '442', '863', '534', '474', '779', '26', '23']
['624', '265', '38', '751', '408', '941', '788', '385', '939', '893', '386', '305', '575', '706', '859', '532', '761', '756', '284', '204', '590', '283', '139', '855', '39']
['683', '727', '329', '95', '182', '330', '138', '391', '975', '927', '868', '69', '522', '542', '728', '356', '806', '681', '910', '797', '481', '865', '288', '37', '71', '194', '514']
