['354', '131', '10', '145', '710', '692', '974', '460', '587', '457', '497', '449', '816']
['72', '582', '937', '606', '129', '817', '107', '720', '126', '798', '405', '578', '345']
['612', '118', '879', '514', '540', '598', '792', '705', '619', '908', '474', '751', '568']
['216', '22', '284', '274', '506', '246', '163', '901', '951', '548', '955', '564', '537']
['39', '590', '96', '224', '24', '94', '907', '328', '846', '517', '942', '386', '8']
['92', '389', '283', '981', '135', '744', '66', '300', '845', '307', '494', '607', '208']
['439', '723', '396', '990', '356', '421', '799', '294', '113', '708', '321', '638', '785']
['366', '178', '822', '914', '289', '488', '404', '958', '531', '697', '732', '444', '125']
['849', '579', '369', '728', '90', '450', '882', '133', '992', '574', '824', '828', '812']
['945', '623', '788', '935', '881', '15', '682', '811', '496', '193', '808', '458', '760']
['878', '814', '298', '26', '141', '80', '658', '52', '870', '687', '644', '565', '789']
['176', '647', '315', '973', '784', '600', '330', '277', '627', '101', '255', '943', '969']
['584', '671', '291', '317', '104', '524', '953', '633', '468', '493', '471', '170', '127']
['198', '48', '764', '195', '595', '523', '563', '631', '924', '217', '359', '301', '975']
['690', '324', '695', '13', '518', '851', '823', '243', '244', '997', '679', '19', '842']
['829', '988', '694', '831', '787', '761', '837', '32', '597', '684', '71', '329', '534']
['432', '65', '794', '630', '873', '807', '774', '899', '871', '768', '443', '659', '636']
['297', '872', '427', '592', '652', '288', '949', '245', '47', '874', '275', '409', '628']
['249', '959', '73', '889', '767', '59', '735', '925', '956', '571', '465', '205', '674']
['810', '271', '502', '560', '743', '479', '390', '236', '651', '840', '626', '762', '902']
['793', '352', '436', '825', '489', '737', '603', '622', '179', '804', '239', '926', '843']
['742', '887', '803', '917', '304', '856', '586', '350', '776', '358', '333', '717', '519']
['225', '481', '143', '637', '388', '555', '522', '693', '591', '247', '166', '3', '536']
['351', '88', '44', '538', '664', '954', '310', '790', '946', '373', '223', '9', '739']
['89', '487', '50', '884', '226', '865', '232', '675', '650', '847', '476', '222', '909']
['155', '927', '921', '313', '248', '187', '434', '419', '670', '423', '285', '736', '269']
['258', '219', '380', '376', '364', '79', '549', '122', '74', '357', '6', '750', '830']
['834', '741', '663', '672', '348', '965', '207', '105', '234', '731', '64', '264', '777']
['393', '832', '53', '49', '486', '159', '480', '173', '890', '137', '615', '406', '14']
['42', '885', '507', '929', '227', '667', '347', '530', '123', '316', '868']
['934', '86', '377', '982', '780', '233', '402', '660', '594', '412']
['700', '260', '282', '478', '323', '826', '891', '102', '861', '976', '678', '331']
['91', '252', '34', '696', '654', '905', '662', '473', '673', '470', '148', '576']
['542', '85', '985', '306', '892', '915', '132']
['117', '428', '964', '618', '254', '839']
['624', '237', '55', '2', '972', '711', '772']
['559', '267', '701', '186', '191', '192', '5', '758', '715', '296', '763', '253']
['263', '665', '553', '779', '993']
['475', '912', '183', '415', '621', '17', '153', '213', '394', '835', '325']
['521', '995', '648', '535', '963', '928', '462', '455', '509']
['505', '991', '181', '550', '319', '545', '120', '702']
['144', '168', '734', '706', '599', '819', '261']
['433', '240', '401', '601', '77']
['979', '570', '669', '138', '989', '629']
['108', '783', '425', '722', '967', '184', '299', '374', '440']
['791', '713', '547', '683', '343', '360', '387']
['414', '632', '446', '510', '136', '640', '498', '185', '382', '379']
['418', '585', '279', '503', '528', '63', '338', '501', '699', '280', '203', '38']
['295', '733', '649', '121', '320', '970', '169']
['725', '896', '381', '12', '685']
['994', '634', '504', '895', '410', '554', '241', '268']
['677', '836', '25', '214', '904', '759', '438', '551', '54', '941', '490']
['602', '646', '286', '403', '727', '913', '221', '314', '526', '796', '250']
['726', '495', '384', '610', '147', '919', '781']
['395', '609', '459', '346', '151', '43', '923', '541', '1', '712', '383', '820']
['391', '4', '749', '45', '70', '719', '262', '482', '177', '583', '140', '987']
['204', '229', '877', '567', '724', '986', '281', '740', '399', '971', '334', '60']
['130', '128', '906', '511', '858', '939', '617', '251', '259', '572', '190']
['447', '29', '983', '645', '745', '7', '441', '948', '452', '703', '112']
['852', '372', '747', '322', '802', '686', '680', '278']
['844', '344', '886', '593', '984', '146', '400', '56', '467', '589']
['103', '809', '276', '273', '999', '398', '341']
['516', '656', '270', '577', '327', '336', '106', '765', '897', '445', '962']
['757', '199', '463', '16', '371', '730', '109', '342']
['569', '326', '201', '35', '370', '556', '61', '461', '114', '821']
['864', '188', '818', '200', '332', '375', '893', '355']
['857', '756', '231', '754', '33', '543', '961', '529', '527']
['311', '397', '546', '124', '581', '655', '134', '748']
['454', '293', '491', '867', '698', '625', '795']
['515', '977', '303', '453', '416', '916', '210', '392', '714', '898']
['827', '492', '78', '940', '604']
['952', '18', '302', '911', '676', '464', '160', '156', '729', '746', '614']
['87', '194', '256', '31', '782', '936', '69', '483']
['368', '349', '99', '139', '238', '110', '451', '689', '83']
['165', '704', '157', '362']
['309', '437', '894', '429', '544', '635', '363']
['385', '932', '420', '318', '938', '766', '162', '485', '813', '596', '918']
['605', '265', '36', '770', '920', '422', '876', '996']
['620', '408', '119', '426', '552', '657', '769', '81']
['115', '539', '771', '290', '76', '944', '30', '0', '189']
['500', '520', '152', '40', '266', '661', '212', '196', '755']
['786', '292', '97', '866', '642', '448', '566', '469']
['863', '850', '220', '84', '308', '158', '430', '411']
['859', '206', '230', '778', '67', '508']
['242', '709', '815', '558', '738', '721', '51', '378', '41', '561', '20']
['477', '202', '900', '172', '417', '641', '180', '442']
['211', '95', '431', '643', '197', '957', '666', '499', '116']
['257', '838', '93', '27', '707', '161', '57', '174', '854', '691']
['947', '773', '980', '149', '407', '573', '841']
['608', '75', '580', '337', '525', '930', '82', '235', '875', '931']
['435', '883', '801', '668', '588', '353', '215', '228', '853', '833']
['62', '154', '312', '305', '111', '681', '367', '775', '968', '182', '513']
['532', '46', '100', '484', '752', '855', '611']
['716', '23', '512', '150', '888', '806', '272', '28', '98', '171']
['58', '998', '653', '688', '805', '167', '164', '21', '950', '639', '218']
['933', '860', '335', '365', '11', '472']
['562', '903', '922', '966', '753', '361', '287', '456', '862']
['37', '960', '978', '797', '869', '575', '613', '718', '424', '880']
['848', '175', '557', '68']
['340', '413', '616', '533', '209', '910', '339', '142', '466', '800']
