['997', '5', '802', '259', '386', '122', '141', '408', '832', '872', '844', '913', '934', '136', '279', '789', '125', '774', '445', '488', '304', '76', '137', '924', '769', '374', '831', '452', '84', '81', '40', '540', '52', '717', '429', '188', '920', '116', '589', '177']
['771', '441', '36', '246', '593', '932', '115', '283', '214', '877', '652', '3', '804', '402', '554', '679', '566', '442', '12', '276', '461', '375', '423', '318', '378', '875', '898', '272', '825', '624']
['195', '680', '495', '269', '999', '37', '9', '54', '339', '827', '349', '138', '38', '460', '295', '915', '479', '954', '291', '929', '10', '114', '617', '80', '987', '531', '550', '63', '746']
['670', '245', '309', '117', '762', '305', '643', '835', '909', '299', '323', '475', '813', '860', '856', '351', '213', '93', '398', '353', '547', '229', '806', '370', '703', '729', '779', '965', '131', '233', '191', '572']
['732', '130', '666', '32', '196', '700', '733', '743', '248', '651', '896', '67', '169', '742', '448', '644', '146', '167', '132', '968', '292', '503', '393']
['20', '838', '596', '178', '590', '176', '784', '795', '884', '939', '926', '215', '919', '626', '431', '694', '190', '48', '800', '794', '405', '301', '705', '471', '692', '847', '225', '294', '546', '56', '840', '249', '8', '120', '2', '65', '568', '927', '923']
['749', '336', '873', '552', '254', '250', '426', '539', '298', '57', '239', '24', '266', '303', '876', '64', '237', '197', '970', '496', '337', '688', '320', '902', '921', '731', '608', '464', '236']
['819', '451', '861', '159', '139', '912', '808', '201', '640', '103', '984', '207', '72', '338', '519', '369', '953', '50', '73', '74']
['469', '161', '418', '468', '192', '154', '704', '894', '78', '509', '148', '439', '885', '71', '594', '985', '434', '728', '43', '951', '805', '384', '22', '960', '482', '390', '689']
['989', '368', '722', '817', '317', '816', '653', '986', '493', '511', '364', '147', '586', '326', '466', '322', '280', '55', '412', '513', '994', '654', '69', '498']
['175', '134', '356', '23', '768', '362', '512', '812', '793', '394', '874', '411', '542', '528', '585', '416', '307', '314', '674', '0', '725', '839', '959', '862', '160', '182']
['604', '275', '740', '867', '515', '532', '75', '443', '978', '657', '473', '425', '852', '803', '781', '300', '462', '491', '128', '212']
['282', '107', '198', '151', '976', '545', '194', '858', '140', '925', '983', '53', '727', '218', '7', '611', '49', '895', '251', '904', '570', '903', '966', '882', '327', '465', '799', '693', '27', '702', '935', '685']
['683', '893', '620', '60', '518', '891', '791', '58', '361', '534', '778', '396', '517', '623', '948', '647', '701', '257', '220', '859', '556', '486']
['241', '588', '627', '782', '379', '911', '639', '709', '937', '535', '662', '563', '737', '871', '555', '631', '892', '549', '553', '217', '826', '352', '224', '86', '905', '922', '170', '901', '289', '946', '758', '524']
['522', '551', '770', '564', '850', '354', '4', '480', '155', '380', '810', '123', '619', '621', '969', '720', '42', '996', '591', '330', '186', '661', '358', '6', '45', '296', '163', '777', '582', '744', '576']
['401', '573', '713', '745', '476', '242', '687', '342', '357', '389', '334', '419', '129', '47', '262', '77', '455', '417', '655', '878', '247', '837']
['341', '430', '59', '956', '649', '944', '387', '836', '818', '751', '127', '681', '89', '472', '845', '730', '106', '230', '168', '346', '678', '331', '508', '979', '274', '814', '933', '961', '612', '68', '592', '514', '435', '96', '11']
['454', '377', '890', '61', '13', '457', '870', '470', '450', '548', '83', '605', '958', '31', '1', '854', '367', '557', '865', '343', '888', '414', '910', '857', '281', '917', '234', '94']
['635', '516', '297', '162', '998', '567', '980', '350', '222', '193', '18', '260', '244', '345', '991', '721', '544', '760', '561', '698', '936', '158', '899', '152']
['963', '485', '761', '786', '376', '841', '606', '463', '664', '974', '931', '942', '211', '529', '302', '200', '711', '696', '366', '715', '315', '332', '15', '149', '973', '750', '957', '271', '783', '735']
['712', '828', '820', '510', '967', '265', '483', '287', '628', '101', '111', '82', '930', '310', '671', '614', '765', '17', '173', '686', '598', '952', '444', '718', '391', '615', '26', '181', '842', '764', '383']
['100', '410', '494', '646', '110', '757', '716', '714', '829', '755', '153', '719', '288', '91', '908', '706', '947', '227', '438', '724']
['285', '992', '797', '505', '208', '490', '571', '156', '440', '824', '906', '458', '775', '707', '853', '940', '360', '126', '667', '823', '916', '863', '231', '636', '776', '630', '752', '145', '533', '223', '579']
['780', '413', '977', '558', '753', '333', '949', '95', '124', '734', '407', '135', '404', '119', '467', '848', '14', '329', '691', '595', '388', '945', '822', '500', '30', '543', '403', '526', '88', '264', '165', '210', '143', '189']
['609', '881', '629', '756', '209', '536', '928', '313', '527', '238', '506', '99', '228', '633', '484', '41', '879', '578', '690', '428', '105', '864', '759', '603', '641', '312', '766', '66', '648', '634', '381', '255', '142', '400', '355', '668', '616', '507']
['821', '316', '866', '613', '672', '204', '914', '587', '523', '889', '622', '308', '397', '25', '144', '29', '723', '938', '492', '981', '807']
['118', '851', '46', '708', '385', '577', '886', '335', '811', '988', '975', '258', '537', '344', '474', '33', '399', '520', '834', '263', '738', '990', '650', '809']
['669', '993', '232', '311', '277', '695', '267', '767', '97', '521', '610', '675', '256', '34', '599', '846', '950', '85', '415', '489', '427', '363', '187', '268', '497', '785', '964', '35', '243', '164', '102', '971', '943']
['600', '897', '665', '525', '538', '371', '962', '328', '597', '459', '790', '501', '982', '792', '395', '541', '565', '574', '618', '855', '887', '677', '748', '157']
['180', '684', '409', '502', '62', '869', '918', '133', '421', '763', '183', '433', '70', '252', '206', '602', '347', '499', '726', '278', '446', '109', '382', '632', '221', '560', '972', '253', '437', '880', '226', '39', '184', '601', '478', '199', '883']
['673', '16', '92', '900', '406', '449', '772', '815', '373', '530', '659', '87', '44', '736', '319', '575', '796', '359', '477', '202', '456', '559', '801', '290', '21', '798', '28', '787', '741', '270', '90', '833', '432', '174']
['392', '113', '660', '185', '340', '348', '625', '710', '504', '150', '79', '868', '699', '166', '235', '739', '995', '286', '51', '436', '682', '325', '955', '453', '481']
['663', '98', '645', '562', '581', '219', '112', '849', '420', '273', '365', '121', '584', '216', '754', '487', '658', '941', '447', '424', '205', '843', '788', '697', '747', '676', '372', '171', '203']
['306', '638', '773', '324', '580', '19', '240', '642', '321', '179', '637', '108', '830', '569', '293', '104', '422', '907', '261', '172', '656', '607', '583', '284']
