['496', '431', '65', '387', '129']
['100', '115', '223', '139', '101']
['164', '485', '66', '354', '483']
['401', '427', '20', '22', '144']
['19', '422', '155', '239', '287']
[]
['72', '119']
['117', '428']
['425', '318', '334']
['124', '442']
['350']
['382']
[]
[]
['388']
['90', '25', '88']
[]
['296', '269']
['15', '264']
['142']
[]
['281']
['69']
[]
['241']
['294', '54']
[]
[]
['145']
['462']
[]
[]
['361', '481', '71']
[]
[]
['378', '381']
['352']
[]
[]
[]
[]
['230']
['267']
['367']
[]
[]
['3', '26']
[]
[]
['64']
['311', '160']
[]
['277', '0', '94']
['75']
[]
[]
[]
[]
[]
[]
[]
['289']
['18']
['450']
[]
['306']
[]
['370', '298']
['440']
[]
[]
['482', '8', '314']
['236']
['28']
[]
['32', '193']
[]
['136']
[]
['228', '423']
['238']
[]
[]
['255', '402']
['36']
['392']
[]
['359', '360']
['259']
['35']
['357']
['258']
[]
[]
['34', '132', '49']
['494', '47']
['73']
[]
['146']
[]
['254']
[]
[]
['68']
['31']
[]
['342']
['393']
['189', '303']
['372']
['416', '156', '114']
['55', '278']
[]
['293']
['295', '244']
[]
['95']
[]
[]
[]
['492', '471']
['261', '432']
[]
['276', '173']
['376', '42']
[]
['89']
['345']
['97', '39', '317']
['441']
['403']
['86']
['127', '262', '177', '335']
['179', '92']
[]
['229', '221']
['362']
[]
[]
[]
['479']
['59']
['41', '337']
['282']
[]
['465']
['309', '478']
['38', '110']
[]
['490', '204']
['197']
['12', '103', '292']
['220', '268']
[]
['330', '321', '461']
['484', '37', '226']
['183', '2']
['27']
[]
['51']
['455']
[]
['329']
[]
[]
['343', '333', '181', '116']
['451', '107', '130', '283']
[]
['348', '300']
['1', '154']
['326']
[]
[]
['459']
[]
[]
[]
[]
['272', '379']
['170']
[]
[]
[]
['231', '307']
[]
[]
['83']
[]
['63']
['275']
[]
[]
[]
['246', '313', '316']
['421']
[]
[]
['184']
['390', '438']
['304']
['415', '463']
['85']
[]
['447']
[]
[]
[]
['143']
['218', '429', '198', '192']
[]
['77', '187', '45', '203']
['476']
[]
['364', '474']
['46', '13']
[]
['195']
['405', '491']
['322']
['493', '339']
[]
['336', '366']
['176']
[]
[]
['397', '473']
['417']
[]
['87', '365', '135']
['150']
[]
[]
['467']
['213']
['426']
['380']
[]
['323']
[]
['411']
[]
['395']
['215']
[]
['340']
['44']
[]
[]
['134']
[]
['214']
['30']
['408']
['341']
['147', '308', '157', '297']
['400']
['495']
['437']
['128']
[]
['207']
['407', '344', '250']
[]
[]
['497', '448']
['433', '153']
['106', '328']
['209', '190', '81', '243']
['4', '247', '91']
['201']
['50']
['98']
['404', '396']
['60']
['325', '199']
['159', '389', '210']
['122', '488']
['40']
['16']
['62']
['205', '368']
[]
[]
['466']
['288']
[]
['169']
['61']
['469', '194', '149']
['409']
['70']
['140']
['219', '162']
['217']
['374', '52']
[]
[]
['475']
['369']
['120', '6']
[]
[]
[]
['148']
[]
['487']
[]
['454', '263', '394']
[]
[]
['174', '188']
[]
['96']
['391', '420']
['386', '137']
[]
['141']
['248', '285', '253']
['104']
['486']
['383', '200']
['271']
[]
['353']
[]
['249']
['237']
['105']
['79']
['178']
[]
['57']
['315']
['257']
[]
['186']
['377', '182']
['413']
[]
[]
[]
[]
['464', '180']
['33', '10']
['113']
[]
[]
['233']
['358', '430']
[]
['499']
[]
['327']
[]
['165']
['384', '452']
['80']
[]
[]
['436', '172']
['7', '299']
[]
[]
['17', '24']
['458', '284']
[]
[]
[]
[]
['290', '5', '418']
['355', '11', '414', '279']
['291', '460', '163']
[]
['406']
[]
[]
[]
['48']
['175', '53']
['444', '82']
['138']
['453', '216']
['245']
['109']
['457', '74']
['312']
['331', '310']
['133', '168']
[]
['305']
[]
['56', '412']
['43']
['349', '280', '346']
[]
[]
['265']
['21']
['235', '234']
['385']
['14']
[]
['206']
['398']
['126']
['123', '240']
['171', '456']
['435']
['338']
['151']
[]
['121']
['196', '78']
[]
['158']
[]
[]
['227']
['424']
['225']
['84', '99']
['118', '286', '252']
[]
['166']
[]
[]
['58', '208']
['270', '332', '108']
['356', '23']
[]
['260']
[]
['443']
['371']
['347', '445', '319']
[]
['67']
['446']
['373']
[]
['212']
[]
['375']
['167']
['266']
[]
[]
['112']
['93']
[]
[]
[]
[]
[]
[]
[]
[]
[]
['302']
[]
[]
['472', '273', '185']
['222']
[]
['161']
[]
[]
['449']
['410']
[]
['351', '363', '439']
[]
['9']
['480', '131', '399']
['477', '76', '489']
['211']
['320', '191']
[]
['202', '419']
[]
[]
['324']
[]
['125']
['152']
['301', '498', '274']
['102']
[]
['224']
[]
['434']
['468']
[]
['232']
['251']
[]
[]
['111', '470']
['29', '256']
['242']
