['992', '237', '889']
['191', '798', '765']
['378']
['618', '479', '238', '205', '66']
['939']
['770', '181']
['323', '819']
['382', '212']
['685']
['650', '54']
['593', '503']
['44', '670']
['822', '706', '281']
[]
['673', '202']
['465']
['97']
['767', '333']
['891', '983', '679', '835']
['837', '606']
['689']
['105', '250']
['27', '173', '463', '847']
['201', '188', '162', '537']
['120', '368', '709']
['787', '78', '861']
['729', '723']
['785', '714', '113']
['55', '419', '920']
[]
['872', '687']
['902', '303']
[]
['708', '185', '598']
['63']
['349', '668']
['607']
['257', '775', '737']
['166', '322', '989', '616', '95']
['690']
[]
['581', '31']
['131', '96']
['615', '528']
['639', '555', '67']
['966', '931', '619']
['129']
['713', '334']
['175']
['568']
['241', '145']
['91', '795']
['801', '409', '532', '262']
['1', '289']
['79', '964', '48', '677']
['832']
['102', '474']
['447', '167']
['381', '712', '410']
['674', '423']
['332']
['142', '372']
[]
[]
['86', '495', '632', '299']
[]
['220']
[]
['469']
[]
['590']
['119']
['791', '880']
['98', '107', '780', '453']
['567', '702']
['957', '564']
['634', '850', '101']
['82']
['319', '894', '838', '925', '406', '887']
['806', '585', '147', '704', '403']
['792', '295']
['967']
['733']
['471']
['385']
['960', '527']
['965', '288']
['234', '271', '29']
['665', '377', '772', '420', '684', '882', '538']
['839', '177']
['984', '13', '371', '454']
['518']
['43']
['335']
['329', '46']
['449', '623', '559']
['269', '340', '874', '361', '550']
[]
['763', '196']
['551', '189', '278', '260']
['308', '4', '254', '17', '753']
['831', '848', '213', '396']
['764', '718', '61', '584']
['624', '132', '692', '789']
['73', '888']
['866', '146', '139', '438']
[]
['199']
['797', '642', '246']
['929']
['428', '666']
['686', '631', '543', '512']
['805']
['975']
['744', '180']
['391', '342']
['397', '864']
['321']
['313', '621']
['287', '818']
[]
['576']
['570']
['233', '301', '736']
[]
[]
['354', '809', '418']
['291']
['533', '374', '707', '245']
['582', '782', '937']
[]
['840']
['58', '39', '972']
['429']
['814', '934', '365']
[]
['502', '441', '42', '728', '783']
['998', '459']
['979']
['752']
['425']
['314', '325']
['56']
['720', '330', '917']
['232', '928']
['525']
['114', '45']
['959']
['379']
['473', '68']
['444', '163']
['259', '52', '725']
['628']
[]
['911']
['478', '38']
['81', '743', '150']
['127', '375', '963', '30']
['944']
[]
['641', '174']
['724']
['653', '400']
['22', '326']
['907', '121', '859', '617']
['846']
['435']
['224']
['307', '451']
['897', '36', '793', '135']
[]
['546', '116']
['908', '990']
['439', '433']
['215']
['486', '556', '796']
['812', '952', '347', '411', '159']
['500', '849']
['751']
['696']
['3', '646', '133', '125', '136']
[]
['829']
['807', '790', '298']
['123']
['877', '953', '472']
['452']
['117']
['50']
['843']
['8', '475', '529', '223']
[]
['981', '664', '997', '482']
['355', '804']
['209', '16', '195']
[]
['574', '954']
['982', '662']
['678', '415']
['940']
['359', '626']
['184', '491']
['395', '657', '773']
['759']
['745', '292', '941']
['536']
['208']
['124']
['511', '445', '885', '651']
['754', '389', '327']
['346', '169']
['597']
['625', '437', '353', '2']
['296', '886']
['178', '268']
['863', '693']
['586', '488', '481', '726', '100']
['594', '610', '513']
['996']
['277', '275', '343', '154', '927']
['557']
['204', '654', '252', '426', '658']
['59', '494', '240', '605', '906']
['83', '647', '316', '76', '973', '836']
['339']
['778', '285']
['620', '15', '808']
['994']
['310', '248', '247', '358', '913']
['242', '276', '229']
['993', '458']
[]
['813', '284']
['968', '467']
['602']
['520', '663']
['157', '324', '37', '137']
['496']
['656', '842', '243', '290']
[]
['461', '235', '442', '206']
['548', '875', '272']
['87']
['221', '304', '810']
['32', '228']
[]
['682']
[]
['715', '414', '710']
[]
['627', '498']
['655', '432', '388', '211']
['309']
['600']
['936']
['501', '85', '727']
[]
['563', '865', '60']
['71']
[]
['510', '777', '749', '450']
['462', '721', '464', '676']
['784']
['970']
['531', '140']
['460', '572']
[]
[]
['393']
['741', '430', '152']
['776', '901', '599']
['519', '788']
['947', '830']
[]
[]
[]
['143', '604', '19', '5']
[]
['815', '890', '28']
['935', '440', '681']
['573']
['294', '912']
[]
['104', '401']
['151', '561']
['497', '23', '182', '922']
['443', '794', '643']
['90', '18']
['571']
['108']
['659', '70']
['769']
['566', '969']
['774']
['860', '971', '477', '318']
['730', '583']
['827']
['197', '106', '222']
['884', '904', '742']
['337', '596']
['549', '876', '33', '77', '505']
['524', '508']
['315', '545', '635']
['20', '613', '523', '883', '130']
['916']
['186', '552']
['265']
['933']
['138', '448']
['405']
['554']
['516']
['909', '695', '369']
[]
['293', '507', '923']
['629', '283', '187']
['855']
['363', '249', '256', '362']
[]
['862', '869']
['109', '802', '279', '701', '603']
['652', '226']
['164', '141']
['932', '694']
['722', '487', '493']
['943', '942', '747']
[]
['938', '373']
[]
[]
['961', '402']
['867', '893']
['404', '779']
['609']
['422', '176', '985']
['946', '924', '844']
['577', '578', '348']
['825']
['680', '735']
['399', '35', '53']
['434', '878', '384']
['72', '841', '57']
['11', '99']
['565']
['94', '387']
['856', '436', '823', '161']
['367']
['698']
['579']
['870', '200']
['390']
['75', '669']
[]
[]
['820', '588']
['300', '614', '515']
[]
['266']
['126', '591']
[]
['431', '190', '255', '216', '700']
['731', '977', '179', '80']
[]
['88']
[]
['380']
['517', '945', '816']
['84']
['526']
['699']
['111']
['192', '468', '392', '755', '762', '853']
['688']
['408']
['89']
['824', '800', '899']
['476']
['489', '542']
['194', '951', '273', '421']
['612', '352', '350']
['370', '24']
['239', '134', '171']
['251', '230', '244', '644']
['535']
['218', '786']
['892', '351', '748', '738', '879']
['834', '103']
['427', '703', '383']
['705', '118']
['457', '158', '264', '587']
['986', '601', '611']
['183', '270']
['534']
[]
['766', '47', '253', '851']
[]
['716', '40']
['645']
['9', '915', '336']
[]
['539', '258']
['826', '41', '446']
['366', '193']
['341', '948']
['580', '34']
[]
['711']
['717', '636', '900', '219']
['345']
['153', '128', '413']
['999', '376']
['746', '675', '589']
['919', '757']
['312']
['170']
['671', '227']
['739', '683', '10']
['608']
['25', '987', '697']
[]
['547', '357', '828']
['328']
[]
['845', '280', '980']
[]
['881', '110', '51', '417']
['480', '386', '514', '490']
['485']
[]
[]
['14']
['544', '416']
['466', '65', '306', '758', '225']
['955']
['407', '394']
['455', '760', '811']
['817', '356']
['898']
['995']
['558']
['649', '799']
['962', '92']
['26']
['540']
['622', '575', '958', '267']
['144', '155', '311']
[]
['282', '522', '217', '918', '509']
['976']
['771', '903']
['499', '62']
['868', '660', '930']
['492', '236', '21']
['93', '595', '991']
['640']
['286', '633']
['956', '756', '122']
['521', '926']
['592', '470']
[]
['873', '74', '398']
['905', '64']
['988', '305', '331', '317', '914']
['69', '734', '768', '484']
['172']
['950', '214']
['112']
[]
['895', '231', '168', '0', '858']
['165', '740']
['896', '203']
['672', '456', '857', '691']
['910']
[]
['506', '530', '207']
['344', '364', '978']
[]
['115', '560']
['750', '360']
['297', '424']
['483']
['949', '412', '320']
['732', '553', '781']
['821']
['761', '156', '854']
['871', '833', '648', '661']
['148', '569']
['49']
['160', '630', '302', '719', '803', '6']
['921', '210', '261', '338']
['637']
[]
['7']
[]
['149']
['638']
['263', '12', '562']
['274', '667']
['974']
['541']
['852', '198', '504']
