['802', '123', '593', '49', '617', '337', '368', '246', '328', '235', '587', '171', '678', '117', '639', '761', '305', '338', '653', '269', '690', '776', '222', '698', '590', '128', '568', '36', '81', '7', '407', '279', '396', '589', '411']
['637', '495', '234', '685', '596', '777', '459', '559', '373', '743', '502', '464', '308', '419', '367', '708', '632', '447', '551', '211', '152', '582', '66', '403', '272', '136', '634', '482', '728', '445', '110', '175', '524', '307', '433']
['121', '628', '278', '40', '603', '436', '696', '8', '463', '671', '420', '320', '209', '702', '730', '404', '513', '321', '271', '394', '811', '716', '693', '434', '535', '749', '298', '375', '820', '62', '147', '773', '722', '289', '580']
['74', '815', '226', '29', '453', '827', '622', '570', '109', '455', '648', '540', '624', '579', '299', '140', '662', '643', '115', '16', '755', '59', '213', '496', '261', '252', '48', '37', '826', '687', '834', '82', '179', '838', '2']
['801', '79', '740', '468', '448', '804', '176', '345', '574', '267', '57', '611', '11', '412', '239', '277', '133', '466', '360', '68', '201', '848', '43', '523', '61', '741', '581', '566', '93', '583', '306', '558', '725', '700', '680']
['236', '787', '169', '157', '397', '691', '552', '402', '349', '75', '456', '208', '615', '762', '294', '86', '301', '844', '286', '485', '750', '556', '65', '608', '21', '100', '514', '285', '563', '757', '472', '733', '143', '813', '317']
['766', '76', '63', '437', '770', '506', '701', '172', '661', '789', '262', '444', '310', '114', '71', '601', '194', '487', '548', '348', '562', '836', '612', '675', '511', '710', '64', '784', '60', '111', '84', '595', '797', '232', '30']
['692', '346', '230', '714', '303', '297', '446', '149', '105', '142', '699', '221', '742', '139', '507', '116', '669', '342', '674', '843', '104', '576', '174', '405', '539', '72', '258', '233', '352', '253', '620', '191', '798', '546', '392']
['586', '659', '311', '695', '724', '655', '400', '594', '508', '134', '550', '91', '256', '386', '688', '80', '765', '479', '202', '164', '623', '249', '167', '682', '339', '103', '73', '47', '414', '825', '483', '24', '641', '22', '161']
['665', '630', '429', '106', '231', '792', '264', '177', '216', '99', '399', '430', '347', '462', '220', '151', '610', '650', '676', '120', '649', '449', '416', '165', '323', '852', '759', '545', '42', '432', '312', '851', '96', '492', '475']
['0', '13', '592', '341', '503', '340', '25', '126', '723', '141', '538', '198', '633', '199', '237', '672', '389', '391', '292', '325', '243', '190', '19', '738', '746', '627', '668', '119', '469', '435', '274', '705', '56', '491', '371']
['219', '9', '159', '818', '832', '756', '697', '33', '481', '291', '713', '369', '189', '664', '744', '521', '293', '146', '501', '457', '250', '195', '670', '717', '284', '413', '726', '263', '35', '536', '652', '829', '591', '461', '336']
['509', '283', '729', '747', '295', '828', '715', '388', '454', '46', '32', '510', '800', '560', '527', '609', '704', '34', '769', '313', '15', '101', '53', '841', '122', '499', '515', '23', '517', '840', '768', '83', '334', '526', '242']
['709', '855', '783', '206', '666', '188', '712', '421', '153', '760', '155', '443', '823', '528', '212', '584', '245', '162', '471', '31', '178', '727', '427', '767', '577', '736', '625', '473', '266', '534', '77', '268', '315', '542', '135']
['229', '480', '203', '94', '356', '588', '14', '354', '309', '519', '107', '327', '555', '357', '244', '417', '451', '87', '361', '450', '124', '316', '842', '102', '130', '606', '758', '418', '381', '774', '296', '500', '679', '438', '335']
['647', '355', '644', '163', '69', '621', '735', '478', '214', '12', '364', '52', '319', '771', '378', '129', '154', '148', '223', '805', '224', '850', '660', '790', '217', '788', '537', '565', '498', '5', '18', '137', '812', '525', '504']
['183', '599', '616', '90', '686', '458', '227', '578', '260', '398', '516', '626', '532', '782', '575', '254', '803', '564', '821', '460', '270', '113', '549', '651', '322', '38', '751', '365', '629', '806', '241', '439', '193', '809']
['533', '781', '251', '557', '585', '845', '569', '282', '505', '145', '631', '44', '20', '180', '703', '197', '144', '215', '600', '10', '343', '247', '763', '409', '706', '428', '288', '684', '192', '257', '567', '50']
['720', '108', '530', '847', '287', '248', '281', '290', '426', '598', '512', '186', '646', '408', '383', '362', '207', '718', '822', '85', '150', '156', '330', '493', '280', '819', '314', '326', '853', '26', '187', '131', '51']
['531', '372', '112', '118', '442', '276', '332', '70', '422', '635', '380', '353', '785', '486', '304', '607', '656', '366', '737', '849', '837', '657', '667', '1', '89', '470', '160', '27', '796', '497', '719', '518', '490', '3']
['711', '817', '324', '833', '184', '351', '377', '441', '658', '721', '554', '520', '573', '654', '613', '379', '835', '28', '572', '831', '544', '772', '39', '406', '602', '410', '92', '376', '561', '440', '88', '395', '204', '597']
['45', '173', '775', '677', '816', '185', '78', '795', '138', '810', '225', '807', '529', '814', '839', '484', '95', '58', '748', '553', '605', '786', '707', '681', '265', '350', '168', '329']
['778', '41', '166', '689', '543', '182', '793', '359', '571', '393', '673', '125', '170', '331', '384', '467', '734', '17', '854', '415', '210', '424', '300', '663', '731', '640', '238', '779', '158', '228', '745', '255', '830']
['547', '273', '739', '425', '127', '488', '6', '205', '67', '489', '604', '799', '752', '732', '259', '824', '465', '476', '794', '370', '754', '401', '302', '431', '4', '638', '618', '358', '846', '764', '385', '344', '374', '98']
['694', '780', '645', '390', '181', '132', '614', '240', '196', '387', '541', '808', '477', '791', '218', '642', '363', '333', '636', '318', '97', '55', '54', '683', '382', '423', '474', '452', '619', '200', '275', '522', '494', '753']
