['108', '476', '57', '484', '606', '412', '594', '462', '482', '744', '311', '52', '692', '38', '844', '552', '141', '155', '928', '709', '506', '357', '271', '904', '422']
['868', '920', '665', '15', '616', '363', '391', '525', '264', '693', '604', '0', '997', '23', '26', '949', '919', '497', '560', '54', '153', '772', '257', '303', '336']
['361', '881', '211', '427', '838', '627', '499', '649', '209', '249', '727', '250', '903', '802', '464', '222', '719', '761', '849', '855', '936', '334', '597', '469', '982']
['580', '22', '843', '892', '350', '773', '652', '28', '909', '246', '98', '981', '697', '622', '990', '815', '847', '154', '787', '968', '135', '879', '574', '955', '60']
['396', '117', '946', '488', '433', '244', '140', '617', '491', '696', '602', '518', '671', '812', '937', '940', '447', '754', '565', '913', '174', '653', '790', '329', '927']
['516', '777', '821', '988', '279', '579', '747', '977', '996', '749', '181', '758', '908', '200', '689', '781', '961', '833', '169', '549', '134', '130', '373', '865', '712']
['150', '890', '161', '886', '546', '431', '825', '873', '784', '999', '89', '788', '332', '523', '442', '355', '27', '748', '454', '296', '672', '872', '568', '513', '328']
['262', '16', '256', '173', '861', '563', '803', '599', '723', '813', '998', '160', '293', '898', '35', '318', '95', '366', '854', '175', '769', '224', '197', '628', '270']
['362', '474', '479', '151', '414', '259', '298', '566', '463', '515', '413', '47', '403', '991', '199', '351', '382', '720', '304', '84', '607', '149', '916', '551', '841']
['509', '668', '116', '926', '347', '258', '438', '380', '897', '109', '694', '792', '538', '416', '730', '274', '974', '243', '527', '724', '223', '778', '595', '14', '267']
['810', '985', '837', '763', '477', '808', '325', '101', '690', '710', '228', '30', '444', '945', '972', '987', '91', '418', '248', '480', '79', '706', '74', '289', '31']
['500', '835', '301', '212', '853', '786', '576', '299', '472', '901', '722', '453', '953', '64', '66', '234', '55', '529', '929']
['623', '10', '915', '83', '621', '466', '201', '110', '934', '48', '931', '56', '230', '620', '943']
['640', '885', '305', '313', '43', '944', '297', '381', '136', '443', '642', '253', '728', '359', '460', '585', '593', '736', '42', '71', '682', '613']
['734', '590', '65', '178', '415', '793', '404', '423', '842', '875', '120', '605', '680', '782', '339', '535', '644', '789']
['976', '399', '156', '883', '8', '3', '387', '508', '449', '737', '971', '372', '195', '745', '104', '557']
['93', '735', '820', '866', '390', '636', '857', '685', '634', '105', '954', '190', '285', '498', '377', '266', '284', '502', '564']
['180', '618', '475', '384', '21', '780', '765', '570', '646', '9', '240', '485', '429', '914', '814', '198', '282', '858', '553']
['239', '367', '905', '942', '213', '81', '302', '290', '189', '746', '970', '993', '158', '801', '138', '242', '324', '63', '817']
['648', '371', '848', '131', '584', '521', '232', '834', '504', '643', '37', '935', '356', '90']
['73', '832', '569', '768', '547', '739', '862', '713', '398', '600', '775', '18', '51', '960']
['871', '615', '819', '759', '383', '554', '132', '753', '483', '591', '524', '288', '986', '645', '630', '210', '932', '494', '596', '478', '495', '631']
['470', '260', '984', '5', '144', '882', '983', '764', '718', '809', '561', '306', '939', '572', '679', '907', '44', '846', '440', '428']
['13', '75', '207', '196', '657', '96', '448', '187', '663', '333', '379', '555', '785', '465', '994', '603', '314', '938']
['385', '458', '292', '251', '512', '327', '543', '638', '344', '360', '451', '695', '556', '481', '673', '34', '688']
['614', '326', '352', '364', '558', '237', '419', '874', '392', '911', '891', '799', '743', '345', '533', '194', '216', '884', '806', '660']
['635', '625', '157', '654', '439', '493', '368', '238', '867', '526', '53', '687', '29', '323', '966', '177', '19', '818', '11']
['97', '375', '662', '888', '767', '417', '69', '164', '828', '7', '92', '39', '125', '831', '208', '850', '179', '816']
['830', '340', '376', '133', '192', '964', '967', '958', '711', '291', '519', '203', '536', '978', '188', '206', '272', '626', '99', '411', '441', '501', '36']
['797', '917', '531', '68', '539', '588', '46', '541', '176', '601', '522']
['532', '582', '205', '456', '435', '632', '337', '139', '487', '755', '738', '420', '118', '510', '661', '457', '540', '716', '729', '4']
['587', '80', '265', '112', '6', '316', '319', '912', '708', '468', '771', '895', '783', '309', '77', '471', '952', '924', '637', '845', '950', '496', '889']
['992', '752', '182', '900', '378', '227', '762', '650', '910', '969', '795', '670', '393', '750', '951', '2', '941', '550', '864', '877', '794', '445', '684', '308']
['979', '162', '50', '851', '166', '492', '807', '218', '906', '25', '829', '589', '823', '254', '217', '677', '388', '669', '683', '88', '402', '354']
['152', '612', '779', '701', '956', '751', '405', '397', '530', '85', '113', '658', '142', '446', '300', '20', '963', '434', '49']
['567', '127', '330', '103', '268', '342', '119', '699', '659', '184', '185', '459', '17', '168', '353', '856', '33', '410']
['129', '315', '320', '424', '193', '295', '82', '452', '700', '280', '980', '86', '121', '859', '609', '989', '804', '676', '171', '145', '899']
['24', '426', '338', '461', '962', '674', '61', '507', '172', '87', '12', '437', '341', '957', '578', '58', '219', '225']
['776', '511', '598', '717', '811', '286', '583', '386', '122', '346', '241', '796', '247', '517', '933', '183', '348', '70', '544', '698', '559', '503']
['231', '59', '923', '394', '395', '370', '930', '170', '278', '757', '740', '973', '948', '401', '276']
['860', '995', '115', '62', '608', '425', '343', '32', '704', '520', '959', '220', '128', '666', '639', '78', '67', '252', '72', '94', '894']
['490', '577', '76', '143', '317', '486', '581', '893', '667', '732', '675', '406', '542', '467', '707', '839', '721']
['489', '774', '235', '349', '294', '409', '505', '408', '826', '681', '126', '548', '534', '137', '691', '229', '887', '107', '430', '678', '742', '233', '827']
['545', '269', '870', '610', '167', '733', '146', '822', '702', '918', '528', '725', '741', '148', '633', '331', '619']
['365', '840', '236', '629', '191', '102', '726', '647', '100', '374', '651']
['432', '307', '263', '656', '310', '287', '369', '1', '421', '389', '880', '226', '922', '756', '686', '715']
['204', '575', '255', '221', '664', '245', '705', '766', '111', '436', '283']
['407', '281', '714', '805', '450', '358', '455', '798', '876', '925', '586', '215', '902', '186', '836', '114', '947', '703', '878', '641', '896', '273', '731', '40']
['123', '214', '400', '760', '824', '852', '573', '165', '277', '106', '261', '322', '321', '592', '45', '163', '965', '514', '791']
['611', '921', '202', '562', '41', '275', '312', '124', '335', '770', '863', '655', '975', '147', '624', '869', '473', '159', '571', '537', '800']
