['148', '760', '247', '169', '91', '633', '450', '474', '355', '161', '654', '535', '388', '643', '400', '662', '354', '183', '284']
['508', '460', '78', '420', '251', '165', '387', '375', '320', '80', '117', '370', '446', '434', '208', '606', '407', '534', '9', '179']
['378', '14', '309', '619', '312', '146', '185', '495', '819', '487', '571', '96', '506', '158', '536', '721', '621', '466', '239', '589', '52']
['98', '631', '5', '593', '244', '773', '504', '391', '706', '574', '49', '128', '479', '230', '254', '538', '770', '666', '132', '321', '679', '255']
['712', '372', '145', '302', '808', '727', '777', '11', '413', '289', '147', '282']
['739', '645', '164', '762', '338', '630', '8', '253', '734', '478', '296', '810', '123', '542', '76', '601', '373']
['156', '790', '467', '759', '57', '510', '356', '821', '336', '674', '741', '547', '215', '240', '731', '120']
['365', '527', '97', '59', '796', '461', '629', '58', '194', '751', '242', '771', '570', '280', '448', '295', '323', '704']
['572', '366', '173', '275', '520', '342', '650', '416', '218', '258', '327', '624', '112', '676', '116', '63', '219', '832']
['583', '785', '533', '386', '310', '405', '89', '503', '839', '688', '454', '640', '143', '314', '560', '794', '28', '512', '23']
['622', '627', '700', '458', '313', '214', '37', '187', '615', '429', '502', '55', '261', '419', '440', '827', '274', '337', '804', '33', '703', '501', '212']
['836', '551', '563', '490', '733', '764', '13', '825', '648', '604', '246', '493', '826', '567', '90', '710']
['781', '705', '787', '449', '663', '431', '155', '294', '65', '328', '800', '150', '635']
['357', '133', '193', '737', '439', '72', '545', '396', '281', '634', '350', '6', '579', '339', '67', '831', '603', '453']
['188', '264', '241', '605', '647', '526', '746', '833', '749', '752', '223', '224', '437', '250']
['797', '131', '818', '26', '714', '798', '695', '586', '402', '47', '671', '558', '678', '472', '167', '459', '287', '319', '374']
['303', '745', '438', '144', '548', '658', '575', '360', '513', '673', '667', '53', '418', '803', '652', '485']
['353', '565', '43', '142', '486', '730', '135', '62', '696', '598', '234', '92', '524', '377', '468']
['21', '476', '699', '811', '549', '231', '529', '597', '698', '125', '637', '769', '687', '293', '814', '45', '71', '277', '725', '56', '105', '245', '436', '265']
['326', '616', '0', '412', '36', '115', '107', '735', '154', '25', '197', '139', '830', '732', '433', '163', '379', '217', '515', '585', '628', '612', '269', '347']
['69', '588', '441', '262', '661', '300', '748', '136', '820', '122', '755', '157', '726', '511', '491']
['318', '257', '308', '362', '763', '557', '341', '670', '795', '22', '51', '728', '385', '351', '656', '184', '561', '331', '100', '249']
['190', '817', '229', '19', '87', '119', '64', '389', '306', '789', '445', '291', '301', '368', '181', '537']
['822', '248', '463', '668', '345', '41', '175', '525', '225', '189', '599', '708', '483']
['127', '482', '573', '805', '738', '516', '778', '398', '584', '456', '329', '638', '519', '786', '772', '111', '625', '177', '3', '95']
['228', '292', '66', '784', '384', '44', '283', '665', '75', '802', '546', '153', '273', '46', '677', '776', '711']
['278', '582', '168', '766', '743', '595', '451', '720', '304', '543', '77', '395', '235', '591', '835', '276', '471', '68', '88', '813']
['160', '297', '266', '79', '346', '774', '609', '83', '653', '411', '806', '35', '221', '141', '765', '322', '655', '124', '12', '717', '285', '417']
['50', '138', '271', '828', '509', '481', '657', '397', '592', '382', '701', '222', '518', '335', '723', '316']
['361', '757', '330', '415', '4', '109', '457', '84', '680', '298', '564', '359']
['707', '48', '270', '596', '54', '279', '569', '432', '371', '207', '263', '182', '42', '199', '74', '401', '363', '114', '702', '140', '408']
['30', '464', '414', '435', '686', '290', '180', '383', '581', '758']
['639', '428', '305', '151', '488', '829', '489', '532', '715', '171', '838', '2', '522', '694', '206', '600']
['134', '523', '636', '553', '768', '85', '779', '227', '106', '7', '32', '469', '198', '210', '424', '587', '664', '195', '364', '196']
['682', '646', '243', '556', '81', '200', '17', '642', '427']
['233', '344', '681', '602', '390', '552', '178', '791', '530', '149', '159', '324', '709', '204']
['521', '443', '809', '203', '497', '352', '38']
['753', '317', '110', '792', '782', '259', '102', '632', '644', '406', '216', '201', '761', '641', '480', '311', '209', '514', '404', '238', '475', '442', '498', '232', '767', '685']
['10', '614', '823', '608', '697', '554', '566', '550', '815', '307', '683', '452', '376']
['393', '268', '722', '517', '422', '31', '590', '465', '444', '607', '70', '349', '399', '191', '649', '86', '470', '528']
['783', '754', '192', '27', '484', '724', '256', '226', '618', '747', '315', '540', '392', '343', '716', '340', '288', '562', '211', '496']
['462', '507', '172', '744', '137', '260', '577', '675', '473', '103']
['684', '692', '492', '594', '381', '369', '807', '20', '447', '121', '394']
['18', '580', '129', '788', '689', '793', '108', '626']
['539', '824', '500', '799', '213', '358', '651', '756', '623', '104', '780', '332', '334', '24', '113', '613']
['118', '176', '348', '559', '816', '691', '455', '29', '421', '576', '409', '82', '660', '620', '477', '202', '410', '617', '729', '713', '423', '426', '837', '578', '272', '499', '425']
['40', '267', '152', '531', '61', '740', '186', '174', '555', '237', '544', '15', '505', '430', '170', '130', '99', '286', '1', '718']
['541', '568', '775', '205', '220', '834', '60', '494', '166', '380', '610', '94', '611']
['252', '325', '812', '693', '750', '403', '39', '690', '236', '93', '801', '73', '126', '719', '736', '101']
['367', '162', '34', '672', '299', '742', '16', '333', '659', '669']
