['505', '598', '607', '188', '790', '460', '678', '687', '445', '39', '664', '818', '141', '23', '820', '608', '934', '875', '550', '237', '584', '321', '397', '192', '886', '766', '131', '105', '530', '683', '610', '814', '3', '512']
['173', '781', '557', '841', '430', '513', '620', '525', '889', '100', '89', '169', '335', '824', '759', '428', '47', '279', '858', '269', '815', '698', '668', '597', '248', '835', '117']
['561', '236', '462', '479', '257', '198', '201', '58', '699', '933', '180', '377', '939', '154', '540', '149', '313', '381', '569', '907', '407', '113', '765', '898', '663', '404', '15', '829', '700', '873', '306', '266', '31']
['179', '846', '568', '72', '400', '225', '801', '93', '522', '276', '545', '285', '571', '635', '833', '594', '290', '556', '642', '644', '838', '686', '783', '927', '186', '347', '895', '900', '441', '178', '44', '515']
['130', '127', '338', '880', '656', '959', '585', '142', '921', '438', '910', '132', '948', '486', '960', '897', '40', '55', '228', '834', '744', '330', '51']
['41', '435', '340', '901', '231', '163', '252', '390', '108', '241', '391', '379', '524', '364', '73', '904', '484', '101', '712', '521', '613', '307', '776', '32', '277', '756', '359', '103', '739', '723', '467', '412']
['33', '367', '928', '325', '747', '751', '738', '736', '2', '729', '294', '817', '701', '600', '544', '795', '36', '565', '387', '125', '405', '468', '953', '836', '763', '251', '80', '114', '402', '477', '778', '476', '206', '823', '66']
['871', '18', '662', '79', '109', '6', '719', '709', '447', '944', '589', '590', '945', '881', '339', '705', '536', '541', '273', '560', '647', '707', '75', '480', '673', '12', '240', '805', '727', '943', '205', '734', '16', '350', '282', '166']
['549', '627', '704', '453', '626', '461', '371', '582', '431', '650', '660', '153', '564', '533', '343', '227', '220', '938', '144', '200', '502', '665', '667', '671', '887', '449', '563', '612', '96', '263', '930']
['645', '937', '362', '924', '289', '317', '124', '245', '48', '168', '464', '537', '713', '786', '43', '648', '822', '912', '59']
['398', '721', '599', '506', '806', '162', '862', '95', '731', '831', '947', '490', '562', '596', '757', '685', '940', '70', '49', '680', '917', '34', '669', '366', '856', '155', '949', '958', '724', '143', '164', '346', '11', '175', '611']
['909', '71', '529', '868', '126', '527', '559', '288', '796', '358', '410', '722', '299', '310', '851', '951', '137', '842', '681', '601', '726', '204', '77', '946', '543', '99', '574', '300', '638', '798', '500']
['956', '280', '436', '297', '344', '693', '424', '516', '444', '439', '78', '429', '56', '226', '332', '915', '878', '349', '372', '779', '950', '716', '932', '312']
['760', '83', '832', '209', '625', '616', '690', '378', '94', '554', '799', '809', '551', '737', '207', '320', '261', '503', '272', '181', '850', '491', '539', '691', '342', '224', '121', '370', '69', '499', '86', '509']
['812', '265', '578', '123', '903', '24', '27', '643', '345', '526', '586', '745', '852', '10', '495', '74', '138', '218', '863', '291', '708', '76', '677', '256', '90', '262', '911', '357', '628', '323', '651', '876']
['264', '336', '913', '295', '5', '884', '165', '448', '324', '328', '614', '908', '695', '293', '769', '267', '393', '271', '517', '696', '844', '253', '777', '853', '403', '782', '892', '118', '572', '773', '9', '843']
['942', '120', '351', '38', '519', '191', '275', '845', '392', '935', '115', '450', '327', '507', '580', '511', '216', '128', '577', '319', '804', '637', '675', '421', '634', '466', '488', '941', '210', '899', '914', '797', '890', '301']
['618', '274', '794', '788', '326', '492', '22', '849', '26', '52', '334', '415', '311', '284', '606', '918', '508', '305', '775', '57', '595', '337', '785', '587']
['296', '583', '636', '482', '641', '401', '373', '215', '623', '489', '365', '639', '42', '106', '538', '725', '122', '268', '711', '730', '715', '646', '807', '437', '657', '354', '454', '46', '483', '501', '4']
['931', '811', '768', '375', '152', '593', '278', '255', '8', '129', '247', '418', '356', '922', '281', '520', '369', '547', '384', '425', '661', '98', '581', '322', '21', '837', '376', '615']
['674', '471', '546', '197', '67', '136', '145', '260', '654', '954', '697', '762', '567', '413', '575', '463', '879', '411', '629', '869', '111', '504', '830', '195', '816', '531', '110']
['840', '146', '259', '955', '952', '457', '475', '588', '839', '720', '649', '666', '170', '826', '792', '791', '84', '676', '548', '408', '487', '682', '235', '107', '314', '91', '859', '243', '732']
['230', '848', '174', '874', '534', '784', '857', '735', '329', '17', '532', '573', '68', '63', '787', '821', '813', '692', '767', '860', '217', '717', '854', '361', '242', '232', '893', '780', '866', '478', '603', '746', '156', '923', '212', '652']
['287', '85', '808', '202', '670', '472', '605', '891', '380', '396', '861', '427', '755', '167', '819', '30', '62', '872', '552', '221', '659', '199', '60', '473', '865', '360', '219', '283', '579', '916', '749', '718', '419']
['395', '510', '906', '528', '684', '883', '443', '870', '158', '196', '743', '761', '172', '740', '658', '190', '771', '446', '553', '386', '703', '810', '622', '0', '176']
['88', '619', '714', '867', '185', '456', '894', '29', '161', '764', '803', '733', '54', '710', '394', '902', '542', '238', '151', '355', '177', '214', '558', '750', '458', '37', '258', '315', '183', '303', '905', '213', '7', '25', '406', '292', '929']
['434', '134', '389', '653', '316', '148', '882', '194', '474', '926', '592', '254', '417', '348', '53', '249', '877', '694', '159', '208', '802', '309', '688', '92', '182', '187', '64', '104', '847', '426', '602', '655', '888', '609', '679']
['234', '388', '382', '455', '363', '793', '1', '318', '754', '184', '87', '535', '469', '304', '433', '102', '633', '753', '203', '496', '432', '741', '302', '570', '233', '630']
['20', '250', '246', '135', '160', '957', '35', '119', '523', '211', '82', '459', '604', '770', '631', '112', '239', '331', '702', '193', '147', '442', '493', '566', '451', '270', '298', '576', '885', '19', '789', '157', '65', '800', '385', '774', '13', '772']
['244', '689', '465', '728', '481', '452', '514', '171', '308', '494', '333', '150', '591', '828', '399', '133', '140', '485', '864', '341', '440', '752', '925', '555', '229', '920', '518', '223', '936', '14', '827', '61', '632', '353', '470', '50']
['222', '286', '139', '498', '189', '116', '420', '758', '617', '423', '640', '825', '672', '409', '352', '416', '97', '855', '422', '919', '28', '368', '742', '383', '497', '81', '45', '748', '414', '706', '374', '624', '621', '896']
