['135', '450', '999', '738', '313', '838', '197', '663', '515', '219', '321', '55', '447', '704', '271', '83', '940', '554', '531', '322', '559', '452', '382', '926', '305', '367', '204', '865', '553', '911', '836', '567', '63', '388', '986', '181', '898', '276', '263']
['541', '577', '227', '463', '876', '446', '158', '59', '323', '131', '65', '573', '79', '927', '61', '68', '275', '575', '650', '380', '1', '761', '206', '817', '163', '107', '189', '722', '231', '941', '148', '475', '173', '562', '86', '224']
['995', '779', '448', '493', '968', '454', '479', '100', '404', '353', '270', '284', '396', '186', '603', '18', '295', '801', '39', '610', '15', '524', '881', '165', '202', '769', '858', '800', '708', '111', '496', '340']
['378', '895', '929', '94', '615', '962', '745', '768', '169', '31', '419', '545', '806', '481', '661', '207', '557', '332', '95', '790', '30', '64', '915', '239', '956', '804', '240', '168', '487', '352', '370', '397', '228', '959', '98', '839', '677', '866', '150', '473', '151', '506']
['422', '502', '434', '780', '278', '164', '76', '316', '376', '229', '335', '793', '54', '12', '26', '183', '698', '533', '954', '931', '89', '534']
['864', '196', '501', '195', '910', '410', '453', '612', '699', '551', '342', '880', '237', '48', '460', '644', '792', '178', '274', '969', '825', '601', '392', '756', '467']
['785', '887', '576', '908', '525', '784', '848', '2', '360', '121', '52', '401', '771', '921', '381', '361', '782', '820', '543', '203', '938', '936', '285', '939', '269', '684', '47', '808', '390', '469', '351', '770', '287', '457', '433', '480', '971', '818']
['773', '137', '925', '523', '529', '568', '356', '875', '725', '860', '648', '160', '904', '632', '658', '816', '686', '211', '749', '851', '833', '143', '443', '690', '620', '431', '951', '679', '966', '134', '734', '613']
['592', '437', '873', '90', '109', '946', '215', '857', '657', '485', '53', '961', '424', '705', '327', '710', '416', '482', '719', '325', '549', '23', '172', '666', '578', '560', '363', '822', '359', '162', '210', '383', '175', '492', '805']
['317', '617', '140', '339', '330', '570', '141', '84', '304', '125', '717', '546', '445', '190', '695', '713', '556', '232', '878', '22', '988', '118', '802', '222', '10', '662', '429', '748', '616', '574', '720', '631', '104', '11', '952', '387', '972', '261', '28', '781', '216', '555', '527', '194']
['803', '522', '863', '594', '426', '333', '128', '777', '736', '176', '894', '746', '91', '33', '892', '193', '115', '671', '394', '918', '517', '542', '692', '867', '565', '44', '440', '385', '442', '642', '731', '246', '920', '582', '535', '147']
['471', '297', '890', '739', '775', '604', '689', '983', '947', '673', '990', '996', '824', '119', '799', '807', '937', '655', '279', '893', '584']
['884', '651', '465', '724', '845', '973', '254', '809', '712', '912', '751', '259', '200', '71', '588', '665', '891', '408', '849', '185', '977', '167', '315', '58', '199', '19', '950', '853']
['672', '716', '180', '564', '753', '153', '87', '741', '874', '120', '776', '510', '60', '667', '73', '8', '743', '870', '14', '421', '62', '308', '750', '879', '472', '154', '407', '267', '420', '294', '324', '758', '350', '852']
['142', '379', '660', '250', '649', '519', '602', '796', '357', '398', '614', '191', '127', '764', '130', '913', '897', '668', '700', '312', '619', '978', '436', '217', '411', '512', '334', '842', '544', '518', '955', '368', '664', '152', '646']
['670', '354', '645', '341', '520', '786', '787', '226', '283', '69', '288', '309', '998', '198', '74', '468', '811', '862', '101', '789', '934', '343', '234', '694', '641', '364', '331', '155', '251', '233']
['123', '7', '844', '498', '29', '423', '536', '732', '310', '103', '34', '249', '40', '75', '50', '464', '987', '417', '896', '314', '277', '43', '979', '490', '901', '586', '477']
['605', '827', '78', '296', '156', '596', '653', '548', '5', '449', '403', '503', '432', '85', '347', '944', '907', '105', '145', '609', '622', '24', '266', '384', '696', '526', '291', '933', '112', '290', '948']
['16', '903', '967', '184', '495', '974', '93', '157', '726', '461', '319', '681', '0', '146', '783', '81', '201', '997', '389', '49', '964', '6', '252', '514', '92', '124', '991', '418', '869']
['494', '639', '286', '714', '539', '230', '235', '953', '835', '374', '372', '214', '35', '883', '815', '126', '486', '45', '754', '943', '837', '993', '583', '587', '179', '223', '701', '861', '595', '683', '405', '885', '56', '4', '571', '365']
['706', '113', '326', '292', '282', '3', '393', '289', '117', '42', '960', '187', '188', '675', '280', '886', '762', '532', '177', '626', '138', '850', '166', '425', '742', '358', '856', '27', '509', '841', '899', '737', '299', '116', '395', '253', '456']
['272', '821', '652', '301', '599', '409', '855', '489', '759', '205', '774', '729', '300', '709', '268', '462', '772', '697', '21', '654', '144', '139', '636', '916', '922', '702', '238', '634', '928', '591', '703', '791', '72', '755', '552', '41']
['225', '88', '715', '242', '923', '985', '348', '328', '752', '581', '511', '970', '355', '412', '9', '293', '810', '958', '597', '942', '975', '994', '362', '257', '218', '538', '441']
['625', '580', '427', '413', '607', '212', '693', '917', '537', '504', '122', '476', '659', '329', '444', '707', '963', '439', '320', '400', '488', '82', '868', '338', '336', '281', '624']
['877', '521', '669', '718', '618', '236', '244', '906', '798', '428', '747', '399', '133', '763', '854', '572', '981', '905', '318', '311', '455', '823', '765', '136', '589', '102', '957', '459']
['516', '306', '930', '256', '733', '778', '129', '902', '110', '108', '373', '924', '814', '508', '192', '499', '303', '829', '819', '307', '909', '656', '366', '344', '208', '161', '245', '760', '767', '832', '255', '859', '258', '992', '647']
['788', '563', '730', '302', '766', '813', '794', '349', '831', '797', '17', '540', '430', '637', '643', '744', '505', '435', '260', '513', '174', '561', '558', '847', '630', '402', '579', '264']
['337', '247', '406', '159', '484', '438', '872', '828', '97', '691', '106', '170', '982', '414', '629', '593', '528', '635', '566', '369', '209', '623', '182', '99', '470', '846', '757', '478', '826', '640', '965', '633']
['721', '889', '458', '676', '830', '67', '386', '220', '114', '627', '888', '491', '621', '57', '945', '20', '843', '600', '391', '735', '51', '678', '932', '149', '298', '32', '727', '882', '680', '248', '900', '949', '66', '46', '451', '221', '497', '812', '96', '13', '688', '976']
['585', '740', '500', '569', '611', '674', '273', '345', '834', '415', '795', '530', '989', '628', '80', '682', '935', '36', '984', '132', '606', '608', '377', '474', '598', '262', '638']
['840', '590', '375', '507', '547', '371', '980', '723', '37', '70', '241', '871', '685', '914', '346', '687', '25', '243', '466', '550', '171', '483', '711', '38', '77', '919', '728', '213', '265']
