['370']
['790']
['372', '74', '932', '596']
['768', '941', '745']
['30', '360', '446', '611', '759']
['581', '194']
['133']
['82', '801']
['467', '7', '577', '127']
['513', '719', '253', '549']
['48', '834', '351', '774', '275', '347']
['192', '973', '68']
['629', '758', '26', '362', '918']
['151', '483', '320']
['597', '766', '836', '329']
['771', '505', '652', '458']
['112', '587', '43']
['769']
['319', '524', '225', '393']
['890', '103']
['708', '717']
['120', '482']
['226', '839']
['984', '201']
['487', '800', '309']
['903', '426', '650']
['177', '931', '354']
['732', '282', '456']
['773']
['413']
[]
['126', '589']
[]
['724', '105', '286']
['762', '499']
['964', '489', '174']
['464', '427', '922']
['99', '459', '40', '355', '290']
['603', '636', '205', '410']
['214', '797', '441']
['234']
['537', '17']
['486', '657', '491', '306', '863']
['52']
['948', '727']
['702', '442']
['760', '729']
['400', '743', '923', '208']
['371', '788', '304', '289', '235']
['690', '756', '392', '937', '23']
['807', '84']
['784', '953', '34']
['390', '340', '202', '380']
['615', '949', '529', '641', '955']
['820', '876', '539', '87', '11']
['470', '20', '266', '429', '249', '271']
['219', '574', '656', '663']
['405']
['256', '547', '786', '671']
['925', '485', '920', '31', '564', '583']
['479', '555', '588', '612', '215', '514']
['905', '763', '888', '222', '571', '310']
['180', '843']
[]
['692', '307', '938', '630', '27']
['468', '448', '25', '260']
['121']
['907', '614', '525']
['845', '297', '986']
['375', '412', '451']
['75', '565', '935']
['471']
[]
['206', '361', '854', '541', '51']
['367']
['730', '707']
['245', '276', '882']
['655']
['645', '145', '647', '751']
['496', '337']
['714', '57', '348']
['317', '336']
['240', '142']
['24', '113', '284', '508']
['516', '176']
['115', '172', '946', '952', '369', '532']
['116']
['704', '437']
['908', '531', '536']
[]
['358']
['673']
['403', '609', '991', '406']
['344', '590']
[]
['668', '379']
['974', '55', '604']
['237', '643', '64']
['138', '681']
['280', '754']
['959']
['798', '693', '667']
['207']
[]
['50', '853', '477']
['104', '694', '869', '29', '622']
['833', '257', '494', '518']
['672']
['930', '435', '312']
['987', '155', '895']
['723', '129', '433', '757']
['568']
['391', '837', '847']
['158', '233', '709', '125']
['36', '849', '152', '72']
['76', '170', '346', '56', '110']
['447', '166', '512']
['261', '785', '199', '139', '897', '799']
['894', '288', '752', '628', '910']
['156', '273', '860']
['193', '572', '548', '739']
['98', '377', '660', '634']
['298', '795']
[]
['687', '22', '432']
['963', '332', '738']
['232', '956', '904']
['855', '591', '334']
['703', '972', '455']
['178', '140', '943', '990']
[]
['977']
['699', '13', '137', '131', '978']
['649']
['197']
['624', '664']
['872']
['705', '921', '173']
['153', '195', '958', '684']
['335', '696', '268']
['740', '685']
['782', '653', '415', '66', '510', '454']
['579', '856', '318', '715']
[]
['605', '324', '378', '341']
['700', '404', '8']
['190', '535']
['85', '9']
['809', '530', '428']
['259', '323', '618']
['776', '746', '54']
['474']
['617', '686', '28', '815']
['141', '157', '422']
['328', '95']
['954', '546']
['210', '712', '906']
[]
['305']
['300', '507', '942']
['637', '45']
['495', '599', '898', '492', '338']
['171', '960', '983', '638', '831']
[]
['503', '821']
['466', '997', '765']
['822', '58', '241', '292', '86', '216', '480']
['675', '353']
['167', '706', '314', '840']
['570', '122', '891', '677']
['886', '213', '965']
['976', '793', '506', '322', '35', '438']
['63', '285', '408']
['2', '154', '248']
['808', '970']
['345', '871']
['440', '538', '65', '247']
['204', '315']
['642', '523', '526', '101', '183']
['291', '299']
['163', '498', '484']
['313', '559', '263']
['434', '402', '713', '753']
['698', '674']
['94', '901', '711', '224', '61', '217']
['111', '462', '985']
['936', '407', '632', '870', '220', '830', '164']
['654', '452']
['211', '967']
['576', '97', '107', '996', '265']
['733', '679']
['488', '562', '10', '892', '750']
['316', '509', '551', '826', '811', '792', '123', '885']
['982', '450', '389']
['339', '21', '381', '501']
['893', '689', '73']
['701', '497', '14']
['330', '147', '825']
['416', '359']
['19', '767', '91', '981']
['521', '631', '858', '384']
['627', '625', '586', '916']
['212', '246', '683']
['106', '89', '520']
[]
['582', '67', '287', '187', '420', '666']
['896', '356', '951', '159', '59', '816']
['841', '585', '449', '146', '691']
['755', '623', '593', '633']
['374', '777', '909', '283', '626', '301', '161', '592', '169', '880', '227']
['573', '18', '47', '418', '37']
['148', '874', '915', '325', '343', '900', '218']
['444', '902', '376', '38', '71']
['971', '209', '179']
['802', '243']
['940', '387', '912']
['80', '992', '490', '258', '995']
['828', '251']
['813', '124', '731']
['32', '620', '749']
['865', '93', '221', '868', '267']
['928']
['778', '242', '228', '383', '542', '277']
['469', '424', '561']
['425', '419']
['598', '230', '818']
['108', '607', '682']
['417', '929', '669', '395']
['46', '823', '772', '544', '132', '540']
['472', '4', '357']
['33', '398', '500', '639']
['504']
['945', '16', '352']
['927', '349', '519']
['924', '779', '979', '857']
['552', '803']
['493', '812']
['852', '968', '327']
['670']
['635', '295', '364']
['396', '695', '264']
['575', '463', '12']
['188', '842', '100', '550', '366']
['781', '867', '119']
['294', '806', '722', '385']
['445', '279', '566']
['255', '382', '545']
['136', '102']
['465', '399', '966', '184']
['718', '92', '676']
['744', '899']
['333', '741', '827', '303', '517']
['835', '710', '829', '236', '560']
['911', '606', '165']
['844']
['859', '736']
['848', '969', '3']
['563', '254', '569']
['658', '118']
['81', '528']
['557', '185']
['42', '608', '134']
['646', '881']
['143', '274', '601', '616']
['864', '947']
['651', '350', '862']
['321', '962', '475']
['363', '879', '244', '436']
['846', '281', '742']
['386']
['302', '453']
['851', '678', '883', '567']
['77', '461', '889', '181']
['478']
['262', '980', '819', '229']
['88', '150']
['716', '720', '594']
['761', '160', '914']
['961', '53', '238', '278']
['595', '770', '414']
['200', '619', '556', '584']
['223', '502']
['394', '688', '725', '421', '70']
['128', '933', '764', '511', '662', '794', '473', '734']
['553', '342']
['913', '41']
['737', '832', '665']
['431', '621', '861', '926', '814']
['866', '44']
['988', '721', '96']
['191']
[]
['196', '661']
['817', '944', '269', '423', '175', '875', '975']
['481', '697', '239']
['735', '783', '69', '162']
['409', '527']
['78', '117', '534']
['533']
['15', '460', '610']
['934']
['780', '457', '824']
['296', '659', '950', '231']
['39', '578']
['250', '957', '144', '919', '989', '83', '775']
['558']
[]
['878', '60', '726']
['365', '62', '602', '939']
['796', '789']
['476']
['0', '331', '272']
['293', '311', '308', '805']
['680', '49']
['648', '5']
['130', '252', '600']
['522', '401']
['186', '613']
['270', '411', '554', '850']
['873', '373', '114', '791']
['90', '728', '580', '748', '397', '515']
['79', '1', '182']
['994']
['149', '887', '443']
['189', '787', '168', '810']
['747']
['877', '993', '6', '543', '640', '430']
['838', '644', '135']
['884']
['326', '203', '804']
['368', '109', '198', '439']
['388', '917']
