['240', '158', '781', '758', '842', '632', '579', '312', '538', '241', '855', '153', '422', '900', '95', '12', '526', '146', '70', '441', '881', '652', '325', '959', '289', '16', '104', '188', '708', '66', '763', '279']
['466', '120', '666', '171', '435', '550', '609', '317', '926', '366', '915', '65', '770', '877', '454', '796', '150', '224', '657', '753', '438', '696', '305', '760', '597', '532', '436', '55', '137', '369', '392', '376']
['384', '29', '116', '175', '647', '570', '851', '740', '449', '482', '521', '129', '711', '234', '50', '177', '363', '107', '42', '917', '390', '477', '318', '883', '184', '33', '824', '742', '322', '172', '185', '673']
['586', '837', '513', '144', '693', '674', '344', '469', '204', '51', '554', '82', '497', '807', '183', '774', '202', '80', '358', '927', '772', '614', '445', '548', '776', '196', '417', '17', '69', '833', '285', '906']
['520', '958', '263', '47', '701', '484', '480', '114', '933', '726', '382', '176', '496', '127', '773', '284', '699', '567', '88', '254', '515', '294', '680', '825', '640', '596', '683', '166', '762', '427', '283', '45']
['163', '1', '649', '794', '217', '885', '19', '697', '598', '341', '529', '333', '164', '73', '745', '655', '857', '260', '197', '771', '556', '953', '77', '557', '408', '748', '208', '769', '6', '813', '648', '115']
['862', '676', '256', '552', '819', '295', '779', '14', '798', '815', '462', '841', '218', '103', '604', '921', '537', '903', '867', '689', '229', '488', '97', '661', '165', '620', '621', '432', '76', '64', '494', '334']
['524', '522', '223', '511', '181', '954', '83', '501', '368', '956', '669', '923', '723', '822', '788', '464', '39', '380', '258', '30', '899', '907', '190', '105', '320', '191', '583', '286', '826', '542', '778', '455']
['374', '272', '789', '94', '797', '267', '829', '20', '154', '878', '364', '367', '25', '566', '68', '457', '719', '929', '56', '22', '235', '444', '635', '130', '87', '728', '945', '551', '282', '844', '337', '178']
['582', '935', '955', '474', '498', '920', '710', '755', '407', '215', '932', '601', '426', '553', '713', '896', '476', '122', '308', '619', '817', '856', '731', '939', '783', '230', '244', '378', '818', '618', '481', '637']
['265', '872', '909', '343', '519', '152', '961', '149', '950', '140', '298', '72', '483', '633', '749', '671', '160', '431', '379', '738', '247', '918', '848', '338', '173', '316', '587', '810', '377', '766', '562', '561']
['707', '831', '765', '605', '863', '847', '58', '302', '268', '658', '887', '314', '764', '811', '912', '310', '644', '387', '686', '90', '694', '913', '890', '838', '563', '820', '914', '475', '168', '757', '63', '737']
['321', '428', '134', '393', '355', '209', '717', '192', '85', '512', '399', '750', '527', '944', '389', '473', '440', '91', '791', '603', '459', '668', '57', '523', '214', '342', '884', '100', '470', '700', '26', '865']
['569', '905', '500', '330', '273', '182', '35', '81', '845', '281', '685', '940', '452', '99', '395', '546', '629', '898', '495', '814', '352', '684', '539', '549', '924', '370', '653', '630', '859', '313', '471', '219']
['299', '155', '608', '309', '682', '252', '253', '410', '329', '276', '943', '89', '714', '211', '300', '195', '834', '687', '24', '780', '574', '808', '698', '947', '301', '547', '362', '908', '725', '169', '942', '575']
['828', '48', '439', '641', '882', '610', '401', '599', '28', '118', '775', '564', '383', '353', '458', '287', '761', '151', '843', '145', '876', '31', '117', '540', '288', '170', '613', '0', '727', '785', '506', '901']
['559', '656', '667', '93', '576', '242', '419', '36', '624', '243', '5', '292', '451', '124', '37', '645', '873', '902', '606', '133', '373', '510', '840', '541', '821', '493', '412', '375', '351', '792', '405', '328']
['193', '767', '61', '746', '638', '54', '503', '724', '233', '200', '934', '453', '157', '853', '236', '403', '257', '509', '718', '262', '895', '870', '573', '936', '957', '296', '365', '75', '889', '59', '517', '930']
['894', '704', '868', '413', '206', '270', '210', '259', '622', '664', '203', '27', '720', '588', '611', '96', '179', '293', '156', '356', '492', '625', '332', '741', '123', '602', '534', '147', '161', '345', '502', '386']
['691', '128', '416', '411', '359', '348', '277', '910', '468', '78', '733', '531', '709', '860', '304', '250', '679', '830', '784', '544', '121', '827', '695', '558', '110', '675', '327', '32', '429', '46', '397', '592']
['398', '880', '485', '423', '216', '777', '589', '581', '361', '672', '518', '249', '490', '732', '803', '478', '514', '866', '189', '839', '44', '616', '703', '949', '662', '220', '167', '690', '874', '805', '650', '222']
['886', '43', '290', '891', '424', '636', '323', '136', '806', '237', '850', '463', '893', '623', '3', '109', '340', '86', '572', '578', '751', '677', '434', '306', '141', '593', '162', '102', '255', '4', '600', '49']
['372', '394', '888', '565', '246', '388', '239', '199', '23', '504', '52', '41', '670', '804', '643', '228', '951', '448', '71', '406', '730', '226', '743', '752', '615', '402', '654', '634', '297', '186', '159', '928']
['385', '952', '248', '138', '612', '651', '450', '465', '631', '585', '421', '275', '187', '931', '681', '415', '2', '307', '391', '734', '106', '663', '232', '7', '530', '528', '53', '280', '34', '756']
['871', '336', '92', '706', '251', '911', '319', '491', '508', '205', '946', '795', '835', '433', '278', '904', '869', '646', '790', '816', '274', '339', '381', '221', '472', '580', '854', '40', '721', '897', '430']
['420', '628', '125', '404', '135', '400', '371', '812', '456', '919', '38', '960', '67', '9', '568', '836', '8', '238', '499', '269', '595', '101', '617', '705', '747', '591', '425', '271', '396']
['861', '10', '849', '875', '577', '759', '74', '143', '142', '442', '729', '111', '486', '79', '198', '543', '174', '227', '207', '418', '879', '461', '665']
['326', '108', '678', '590', '335', '892', '916', '736', '180', '245', '852', '832', '11', '525', '131', '823', '925', '479', '642', '261', '715', '349', '782', '446', '627', '800', '60', '194', '324', '533', '132']
['712', '126', '231', '639', '744', '487', '688', '331', '437', '201', '18', '846', '303', '941', '571', '799', '291', '584', '119', '360', '560', '112', '148', '786']
['793', '626', '346', '801', '545', '516', '225', '315', '460', '659', '357', '864', '702', '113', '15', '98', '139', '802', '735', '266', '739', '536', '414', '347', '722', '84', '692']
['948', '754', '350', '62', '21', '594', '555', '212', '505', '716', '858', '489', '467', '13', '787', '768', '264', '809', '507', '922', '607', '443', '535', '213', '447', '311', '937', '660', '938', '409', '354']
