['20']
['498', '361', '176', '28', '140']
[]
['103', '460']
['241', '578']
['494', '273', '306', '164']
['242', '224']
['549', '308', '408', '209']
['46', '86', '463', '360', '524', '38']
['191', '484', '576', '189', '414', '503', '448', '475']
['128']
['21', '261']
['545']
['492', '420', '298', '369', '186']
['13', '123']
['596', '385']
['233', '56', '271', '428', '462']
['444', '37', '328', '138']
['14', '195', '74', '325', '294', '63']
['65', '341', '548']
['398', '49', '0', '352']
['221', '575', '229']
['225', '77', '293', '570', '560']
[]
['566', '161', '452', '227', '533', '148', '300']
['330', '22', '451', '18', '151']
['437', '389', '154']
['26', '424', '304']
['90', '561', '205']
['59']
['23', '332', '322', '357', '537', '439', '491']
['458', '539']
['212', '382', '143', '95', '85']
['502', '61', '515']
['553', '386', '425', '199']
['543', '496']
['68', '131', '534', '215']
['41', '236', '582']
['323', '218', '82', '404', '279']
['431', '500']
['546']
['262', '317']
['467']
['175', '351', '269', '101', '92', '402']
['307', '53', '177']
['563', '470', '552', '281']
['259', '232', '118']
['277', '340', '296']
['165']
['110', '285', '597', '450', '453']
['84']
['572', '4']
['33', '278']
['466', '54']
['25']
['511', '592', '282', '584']
['24']
['127', '157']
['380', '246', '551', '388', '541']
['508', '149', '522', '373', '527']
['318', '220', '474', '80', '153', '104']
['350', '139', '99']
['440', '577', '535', '159']
[]
['29', '3']
['406', '122']
['268', '2', '469', '50']
['523', '544', '326', '244']
['421', '70']
['69', '180']
['367', '370']
['223', '35', '286']
['554']
['107', '145', '471', '599']
['493', '58']
['272']
['7']
['239', '94', '445', '173']
['547', '384']
['461', '347']
['569', '8', '372', '478']
['133', '120']
['587', '109', '184', '354', '121', '433']
['17']
['45']
['395', '27']
['247', '485', '105', '32', '260', '266']
['194', '40', '349', '505']
['200', '111', '252', '168', '274']
['44', '155', '249', '313']
[]
['302']
['465', '538', '174', '342']
['366', '394', '521']
['251']
['6', '67']
[]
['79', '331', '134']
['509', '250', '558', '339', '230', '583']
['381', '488', '172', '529', '348']
[]
[]
['245', '62', '401', '409', '510', '574']
['407', '156', '315', '504']
['1', '320', '47', '240']
['11', '542', '150', '489']
['152', '442', '78', '392', '114']
['91', '185', '506', '108']
['106']
['413']
['556', '190', '137']
['206', '310', '483']
['231', '321']
['333', '343']
['136', '126', '393', '222']
['426', '187']
['405', '472', '237']
['520', '567']
['487']
['379']
['235', '345', '531']
['146', '283']
['228', '387', '390', '411', '96']
['267', '490']
['48', '226', '371']
['337', '19', '10', '75']
['119', '486']
['481', '516', '72']
['417', '571']
['540', '31', '532', '167']
['477']
['257', '314', '238', '447']
['182']
['287', '365', '324', '311']
['5', '196']
['363', '497', '410', '476']
['399', '71', '434', '464', '295']
['562', '495', '482']
['430', '334', '319', '459', '591']
['364', '52']
['97', '73', '124', '288']
['201']
['316', '595']
['171', '39']
['142', '589']
['265', '116', '163', '255']
[]
['362', '454']
['305', '217', '435', '243']
['526', '335']
['254', '203', '507']
['580', '204', '60']
['202', '181', '512']
['312']
['412', '9', '396', '207', '208', '391']
['353', '423', '456']
['329', '429', '359', '93', '555', '419']
['518', '579', '557', '564', '130', '135']
['455', '87', '536']
['368', '117', '258', '162']
['480', '303', '400']
['291', '284', '192']
['188', '100']
['42', '169']
['415', '299', '376', '528']
['397', '525', '197', '30']
['550', '338']
['586', '81', '327', '573']
['290']
['166']
['530', '88', '374', '427', '517']
['216', '344', '422']
['499', '346', '355']
['16', '473', '263', '129', '593']
['270', '501']
['519', '15', '66', '441', '64']
['289', '193', '446']
['559', '34', '158', '377', '160', '598', '568', '443']
['378', '514']
['98', '438', '113']
['336', '57', '36', '248', '51']
['76', '170']
['264']
['436']
['125', '102', '468', '183']
['418', '280']
['588']
['301', '213', '375', '432']
['178', '297', '55', '179']
['256', '403', '513', '43']
['565', '479']
['211']
['594', '590', '585', '581']
['416', '12']
['83']
['210', '144', '356', '253']
['198', '219', '292']
['275', '309', '449', '276', '141', '115']
['89', '457', '358', '214']
['147', '112', '234', '383', '132']
