['738', '821', '963']
['718', '418', '348', '60', '345', '134', '960']
['572', '657', '161', '596', '321']
['669', '646', '853', '319', '304', '368', '140']
['536', '93', '159']
['100', '722', '290']
['209', '112', '916', '347', '947', '930']
['630', '580', '372']
['70', '544', '177']
['487', '704', '185', '413']
['875', '208', '586', '473', '645']
['199', '763']
['525', '819', '880', '807']
['454', '16', '441', '531']
['626', '279', '555', '935', '155', '505']
['170', '477', '765', '486']
['758', '623', '257', '373']
['276', '190', '94', '568', '34']
['212', '160', '988', '401', '923']
['849', '296', '116']
['317', '124']
['634']
['582', '329', '193', '31', '780', '64', '131']
['23', '993', '575']
['132', '781']
['764', '410']
['642', '831', '269', '67', '109', '980']
['508', '680', '315', '841', '253', '144']
['400', '984', '798', '761', '476', '386', '697']
['837', '632', '445', '325', '990']
['396', '516', '374', '866', '682', '81']
['735', '973', '84', '357', '356', '171', '92', '517', '539', '222']
['686', '852', '643', '173', '900', '68', '696']
['169', '322', '816']
['18', '123', '45', '898', '176', '223']
['464', '550', '504', '925', '975', '842']
['293', '974', '32', '730', '617']
['876', '724', '587', '719', '311']
['142', '380', '411', '911', '717', '227', '137']
['110', '337', '809', '892', '676', '367']
['614', '507', '948', '914', '873', '968', '982']
['563', '903', '151', '217', '399', '147', '996']
['25', '789', '47', '360', '901', '825', '424', '344']
['384', '636', '440', '429']
['547', '702', '662', '320', '952', '786']
['281', '334', '921']
['102', '513', '300', '797', '681', '811', '195']
['158', '944', '715', '737', '46']
['850', '349', '213']
['785', '366', '589', '828', '462', '659', '364', '87', '149']
['402', '361', '164', '896', '561', '141', '472']
['8', '810', '678', '53', '933', '391']
['953', '845', '749', '523']
['266', '886', '194', '712']
['192', '854', '746', '884', '301', '24', '387']
['95', '491', '378', '128', '342']
['868', '524', '39']
['690', '515', '243', '519', '248', '230']
['442', '571', '940', '814', '457']
['183', '469', '796', '867']
['565', '13', '433', '969', '437', '744', '427', '350', '574', '824', '61', '784', '597']
['742', '600', '98', '803', '562', '613']
['629', '289', '498', '559']
['556', '309', '927']
['663', '80', '206']
['117', '244', '152', '627', '754']
['919', '299', '534', '652', '552', '397', '88']
['197', '458', '358', '639']
['415', '76', '136', '999', '494', '446', '467']
['760', '714', '103', '143', '390', '4', '40']
['456', '631', '150']
['180', '945', '203', '307']
['30', '770']
['995', '69']
['313', '431', '820', '912']
['421', '331', '104', '235', '336', '303', '731', '2', '71']
['354', '650', '205', '689', '113']
['611', '139', '928']
['558', '700', '871', '755', '608']
['804', '959', '801', '480', '664', '412']
['931', '305', '958', '7']
['776', '648', '863', '297', '83']
['210', '482', '913', '107', '695', '479']
['725', '612', '962', '495', '766', '231', '672']
['406', '447', '979', '691', '583', '118']
['17', '894', '950', '720', '376', '943']
['352', '879', '861', '470']
['52', '874', '594', '101', '961']
['254', '616', '43', '834', '369', '365']
['599', '392', '265']
['166', '201', '214', '275', '570', '557', '970', '403', '251']
['0', '340', '618', '637', '679', '528', '579']
['246', '992', '955', '822']
['521', '788', '548', '577', '363', '127', '520']
['991', '569', '687', '234', '346', '529']
['711', '130', '461', '268', '10', '496', '292', '977', '964']
['122', '723', '625']
['221']
['826', '416', '471', '270', '813', '298']
['330', '917', '818']
['74', '3', '36', '250', '573', '256', '782']
[]
['492', '987', '881']
['490', '658', '273', '89', '174', '677', '546', '189']
['865', '775', '37', '99', '870', '420', '75', '394']
['435', '145']
['274', '38', '851', '488', '12']
['393', '383', '757']
['398', '907', '965', '54', '978']
['114', '178', '768', '954']
['501', '812', '119', '179', '543', '668']
['836', '111', '449', '422', '19']
['808', '647', '926', '168']
['219', '90', '436', '846']
['527']
['660', '942', '294', '793', '133', '326']
['328', '533', '839', '405', '620', '5']
['891', '264', '856', '466', '514', '946']
['872', '28', '971', '588', '6', '163', '653']
['165', '259', '121']
['747', '855', '184', '204', '750']
['302', '859', '15', '463', '385', '27', '666']
['138', '890', '966', '86', '260']
['468', '771', '96', '893', '58', '772', '115', '787']
['444', '713', '460', '225', '922', '967', '510', '726', '371']
['878', '590', '790', '823', '310']
['655', '542', '499', '576', '934', '417']
['267', '743', '382', '97', '481', '937']
['175', '983', '72', '465', '932', '745', '584', '370', '306', '485']
['939', '11', '63', '751', '540', '291', '972', '699', '848']
['667', '685', '829', '22']
['673', '827', '997', '716', '833']
['91', '703', '252', '186', '79', '862', '56']
['706', '554', '500', '624', '638', '767']
['656', '49', '229', '537', '455', '338']
['450', '774', '762', '51', '802', '233']
['817', '108', '484', '883', '773', '443', '236', '694']
['232', '483', '343', '688', '905', '799', '188', '258']
['897', '869', '55', '885', '414', '432', '538', '295', '156', '41', '262']
['362', '241']
['998', '172', '522', '407', '835']
['1', '355', '282', '532', '729']
['882', '752', '640', '506', '800', '604', '146']
['324', '920', '929', '778']
['674', '779', '705', '560', '936', '721', '375']
['806', '989', '957']
['239', '732', '389', '838', '451']
['50', '585', '26', '619', '924']
[]
['278', '509', '263', '474']
['286', '815', '277', '578']
['628', '915', '511']
['341', '497', '388', '887', '287', '33', '795']
['211', '153', '314', '242', '610', '976', '453', '285', '438']
['503', '858', '448', '741', '791']
['218', '135', '748', '605', '727', '148']
['191', '753', '644', '434', '736', '35', '692', '526']
['57', '423', '154', '649', '847', '607', '271', '167', '284', '237']
['709', '641', '85', '228']
['216', '683', '478']
['9', '247', '708']
['541', '288', '792']
['404', '843', '707']
['207', '759']
['316', '77']
['938', '693', '994']
['502', '581', '512']
['593', '426', '910', '220', '951', '602', '635']
['196', '339', '551']
['889', '595']
['272', '906', '654']
['621', '671', '419', '615', '981']
['182', '832', '66', '909', '21']
['857', '29', '379', '895', '425', '129']
[]
['105', '439', '918', '661']
['670', '601', '202', '567', '181', '59', '126']
['598', '592', '606', '395']
['756', '157', '902', '240']
['684', '553', '14', '740', '323']
['255', '353', '769', '226', '986']
['78', '20', '733', '956']
['48', '908', '428', '665']
['734', '308', '949', '591']
['888', '351']
['675', '860']
['82', '545', '777']
['162', '864', '566', '840', '106']
['327', '805', '430', '985', '739', '73', '62', '475']
['187']
['249']
['899', '564', '65']
['408', '518', '830']
['42', '280']
['238', '651', '261', '698', '452', '245', '877']
['44', '224', '904', '120', '283', '783']
['728', '603', '710', '549']
['941', '535', '489', '125', '409', '493', '633', '333', '622']
['215', '381', '332', '530', '318']
['701', '312', '377', '335', '844', '198', '609', '459', '794', '359', '200']
