['12', '226', '524', '220', '104', '308', '394', '35', '238', '271', '280', '286', '32', '181', '39', '173', '75', '157', '172', '472', '437', '166', '350', '568', '106', '267', '136', '200', '510', '86']
['598', '41', '31', '377', '161', '297', '485', '478', '34', '504', '343', '528', '352', '130', '301', '105', '293', '561', '519', '251', '470', '364', '531', '483', '512', '363', '123', '414', '318', '208']
['258', '140', '154', '468', '446', '45', '205', '340', '373', '259', '78', '484', '170', '591', '306', '594', '296', '461', '569']
['597', '404', '339', '71', '239', '143', '167', '378', '145', '389', '405', '250', '201', '263', '224', '424', '554', '366', '456', '295', '292', '347', '266', '74', '577']
['537', '392', '434', '302', '163', '183', '156', '3', '203', '139', '47', '260', '95', '556', '55', '453', '573', '427', '584', '435', '44', '438', '186', '141']
['102', '137', '176', '329', '23', '367', '407', '158', '550', '370', '231', '213', '278', '128', '475', '237', '357', '169', '210', '216', '477', '194', '361', '543', '413', '84', '248', '287']
['51', '522', '127', '282', '376', '439', '311', '247', '353', '513', '253', '423', '508', '72', '402', '469', '149', '583', '595', '150', '445']
['52', '527', '397', '488', '431', '191', '305', '121', '113', '62', '261', '560', '481', '588', '354', '440', '451', '426', '67', '323', '129', '76', '582', '197', '317', '7', '428', '110', '358']
['304', '91', '277', '202', '342', '450', '246', '535', '345', '521', '452', '575', '204', '507', '515', '87']
['596', '97', '188', '112', '505', '411', '517', '390', '496', '185', '443', '174', '8', '199', '193', '585', '328', '244', '473', '18', '490', '298']
['412', '101', '90', '448', '541', '57', '241', '572', '165', '458', '425', '539', '362', '270', '285', '49', '268', '479', '313', '454', '122', '190', '83', '326', '552', '218']
['593', '125', '77', '532', '80', '234', '396', '419', '274', '162', '530', '223', '398', '574', '489', '383', '159', '589', '114', '93', '429']
['69', '558', '403', '516', '493', '501', '25', '503', '195', '536', '26', '380', '182', '564', '144', '476', '410', '567', '408', '116', '269', '538']
['53', '576', '180', '103', '38', '545', '30', '466', '19', '28', '457', '232', '372', '126', '314', '330', '309', '111', '265', '335', '587', '42', '511', '152', '464', '89', '236']
['455', '291', '142', '500', '64', '549', '60', '79', '187', '168', '444', '315', '2', '37', '520', '506', '212', '160', '421', '233', '388', '283', '153', '553', '578', '387', '337']
['196', '215', '418', '118', '109', '61', '586', '555', '526', '58', '281', '275', '566', '289', '1', '590', '255', '94', '316', '211', '518', '217', '474', '571', '10', '178', '133']
['81', '222', '409', '459', '20', '184', '225', '449', '487', '50', '369', '5', '344', '436', '151', '495', '379']
['108', '371', '59', '227', '257', '310', '0', '252', '36', '242', '332', '471', '386', '155', '303', '264', '98', '96', '514', '88', '46', '131', '400', '579']
['120', '331', '230', '319', '235', '499', '480', '119', '70', '124', '406', '192', '324', '393', '15', '581', '284', '73', '467', '334', '525', '355', '534', '336']
['294', '420', '307', '40', '254', '491', '290', '559', '322', '333', '245', '580', '63', '562', '272', '492', '465', '433', '442', '243', '189']
['349', '348', '276', '551', '132', '164', '546', '441', '14', '399', '356', '395', '325', '214', '146', '11', '544', '138', '341', '557', '171', '85', '65', '375', '273', '198', '391']
['563', '27', '21', '548', '321', '115', '494', '300', '462', '382', '22', '460', '498', '540', '6', '482', '509', '43', '502', '359', '401', '240', '147', '430', '547']
['219', '175', '207', '228', '365', '533', '134', '135', '422', '209', '66', '320', '17', '381', '99', '92', '107', '29', '229', '56', '117', '486', '177', '221']
['346', '415', '13', '368', '529', '279', '299', '523', '565', '262', '54', '417', '351', '463', '179', '312', '599', '416', '327', '9', '497', '249', '288', '206', '68', '384']
['82', '24', '4', '16', '33', '374', '256', '148', '100', '338', '447', '542', '385', '360', '432', '48', '592', '570']
