['286', '370', '10', '632', '682', '396', '397', '295', '699', '617', '986', '664', '472', '327', '251', '360', '491', '637', '513', '569', '481', '904', '943', '348', '493', '425', '905', '947', '987', '187', '328', '131', '234', '7', '463', '474', '204', '809', '609', '523']
['322', '221', '965', '291', '216', '890', '744', '126', '357', '2', '708', '190', '585', '418', '48', '534', '333', '980', '100', '830', '966', '38', '659', '232', '162', '868', '460', '738', '894', '40', '906', '243', '136', '631', '13', '6', '413', '456', '401', '757']
['725', '979', '118', '614', '992', '874', '214', '66', '378', '149', '877', '109', '819', '527', '949', '170', '925', '91', '148', '955', '563', '440', '362', '276']
['46', '635', '743', '985', '936', '326', '942', '381', '869', '671', '262', '496', '800', '492', '928', '859', '303', '416', '675', '476', '294', '666', '386', '442', '20', '98', '864', '826', '839', '68']
['431', '903', '976', '641', '16', '852', '266', '9', '22', '554', '679', '495', '265', '330', '610', '930', '410', '341', '115', '916']
['893', '73', '324', '69', '629', '369', '438', '509', '680', '698', '550', '765', '359', '867', '74', '681', '189', '242', '753', '778', '590', '720', '892', '853', '282', '325', '367', '28', '158', '996']
['206', '716', '53', '660', '901', '644', '145', '938', '593', '529', '264', '356', '124', '380', '714', '883', '896', '398', '488', '719', '946', '31', '538', '797', '372', '501', '520', '405', '599', '834', '406']
['634', '278', '842', '414', '379', '352', '556', '780', '607', '579', '290', '37', '448', '984', '758', '19', '793', '168', '445', '840', '35', '444', '101', '678', '646', '490', '452', '551', '973', '245', '426']
['54', '672', '605', '775', '706', '268', '421', '233', '694', '562', '702', '677', '586', '791', '618', '541', '366', '335', '220', '252', '373', '995', '785']
['789', '424', '80', '59', '296', '763', '944', '483', '128', '994', '566', '844', '594', '238', '818', '104', '340', '141', '740', '119', '920', '193', '676', '447', '796', '624', '319', '742', '477', '504', '47', '198', '84', '349', '525']
['628', '989', '914', '709', '806', '430', '307', '249', '368', '191', '354', '810', '653', '885', '697', '854', '177', '750', '749', '661']
['608', '323', '205', '747', '564', '451', '580', '816', '970', '275', '77', '847', '283', '601', '728', '154', '583', '870', '200']
['4', '794', '50', '535', '584', '227', '922', '72', '739', '114', '301', '908', '762', '553', '316', '962', '433', '802', '640', '898', '600', '167', '457', '582', '705', '344', '713', '940', '686', '350', '934', '213']
['209', '526', '511', '957', '638', '684', '469', '532', '427', '267', '277', '279', '43', '5', '231', '929', '825', '805', '391', '274', '674', '454', '315', '217', '138']
['926', '856', '718', '468', '745', '79', '246', '434', '500', '147', '712', '918', '93', '229', '96', '297', '621', '616', '710', '954', '937', '941', '752', '184', '49', '545', '255', '602']
['34', '299', '915', '788', '140', '312', '560', '751', '247', '329', '721', '377', '402', '55', '858', '24', '346', '613', '531', '897', '952', '598', '649', '573', '823', '8', '667']
['166', '199', '26', '873', '620', '790', '587', '331', '36', '542', '102', '308', '760', '471', '479', '121', '558', '841', '724', '156', '508', '528', '51', '439', '134', '769', '465', '831', '544', '87', '813']
['798', '717', '127', '865', '626', '887', '288', '781', '97', '715', '993', '399', '514', '657', '240', '499', '210', '804', '435', '253', '633', '142', '524', '577', '730', '872', '159', '902', '828', '755', '576', '52', '879', '801', '244']
['846', '383', '683', '384', '382', '201', '161', '169', '857', '33', '3', '700', '63', '453', '173', '165', '202', '108', '475', '911', '950', '76', '895', '437', '625', '139', '540', '404', '112', '393', '241', '317', '688']
['565', '375', '152', '150', '882', '784', '670', '953', '387', '467', '160', '183', '771', '223', '23', '665', '777', '412', '419', '703', '408', '567', '450', '484', '99', '443', '924', '969', '812', '543', '886', '171', '652', '464', '974']
['845', '70', '207', '770', '692', '146', '459', '256', '764', '612', '222', '389', '656', '371', '261', '117', '663', '643', '549', '581', '482', '337', '552']
['44', '292', '737', '284', '254', '195', '403', '78', '759', '461', '861', '422', '64', '673', '503', '820', '960', '668', '772', '689', '358', '559', '878', '411', '321', '510']
['761', '927', '429', '458', '332', '351', '735', '394', '701', '983', '517', '572', '636', '498', '67', '478', '462', '746', '768', '961', '83', '334', '400', '521', '999', '363', '230', '376', '519', '11', '280', '836', '654', '306', '446', '192', '215']
['260', '876', '693', '756', '355', '767', '353', '81', '318', '923', '849', '645', '909', '163', '181', '912', '807', '420', '235', '588', '485', '575', '536', '741', '977', '972', '891', '963', '176', '71']
['258', '388', '821', '991', '417', '441', '338', '364', '298', '814', '733', '95', '489', '951', '56', '113', '436', '774', '988', '990', '273', '293', '578', '533']
['843', '130', '365', '835', '596', '931', '395', '658', '547', '783', '833', '704', '487', '135', '574', '120', '829', '45', '15', '530', '144', '473', '30', '92', '880']
['151', '691', '281', '964', '89', '85', '860', '975', '754', '390', '175', '123', '129', '932', '269', '415', '630', '407', '57', '766', '647', '782', '347', '619', '690', '428', '522', '604']
['188', '41', '196', '110', '132', '910', '913', '106', '180', '507', '639', '603', '480', '226', '729', '848', '17', '570', '42', '546', '257', '795', '197', '685', '287', '642']
['505', '94', '225', '289', '832', '815', '889', '862', '385', '29', '313', '486', '186', '817', '919', '218', '345', '122', '589', '157', '516']
['248', '182', '224', '143', '164', '837', '687', '423', '237', '650', '611', '259', '497', '179', '726', '239', '557', '917']
['855', '822', '65', '592', '466', '271', '597', '695', '60', '662', '615', '12', '502', '116', '933', '555', '343', '32', '208', '174', '623', '311', '125', '58', '997']
['958', '723', '300', '82', '494', '25', '776', '88', '648', '339', '884', '133', '409', '907', '90', '539', '595', '696', '787', '959', '21', '939', '871', '1', '212', '336', '827']
['945', '727', '811', '568', '236', '62', '838', '185', '392', '792', '900', '786', '361', '270', '731', '263', '449', '948', '591', '537', '921', '881', '75', '736', '748', '18', '111', '219', '14', '302', '722', '971', '61', '651']
['707', '285', '850', '153', '571', '851', '470', '734', '228', '773', '203', '875', '981', '899', '935', '194', '342', '105', '606', '455', '515', '968', '655', '808', '799', '107', '824', '103', '561', '250', '39', '27', '518', '178', '512', '314', '506', '732', '866']
['320', '137', '272', '172', '155', '432', '622', '86', '548', '956', '982', '803', '211', '888', '998', '309', '967', '627', '711', '374', '863', '305', '310', '978', '779', '0', '304', '669']
