['417', '776', '40', '756']
['62', '234', '111']
['581', '789', '746', '426', '694']
['981', '977', '721', '474', '733', '329', '921']
['695', '81', '180', '899', '222']
['769', '560', '868', '590', '242']
['260', '315', '962', '507', '556', '67', '549']
['974', '459', '687', '53', '538', '850', '24', '999']
['2', '102', '537', '460', '198', '514', '894', '995', '156']
['408', '688', '447', '736', '327']
['142', '482', '734']
['563', '342', '596', '448', '808', '396']
['88', '51', '724', '632', '223', '379']
['929', '813', '166', '897', '66', '353']
['908', '174', '725', '934', '700', '634']
['193', '945', '500', '199']
['553', '615', '541', '535', '532', '284', '148', '5']
['205', '794', '287', '361', '781']
['73', '901', '657', '155']
['810', '534', '980', '790', '317', '604']
['404', '753', '787', '367', '471', '860', '263']
['594', '612', '454', '876', '42', '572']
['855', '432', '799', '524', '722', '608']
['377', '245', '383', '252', '476', '814']
['815', '34', '663', '259', '213', '466', '218']
['231', '653', '436', '340']
['85', '477']
['971', '392', '449', '982', '503']
['212', '926', '312', '739', '770']
['181', '928', '828', '551', '763', '54', '400', '76', '774', '577', '348']
['552', '575', '518', '171', '313']
['597', '847', '664', '944', '336', '390']
['677', '33', '100']
['246', '68', '684', '172', '865', '113', '542', '821']
['410', '28', '861', '108', '598', '569']
['692', '121', '338', '714', '501', '25', '311', '738', '374', '475', '84']
['922', '607', '947', '937', '190', '443']
['50', '394']
['554', '843']
['856', '479', '283', '83', '768']
['609', '878', '804']
['841', '373']
['468', '293', '403', '79', '755', '63', '184', '487', '188', '138', '209']
['496', '508', '305', '807', '777', '903', '227', '135', '830']
['16', '708', '481', '489', '792', '131']
['480', '105', '129', '953']
['258', '854', '197']
['442', '23', '233', '422', '60', '343', '992', '827']
['22', '127', '998', '97']
['415', '628', '706', '19', '869', '940', '418', '485']
['731', '285', '177', '915', '558']
['450', '240', '9', '414', '176', '484', '797', '509', '217', '473']
['420', '727', '643', '710', '230', '378', '587']
['238', '930', '782', '996', '314', '163', '557']
['7', '639', '299', '898', '611', '686', '880']
['387', '985', '751', '973', '853', '194', '681']
['900', '862']
['47', '439', '670', '178', '958', '791', '13', '109']
['800', '74', '703', '14', '578', '683', '427', '835', '339']
['742', '307', '365', '707', '548', '528', '747']
['726', '380', '942', '70']
['764', '567', '613', '803', '679', '648', '372', '665', '946', '516', '883', '699']
['545', '272', '145', '289']
['754', '300', '92', '428']
['371', '844', '220', '274', '411', '779', '187', '32', '290', '490', '355']
['457', '215', '709', '226', '638']
['986', '896', '870', '530', '57', '887']
['512', '409', '885', '337', '38']
['889', '702', '455', '491', '884', '323', '741']
['419', '157', '526', '125']
['644', '254', '603', '434', '682']
['892', '292']
['723', '550', '451', '888', '693', '185']
['561', '424', '282', '614', '345', '802']
['499', '183', '737', '675']
['107']
['690']
['154', '363', '153', '325']
['228', '56', '347', '295', '543', '691']
['256', '275', '513']
['114']
['935', '987', '593', '30', '146']
['391', '52', '859', '927', '729', '368', '152', '547', '650', '917']
['728', '685', '579', '458', '216', '912']
['601', '836', '6']
['133', '211', '831', '132']
['522', '765', '429', '623']
['697', '660', '65', '237']
['162', '385', '627']
['492', '169', '362']
['462', '112', '785', '249']
['351', '924', '498', '192']
['571', '167', '989']
['356', '839']
['286', '919', '851', '182']
['993', '306', '749', '478', '952', '913', '617', '147', '778']
['580', '202', '822', '264', '877', '250', '916', '470', '191', '413', '620']
['170', '120', '110', '119', '735']
['276', '592', '335', '310', '301', '303']
['983', '495', '401', '761', '568']
['331', '161', '10', '718', '705', '646', '711', '867']
['505', '291']
['49', '126', '116', '241', '806', '20', '635', '649', '31']
['453', '134', '412', '562', '48', '969']
['863', '719', '96', '464', '658', '748', '786', '879', '497', '35', '811', '247', '386']
['717', '467']
['975', '891', '732']
['115', '925', '360', '248', '520', '796', '840', '823', '591', '949', '647']
['864', '384', '175', '645', '674', '94', '555', '752', '122', '46']
['421', '775', '521', '936', '278', '941', '619', '680']
['515', '106', '309', '137', '566', '266', '141', '431', '463']
['838', '243', '4']
['77', '833', '398', '771', '984', '972']
['938', '99']
['517', '210', '72']
['959', '244', '866', '472', '654', '659', '819']
['740', '267', '143', '359', '308', '600', '3', '605']
['519', '322', '430', '795', '893', '207', '261']
['494', '328', '103', '829']
['43', '344', '525', '907', '440']
['423', '914', '951', '994', '221', '324', '801', '991', '321']
['832', '333', '382']
['948', '433', '656']
['533', '399', '158', '17', '273', '12', '164', '890', '332']
['151', '502', '955', '87', '886', '71', '144', '445']
['956', '89', '744', '846', '271', '932']
['229', '195', '964', '160']
['483', '923', '531']
['621', '780', '678', '788', '330']
['407', '39', '637', '871', '595', '716']
['438', '381', '905', '961', '630', '636']
['943', '280', '41', '288']
['251', '820', '696', '852', '540']
['80', '281', '750', '544', '610']
['629', '435', '128', '504']
['586', '834', '186', '798', '27', '655', '539']
['236', '469', '826', '140', '173']
['318', '98', '668', '239', '618']
['976', '602', '673', '78', '0']
['370', '214', '918', '346', '397', '86', '297', '232', '82', '366']
['574', '255', '270', '793', '61']
['954', '18', '950', '165', '757', '848', '536']
['583', '219', '279']
['225', '37', '745']
['858', '444', '265', '200']
['253', '59', '441', '759']
['589', '816', '11', '968', '488', '933']
['1', '965', '159']
['203', '698', '997', '960', '857']
['364', '873', '979', '662', '26', '906', '118', '767', '713', '666']
['584', '204', '701', '465', '849', '117', '124']
['269']
['622', '875', '902', '350', '369']
['262', '689', '564', '882']
['990', '341', '93']
['168', '319', '546', '393', '456']
['625', '486', '179', '36', '626']
['704']
['570', '298', '224', '909', '446']
['304', '957', '824', '58', '641', '585', '762']
['809', '123', '606']
['671', '760', '388', '64', '395', '104', '316', '911']
['149', '651', '406', '29', '136', '437', '268', '805']
['616', '624', '405', '296', '352', '874', '573']
['523', '461', '652', '837', '640', '817']
['511', '715', '967', '588', '872', '818', '235', '8', '970', '783', '784', '75']
['257', '527', '812', '294', '334', '416', '825']
['730', '642', '582', '978']
['44', '881', '576', '150', '196', '599', '95', '506', '354']
['510', '667', '139', '963', '208', '302', '669', '672', '389']
['633', '559', '402', '904', '452', '15']
['189', '90', '101', '939', '91', '320']
['55', '842', '676', '493', '845', '712', '349']
['720', '529', '931', '966', '758', '21', '910', '631']
['920', '376', '357', '375', '326', '277', '988', '358', '766']
['743', '201', '661', '773', '895', '130', '565']
['206', '425', '45', '69', '772']
