['742', '416', '440', '768']
['32', '841', '498']
['497', '154', '157']
['364', '448', '788', '474']
['656', '771', '443', '501']
['773', '336', '250', '269', '319', '96', '160', '409']
['790', '586', '557', '93', '589']
['102', '404', '153', '347', '33', '660']
['49']
['173', '814', '515', '463']
[]
['824', '349']
['71', '220', '279', '556']
['294', '289']
['283', '122', '109']
['731', '799', '812', '209', '427']
['641', '68', '115', '533', '513']
['417']
['7', '165', '722', '673', '11']
['86', '643', '117', '44', '42', '13']
['840']
['744', '413', '727', '78']
['434', '778', '472']
['753', '9']
['825', '195', '819']
['330', '487', '320', '597']
['733', '221', '113']
['624', '299']
['63', '143', '453', '387', '251']
['705', '608', '737']
['796', '518', '787', '164']
['781', '17', '179']
['248', '199', '766']
['831', '257', '655', '186']
['550', '298']
['574', '324', '423', '490', '542']
['418', '312']
['362']
['611', '235']
['140', '505', '562']
['361', '332', '702', '842', '400', '609']
['101', '433', '530']
['674', '51', '187']
['816', '723', '150', '123', '203', '316']
[]
['602', '161']
['329', '749', '697']
['414', '188', '385']
['383', '271']
['645', '747', '97', '606', '355', '724', '35']
['830', '149']
['464', '132', '170']
['190', '622', '517', '488', '152']
['31', '193', '553', '27', '578', '410']
['359', '14', '728', '502', '39', '510']
['828']
['134']
[]
['820', '836', '225', '625', '259']
['256', '584', '29', '801', '292', '288']
['672', '73', '455', '769', '484']
['243', '779', '833', '369']
[]
['489', '119', '270', '583']
['366', '709', '471', '127']
['26', '657', '351', '714', '159']
['682', '352', '467', '590', '126', '6']
['636', '650']
['552', '142']
['711', '305']
['384', '144']
['503', '786', '495']
['163']
['579', '644']
['640', '631', '494']
['751', '360', '821', '504']
['74', '428', '386']
['663', '356', '435', '391']
['813', '389']
[]
['629', '754', '651', '295', '623', '234']
['4', '85', '793', '325']
['172', '192', '388', '50', '676']
['429', '740', '735']
['561', '537', '370', '587', '511', '759']
['335', '797', '598']
[]
['293']
['692', '810']
['415', '211']
['695', '832']
['555', '805', '323', '633', '635']
['60', '59']
['575', '402']
['327', '94', '654', '496', '222', '460', '454', '261']
['112']
['139', '353', '263', '679', '546', '382', '198']
['447', '18']
['253', '246']
['147', '826']
[]
['218', '229']
['450', '431']
['376', '224', '214', '795', '125']
['499', '303', '514', '811', '81', '155', '368', '278']
[]
['481', '252', '544', '296', '131', '342', '69', '227']
['208']
[]
['670', '38', '632']
['377', '538', '794']
['785', '405']
['89', '392']
['24', '79', '12']
['317', '777', '374', '776', '407']
['743', '581', '719', '782', '371']
['809', '175']
['28', '379', '469', '99', '406']
['837', '241', '683', '765', '326', '760']
['76', '500', '588']
['318', '604']
['512', '712', '547']
['67', '607', '185', '520', '297', '764', '637', '107']
['310', '83', '843']
['565', '334']
['647', '197']
['401', '619', '103', '671', '25']
['519', '449', '135', '758', '254', '194']
['255', '566']
['549', '457']
['478', '807']
['202', '717']
['236', '156']
['772', '479']
['543', '375', '106', '761', '321', '219']
[]
['105', '41', '432', '16', '694']
['357', '302']
['176', '451', '230', '171']
['707']
['354', '110', '87', '148']
['262', '277', '738', '397', '704']
['343', '247', '595']
['206', '668', '649', '475', '264', '216']
['244', '137']
['396', '430']
['522', '88', '34', '167', '716']
['646', '265']
['322', '529', '815']
['572', '331']
['337', '422', '72', '92']
['90', '425']
['421', '745', '408']
['300']
['617', '757', '630', '120']
['346', '567', '189', '783', '696', '539']
['665', '394', '818', '309', '698', '124', '770']
['213', '545', '726', '729', '442', '536']
['249', '45', '677', '666', '480']
[]
['612', '627', '834', '286', '570', '158', '390', '75']
['688', '437', '217']
['638', '91', '718']
['181']
['2', '177', '784', '691', '291', '19']
['70', '207', '721', '639']
['104', '687', '477', '441']
['798', '65']
['540', '596']
['838', '532', '66', '686']
['231', '238', '196']
['485', '272', '129', '57']
['141', '767', '527', '613']
[]
['133', '752', '558', '681']
['468', '237']
['182', '348', '426']
['281']
['232', '82', '615', '239']
['730', '762']
['482', '829', '669']
['340', '275', '116', '559']
['690', '108']
['507', '118', '653']
['462', '461', '523', '664']
['789', '844', '524', '436']
['699', '492', '168', '201', '509', '693', '775', '114', '314']
['306', '174', '372', '618']
['260', '739', '130', '273', '304']
['403', '621']
['240', '582', '470', '58', '661']
['30', '571', '755']
[]
['205', '465']
['708', '23']
['1', '287', '20']
['626', '667', '233', '452']
['548', '438', '52', '459', '308']
['551', '151']
['424', '817', '345', '399', '493', '200']
['827', '212']
['746', '100', '706', '358', '603', '528']
['628', '365', '61', '5', '774']
['516', '178', '64', '373']
['307']
['47', '526', '98']
['280', '284']
['554', '750', '8', '344', '732']
['282', '594', '53', '823', '56', '419']
[]
['184', '803', '77', '311']
['378', '473']
['486', '204', '531', '593']
['40', '791', '476', '445']
['411', '720', '648']
['642']
['136']
['162', '564', '573', '242']
['43']
['258', '675', '703', '341']
['806', '662', '780', '223']
['226', '600', '48', '560', '508', '535', '822']
['684', '483', '395', '215']
['333', '685', '290']
['534']
['577', '605', '456', '710', '54', '792', '563', '808', '458']
['541', '576', '680', '620', '734', '420']
['659', '3']
['616', '121', '313', '138', '285']
['725', '839', '741']
['412', '55']
['525', '145', '700']
['599', '380']
['169', '446', '756']
['146', '228', '274', '268', '439']
['128']
['245', '22', '580']
['591']
['491', '652']
['689', '800']
['266', '678', '183', '381']
['569']
[]
['658', '835', '62']
['301', '614', '804', '610', '736', '363', '521']
['191', '701', '111', '84', '339']
['180']
['276']
['466', '0', '585']
['80', '15', '315', '328', '36']
['748', '634']
['506']
['267', '444']
['763', '10', '367', '601']
['350', '21', '338', '46']
['166', '393', '95', '715']
['592', '568', '398', '713', '37']
['802', '210']
