['199', '955', '621', '325', '25', '837', '786', '132', '717', '628', '706', '221', '550', '251', '826', '113', '456', '583', '847', '991', '381', '817', '464', '428', '246', '553', '348', '143', '719', '836', '701', '438', '981', '524', '585', '899']
['655', '762', '912', '454', '662', '57', '618', '369', '760', '982', '386', '686', '575', '103', '948', '891', '768', '735', '841', '350', '201', '205', '387', '845', '731', '797', '166', '52', '989', '967', '707']
['89', '864', '980', '66', '784', '107', '257', '193', '121', '263', '8', '274', '434', '147', '326', '118', '775', '327', '480', '310', '375', '217', '509']
['571', '126', '218', '779', '643', '117', '267', '248', '297', '261', '109', '259', '800', '227', '532', '612', '421', '429', '919']
['397', '927', '565', '407', '449', '657', '535', '303', '354', '938', '664', '825', '285', '461', '846', '650', '40', '802', '270', '506', '869', '331', '722', '346', '255', '956', '187', '419']
['901', '972', '98', '964', '295', '53', '850', '505', '698', '875', '45', '710', '961', '671', '870', '976', '611', '136', '693', '739', '916', '61', '122', '648', '405', '370', '420', '887', '81', '952', '9', '4', '687']
['262', '182', '95', '602', '441', '225', '284', '42', '973', '496', '821', '209', '84', '432', '167', '404', '324', '555', '19', '312', '805', '716', '450', '968', '203', '884', '895', '431']
['734', '300', '871', '873', '466', '726', '914', '713', '925', '808', '636', '619', '609', '984', '410', '570', '635', '224']
['211', '900', '529', '158', '559', '675', '769', '543', '23', '171', '573', '910', '545', '335', '515', '444', '695', '530', '753', '640', '29', '690', '162', '960', '293', '229', '810', '367', '123', '106', '518']
['720', '721', '20', '282', '533', '880', '35', '792', '801', '606', '189', '207', '455', '678', '746', '508', '289', '838', '125', '791', '499', '206', '443', '831', '743', '637', '463', '526', '857', '425', '377', '266', '445', '41', '883']
['660', '481', '281', '72', '138', '855', '613', '102', '169', '238', '799', '966', '924', '513', '588', '718', '958', '341', '843', '986', '298', '142', '894', '906', '277', '738', '112', '402', '210', '384']
['245', '31', '12', '26', '947', '835', '617', '667', '525', '634', '269', '272', '135', '941', '827', '793', '727', '590', '757', '778', '240', '482', '423', '97', '840', '882', '756', '511', '473', '691', '561', '280', '733', '979']
['427', '993', '528', '773', '531', '479', '477', '75', '931', '777', '852', '752', '294', '789', '992', '46', '329', '658', '291', '183', '830', '67', '501']
['813', '184', '51', '116', '408', '288', '148', '153', '788', '715', '842', '854', '396', '540', '863', '356', '898', '851', '917', '642', '997']
['36', '34', '343', '250', '315', '43', '332', '60', '546', '345', '729', '307', '504', '6', '608', '872', '278', '796', '578', '996', '663', '394']
['905', '54', '604', '560', '412', '401', '893', '491', '185', '483', '668', '732', '811', '868', '260', '223', '580', '959', '478', '557', '744', '493', '302', '111', '666', '391', '876']
['889', '488', '13', '904', '292', '646', '314', '104', '879', '120', '309', '170', '430', '645', '418', '165', '177', '892', '337']
['536', '83', '763', '452', '119', '160', '953', '173', '711', '523', '627', '363', '696', '534', '175', '330', '946', '322', '605', '220', '688', '527']
['486', '93', '820', '920', '151', '782', '858', '798', '94', '574', '794', '517', '926', '198', '537', '995', '180', '785', '909', '339', '736', '448', '495', '349', '376', '290', '62', '781']
['92', '859', '313', '653', '943', '484', '971', '33', '373', '829', '659', '190', '934', '908', '186', '774', '907', '514', '256', '24', '69', '439', '424', '399', '498', '244', '82']
['487', '641', '188', '767', '974', '333', '554', '607', '213', '347', '351', '15', '172', '935', '856', '556', '368', '395', '549', '547', '998', '453']
['358', '74', '406', '161', '323', '708', '616', '977', '929', '215', '105', '237', '80', '71', '27', '416', '88', '631', '683', '380']
['815', '77', '672', '922', '149', '252', '389', '577', '133', '216', '383', '965', '725', '157', '700', '620', '957', '76']
['18', '521', '783', '923', '677', '737', '458', '824', '417', '772', '475', '21', '414', '247', '0', '306', '519', '787', '576', '765', '741', '866', '945', '357', '47', '780', '684', '823']
['951', '436', '614', '99', '468', '437', '474', '759', '28', '861', '200', '624', '489', '507', '10', '816', '502', '398', '192', '233', '70', '344', '342', '987', '932', '548', '603', '409', '596', '591']
['253', '195', '462', '844', '287', '703', '564', '308', '936', '305', '921', '219', '750', '542', '682', '764', '544', '1', '156', '22', '231', '400', '243']
['541', '65', '271', '139', '702', '459', '131', '490', '465', '340', '969', '208', '758', '622', '338', '597', '328', '56', '754', '359', '885', '674', '776', '680']
['168', '413', '949', '812', '625', '761', '78', '411', '371', '202', '239', '978', '299', '860', '629', '881', '128', '214', '232']
['819', '709', '249', '415', '59', '877', '510', '140', '833', '593', '724', '141', '58', '96', '388', '937', '440', '878', '366', '485', '154', '378', '318', '422', '63', '723']
['435', '470', '497', '584', '930', '85', '803', '679', '569', '562', '191', '623', '730', '17', '647', '849', '196', '392', '539', '91', '447', '853', '522', '108', '814', '874', '228']
['862', '146', '236', '234', '137', '44', '598', '352', '134', '7', '638', '689', '933', '393', '639', '265', '110', '5', '962']
['11', '970', '804', '822', '839', '304', '656', '212', '87', '626', '433', '55', '242', '913', '235', '896', '16', '254', '999']
['975', '630', '592', '806', '197', '897', '615', '670', '446', '279', '651', '155', '581', '633', '114', '572', '748', '740', '795', '144', '472', '37', '890', '599', '194', '649', '268']
['283', '14', '516', '101', '558', '503', '320', '728', '365', '39', '745', '538', '457', '950', '751', '699', '273']
['382', '595', '286', '355', '954', '230', '888', '86', '442', '50', '586', '632', '492', '755', '807', '512', '296', '749', '68', '258', '551', '469', '3', '390']
['241', '353', '704', '467', '600', '276', '403', '163', '911', '818', '694', '90', '364', '601', '685', '665', '130', '587', '115', '164', '963', '176', '32', '939', '127', '918', '124']
['379', '226', '994', '589', '73', '563', '867', '566', '301', '476', '317', '30', '771', '372', '48', '321', '742', '336', '886', '374', '579', '942', '361']
['928', '460', '644', '471', '652', '520', '681', '610', '834', '222', '828', '594', '673', '766', '150', '179', '903', '204', '174', '494', '451', '38', '181', '385', '983', '944', '654', '334']
['865', '568', '705', '770', '915', '2', '49', '159', '129', '64', '567', '500', '152', '988', '809', '832', '697', '940', '712', '264', '676', '311']
['100', '848', '360', '747', '790', '145', '692', '275', '362', '319', '714', '178', '902', '582', '79', '985', '426', '552', '990', '661', '316', '669']
