['500', '40', '39', '344', '797', '629', '696', '328', '947', '354', '376', '734', '597', '624', '244', '731', '264', '309', '470', '410', '179', '279', '787', '275', '96', '239', '384', '615', '388', '816', '882', '906']
['257', '338', '538', '961', '520', '1', '123', '664', '348', '790', '669', '896', '28', '683', '360', '483', '465', '198', '242', '473', '572', '773', '601', '772', '815', '423', '310', '932', '996', '649', '667', '69']
['956', '909', '184', '278', '357', '657', '974', '98', '590', '964', '679', '92', '551', '394', '485', '818', '760', '387', '192', '210', '958', '458', '446', '87', '939', '725', '593', '854', '433', '912', '516', '402']
['549', '187', '283', '934', '343', '392', '106', '336', '272', '658', '606', '951', '930', '185', '709', '498', '449', '174', '635', '863', '931', '107', '67', '499', '784', '235', '173', '72', '334', '421', '166', '175']
['646', '907', '407', '705', '260', '608', '885', '118', '684', '313', '180', '203', '346', '83', '708', '972', '720', '115', '583', '471', '814', '774', '614', '945', '268', '469', '544', '27', '563', '848', '577', '438']
['124', '678', '269', '501', '821', '513', '558', '991', '274', '799', '920', '215', '704', '532', '230', '527', '451', '942', '169', '8', '688', '73', '988', '711', '503', '140', '877', '396', '694', '632', '655', '819']
['332', '829', '132', '517', '74', '305', '238', '946', '975', '750', '145', '904', '415', '435', '813', '289', '691', '302', '167', '889', '204', '902', '980', '809', '417', '698', '641', '2', '17', '5', '418', '21']
['64', '460', '226', '429', '805', '682', '252', '965', '125', '564', '686', '536', '47', '95', '539', '364', '170', '548', '56', '573', '181', '48', '440', '381', '695', '950', '71', '733', '325', '867', '687', '44']
['20', '924', '822', '540', '147', '916', '59', '796', '220', '833', '852', '408', '702', '329', '347', '158', '767', '897', '26', '176', '636', '261', '843', '114', '730', '68', '462', '808', '172', '463', '775', '350']
['375', '301', '492', '24', '178', '331', '915', '466', '794', '888', '610', '802', '541', '887', '425', '568', '411', '494', '490', '81', '441', '747', '743', '321', '400', '482', '401', '533', '199', '518', '571', '221']
['565', '535', '665', '547', '681', '689', '586', '639', '420', '766', '11', '144', '990', '550', '987', '428', '250', '50', '756', '979', '778', '971', '668', '968', '156', '431', '543', '116', '295', '560', '910', '35']
['197', '574', '839', '223', '504', '282', '22', '31', '894', '131', '225', '810', '119', '515', '853', '29', '171', '607', '395', '722', '290', '249', '973', '923', '55', '297', '524', '359', '287', '661', '781', '398']
['511', '311', '786', '377', '256', '994', '835', '424', '97', '701', '445', '353', '506', '86', '317', '748', '521', '824', '286', '526', '599', '783', '78', '609', '277', '742', '600', '651', '634', '528', '304', '714']
['218', '41', '677', '870', '893', '266', '93', '798', '333', '352', '757', '89', '194', '585', '953', '872', '207', '246', '85', '913', '871', '19', '117', '874', '785', '477', '146', '10', '654', '914', '155', '214']
['251', '993', '850', '191', '918', '111', '534', '14', '978', '312', '259', '391', '998', '161', '842', '149', '234', '262', '959', '997', '137', '861', '368', '537', '426', '591', '66', '432', '139', '567', '764', '761']
['587', '104', '136', '849', '201', '846', '847', '982', '276', '555', '845', '992', '736', '165', '129', '318', '386', '7', '88', '258', '152', '486', '671', '374', '525', '768', '855', '604', '265', '561', '409', '692']
['324', '759', '838', '746', '594', '598', '231', '288', '414', '253', '355', '356', '476', '213', '489', '869', '851', '823', '788', '162', '219', '217', '255', '300', '638', '397', '523', '472', '160', '927', '762', '881']
['803', '791', '247', '478', '464', '857', '228', '243', '298', '944', '142', '970', '922', '154', '245', '389', '434', '782', '3', '195', '49', '99', '108', '949', '367', '323', '393', '43', '296', '103', '143', '320']
['335', '53', '862', '758', '222', '919', '57', '514', '640', '663', '633', '771', '876', '319', '937', '707', '126', '611', '676', '183', '985', '928', '112', '647', '859', '358', '617', '326', '372', '430', '475', '697']
['42', '157', '812', '626', '825', '986', '886', '926', '616', '189', '444', '110', '892', '943', '94', '105', '196', '612', '903', '618', '737', '202', '18', '883', '557', '675', '735', '461', '828', '605', '749', '32']
['52', '36', '61', '566', '141', '545', '46', '777', '65', '459', '935', '60', '580', '91', '128', '90', '977', '206', '936', '237', '63', '45', '467', '569', '488', '314', '755', '576', '917', '858', '721', '728']
['753', '121', '740', '960', '307', '497', '30', '570', '382', '738', '150', '630', '898', '151', '840', '575', '163', '817', '596', '621', '969', '905', '308', '0', '299', '229', '79', '303', '522', '365', '552', '236']
['680', '625', '82', '592', '122', '33', '453', '779', '337', '232', '153', '685', '379', '341', '643', '216', '866', '589', '628', '642', '385', '233', '519', '908', '508', '820', '770', '832', '529', '672', '718', '316']
['703', '6', '23', '623', '860', '841', '693', '865', '267', '200', '966', '620', '190', '744', '450', '507', '752', '834', '844', '780', '637', '890', '509', '422', '729', '723', '403', '454', '413', '999', '801', '727']
['76', '776', '981', '496', '177', '25', '579', '342', '559', '113', '856', '370', '182', '291', '380', '224', '510', '209', '954', '481', '741', '448', '54', '831', '699', '622', '345', '745', '712', '710', '479', '716']
['456', '404', '373', '186', '371', '495', '921', '875', '134', '795', '715', '109', '880', '369', '901', '406', '4', '670', '212', '751', '205', '984', '948', '148', '351', '957', '976', '58', '447', '101', '34', '254']
['578', '419', '13', '952', '884', '531', '873', '837', '405', '502', '929', '963', '806', '84', '613', '51', '652', '416', '271', '659', '366', '955', '660']
['491', '864', '452', '826', '530', '493', '895', '546', '383', '673', '836', '879', '627', '306', '168', '484', '455', '962', '159', '16', '330', '293', '439', '280', '80', '399', '38', '130', '726']
['480', '653', '164', '713', '390', '100', '120', '273', '938', '505', '12', '457', '582', '340', '412', '800', '135', '263', '656', '37', '62', '941', '322', '294', '77', '765', '211', '474']
['542', '940', '674', '807', '995', '70', '827', '315', '631', '581', '739', '811', '436', '349', '719', '285', '553', '208', '804', '724', '619', '9', '427', '793', '437', '763', '443', '868', '967', '75', '487']
['933', '241', '248', '512', '792', '363', '127', '700', '645', '648', '603', '15', '900', '602', '284', '584', '650', '292', '556', '327', '878', '133', '891', '899', '227', '925', '188', '769', '732']
['102', '983', '789', '270', '717', '554', '361', '442', '588', '339', '378', '644', '666', '240', '989', '362', '562', '662', '193', '706', '830', '754', '911', '468', '138', '595', '690', '281']
