['314', '395', '400', '411']
['74', '107', '161', '164', '176', '401', '437']
['67', '94', '144', '160', '173', '253', '267', '289', '373', '384', '436', '446', '460', '467', '474', '482']
['15', '21', '97', '168', '181', '315', '364', '405', '468', '471']
['73', '77', '104', '129']
['22', '24', '148', '249', '306', '334', '341', '356']
['61', '171', '175', '203', '310', '337', '375', '412', '445', '453']
['64', '98', '119', '132', '156', '197', '242', '254', '415', '423', '487']
['55', '70', '110', '118', '243', '278', '281', '285', '327', '333', '342', '391', '419', '429', '440', '458']
['4', '66', '95', '100', '199', '206', '207', '237', '300', '340', '393', '456']
['50', '57', '131', '163', '198', '230', '238', '262', '339', '352']
['6', '39', '62', '65', '82', '88', '101', '113', '122', '158', '264', '294', '323', '376', '475']
['8', '121', '170', '174', '219', '245', '269', '322', '425', '449']
['114', '145', '177', '346', '348', '362', '378']
['3', '11', '54', '58', '166', '211', '222', '233', '307', '354', '439']
['83', '134', '138', '287', '414']
['35', '69', '124', '330', '380']
['31', '71', '157', '226', '257', '266', '316', '390', '417']
['19', '27', '36', '52', '103', '210', '216', '225', '271', '277', '332', '397', '407', '420']
['10', '16', '38', '112', '192', '213', '251', '286', '358', '442', '473']
['75', '96', '182', '359', '427', '433', '452', '466', '476']
['47', '56', '139', '195', '259', '290', '325', '370', '388', '418', '462']
['12', '143', '204', '228', '244', '326']
['190', '256', '282', '293', '302', '317', '381', '408', '472']
['43', '99', '109', '165', '234', '248', '298', '304', '343', '357', '421', '424', '447', '484']
['45', '63', '147', '184', '208', '221', '229', '231', '241', '299', '336']
['13', '87', '135', '162', '180', '258', '309', '318', '329', '350']
['44', '126', '152', '179', '214', '360', '461']
['0', '93', '111', '141', '155', '224', '268', '273', '296', '324', '347', '379', '413', '455']
['18', '80', '151', '232', '295', '371', '377', '430', '479']
['84', '92', '115', '191', '205', '270', '361', '374', '385', '422', '432', '450']
['26', '137', '193', '212', '255', '283', '351', '392', '451']
['23', '81', '149', '252', '328', '331', '363', '387', '434', '478', '486']
['7', '76', '89', '153', '260', '275', '349', '353', '459']
['17', '33', '85', '120', '183', '312', '448']
['5', '68', '227', '236', '279', '321', '399', '444']
['1', '34', '123', '128', '196', '200', '209', '382', '416', '428', '481']
['46', '90', '117', '187', '188', '308', '365', '394', '398']
['9', '20', '28', '51', '79', '102', '106', '189', '261', '463', '469', '480', '485']
['60', '108', '125', '130', '136', '159', '301', '368', '441', '483']
['59', '78', '133', '186', '215', '239', '240', '265', '272', '280', '288', '292', '367', '386', '406', '426']
['14', '49', '116', '142', '172', '194', '263', '320', '403', '431', '454', '465', '488']
['32', '37', '169', '276', '355', '383']
['30', '41', '86', '127', '146', '154', '218', '311', '319', '443']
['2', '150', '185', '201', '220', '246', '313', '409', '410', '435']
['29', '48', '305', '335', '345', '457']
['40', '217', '223', '274', '297', '338', '366', '396', '402', '489']
['25', '105', '167', '235', '247', '250', '291', '303', '369', '404', '464']
['42', '53', '72', '178', '284', '372', '389', '477']
['91', '140', '202', '344', '438', '470']
