['137', '244', '212', '351', '332', '319', '96', '159', '156', '152', '299', '26', '318', '333', '198', '61', '62', '126']
['165', '73', '170', '30', '208', '8', '279', '300', '45', '203', '139', '233', '194', '197', '229', '329', '236', '216', '348', '309', '260', '310', '124']
['18', '284', '64', '304', '32', '106', '354', '142', '109', '59', '86', '298', '123', '174', '138', '324', '58', '167', '74', '181', '290', '180', '79']
['38', '140', '143', '356', '49', '11', '355', '322', '99', '169', '223', '249', '291', '24', '248', '242', '77']
['213', '72', '257', '211', '87', '195', '269']
['112', '265', '178', '288', '145', '82', '303', '100', '34']
['286', '19', '183', '360', '68', '12', '295', '65', '282', '127', '272', '131', '46', '237', '238', '120', '53', '346', '287', '162', '311']
['117', '224', '108', '113', '328', '270', '247', '315', '232', '343', '47', '353', '338', '42', '271', '220', '136']
['266', '358', '93', '146', '350', '128', '190', '60', '362', '217', '83']
['363', '222', '276', '289', '43', '306', '57', '313', '115', '285', '218', '316']
['144', '345', '0', '267', '256', '330', '55', '264', '1', '14', '27', '153', '111', '102', '78', '221', '35', '275', '205', '4']
['278', '331', '21', '209', '119', '335']
['341', '340', '84', '226', '251', '361', '149', '262', '54', '166', '94', '157']
['292', '188', '207', '177', '250', '69', '110', '20', '294', '90', '103', '163', '161']
['357', '228', '22', '5', '80', '326', '184', '263', '235', '323', '214', '39', '147', '273']
['230', '135', '104', '192', '234', '189', '66', '305', '155', '325', '268', '245', '246', '132']
['48', '31', '296', '76', '317', '151', '70', '97', '320', '302', '339', '182', '10', '29', '204', '41', '225', '336']
['33', '16', '114', '2', '130', '252', '334', '98', '241', '173', '243', '134', '185', '342', '67', '312', '352', '337']
['17', '179', '63', '215', '259', '171', '219', '150', '227', '308', '240', '261', '158', '148']
['23', '255', '281', '15', '160', '50', '37', '28', '40', '56', '191', '200']
['201', '101', '105', '297', '141', '187', '133', '280', '196', '206']
['107', '122', '193', '314', '51', '36', '3', '71', '91', '321', '121', '52', '6', '89', '75', '129', '168', '95', '88', '81']
['172', '85', '274', '154', '239', '175', '25', '283', '327', '253', '186', '118', '202', '347']
['13', '92', '344', '116', '125', '254', '301', '7', '258', '277', '199', '210', '349', '176', '307', '231', '44', '359', '293', '164', '9']
