['60', '193', '320', '345', '495', '35', '155', '411', '69', '484', '416', '191', '160', '453', '332', '125', '407', '163', '164', '471']
['216', '307', '464', '201', '310', '28', '335', '376', '419', '169', '87', '67', '168', '122', '337']
['121', '73', '314', '4', '41', '218', '55', '399', '459', '326', '476', '454', '139', '289', '323', '236', '117', '133', '202']
['392', '65', '369', '128', '499', '100', '10', '242', '339', '146', '341', '414', '215', '136', '360', '295']
['338', '3', '220', '358', '302', '359', '388', '192', '409', '249']
['43', '475', '425', '97', '351', '426', '93', '213', '227', '246', '129', '428', '123', '167']
['158', '112', '493', '340', '200', '171', '391', '118', '272', '378', '173', '299', '23', '6']
['278', '470', '63', '324', '198', '83', '217', '106', '104', '256', '113', '225', '431']
['291', '22', '442', '389', '142', '68', '366', '120', '9', '373', '170', '346', '433', '40', '233', '39']
['304', '153', '398', '481', '140', '408', '305', '492', '13', '19', '275', '393', '429', '405', '72', '281', '238', '474', '364', '288', '270', '258']
['185', '94', '88', '350', '109', '370', '247', '444', '325', '75', '34', '362', '78']
['135', '397', '105', '86', '61', '248', '485', '188', '195', '101', '14', '199', '352', '138', '145']
['396', '144', '379', '263', '315', '0', '197', '309', '382', '462', '276', '44', '489', '18', '306', '181', '16', '214']
['56', '148', '45', '285', '207', '344', '406', '297', '59', '300', '210', '194', '244']
['394', '403', '25', '497', '494', '439', '74', '422', '95', '108', '157', '32', '334', '62', '496', '318']
['231', '235', '480', '269', '206', '226', '486', '127', '327', '165', '356', '316', '430', '418', '377']
['24', '177', '363', '230', '421', '30', '31', '472', '222', '482', '461', '401', '287', '463', '209', '468']
['50', '312', '234', '252', '336', '445', '166', '184', '427', '342', '293', '438', '103', '415', '257', '435', '478']
['473', '161', '49', '132', '384', '187', '57', '353', '219', '154', '91', '124', '221', '479', '212', '279', '313', '262']
['71', '53', '498', '250', '383', '8', '450', '443', '137', '150', '465', '126', '96', '477', '151', '328']
['282', '7', '274', '283', '26', '92', '483', '17', '203', '447', '268', '115', '434', '196', '372', '273', '467']
['33', '251', '343', '152', '99', '79', '375', '20', '457', '436', '46', '296', '11', '319', '134', '395']
['381', '441', '380', '449', '349', '245', '308', '456', '455', '271', '451', '228', '294', '37', '64', '241', '82', '321', '368', '47', '265', '239']
['374', '322', '331', '29', '260', '175', '432', '417', '284', '390', '423', '51', '466', '174', '410', '290']
['1', '178', '204', '186', '107', '267', '52', '402', '98', '77', '266', '253', '458', '111', '303', '286', '48', '5', '179']
['21', '89', '446', '292', '80', '130', '114', '301', '412', '243', '38', '311', '333', '162', '237']
['277', '255', '36', '488', '84', '367', '159', '156', '385', '413', '110', '448', '440', '12', '102', '119', '365', '190']
['469', '229', '347', '76', '172', '176', '424', '317', '355', '329', '354', '224', '357']
['298', '180', '147', '240', '487', '42', '85', '58', '232', '330', '420']
['90', '208', '205', '149', '70', '264', '490', '387', '15', '280', '437', '348', '211', '491', '189', '223', '116', '261']
['371', '400', '182', '131', '460', '141', '259', '54', '386', '452', '2', '183', '81', '143', '404', '361', '254', '27', '66']
