['aex', 'afa', 'afp', 'agb', 'akp', 'aky', 'amp', 'ana', 'aob', 'apw']
['adt', 'adw', 'aes', 'aik', 'akx', 'any', 'aof', 'aqt', 'atf']
['ack', 'adg', 'adh', 'adx', 'asr']
['aax', 'abm', 'abu', 'ahu', 'aib', 'ajg', 'aqx', 'aro', 'asb', 'ash']
['aar', 'adq', 'adv', 'agn', 'agy', 'ajy', 'akv', 'amt', 'anf', 'aom', 'arb', 'asv']
['aip', 'ajp', 'akq', 'aku', 'anc', 'aot', 'asi', 'asl', 'asm']
['abw', 'ahb', 'ahc', 'ahg', 'aiz', 'ajd', 'alp', 'amc', 'ang', 'anp', 'ans', 'aow', 'apq', 'arf', 'asu']
['abp', 'acj', 'acq', 'ags', 'ahi', 'alh', 'amr', 'aoe', 'ari']
['aaq', 'aau', 'abt', 'acf', 'adu', 'aej', 'afc', 'ahw', 'aji', 'ajj', 'aoq', 'apc', 'apv', 'arm', 'arq']
['afi', 'aie', 'aqk', 'aqn', 'aqw', 'aqz', 'arc']
['aah', 'abo', 'afs', 'agj', 'ahx', 'alo', 'amo']
['aaa', 'ago', 'ahm', 'aic', 'akr', 'alx', 'amf', 'amz', 'ani', 'anm', 'aox', 'asg']
['aal', 'acs', 'aeb', 'aje', 'akf', 'akn', 'alz', 'anl', 'apj', 'aqp', 'arg']
['aco', 'afv', 'agv', 'ait', 'anj', 'aog', 'ata']
['abf', 'adi', 'adp', 'afe', 'ahp', 'akk', 'all', 'amu', 'aoc']
['aap', 'adk', 'ado', 'aek', 'afb', 'alc', 'aph', 'aqs', 'ara', 'asz']
['abl', 'adm', 'ahd', 'aml']
['aai', 'abd', 'aef', 'afl', 'afx', 'aiw', 'akc', 'akd', 'apn', 'app', 'ard', 'arh', 'asa', 'ass']
['abv', 'acu', 'aho', 'ala', 'aln', 'ama', 'anw', 'aor', 'arr', 'arx']
['abi', 'abx', 'afu', 'ahr', 'ajm', 'ajt', 'amn', 'ank', 'aod', 'aoh', 'apx']
['aas', 'adf', 'afd', 'afn', 'aft', 'ain', 'alr', 'amm', 'aqi', 'aqj', 'are', 'aso', 'atd']
['aby', 'aeg', 'agx', 'apz']
['aij', 'air', 'ajo', 'alv', 'ame', 'aql', 'aqr']
['aag', 'abj', 'adj', 'aly', 'api']
['abz', 'adz', 'afo', 'ahs', 'ake', 'alg', 'anq', 'aqu', 'art']
['aat', 'acb', 'acv', 'ahk', 'aki', 'akl', 'alm', 'amk', 'aou', 'aoz', 'ase']
['abk', 'abq', 'acw', 'acy', 'ada', 'aev', 'afz', 'agi', 'ahy', 'ajk', 'anu', 'aok', 'arl', 'asx']
['aam', 'acn', 'acx', 'ady', 'agq', 'ajf', 'amv', 'and', 'aoi', 'aqq', 'arz']
['ace', 'acp', 'afr', 'agw', 'akz', 'anb', 'asn']
['acm', 'adb', 'afm', 'agt', 'aht', 'ais', 'aka', 'alf', 'amg', 'ano', 'asw']
['aae', 'add', 'ael', 'ajr', 'ajz', 'amd', 'amw', 'apr', 'aqc', 'aqm']
['abc', 'ahv', 'aiq', 'ajl', 'ajn', 'ali', 'alu', 'arw']
['abn', 'abr', 'afk', 'afw', 'agh', 'amq', 'asq']
['abh', 'acl', 'act', 'aem', 'aet', 'ahj', 'aia', 'aid', 'akg', 'anh', 'apb', 'apg', 'apm', 'ark']
['aao', 'aaw', 'adr', 'aeh', 'aeq', 'aey', 'ahz', 'aiv', 'aiy', 'akh', 'akm', 'apl', 'arn']
['aan', 'aba', 'aez', 'agk', 'agu', 'ajh', 'ams', 'aos', 'asd']
['abe', 'acd', 'agg', 'aha', 'ahn', 'ahq', 'alk', 'alw', 'apu', 'ars', 'asf', 'ask', 'atb']
['abb', 'adc', 'aee', 'aeu', 'afg', 'agr', 'aks', 'alq', 'amx', 'anr', 'aoo']
['aaf', 'acr', 'aec', 'aeo', 'aew', 'afh', 'agc', 'agl', 'aii', 'aiu', 'ajw', 'ako', 'anz', 'apt', 'apy', 'aqh', 'aqv']
['abg', 'aei', 'ahl', 'aja', 'anv', 'apa', 'aqf']
['aaz', 'acc', 'acg', 'afy', 'agd', 'ail', 'alj', 'aoa', 'aon', 'aps', 'aqg']
['adl', 'adn', 'ads', 'ant', 'arv', 'ast']
['aac', 'aav', 'ajv', 'ann', 'anx', 'arp', 'ate']
['aea', 'aep', 'aer', 'agp', 'aih', 'akb', 'alb', 'amh', 'amj', 'ane', 'aoj', 'aoy', 'apd', 'atc']
['aay', 'aca', 'ach', 'aci', 'afj', 'aga', 'agm', 'ahh', 'ape', 'apk', 'aqy']
['aab', 'age', 'aig', 'aio', 'amb', 'aol', 'aop', 'aqo']
['aak', 'ade', 'aed', 'agz', 'ahf', 'aix', 'ajc', 'akt', 'aov', 'apf', 'aqd', 'asc']
['afq', 'aim', 'ajs', 'akj', 'ald', 'als', 'aqa', 'aqb', 'arj', 'aru', 'ary', 'asj', 'asp']
['aad', 'aaj', 'acz', 'aen', 'aff', 'agf', 'ahe', 'ajb', 'ajx', 'ami', 'amy', 'aqe', 'asy']
['abs', 'aif', 'ajq', 'aju', 'akw', 'ale', 'alt', 'apo']
