['348']
['72']
['16', '132', '168', '329']
['14', '46', '137', '155', '186', '202', '240']
[]
['141', '364']
['165', '175', '291']
['129', '171']
['289']
['151', '167']
[]
['178']
['152', '303']
['26', '32', '290', '399']
['109', '173', '279', '318', '356']
['12', '18', '114', '278']
['34', '239']
['48', '245', '317']
['352']
['51', '392']
['214', '224', '336', '346']
['5', '161', '261']
['66', '99']
['4', '131', '177', '322']
[]
['118']
[]
['19', '314', '351', '377', '387', '398']
['119', '159', '225']
[]
['101', '337']
['339', '370']
['160']
['183', '296', '325', '330']
['244', '344', '361']
['117', '273', '280']
['73', '121', '219', '320']
['45']
['355']
['365']
['368']
[]
['78', '174']
['100', '102', '204']
['276', '285']
['69', '347']
[]
['260']
['79', '103', '146', '250', '255', '373']
['200', '328']
['397']
['153', '238']
['298']
['288']
['70', '71', '164']
['362', '369']
['36', '74', '353']
['149', '163', '331', '335']
['58', '158']
['233', '274', '300']
['140']
['77']
['393']
['196', '384']
['263', '267', '338']
[]
[]
[]
['371']
['41']
['111', '281']
[]
['11', '53', '181', '341']
['106', '176']
[]
['172', '374']
['56', '116']
[]
[]
['270']
['308']
['1', '42', '230']
['246', '282', '292', '379']
[]
['86', '128', '266', '319']
['237']
['220', '253']
['40', '315', '376']
['304', '316']
['76', '221']
['57', '142', '207']
['277']
[]
['21', '90']
['123', '147']
['8', '96', '350']
['209']
[]
['15']
['187', '226', '257']
['82', '122', '191']
['44', '88', '89']
['81', '310', '381']
['37', '125']
['110', '126', '283']
[]
['91', '107', '199']
[]
['124', '294']
['135']
['367', '375']
['39', '144']
['295']
['286', '309']
['134', '148', '218']
['6', '68', '232', '252']
['75', '154', '182', '332', '333']
['259', '327']
['47']
['25', '359']
['23', '85']
['94', '262']
['189']
['258', '299']
['391']
[]
['223', '386', '394']
['35', '50', '184']
['197', '210']
['20', '212']
[]
['43', '188', '193', '271']
['115', '249']
['31', '236', '301', '390', '396']
['113', '180', '205', '213', '251']
['157', '203']
['60', '360']
[]
['104', '287']
['138', '206']
['61', '268', '297']
['208', '324']
['9', '215']
['17']
['169', '272']
['30', '156', '195', '349', '389']
[]
['120', '227']
['136', '385']
['38']
['59', '166', '383']
['201', '382']
['0', '55']
['366']
['54', '83', '312']
[]
['190', '192']
['2', '293', '306']
['275']
['162', '248', '307', '326']
['93', '229', '264']
['33', '145', '269']
['13', '95', '170']
['256']
['22', '112', '354']
['10', '139']
['7', '24']
[]
['64', '222', '234', '357']
[]
['87', '313']
['67', '133', '143', '343']
['92', '108', '127', '150', '216', '305']
['28', '372']
['243', '247']
['378']
['3']
['311', '345']
[]
['49', '242']
['98', '185', '194', '334', '342', '358', '380']
['63', '130', '198']
['254']
[]
['179']
[]
['97']
['84', '217', '284']
['228']
['65', '105']
['27']
[]
['231', '235', '321']
['62', '80', '323']
['241']
[]
['29']
['52', '340', '363']
['265', '302', '395']
['211', '388']
