['250lol', '25lol', '412lol', '381lol', '31lol']
['69lol', '174lol', '144lol']
['35lol', '57lol', '439lol', '493lol', '395lol', '447lol']
['87lol', '217lol', '229lol']
['287lol', '154lol', '110lol', '84lol', '11lol']
['301lol', '464lol', '79lol', '468lol', '26lol']
['449lol', '475lol', '267lol', '456lol']
['12lol', '213lol', '348lol', '53lol']
['103lol', '257lol']
['437lol', '182lol']
['49lol', '354lol', '167lol', '219lol', '159lol']
['270lol', '200lol', '13lol', '85lol']
['248lol', '212lol', '335lol', '496lol', '118lol']
['347lol', '121lol', '241lol', '230lol', '67lol']
['38lol', '164lol']
['18lol', '272lol', '78lol', '393lol', '24lol', '233lol', '471lol', '308lol', '365lol', '195lol']
['350lol', '438lol', '129lol', '169lol']
['181lol', '343lol', '391lol', '280lol', '226lol', '375lol', '157lol', '360lol']
['380lol', '440lol']
['269lol', '33lol']
['98lol']
['150lol', '330lol', '494lol']
['357lol', '480lol', '1lol', '258lol', '405lol', '90lol']
['392lol', '156lol', '163lol']
['349lol', '489lol', '292lol', '370lol']
['476lol', '193lol', '309lol', '171lol']
['152lol', '307lol', '293lol', '435lol', '151lol', '46lol']
['332lol', '316lol', '462lol']
[]
['72lol', '76lol', '246lol', '10lol']
['143lol', '326lol', '147lol', '296lol', '123lol']
['251lol', '479lol', '184lol', '490lol', '334lol']
['209lol', '224lol', '379lol', '34lol']
['0lol', '467lol', '194lol', '17lol', '86lol']
['291lol', '455lol', '48lol', '303lol']
['402lol', '29lol', '398lol', '109lol', '68lol', '218lol', '428lol', '295lol', '245lol']
['59lol', '406lol', '484lol', '353lol']
['183lol', '65lol', '430lol']
['170lol', '433lol', '191lol']
['352lol', '256lol', '204lol', '336lol', '418lol', '485lol']
['5lol', '56lol', '401lol']
['201lol', '207lol', '197lol', '408lol', '196lol', '276lol', '351lol', '188lol', '461lol']
['237lol', '60lol']
['199lol', '215lol', '300lol', '137lol', '294lol', '311lol', '396lol', '243lol']
['105lol', '82lol', '14lol', '125lol', '120lol', '394lol']
['148lol', '314lol', '115lol', '128lol', '369lol']
['344lol', '436lol']
['39lol', '247lol', '178lol']
['189lol', '186lol', '374lol']
['42lol', '36lol', '474lol', '138lol', '145lol', '77lol', '419lol']
['32lol', '254lol', '176lol', '44lol']
['190lol', '304lol', '361lol', '101lol', '367lol', '421lol']
['37lol', '232lol', '359lol', '263lol', '63lol', '297lol']
['281lol', '162lol', '50lol', '409lol']
['451lol', '97lol', '124lol', '80lol', '441lol', '252lol', '429lol']
['211lol', '139lol', '9lol', '127lol', '399lol']
['431lol', '331lol', '410lol', '306lol', '315lol']
['302lol', '155lol', '2lol']
['27lol', '222lol', '271lol', '499lol', '466lol', '273lol']
['64lol', '205lol', '91lol', '52lol', '481lol']
['404lol', '286lol', '8lol', '172lol', '239lol']
['305lol', '454lol', '133lol', '146lol', '312lol']
['100lol', '153lol', '107lol', '473lol', '284lol', '134lol', '288lol', '368lol', '283lol']
['341lol', '338lol', '99lol', '342lol', '202lol', '180lol']
['168lol', '423lol', '443lol']
['89lol', '317lol', '21lol', '130lol', '495lol']
['262lol', '260lol', '135lol']
['112lol', '422lol', '81lol', '458lol', '114lol', '327lol']
['66lol', '329lol', '23lol', '457lol', '73lol']
['160lol', '442lol', '426lol', '54lol', '383lol', '282lol', '318lol']
['492lol', '340lol', '106lol', '111lol', '192lol']
['223lol', '70lol', '141lol', '310lol', '364lol', '19lol']
['321lol', '400lol', '407lol', '459lol']
['274lol', '313lol']
['116lol', '3lol', '386lol']
['96lol', '47lol', '242lol', '463lol', '51lol', '259lol']
['41lol', '322lol', '491lol', '346lol', '414lol']
['290lol', '210lol', '337lol', '108lol']
['319lol', '83lol', '389lol', '498lol', '22lol', '117lol', '244lol']
['28lol', '6lol', '255lol', '420lol', '236lol', '214lol']
['376lol', '142lol', '94lol', '177lol', '384lol', '43lol']
['113lol', '187lol', '487lol', '452lol', '235lol']
['279lol', '225lol', '497lol', '92lol', '166lol', '119lol', '238lol']
['206lol', '415lol', '488lol', '136lol', '299lol']
['413lol', '266lol', '450lol', '371lol', '477lol']
['465lol']
['372lol', '411lol', '333lol', '434lol', '483lol', '173lol']
['416lol', '221lol', '444lol', '362lol']
['93lol', '185lol', '325lol', '102lol']
['472lol', '397lol', '298lol', '227lol', '358lol', '278lol', '55lol', '366lol', '104lol']
['264lol']
['345lol', '324lol', '261lol', '131lol', '448lol', '445lol', '482lol', '88lol', '179lol']
['231lol', '40lol', '74lol', '95lol', '15lol']
['234lol', '275lol', '165lol', '203lol', '424lol', '58lol', '470lol', '228lol', '432lol', '71lol', '388lol']
['268lol', '323lol', '328lol']
['320lol', '220lol', '377lol']
['216lol', '16lol', '390lol', '382lol', '45lol', '427lol']
['446lol', '486lol', '122lol', '62lol', '265lol']
['253lol', '387lol', '198lol', '385lol', '158lol', '478lol']
['20lol']
['373lol', '240lol', '356lol', '425lol']
['30lol', '460lol', '75lol']
['249lol', '161lol', '403lol', '175lol']
['469lol', '355lol', '126lol', '277lol', '132lol', '378lol', '417lol']
['453lol', '339lol', '140lol', '363lol', '4lol', '289lol', '61lol']
['208lol', '7lol', '285lol', '149lol']
