['24', '49', '52', '64', '115', '132', '134', '164', '190', '217', '229']
['23', '66', '124', '171', '174', '179', '182', '198', '216', '259', '266']
['57', '80', '105', '148', '153', '162', '188', '213', '262', '298', '301']
['32', '34', '58', '60', '91', '98', '133', '181', '264', '273', '321']
['12', '26', '46', '159', '161', '187', '197', '208', '263', '318', '338']
['1', '6', '15', '37', '65', '93', '109', '218', '285', '314', '358']
['44', '120', '127', '135', '225', '268', '307', '319', '337', '346', '359']
['51', '107', '118', '149', '167', '253', '260', '294', '304', '361', '392']
['11', '173', '202', '210', '281', '287', '310', '345', '360', '380', '394']
['19', '122', '150', '154', '282', '296', '329', '335', '356', '366', '405']
['0', '61', '82', '104', '125', '169', '232', '367', '384', '396', '422']
['36', '85', '97', '116', '163', '177', '193', '200', '247', '357', '423']
['45', '77', '84', '87', '146', '224', '313', '343', '369', '402', '424']
['166', '168', '172', '176', '206', '215', '243', '261', '275', '393', '434']
['55', '114', '141', '196', '237', '251', '334', '350', '375', '432', '437']
['9', '138', '157', '211', '223', '233', '245', '254', '295', '333', '451']
['30', '95', '139', '145', '219', '283', '299', '397', '412', '419', '455']
['47', '96', '140', '142', '144', '250', '257', '290', '326', '330', '458']
['81', '111', '123', '191', '267', '278', '280', '302', '344', '454', '460']
['16', '42', '129', '130', '151', '248', '269', '271', '276', '416', '461']
['75', '76', '88', '92', '119', '131', '152', '160', '249', '398', '462']
['50', '71', '73', '201', '228', '277', '288', '388', '407', '421', '464']
['10', '33', '54', '56', '62', '126', '178', '205', '425', '447', '465']
['99', '100', '121', '136', '137', '192', '291', '293', '383', '414', '468']
['14', '106', '212', '315', '317', '324', '365', '373', '395', '479', '480']
['18', '31', '214', '239', '320', '363', '374', '379', '391', '439', '482']
['40', '101', '189', '255', '258', '303', '331', '347', '445', '477', '483']
['7', '63', '156', '180', '195', '222', '308', '370', '376', '400', '484']
['3', '53', '110', '274', '332', '342', '382', '413', '440', '448', '486']
['183', '242', '289', '364', '377', '401', '418', '426', '436', '459']
['2', '20', '41', '74', '415', '427', '471']
['128', '386', '409', '444', '449', '452', '457']
['170', '186', '240', '244', '256', '325', '453', '474', '481']
['22', '59', '67', '286', '311', '327', '381', '433']
['89', '184', '238', '241', '246', '348', '378', '475']
['48', '79', '175', '300', '353', '404', '441', '469', '473']
['4', '25', '86', '265', '349', '354', '387', '410']
['5', '13', '29', '78', '226', '351', '352', '390']
['17', '28', '155', '221', '252', '309', '399', '430', '488']
['27', '158', '194', '207', '234', '341', '371', '470', '485']
['103', '108', '279', '323', '411', '417', '435', '450', '466']
['72', '112', '204', '284', '292', '443', '487']
['38', '235', '429']
['8', '94', '220', '231', '270', '322', '328', '339', '406']
['35', '102', '147', '185', '209', '312', '316', '431']
['69', '83', '227', '272', '297', '355', '408', '438', '446', '456']
['21', '39', '90', '143', '230', '389', '428', '442']
['43', '70', '306', '368', '385', '403', '478']
['113', '199', '203', '236', '305', '420', '463', '467', '476']
['68', '117', '165', '336', '340', '362', '372', '472']
