['18', '21', '23', '27', '31', '35', '89', '99', '115', '143', '155', '172', '176', '194', '198', '201', '217', '218', '225', '247']
['36', '39', '41', '45', '53', '62', '65', '69', '75', '136', '162', '164', '193', '199', '232', '234', '237', '243', '249', '286']
['1', '2', '3', '7', '30', '34', '72', '80', '104', '140', '148', '169', '188', '200', '212', '250', '260', '275', '283', '288']
['15', '17', '29', '42', '44', '66', '88', '117', '122', '133', '152', '154', '163', '178', '216', '222']
['22', '86', '91', '130', '156', '187', '190', '196', '210', '224', '229', '236', '239', '253', '254']
['9', '10', '26', '28', '90', '106', '126', '144', '147', '151', '180', '238', '264', '274']
['12', '32', '40', '50', '58', '74', '107', '108', '142', '170', '173', '189', '205', '240', '273', '281']
['5', '37', '55', '59', '76', '105', '135', '137', '165', '203', '206', '211', '246', '285', '290', '300']
['20', '52', '57', '123', '124', '134', '141', '159', '174', '181', '220', '221', '227', '231', '261', '268', '287']
['13', '73', '78', '83', '118', '125', '150', '157', '167', '182', '233', '244', '263']
['25', '33', '49', '56', '64', '67', '100', '131', '149', '168', '209', '251', '257', '262']
['14', '19', '60', '109', '120', '129', '171', '175', '185', '195', '202', '204', '208', '228', '242', '265']
['101', '103', '116', '179', '214', '241', '266']
['46', '61', '87', '138', '160', '223', '230', '271']
['24', '47', '79', '96', '119', '127', '139', '153', '161', '252', '256', '277', '294', '295', '297']
['48', '77', '113', '114', '158', '197', '245', '248', '272', '280', '282', '284', '296', '299']
['11', '38', '68', '71', '82', '110', '111', '177', '184', '219', '235', '255', '258', '259', '270']
['70', '84', '93', '112', '128', '146', '186', '207', '215', '267', '278', '291']
['4', '6', '16', '51', '63', '85', '98', '102', '121', '132', '145', '213', '226', '276', '289', '293', '298']
['8', '43', '54', '81', '92', '94', '95', '97', '166', '183', '191', '192', '269', '279', '292']
