['20', '79', '112', '136']
['67', '90', '134', '154']
['101', '113', '132', '158']
['8', '19', '45', '164']
['6', '84', '127', '178']
['55', '73', '125', '182']
['7', '43', '106', '192']
['63', '69', '144', '201']
['130', '171', '194', '205']
['28', '37', '102', '206']
['3', '72', '92', '207']
['24', '39', '203', '228']
['60', '110', '202', '232']
['53', '59', '221', '233']
['41', '99', '103', '240']
['52', '147', '173', '274']
['141', '142', '241', '275']
['138', '186', '242', '279']
['10', '117', '157', '281']
['70', '161', '169', '282']
['2', '51', '243', '292']
['5', '185', '246', '293']
['40', '100', '271', '333']
['22', '66', '150', '335']
['71', '97', '332', '336']
['104', '108', '198', '338']
['12', '35', '219', '341']
['95', '189', '269', '343']
['165', '227', '285', '350']
['93', '195', '307', '357']
['23', '78', '245', '367']
['13', '204', '330', '371']
['109', '129', '286', '376']
['124', '212', '373', '380']
['98', '126', '353', '383']
['354', '366', '382', '385']
['50', '179', '252', '386']
['168', '190', '248', '392']
['184', '208', '349', '399']
['145', '156', '218', '400']
['34', '131', '327', '401']
['255', '265', '303', '404']
['44', '114', '368', '406']
['283', '301', '393', '407']
['311', '363', '381', '410']
['64', '222', '238', '411']
['15', '83', '296', '416']
['261', '291', '364', '421']
['224', '236', '390', '423']
['74', '324', '417', '425']
['250', '347', '369', '428']
['276', '328', '342', '430']
['226', '384', '397', '432']
['38', '270', '345', '433']
['253', '278', '290', '437']
['149', '183', '359', '439']
['139', '254', '346', '440']
['16', '197', '431', '441']
['170', '177', '394', '445']
['25', '229', '419', '446']
['260', '289', '365', '449']
['340', '348', '447', '451']
['273', '418', '434', '452']
['77', '123', '267', '459']
['65', '323', '361', '462']
['187', '244', '358', '463']
['26', '272', '305', '466']
['115', '262', '422', '469']
['258', '443', '458', '475']
['81', '167', '412', '476']
['121', '135', '472', '479']
['68', '217', '237', '480']
['180', '387']
['172', '209', '309']
['325', '442', '467']
['152', '402']
['288', '405']
['310', '360', '444']
['456']
['211', '331']
['297']
['1', '294', '464']
['54', '196']
['299', '377', '414']
['140', '436', '474']
['287', '320', '427']
['17', '435', '438']
['87']
['214', '378']
['181']
['413', '453']
['85', '408']
['166', '315', '454']
['263', '389']
['94', '239']
['329']
['89']
['160', '257']
['36', '151']
['162', '351', '352']
['230', '337']
['200', '388', '396']
['153']
['96', '199', '429']
['308', '450']
['174', '415', '455']
['457', '468', '470']
['46', '111']
['49', '223', '306']
['14', '27']
['21', '313', '322']
['4', '280', '326']
[]
['31', '118', '391']
['317', '465', '477']
['58', '231', '249']
['76', '234', '370']
[]
['86', '259', '300']
['33', '82', '210']
['29', '473']
['75', '159', '448']
['62', '334']
[]
['213', '304']
['32', '216']
['88', '143', '420']
['251', '302']
['48', '268']
['215', '277', '409']
['30', '403', '460']
['80']
['116', '247', '372']
['61']
['47']
['316', '375', '461']
['298']
['56', '379']
['11', '176', '314']
['146', '175', '362']
['18', '163', '374']
['9', '42', '107']
['188', '318', '355']
['122', '344']
['119', '266', '424']
['91', '356', '471']
['57', '148', '395']
['321']
['193']
['191']
['155']
['133', '220', '235']
['105', '426']
['137', '284', '398']
['319']
['120', '312', '339']
['478']
['225', '256']
['128', '264', '295']
[]
