['31', '97', '171', '211', '215', '226', '327', '372', '397']
['145', '271', '296', '368', '373']
['106', '109', '111', '193', '200', '248', '250', '286', '328']
['10', '15', '21', '59', '61', '62', '98', '155', '158', '175', '241', '251', '273', '316', '342', '381', '390', '409']
['0', '16', '34', '85', '190', '201', '235', '319', '326', '338', '348', '384', '388', '408']
['65', '68', '131', '204', '218', '257', '359', '361', '369']
['20', '35', '112', '117', '124', '125', '138', '178', '181', '187', '189', '213', '225', '229', '280', '284', '363', '371', '415']
['74', '87', '101', '107', '118', '128', '132', '137', '154', '199', '223', '255', '282', '292', '312', '313', '323', '340', '366', '417']
['33', '63', '82', '95', '184', '221', '240', '266', '270', '272', '291', '293', '304', '305', '356', '360', '362']
['9', '41', '51', '53', '71', '75', '83', '110', '129', '228', '252', '269', '277', '283', '315', '396', '401', '410', '416']
['54', '64', '69', '152', '153', '169', '220', '258', '307', '321', '337', '347']
['19', '38', '43', '113', '115', '133', '149', '173', '205', '275', '301', '378', '389']
['26', '66', '121', '143', '166', '180', '183', '268', '352', '367']
['22', '40', '46', '73', '92', '122', '161', '185', '192', '209', '267', '299', '317', '329', '383']
['37', '47', '55', '72', '96', '244', '262', '314', '355', '370', '387']
['2', '36', '45', '50', '77', '78', '84', '89', '93', '94', '123', '135', '147', '177', '182', '207', '222', '237', '290', '306', '322', '335']
['18', '57', '256', '265', '333', '358']
['52', '76', '130', '134', '136', '163', '167', '278', '345', '377', '413']
['13', '14', '58', '67', '88', '103', '108', '127', '151', '156', '217', '227', '294', '364', '380', '391', '400', '403', '412', '418']
['17', '32', '49', '86', '104', '140', '144', '146', '157', '165', '176', '188', '302', '311', '375']
['11', '12', '90', '100', '105', '179', '202', '230', '242', '253', '308', '310', '324', '339', '407']
['99', '102', '160', '172', '186', '191', '231', '243', '254', '260', '274', '289', '330', '341', '353', '382', '385', '394', '398']
['1', '3', '23', '25', '29', '150', '194', '203', '212', '247', '259', '344', '346', '350', '392']
['4', '6', '27', '42', '116', '142', '162', '170', '198', '234', '264', '279', '325', '351']
['5', '119', '159', '196', '208', '261', '281', '288', '303', '309', '404', '411', '414']
['28', '91', '126', '246', '276', '357', '399']
['7', '60', '79', '139', '214', '224', '232', '238', '239', '287', '300', '331', '336', '365', '374', '395', '402']
['39', '44', '48', '81', '141', '164', '236', '245', '249', '285', '298', '318', '343', '354', '376']
['30', '70', '80', '114', '197', '206', '219', '233', '263', '297', '332', '386', '405', '419']
['8', '24', '56', '120', '148', '168', '174', '195', '210', '216', '295', '320', '334', '349', '379', '393', '406']
