['464', '453', '438', '435', '419', '411', '403', '376', '268', '240', '225', '217', '139', '126', '124', '91', '86', '80', '64', '62', '11129']
['463', '437', '417', '351', '332', '11120', '307', '285', '272', '251', '234', '218', '213', '166', '79', '66', '40']
['1', '458', '432', '11125', '414', '415', '401', '294', '232', '226', '199', '188', '177', '170', '174', '122', '92', '69', '60', '1113', '1112']
['402', '393', '308', '304', '186', '164', '120', '106', '108', '95', '8']
['459', '2', '431', '384', '378', '366', '371', '360', '357', '342', '316', '267', '269', '258', '221', '216', '175', '167', '141', '134', '132', '118', '109', '111', '101', '75', '55', '26']
['450', '443', '423', '404', '392', '380', '364', '330', '328', '293', '287', '279', '264', '255', '11115', '192', '11110', '119', '112', '74', '57', '24', '9']
['409', '412', '395', '326', '322', '280', '245', '235', '193', '179', '171', '172', '173', '1119', '96', '76', '65', '67', '34', '20']
['390', '381', '377', '353', '343', '346', '347', '333', '325', '329', '321', '275', '256', '6', '190', '158', '160', '127', '70', '14']
['3', '439', '405', '407', '394', '359', '350', '339', '315', '288', '289', '281', '11127', '247', '250', '223', '183', '178', '154', '129', '131', '1117', '114', '1116', '63', '35', '30', '16', '7']
['456', '444', '425', '367', '363', '11119', '317', '270', '266', '252', '246', '244', '215', '206', '189', '181', '144', '99', '78', '72', '61', '21', '17', '1111']
['465', '467', '457', '448', '11126', '383', '361', '345', '300', '276', '261', '253', '227', '214', '208', '159', '105', '85', '88', '77', '50', '45', '46', '33']
['421', '418', '356', '358', '274', '145', '89', '47', '25']
['466', '4', '0', '428', '398', '11123', '369', '292', '238', '198', '94', '87', '43', '44']
['462', '455', '436', '429', '413', '388', '374', '355', '344', '341', '319', '271', '265', '242', '233', '229', '11111', '209', '197', '202', '182', '180', '146', '133', '135', '117', '104', '53', '41']
['433', '424', '400', '387', '373', '370', '365', '11121', '348', '349', '320', '219', '203', '195', '187', '162', '155', '149', '113', '83', '22']
['440', '399', '382', '372', '303', '249', '243', '228', '222', '204', '205', '201', '161', '156', '97', '71', '56', '49', '51', '10', '12']
['461', '451', '452', '375', '334', '311', '301', '290', '286', '278', '260', '210', '163', '130', '82', '42', '36', '38', '39', '11113']
['449', '416', '408', '11124', '385', '386', '389', '337', '338', '340', '312', '310', '291', '273', '241', '231', '196', '200', '169', '153', '128', '123', '110', '90', '1114']
['445', '446', '368', '11128', '236', '165', '147', '143', '98', '93', '84', '1115', '59', '32', '18', '19', '13']
['460', '442', '422', '324', '323', '314', '296', '297', '283', '277', '257', '211', '207', '184', '150', '142', '1118', '116', '103', '73', '31', '11']
['441', '430', '420', '397', '11122', '335', '306', '302', '305', '298', '11117', '262', '239', '230', '185', '176', '168', '148', '151', '138', '121', '100', '102', '81', '28', '11114']
['5', '447', '434', '426', '427', '406', '396', '362', '354', '336', '318', '309', '299', '11118', '282', '284', '259', '263', '254', '248', '220', '11112', '194', '140', '136', '137', '54', '37', '15']
['454', '410', '391', '379', '352', '331', '327', '313', '295', '11116', '237', '224', '212', '191', '157', '152', '125', '115', '107', '68', '58', '52', '48', '29', '23', '27']
