['KMD', 'HTW', 'LLX', 'SMM', 'MSE', 'BBZ', 'RKO', 'WHJ', 'SCK', 'ARM', 'JMO', 'WKY', 'KLM', 'UMO', 'RNM', 'FCU', 'YHX', 'VFM', 'FXI', 'CUZ', 'ZFO', 'QTJ', 'RIA', 'UKO', 'GGA']
['DFW', 'PJW', 'NFI', 'WJI', 'ITN', 'BDX', 'OXU', 'VMW', 'QMI', 'EDP', 'FXX', 'KDV', 'BZI', 'RYT', 'MUV', 'JME', 'YAR', 'TFT', 'XKQ', 'VMJ', 'DRX', 'WER', 'GYM', 'SDF', 'FQC']
['FOW', 'IYD', 'IPK', 'ELO', 'THJ', 'GPL', 'RYA', 'NPS', 'JSL', 'CDZ', 'ALL', 'SNS', 'LHQ', 'GFL', 'SGO', 'OFJ', 'NSI', 'NNG', 'UEN', 'XVF', 'IKN', 'ELJ', 'TKB', 'SUP', 'MVB']
['NXU', 'INO', 'ZNQ', 'UTL', 'YKH', 'NLI', 'WTX', 'WGY', 'FWA', 'BCI', 'ZGL', 'DAW', 'DOT', 'PZA', 'RJS', 'YWW', 'MIN', 'QIK', 'OZT', 'IFU', 'IFO', 'RBJ', 'AWX', 'UCH', 'TMR']
['FPT', 'WSD', 'FTE', 'LZE', 'TQB', 'XRV', 'ULP', 'HGF', 'RDG', 'TVZ', 'EWG', 'QJK', 'YTQ', 'MCI', 'QRE', 'JZV', 'GMF', 'YYC', 'XEN', 'YDT', 'CFJ', 'JWQ', 'PAS', 'DTS', 'TBN']
['CEY', 'AYJ', 'PAU', 'VCY', 'DAT', 'IEK', 'IQJ', 'HGD', 'UZU', 'SNM', 'RXD', 'XWK', 'EZU', 'KLS', 'MIE', 'AUL', 'DNE', 'HBC', 'YLS', 'HHK', 'KLV', 'DXK', 'TLC', 'HXF', 'TGW']
['SFB', 'NOP', 'VQR', 'FTI', 'UZY', 'SNW', 'XEO', 'SCX', 'JVR', 'EBB', 'XDE', 'ALI', 'TVY', 'LTC', 'VFV', 'FWB', 'SUT', 'FOD', 'KSW', 'EOF', 'KVY', 'QIB', 'XCX', 'KAJ', 'APD']
['WCD', 'CDW', 'YSM', 'XIY', 'MSC', 'HPH', 'TMD', 'FKU', 'PBP', 'HZF', 'YKQ', 'NUG', 'LXJ', 'CJB', 'HMT', 'YER', 'ABC', 'DHT', 'QLH', 'NDI', 'JMT', 'IKW', 'TUK', 'ZIT', 'FSW']
['MVS', 'PKK', 'DJA', 'KNZ', 'TGH', 'YEN', 'PVQ', 'CFP', 'JGS', 'LWA', 'QBJ', 'AIM', 'JHO', 'POC', 'AJB', 'VWX', 'HCD', 'ACJ', 'GXJ', 'QEP', 'LZI', 'ZFK', 'EBY', 'YYU', 'AGI']
['CHR', 'UHU', 'JXZ', 'KNO', 'RSG', 'LMU', 'PON', 'WCB', 'LJA', 'CRF', 'FJH', 'NWB', 'ZCF', 'YDL', 'POR', 'KMP', 'ROL', 'QTQ', 'ASO', 'GBL', 'JXM', 'VRD', 'OLD', 'XFW', 'WMY']
['NQL', 'SCS', 'YSP', 'GWT', 'UOM', 'BEQ', 'HJA', 'ZQN', 'ACP', 'LUT', 'YUG', 'SAQ', 'SDH', 'UNW', 'MZP', 'QTR', 'TBT', 'CGQ', 'OVZ', 'EEA', 'SFD', 'CZB', 'YVQ', 'PAX', 'RUR']
['DMP', 'IKB', 'DMH', 'ZBU', 'XXQ', 'FJL', 'JZA', 'GUR', 'LGP', 'HPV', 'AQN', 'MUL', 'XNY', 'NLS', 'BRY', 'CGD', 'UFK', 'ZPA', 'QQN', 'JJB', 'SRB', 'VTH', 'KXZ', 'EBA', 'CIH']
['FMU', 'YYG', 'MYN', 'TFQ', 'FHI', 'IIY', 'IYH', 'IPY', 'MLN', 'WLU', 'JKL', 'RIX', 'DWU', 'DMN', 'KZQ', 'QNG', 'LBW', 'ZJU', 'EQX', 'MUO', 'SUQ', 'ZCY', 'LHD', 'JDC', 'UIO']
['NGH', 'RSJ', 'BLK', 'KUO', 'MJV', 'QDB', 'OEN', 'EPR', 'RYE', 'NJD', 'GLR', 'WWT', 'GGP', 'YSD', 'VWR', 'MOH', 'IUE', 'QAM', 'SQS', 'RKH', 'PGO', 'SGT', 'FDS', 'HYW', 'RZW']
['VAC', 'EKJ', 'OCI', 'FTL', 'HUN', 'OII', 'EDD', 'WJS', 'ESU', 'UKF', 'FEV', 'CXP', 'JTZ', 'WZL', 'WED', 'PME', 'UGW', 'ALG', 'BJR', 'JZY', 'IPV', 'DTU', 'TSS', 'KJN', 'QYA']
['KEQ', 'WDF', 'LZP', 'ZBF', 'PIL', 'QVI', 'CCY', 'VXB', 'JUQ', 'ODG', 'XJW', 'XVQ', 'QFE', 'XOE', 'DYU', 'MMS', 'PMO', 'MNB', 'XQI', 'XPW', 'CNU', 'NGI', 'MWQ', 'BFH', 'AHE']
['UHE', 'EUK', 'EAA', 'PGE', 'TDJ', 'BHL', 'FUR', 'DZR', 'PDU', 'PTX', 'SFJ', 'YYJ', 'PCL', 'NXI', 'HQB', 'FWN', 'KVD', 'CAO', 'XHQ', 'FCJ', 'GEF', 'YOA', 'QZB', 'GUN', 'BIN']
['LWH', 'BCW', 'NHA', 'TWL', 'GSB', 'WIF', 'UDD', 'DCZ', 'JII', 'MJR', 'IAM', 'IUY', 'OON', 'YKR', 'GUE', 'HXZ', 'ONX', 'IPG', 'GGM', 'AMV', 'MBZ', 'RNU', 'CHA', 'IDO', 'CYA']
['POJ', 'SQR', 'YKF', 'DTW', 'QCJ', 'GPH', 'VZX', 'SYQ', 'VYF', 'PVS', 'WUI', 'OHR', 'LOQ', 'NTW', 'SCZ', 'HNC', 'HIG', 'TQM', 'RUP', 'NDB', 'GUQ', 'QLI', 'IDJ', 'BTJ', 'WYK']
['AYK', 'PYK', 'ZKY', 'SRP', 'SFK', 'ZFU', 'TFN', 'AZD', 'MLH', 'YPX', 'ARV', 'FPR', 'YNR', 'YTR', 'ECG', 'MAC', 'WWL', 'IIT', 'NDJ', 'GUT', 'KLZ', 'MED', 'ZRO', 'JOQ', 'FXH']
