['035', '047', '052', '070', '084', '094', '121', '132', '141', '155', '161', '171', '177', '192', '199', '221', '257', '259', '262', '264', '273', '288', '321', '345', '348']
['019', '040', '042', '051', '054', '088', '100', '110', '113', '115', '119', '125', '129', '130', '139', '150', '151', '213', '214', '234', '238', '266', '267', '297', '366']
['001', '031', '053', '086', '095', '127', '182', '197', '218', '247', '260', '300', '310', '325', '336', '337', '353', '362', '363', '368', '377', '390', '391', '392', '394']
['018', '039', '085', '099', '105', '118', '163', '180', '181', '185', '274', '284', '286', '294', '299', '324', '341', '343', '355', '361', '369', '376', '398', '399', '402']
['015', '021', '066', '089', '093', '107', '114', '165', '194', '195', '209', '223', '237', '252', '332', '338', '346', '356', '364', '381', '386', '397', '414', '424', '428']
['009', '055', '058', '082', '124', '133', '157', '164', '169', '176', '190', '220', '224', '270', '272', '277', '309', '320', '357', '370', '385', '419', '421', '430', '434']
['024', '036', '059', '069', '073', '096', '103', '104', '117', '137', '191', '196', '216', '244', '250', '263', '287', '301', '306', '358', '372', '420', '425', '431', '440']
['026', '049', '061', '064', '065', '076', '102', '111', '138', '146', '159', '162', '172', '231', '268', '278', '293', '305', '335', '351', '387', '395', '403', '409', '447']
['008', '045', '050', '090', '142', '144', '147', '153', '166', '170', '183', '203', '228', '246', '261', '289', '290', '307', '393', '406', '423', '443', '445', '446', '459']
['027', '028', '056', '067', '131', '135', '178', '217', '241', '276', '280', '312', '340', '360', '367', '384', '401', '405', '417', '435', '439', '453', '455', '463', '483']
['023', '041', '043', '046', '068', '072', '097', '148', '207', '222', '227', '248', '258', '279', '292', '315', '329', '407', '410', '416', '427', '458', '472', '482', '497']
['020', '038', '083', '158', '187', '211', '226', '302', '311', '383', '396', '408', '412', '436', '449', '461', '474', '480', '487', '489']
['034', '077', '078', '143', '145', '152', '168', '206', '242', '254', '256', '269', '318', '323', '328', '429', '454', '471', '475', '479']
['002', '006', '014', '022', '025', '030', '140', '225', '240', '255', '314', '317', '350', '359', '374', '432', '451', '491']
['012', '016', '106', '108', '188', '229', '230', '233', '236', '373', '389', '400', '411', '426', '433', '438', '441', '444', '450', '460', '467']
['003', '004', '044', '048', '063', '071', '080', '092', '098', '200', '205', '239', '265', '281', '283', '296', '316', '330', '333', '365', '476', '484']
['005', '033', '062', '081', '112', '156', '160', '167', '184', '232', '235', '282', '327', '371', '379', '380', '437', '457', '469', '493', '494']
['000', '032', '087', '122', '123', '128', '136', '186', '189', '249', '322', '331', '334', '347', '349', '352', '477', '486', '490', '492', '498']
['007', '011', '074', '116', '134', '174', '193', '208', '271', '285', '295', '303', '382', '404', '452', '456', '464', '485', '495', '499']
['010', '060', '091', '101', '149', '173', '179', '212', '215', '219', '243', '275', '291', '339', '342', '413', '442', '448', '465', '470']
['013', '017', '037', '075', '079', '126', '175', '198', '204', '245', '253', '298', '308', '313', '319', '354', '388', '415', '462', '473', '478', '481', '496']
['029', '057', '109', '120', '154', '201', '202', '210', '251', '304', '326', '344', '375', '378', '418', '422', '466', '468', '488']
