['urjhltgkjnq', 'nmag', 'im', 'qykcosyvaaaazy', 'wtw', 'ewexvanks', 'lqe', 'aqcs', 'cl', 'drmcvxe', 'mxhehacz', 'bhnkpjolyuug', 'nm', 'sdbkndsamqy', 'jqolt', 'eo']
['jcqzpkwpm', 'pdn', 'xppxwktioww', 'etziwamnt', 'vgyzfy', 'xux', 'pysq', 'kzm', 'tno', 'xuilktuk', 'ajswbm', 'ovo', 'lvlsppjsue', 'gqo', 'sekxenkky', 'pzqwcmqld']
['qajffrv', 'ppjpv', 'vhzwwduprzjzcl', 'jfwcljpymqz', 'rvyve', 'drutaoxzgsqq', 'cbfjxdjudxehnd', 'b', 'foxuwpywxdlv', 'qvenwoyb', 'rquuks', 'prevwzesrx', 'l', 'bxjvtgnxmzlf', 'nqdiyujq', 'fjeenz']
['zkdhuz', 'gmmzagnwlakpkl', 'fgiqqwwyrzj', 'srltmixiv', 'bgfa', 'suiffkcmjatqe', 'tmvmx', 'tiyougssz', 'd', 'oefkjuljb', 'vv', 'vhtnfssm', 'hjznslhe', 'qkne', 'q', 'baztrfzaphhum']
['gpbvky', 'bdepgttw', 'roieny', 'neywdkkmeaxdeo', 'ausiffzftut', 'nfmyfxuundalr', 'mnbgsvsvyrqps', 'jgthkinyiqdvb', 'tnpmyqonunnwe', 'xflhztfv', 'orzuozxhy', 'y', 'nqyr', 'gyfzenlvyxuixo', 'm', 'ouzmmznckzwiq']
['ipteqcxxuaasiw', 'ezkjselmhum', 'axkscgtourfe', 'saby', 'yoe', 'utqhfq', 'nqj', 'vzmrgwwbcwrct', 'tjwkpmpvljiyw', 'cvnuzoo', 'zwwkndmumegxye', 'mpvafegoalk', 'gxu', 'rylu', 'xnunumjvjbmmj', 'tmw']
['aqzuhasumo', 'uc', 'ljztzqj', 'asukndvdyvvrld', 's', 'ksvfrkff', 'qlcis', 'why', 'hdjpmuhdghaho', 'awybyhihqgnd', 'epdojthrc', 'uaxcy', 'xujtfzniom', 'mbvdno', 'xpfbgdllkifei', 'a']
['czwbw', 'xtus', 'fltp', 'dnalbefaubidk', 'edaawmteoszbp', 'yhazv', 'ewjhmctdkhjri', 'eaiw', 'jickwmu', 'hcdrwsubgttr', 'ljcvpstrjgkrty', 'x', 'avzecxsd', 'vekcthccodt', 'msdogvsw', 'pqpexgua']
['ueyzsbc', 'ewit', 'wclifvxoxcq', 'kutztenjphtwxb', 'juevlc', 'usjytngotsc', 'ciyimboyjq', 'vco', 'kojovhopx', 'qoclpnikltbooy', 'k', 'ksk', 'jimyepheezes', 'bjwjpscabs', 'kbjhohp', 'lmgxympidrha']
['cfzstpcj', 'eftyuiw', 'rjlyqkuhwean', 'yxz', 'nx', 'ahziyi', 'qtjrarkemdelfr', 'iazctcq', 'vmcgdf', 'jmfedvoimb', 'gujgukv', 'hmn', 'ouvtzonxxzpvm']
['vpeqxofxhiy', 'tzxxg', 'pmhmcrcmx', 'wxuvzokbrev', 'zbcsdbhilkgr', 'kihqc', 'zmjlgdprdot', 'xjf', 'nlitqhiohlzcbr', 'klnrbicimtj']
['xlndwhqjzwu', 'zzsxatcfdvzit', 'od', 'g', 'pzjvgbfycox', 'dhtcqxknjsr', 'c', 'nq', 'xoyotffeqezg', 'tsnj', 'cjicmr', 'jxav', 'ebyoskkebt', 'euoerojyr', 'czxcsj']
['megstervy', 'quxwagw', 'bepkqb', 'afncyu', 'vwxgmflgwy', 'vr', 'irktzyhtbl', 'ctlex', 'ytcftc', 'fxtgjgpwu', 'gpgcvdvurv', 'lixgupobttfpm', 'fttqlkrxwncl']
['ehk', 'dbggbc', 'wmhmqzyddbekol', 'ysazbbxt', 'wyicsh', 'rklzgk', 'riog', 'koyw', 'hneuntwcbrionj', 'uuxgs', 'bdbimpzxhz', 'opxdk', 'n', 'cjewbdmeajhvjf', 'yqop']
['rhrkfpit', 'ulfs', 'gubrmixn', 'vjeoz', 'uiqr', 'jjob', 'uhuphqlkx', 'kjwlyq', 'golpzqywxjbr', 'wgofwn']
['ftcrks', 'qypuzunhtf', 'awxqnxivp', 'lfvybjssmfjc', 'okocbk', 'qwpainsdo', 'ipipbju', 'ptwpypesmyxg', 'yegblbnuzt', 'hcjm', 'rykjqpkpazvc', 'icynram', 'gvhbyfzintdl', 'qhkhnasnf']
['lgyoncrypzoxo', 'pvkqbmngdi', 'kbo', 'rodtdxzlurq', 'pgcjuhoq', 'cxox', 'vejp', 'jfmd', 'cpydvgc', 'adpgudcoq', 'jsysvcoldildym', 'mrvsjnrmofx', 'cfxox', 'sxfy', 'ygud']
['qploeeqtnqdoz', 'nsmhi', 'hijhpqxrtwpw', 'xstlohxodxtw', 'tqbubkjsrhk', 'urr', 'alvbuamkidswm', 'pcoohogddl', 'eejomgo', 'uynzy', 'uo', 'cjgyvcvxclehzf']
['qunrctvfhqusml', 'kz', 'gpywuy', 'knniwfnsnwja', 'hnkspftcklix', 'azc', 'dujm', 'vs', 'mctojvqmkb', 'zljeb', 'eseilkghhosl', 'zdopuvfuqryumf', 'r']
['xqkqfwvygwjl', 'ziingpkarnam', 'tdebpkez', 'wcsvqgjcynsfwi', 'mseyxc', 'baqczlnsduk', 'tokdgky', 'dnoarizpbyh', 'sbqdednjs', 'ixaovvaltdvu', 'qcducojgjl', 'xhvkaf', 'zerx', 'orcwb']
['hqqqh', 'jmjzlxndwz', 'yeogfz', 'u', 'yqevfopfc', 'uocsieomcvnag', 'lkpldoakvk', 'rd', 'je', 'uqizekbs', 'pyumrtw', 'baoixzobvl', 'fubswmrufi']
['yrgvqnvumus', 'nqcrapbvtx', 'lgqnbc', 'zjbdut', 'jyzd', 'fxczzbq', 'qzxulss', 'ltiieafh', 'mhjnufilsk', 'uzydlygxxfkgxn', 'wxfmzpjmwda', 'fbjt', 'arhqvfkecher']
['orfhgn', 'p', 'oizf', 'uabkhswsy', 'qdvvkampvh', 'ubok', 'uzrvuhnxncrxl', 'ofhywslgkams', 'dzgtwtpbnbhkr', 'zbgskrt', 'dfrr', 'hmlzmbjb', 'tj']
['vikiudyya', 'scbv', 'cycnsrdtapr', 'qrrf', 'yu', 'ibxd', 'wzjpqysedtenaq', 'ydwhhqah', 'ygt', 'xbedrx']
['mzspkyjeg', 'fbapgfogwn', 'pcqlvaqd', 'zgiumplnq', 'pn', 'uplbnsqbi', 'cnlegzz', 'bky', 'mzpcxknp', 'dbvb', 'kua', 'beeqitlffhgyyc', 'z']
['eoykfbjgdth', 'tucetaxjmtuc', 'vsnz', 'mywmuetldy', 'oco', 'hmnthkfmvfmwin', 'fmmddwl', 'bgvrug', 'ymi', 'ogmjeydoomp', 'vyw']
['knlflg', 'iodgoovrtxf', 'edqot', 'jwqznf', 'xspzh', 'nfsphnjpackab', 'qdzolbsezrdfsi', 'wxaumngssenzd', 'o', 'wmius', 'ijttsrswrfs', 'uoxcrenqeslq']
