['482', '437', '405', '377', '363', '361', '325', '311', '281', '280', '270', '252', '208', '206', '186', '182', '153', '95', '79', '72', '62', '59', '57', '53', '27', '4']
['450', '340', '329', '326', '321', '318', '314', '300', '230', '222', '209', '196', '193', '122', '73', '24', '22', '1']
['465', '425', '423', '417', '413', '317', '275', '245', '243', '224', '205', '183', '175', '143', '140', '135', '105', '76', '60', '56', '31', '10']
['448', '440', '436', '429', '424', '384', '352', '341', '334', '323', '309', '268', '260', '242', '227', '215', '191', '173', '136', '133', '100', '92', '89', '78', '55', '29', '7', '0']
['449', '428', '419', '409', '263', '262', '261', '257', '207', '185', '118', '85', '30', '15', '12']
['445', '385', '370', '353', '315', '284', '198', '177', '159', '131', '114', '91', '40', '36']
['438', '386', '369', '362', '332', '324', '302', '290', '286', '273', '240', '218', '216', '195', '141', '132', '129', '119', '98', '93', '75', '58', '21', '13', '5']
['476', '463', '461', '444', '396', '382', '355', '344', '330', '319', '299', '294', '293', '291', '287', '285', '277', '255', '238', '232', '220', '202', '188', '187', '164', '160', '117', '103', '86', '68', '50', '43', '37', '6']
['455', '454', '421', '418', '407', '401', '387', '381', '372', '358', '328', '313', '297', '271', '248', '233', '184', '162', '161', '128', '124', '113', '45', '42', '25', '3']
['470', '383', '373', '320', '316', '312', '289', '283', '276', '246', '241', '223', '192', '180', '178', '174', '146', '134', '125', '111', '51']
['478', '460', '453', '433', '403', '366', '308', '296', '231', '194', '172', '154', '151', '115', '63', '41', '35', '33']
['431', '416', '414', '397', '391', '350', '347', '335', '306', '305', '266', '221', '201', '181', '157', '155', '147', '71', '18']
['466', '376', '371', '364', '345', '322', '307', '304', '279', '278', '274', '272', '267', '258', '256', '249', '236', '234', '229', '217', '213', '210', '169', '158', '120', '97', '83', '65', '34']
['481', '480', '479', '474', '452', '415', '410', '404', '402', '392', '365', '348', '346', '333', '331', '298', '250', '247', '171', '166', '137', '130', '116', '104', '23']
['408', '380', '338', '337', '301', '292', '288', '259', '254', '253', '226', '225', '156', '149', '145', '139', '107', '102', '96', '54', '46', '38', '28', '17', '11', '8']
['451', '442', '441', '434', '422', '393', '367', '269', '251', '244', '228', '211', '126', '121', '112', '66', '16']
['483', '472', '471', '443', '439', '388', '357', '349', '343', '212', '203', '152', '150', '148', '144', '123', '106', '101', '94', '81', '48', '39', '2']
['462', '458', '446', '411', '378', '374', '342', '310', '235', '219', '214', '199', '190', '70', '64']
['467', '456', '447', '435', '432', '406', '390', '265', '204', '176', '167', '138', '127', '110', '87', '84', '80', '52']
['477', '473', '464', '459', '457', '427', '400', '389', '375', '368', '351', '295', '282', '264', '197', '189', '179', '170', '74', '69', '49', '32', '20', '14']
['475', '468', '430', '426', '420', '412', '395', '394', '354', '336', '303', '237', '168', '163', '108', '88', '77', '61', '26']
['469', '399', '398', '379', '360', '359', '356', '339', '327', '239', '200', '165', '142', '109', '99', '90', '82', '67', '47', '44', '19', '9']
