['9', '10', '11', '19', '52', '88', '108', '119', '122', '126', '133', '157', '193', '194', '233', '250', '253', '268', '284', '301', '305']
['33', '34', '41', '73', '74', '82', '152', '163', '166', '180', '188', '192', '195', '197', '244', '248', '291', '299', '306', '312', '321']
['8', '31', '71', '79', '86', '90', '92', '97', '107', '123', '124', '150', '151', '225', '235', '236', '297', '307', '311', '313', '340']
['18', '46', '59', '62', '68', '80', '135', '164', '208', '214', '226', '247', '249', '260', '339', '342', '368', '376', '386', '412', '418']
['16', '21', '40', '91', '102', '113', '118', '145', '155', '187', '198', '205', '245', '272', '283', '369', '381', '382', '396', '419', '423']
['2', '17', '35', '43', '115', '146', '170', '172', '207', '212', '228', '246', '275', '276', '319', '338', '345', '346', '351', '353', '427']
['36', '48', '51', '61', '64', '109', '114', '120', '127', '143', '190', '204', '263', '289', '348', '372', '378', '394', '407', '428', '431']
['6', '7', '57', '58', '60', '67', '100', '160', '174', '218', '232', '241', '251', '315', '325', '359', '408', '409', '436', '437', '442']
['3', '39', '42', '49', '65', '111', '112', '117', '139', '239', '258', '264', '343', '347', '385', '411']
['38', '81', '83', '130', '147', '154', '175', '220', '240', '280', '318', '337', '398', '410', '420', '435', '443']
['22', '23', '47', '50', '106', '138', '201', '219', '266', '273', '277', '362', '370', '388', '403', '421', '430']
['4', '5', '13', '14', '25', '66', '87', '177', '186', '202', '270', '281', '309', '360', '366', '374']
['26', '30', '93', '94', '134', '141', '148', '167', '173', '199', '209', '262', '269', '324', '361', '413']
['1', '69', '101', '103', '121', '131', '179', '230', '237', '255', '261', '278', '290', '302', '332', '355', '404', '416']
['0', '70', '89', '95', '137', '178', '184', '259', '295', '327', '371', '402', '433', '451', '455']
['24', '37', '45', '75', '116', '136', '158', '211', '271', '285', '288', '320', '363', '383', '405', '447']
['27', '55', '77', '85', '128', '129', '149', '181', '210', '234', '243', '282', '286', '390', '417', '426', '440', '444', '448']
['76', '132', '144', '156', '161', '176', '215', '238', '279', '287', '292', '294', '303', '304', '334', '373', '415', '424', '432', '456']
['15', '20', '28', '72', '162', '169', '224', '227', '293', '298', '326', '344', '354', '400', '434', '439', '453']
['32', '56', '159', '203', '216', '217', '242', '323', '330', '341', '365', '367', '389', '393', '395', '397', '429']
['12', '54', '78', '96', '110', '191', '252', '265', '308', '316', '333', '349', '356', '380', '387', '422', '449', '454']
['142', '153', '171', '182', '185', '189', '200', '231', '257', '310', '314', '328', '331', '384', '391', '401', '414', '438', '450']
['63', '196', '206', '221', '223', '254', '329', '336', '377', '379', '406', '445']
['29', '44', '53', '84', '99', '104', '105', '125', '140', '183', '222', '274', '296', '322', '350', '352', '358', '364', '399', '446']
['98', '165', '168', '213', '229', '256', '267', '300', '317', '335', '357', '375', '392', '425', '441', '452']
