['306', '239', '413', '320', '214', '10', '37']
['64', '199', '300']
['25']
['186', '218', '499', '466']
['388', '85', '76', '311', '165']
['276', '255', '159']
['45', '253', '69', '297']
['80', '226', '389', '426']
['104', '29', '13', '252', '407', '75']
['289', '87', '209', '18', '232', '168', '12', '448']
['126', '333', '441', '325', '337', '405', '26', '293', '248', '140']
['467', '453', '434', '98', '308']
['5', '264', '51', '318', '287', '24']
['344', '151', '221', '92', '458', '31']
['432']
['215', '145', '370', '360']
['198', '89', '206']
['258', '340', '484', '148']
['369', '195', '127', '120']
['188', '457', '490', '166']
['288', '216', '374', '488', '436', '94', '182']
['424', '284', '358']
['443', '317', '445', '0']
['425', '261', '133', '475']
['200', '136', '417', '481']
['472', '350', '347', '2', '282', '205', '192', '203']
['482', '153', '338', '175', '20', '33', '263']
['323', '454', '363']
['496', '431']
['390', '116', '171', '63', '463']
['112', '57', '379', '9', '485', '270', '106']
['324', '217', '237', '99', '251', '36', '486', '184', '207', '228']
['277', '233']
['345', '491', '231', '313', '11', '54', '141']
['144', '415', '152', '220', '58', '181', '124', '150']
['278', '459', '371']
['174', '469', '361', '492']
['376', '71', '368', '411', '406']
['72', '103', '139', '452', '187', '256']
['48', '427', '161', '147', '194', '396']
['234', '223', '100']
['387', '157', '227', '68', '196']
['44', '332', '312', '190']
['365', '398', '35', '101', '362', '83', '364']
['28', '269', '96', '331', '386']
['259', '348', '134', '343', '351', '281', '357', '321']
['322', '456']
['105', '495', '249', '42']
['23', '438', '487']
['93', '392', '107', '294', '169', '366', '329']
['121', '158', '399', '243']
['235', '378', '497']
['464', '298']
['302', '162']
['468', '84', '301', '267', '493', '108']
['483', '440', '41', '125', '391', '179', '326', '242']
['122', '193', '342', '117', '113', '6']
['450', '462', '393', '47', '257', '118', '266', '444', '401']
['178', '372', '421', '170', '53', '49', '38', '471', '21', '309', '176']
['336', '222']
['474', '304', '429', '32']
['142', '394', '442', '240']
['230', '197', '403', '422', '384', '375']
['224', '280', '268', '191']
['129', '81', '30', '119', '236', '246', '115', '330', '7', '177', '307', '410', '303', '185', '296']
['439', '299', '271', '404', '395']
['314', '315', '109', '146']
['213', '77', '95', '225', '477', '428', '245', '316']
['211', '397', '473', '373', '367', '238', '260']
['163', '40', '412', '423', '102', '352']
['74', '50', '356', '241', '265', '14']
['334', '172', '409', '272', '274', '419', '131', '8']
['335', '447', '67', '90', '247', '15', '385', '435']
['353', '418', '254', '382', '34', '79']
['27', '437', '155', '39']
['3', '60']
['305', '204', '212', '295', '292']
['319', '123']
['66', '416', '244', '138']
['114', '1', '310', '478', '465']
['167', '82', '291', '22', '275']
['279', '52', '156']
['143', '455', '285', '420']
['91', '56', '327', '88', '341', '73']
['402', '262', '380', '480', '70', '202', '250', '62']
['16', '498', '19', '160']
['339', '449', '451']
['377', '476', '359', '430']
['78']
['354', '210', '460', '208']
['400', '355', '189', '183', '414', '17']
['489', '381']
['283', '470', '128', '461']
['43', '135', '132', '130', '111']
['149', '328', '180', '383', '59', '286', '154']
['408', '173', '229']
['494', '433', '201', '137', '273', '164', '219', '46', '479', '61']
['86', '55', '346', '290', '110', '349']
['4', '65', '97', '446']
