['317', '225', '147', '108', '8', '139', '353', '142', '339', '138', '323', '394', '365', '140', '201', '237', '87', '23', '46', '55']
['290', '299', '285', '63', '334', '304', '282', '342', '141', '150', '200', '288', '318', '2', '219', '381', '144', '335', '284', '168']
['280', '391', '347', '96', '358', '276', '221', '121', '327', '56', '270', '135', '115', '109', '13', '184', '100', '52', '149', '154']
['71', '271', '252', '376', '340', '400', '61', '253', '392', '296', '120', '291', '379', '102', '256', '316', '187', '362', '83', '231']
['6', '210', '117', '31', '208', '81', '195', '79', '50', '118', '125', '194', '132', '26', '29', '361', '333', '37', '3', '292']
['206', '341', '366', '207', '266', '388', '326', '106', '68', '314', '188', '268', '370', '236', '17', '360', '234', '374', '34', '235']
['185', '131', '212', '72', '368', '204', '203', '5', '39', '372', '41', '44', '73', '325', '328', '98', '48', '60', '104', '119']
['116', '386', '385', '260', '389', '222', '301', '182', '86', '261', '67', '321', '300', '25', '337', '181', '232', '85', '157', '244']
['99', '289', '153', '297', '302', '313', '49', '137', '349', '163', '58', '367', '133', '4', '167', '259', '346', '286', '371', '54']
['92', '97', '183', '294', '298', '164', '22', '93', '180', '127', '320', '15', '262', '38', '329', '80', '111', '89', '112', '199']
['214', '198', '160', '94', '178', '345', '277', '18', '248', '393', '69', '295', '27', '75', '74', '377', '229', '322', '363', '20']
['369', '224', '95', '191', '226', '155', '105', '279', '390', '45', '384', '264', '247', '110', '169', '324', '101', '152', '33']
['9', '239', '245', '113', '122', '257', '315', '396', '129', '263', '356', '348', '177']
['197', '124', '171', '14', '57', '383', '146', '364', '355', '243', '170', '51', '238', '233', '278', '223']
['189', '350', '166', '84', '90', '175', '179', '143', '70', '43', '174', '35', '216', '382', '338', '40', '283']
['272', '387', '240', '30', '274', '202', '242', '66', '398', '161', '227', '19', '32', '332', '77', '107', '275', '336', '267']
['82', '359', '162', '380', '7', '76', '53', '305', '186', '378', '16', '344', '165']
['309', '250', '159', '265', '246', '78', '319', '205', '190', '145', '134', '128', '395', '10', '351']
['1', '310', '258', '215', '218', '42', '399', '114', '28', '293', '12', '11', '281', '331', '130', '273', '24', '354', '311']
['230', '241', '88', '172', '312', '213', '103', '148', '64', '136', '306', '307', '397', '36', '357', '217']
['269', '352', '303', '255', '151', '91', '343', '65', '254', '249', '47', '173', '156', '373', '308', '193', '330', '158', '192']
['126', '176', '59', '209', '220', '211', '21', '287', '62', '251', '123', '375', '228', '196']
