['86', '136', '148', '181', '213', '319', '396', '439', '467', '477', '495']
['6', '113', '201', '263', '287', '326', '333', '385', '400']
['134', '142', '261', '265', '322', '386', '410']
['90', '99', '154', '266', '272', '421']
['9', '64', '94', '111', '115', '173', '196', '212', '215', '284', '368']
['32', '37', '70', '126', '157', '258', '271', '345', '428', '446', '489']
['125', '186', '233', '313', '366', '380', '458']
['20', '147', '179', '230', '249', '260', '268', '273', '358', '374', '471']
['8', '40', '58', '60', '75', '301']
['11', '18', '69', '247', '269', '294', '397', '430', '493']
['12', '23', '92', '101', '120', '149', '245', '312', '347', '357', '453', '463', '484']
['42', '57', '76', '89', '180', '194', '206', '216', '297', '323', '352', '405', '424', '466']
['46', '65', '112', '191', '209', '257', '274', '283', '389', '434', '475']
['1', '19', '36', '63', '123', '279', '318', '320', '383', '473', '486']
['14', '38', '80', '97', '106', '133', '256', '282', '311', '353', '379', '464']
['24', '35', '175', '220', '229', '231', '280', '402', '432', '436', '490', '497']
['2', '137', '189', '335', '344', '395', '398', '429', '457']
['219', '224', '289', '293', '423', '445']
['10', '132', '141', '185', '276', '285', '441']
['22', '95', '128', '140', '144', '177', '251', '277', '303', '315', '339', '363', '392', '472']
['7', '33', '39', '150', '199', '259', '354', '370', '375']
['4', '68', '211', '223', '232', '236', '384', '408', '462', '469']
['5', '41', '108', '162', '190', '192', '198', '202', '234', '240', '244', '342', '378', '431', '437']
['83', '93', '176', '456', '460', '478']
['84', '119', '121', '143', '227', '241', '336', '356', '422', '440', '447', '465']
['31', '61', '138', '169', '264', '291', '298', '349', '425', '442']
['78', '109', '160', '171', '187', '221', '238', '253', '334', '346', '448', '461', '498', '499']
['17', '49', '110', '129', '170', '182', '203', '242', '299', '367', '381', '433', '492', '496']
['59', '96', '131', '204', '267', '309', '373', '409', '468', '479', '480']
['34', '45', '48', '66', '77', '91', '100', '207', '248', '314', '470']
['62', '163', '235', '254', '307', '337', '404', '417', '485']
['21', '44', '85', '118', '161', '205', '214', '325', '328', '340', '390', '376', '394', '418', '415', '450', '454']
['124', '166', '167', '184', '193', '228', '243', '250', '306', '341', '372', '391', '407', '413', '420', '435', '443', '481']
['105', '127', '226', '278', '331', '382', '406', '416']
['54', '88', '152', '343', '426', '438', '455', '474', '476']
['43', '47', '114', '116', '122', '195', '200', '255', '270', '316', '399', '483']
['29', '104', '155', '237', '295', '302', '330', '332', '414']
['130', '156', '168', '208', '304', '310', '317', '369', '377', '401']
['0', '16', '53', '139', '296', '348', '411', '427']
['30', '26', '50', '67', '252', '300', '305', '362', '371', '388']
['82', '74', '159', '288', '290', '324', '361', '487']
['28', '246', '351', '419', '491']
['15', '51', '73', '286', '365']
['25', '151', '174', '197', '327', '329', '403']
['55', '71', '79', '87', '292', '321', '360', '449']
['72', '81', '262']
['3', '13', '27', '107', '146', '164', '165', '188', '210', '217', '239', '275', '364', '387', '459', '482']
['52', '56', '117', '172', '178', '183', '222', '355', '412', '451', '452']
['102', '135', '153', '218', '225', '281', '350', '393', '488']
['98', '103', '145', '158', '308', '338', '359', '444', '494']
