['25', '125', '172', '305', '337']
['5', '431']
['64', '293']
['10', '76', '167', '357', '359', '388', '403', '441']
['199', '248', '449']
['83', '242', '280', '306', '312', '320', '345', '474']
['66', '110', '156', '175', '223', '259', '318', '322', '383', '385', '391', '409']
['49', '171', '181', '382']
['15', '52', '126', '177', '241', '252', '314', '323', '477']
['93', '129', '341', '395', '434', '437']
['71', '295', '335', '450']
['16', '44', '96', '104', '114', '200', '240', '308']
['13']
['22', '41', '117', '209', '222', '238', '277', '321', '325', '443', '487']
['142', '435', '445', '493']
['8', '92', '112', '116', '244', '303', '370']
['59', '82', '299', '343', '439']
['60', '130', '159', '164', '365', '451', '456', '466']
['111', '147', '207', '229', '247', '258', '390', '397', '414', '469']
['157', '265', '459']
['367', '368', '462']
['106', '118', '245', '268', '399', '404', '461', '483', '488']
['37', '94', '107', '313', '452']
['170', '392', '476', '478']
['2', '121', '176', '185', '231']
['463', '482']
['74', '224', '243', '297', '489']
['53', '215', '315', '319', '349', '378']
['173', '184', '191', '221', '250', '329', '348', '371', '418', '455']
['6', '45', '56', '98', '127', '204', '233', '444', '467']
['46', '88', '136', '228', '289', '298', '384', '475']
['115', '131', '267', '309', '408']
['218', '239', '254', '279', '328', '416']
['11', '36', '73', '139', '195', '203', '208', '232', '278', '350', '413']
['90', '113', '182', '211', '249', '301', '358', '387']
['38', '57', '150', '155', '168', '271', '398', '471', '473', '479', '485']
['54', '61', '99', '237', '263']
['50', '91', '97', '138', '276', '468']
['0', '72', '78', '152', '160', '165', '226', '339', '389', '401', '420']
['33', '128', '198', '251', '304']
['161', '213', '234', '260', '283', '285', '380', '447']
['124', '162', '300', '361', '412', '423', '430', '436', '458']
['18', '141', '146', '352', '405', '464']
['85', '180', '227', '287', '336', '496']
['119', '216', '269', '272', '292', '379']
['27', '58', '86', '246', '396', '465', '472']
['135', '144', '317', '355', '362', '448']
['21', '338', '354', '438', '460']
['62', '103', '105', '212', '286', '327', '346', '400', '422', '491']
['20', '35', '174', '190', '273', '332', '347', '377']
['24', '169', '178', '282', '331', '415', '433']
['23', '30', '51', '166', '194', '196', '288', '363', '407', '429', '481']
['7', '89', '102', '132', '235', '324', '374']
['26', '31', '32', '140', '186', '284', '290', '364', '366', '375', '410', '480']
['63', '163', '193', '270', '310', '406', '486']
['12', '47', '137', '187', '307', '381']
['34', '291', '316', '425', '426', '432', '484']
['42', '154', '255', '257', '294', '372', '393', '457']
['19', '95', '266', '330', '470']
['48', '183', '188', '236', '302']
['43', '149', '369', '402', '494']
['70', '109', '201', '206', '220', '230', '261', '264', '281', '311', '333', '351']
['3', '69', '84', '145', '179', '296', '340', '360', '373', '421']
['9', '28', '77', '101', '120', '253', '334', '342', '424']
['14', '68', '79', '87', '446', '490']
['100', '133', '214', '344', '356', '386', '417']
['1', '81', '122', '153', '210', '275', '411', '440']
['40', '151', '326', '427']
['75', '80', '108', '123', '217', '256']
['67', '134', '274', '394', '419', '442']
['4', '65', '197', '225', '428', '453', '454', '492', '495']
['55', '202', '262', '353']
['143', '158', '192', '205', '219', '376']
['17', '29', '39', '148', '189']
