['28', '55', '62', '68', '82', '102', '207', '219', '357', '362']
['42', '59', '118', '135', '197', '367']
['47', '128', '391']
['66', '96', '310', '352', '372']
['99', '169', '216', '249', '252', '311', '312', '329', '335']
['73', '170', '213', '247', '338']
['4', '24', '64', '80', '88', '262', '307']
['53', '218']
['113', '224', '343', '386']
['137', '147', '180', '227', '242']
['13', '69', '79', '201', '206', '342', '388', '389']
['45', '139']
['54', '194', '231', '341', '360']
['81', '121', '243', '279']
['35', '235', '337']
['111', '174', '267', '325', '336']
['60', '149', '234', '326']
['109', '365', '370']
['57', '85', '158', '236', '327', '368']
['183', '364']
['254', '321', '373']
['12', '131', '261', '272', '315']
['173', '239', '255', '330']
['110', '122', '212', '296']
['70', '140', '248', '333', '351']
['2', '25', '52', '178', '223', '345', '380']
['146', '176', '264', '305']
['172']
['29']
['189', '241', '289', '323', '355']
['14', '15', '22', '123', '331', '376']
['32', '136', '145', '260', '366', '396']
['120', '181']
['3', '210']
['230']
['1', '71', '253']
['259', '292']
['43', '141', '226']
['8', '229', '245', '300']
['134', '191', '228']
['100', '186', '200']
['51', '56', '67', '240']
['130']
['285']
['0', '106', '166', '171', '195', '205', '397']
['133', '138', '390']
['324']
['37', '107', '202', '208', '257', '348', '371', '381', '385']
['353']
['98', '108', '117', '196', '238', '275', '303']
['27', '76', '193', '233', '269', '297']
['34', '288', '316']
['92', '116', '161', '188', '347', '382']
['185', '204']
['363', '393']
['77', '124', '160', '320']
['97', '104', '304', '361']
['119', '129', '157']
['256', '301', '313']
['30', '164', '246', '266']
['50', '114', '150', '340']
['21', '220', '278', '354']
['41', '284', '287', '294', '302', '387']
['9', '156', '334', '349']
['83', '127', '339']
['18', '31', '273', '318']
['33', '46', '105']
['93', '95', '232']
['258', '395', '399']
['7', '263', '286', '299']
['154', '177', '203', '358', '392']
['23', '125', '153', '221', '225']
['38', '155', '217', '359', '369']
['20', '290', '291', '356']
['16', '280']
['65', '268', '375']
['39', '94', '190', '319', '332']
['44', '209', '215', '276']
['152', '308', '309']
['143', '168', '322', '350']
['5', '17', '58', '159', '179', '214', '384']
['48', '74', '89', '250', '377', '398']
['87', '192', '274']
['175', '293', '394']
['40', '151', '306', '374', '379']
['6', '317', '328', '383']
['112', '295']
['26', '144', '187']
['101', '184', '222', '265']
['36', '281', '298']
['19', '49', '61', '75', '84', '271', '277', '282']
['78', '103', '115', '162', '270', '314']
['165', '211', '244']
['11', '126', '142']
['10', '63', '86', '90', '91', '163', '344']
['199', '251', '283']
['132', '148', '167']
['72', '198', '237']
['346', '378']
['182']
