['40', '82', '103', '109', '114', '115', '117', '145', '163', '165', '177', '179', '186', '189', '201', '211', '212', '219', '244', '249', '294', '302', '305']
['31', '51', '57', '58', '71', '73', '81', '97', '99', '127', '181', '184', '228', '232', '252', '269', '297', '325', '334', '341', '349', '366', '372']
['37', '48', '63', '66', '102', '123', '126', '182', '206', '227', '246', '273', '289', '296', '315', '321', '340', '345', '353', '365', '373', '384', '390']
['4', '11', '43', '44', '92', '93', '150', '153', '154', '170', '198', '200', '209', '214', '237', '268', '303', '313', '342', '350', '389', '391', '397']
['2', '14', '20', '39', '45', '98', '135', '142', '174', '203', '207', '222', '224', '255', '261', '276', '317', '328', '351', '359', '361', '407', '416']
['3', '13', '19', '23', '27', '55', '68', '83', '94', '96', '130', '131', '169', '225', '236', '242', '284', '304', '309', '343', '358', '417', '421']
['15', '18', '21', '173', '175', '194', '208', '213', '221', '231', '233', '241', '248', '310', '333', '375', '408', '409', '420', '433', '438', '440', '443']
['5', '26', '70', '72', '87', '111', '124', '128', '139', '156', '160', '171', '216', '270', '311', '318', '323', '337', '363', '386', '413', '427', '453']
['25', '28', '29', '41', '74', '91', '105', '180', '188', '226', '235', '253', '257', '280', '292', '298', '314', '357', '394', '428', '431', '434', '455']
['17', '67', '80', '113', '167', '168', '193', '204', '215', '220', '285', '326', '339', '368', '382', '392', '393', '402', '403', '422', '449', '452', '457']
['35', '46', '53', '86', '104', '144', '146', '187', '190', '238', '300', '312', '327', '347', '348', '370', '376', '383', '398', '424', '426', '454', '461']
['9', '47', '69', '78', '84', '85', '106', '107', '132', '133', '147', '149', '159', '176', '191', '254', '259', '263', '320', '355', '415', '430', '465']
['49', '89', '90', '95', '100', '152', '243', '251', '258', '279', '288', '290', '307', '374', '378', '380', '388', '404', '414', '441', '442', '446', '468']
['10', '22', '32', '33', '34', '56', '64', '65', '158', '199', '210', '230', '240', '272', '295', '362', '364', '377', '399', '400', '418', '448', '469']
['7', '8', '50', '59', '75', '79', '88', '101', '155', '218', '245', '250', '266', '286', '293', '412', '436', '450', '456', '460', '464', '467', '472']
['36', '77', '108', '118', '137', '138', '172', '196', '223', '271', '277', '278', '329', '344', '381', '395', '411', '425', '439', '459', '463', '474', '476']
['148', '157', '229', '239', '256', '260', '275', '301', '324', '335', '336', '346', '354', '387', '396', '419', '429', '445', '447', '458', '462', '473', '479']
['24', '30', '110', '141', '143', '185', '192', '197', '217', '267', '281', '308', '316', '330', '352', '410', '435', '471', '477', '485']
['119', '121', '140', '162', '183', '264', '282', '299', '367', '371', '385', '423', '444', '466', '483']
['1', '16', '54', '120', '151', '164', '205', '265', '287', '291', '306', '356', '360', '369', '401', '432', '437', '478', '482']
['38', '42', '76', '112', '125', '161', '195', '202', '234', '247', '262', '274', '319', '331', '332', '338', '405', '451', '484']
['6', '12', '52', '60', '61', '62', '116', '122', '129', '134', '136', '166', '178', '283', '322', '379', '406', '470', '475', '480', '481']
