['30']
[]
['12', '80', '205']
[]
['38', '102']
[]
['125']
['9']
['28']
['140']
['10']
[]
['230', '240']
['7', '19', '94']
['66', '126', '141', '181']
[]
[]
['156']
['107', '195']
['189', '232']
['3', '180']
['56', '127']
['5']
['16']
['0', '17', '22']
[]
['109']
['144']
[]
['2', '198', '244']
['45', '79']
['65']
[]
['104', '245']
['119', '235']
['23', '194', '214']
['68']
['67']
['84']
['115']
[]
['91', '136']
['82', '231']
['76', '87']
[]
['89', '103']
['172']
['203']
[]
[]
['114', '134']
['46']
['186', '207']
['106', '132', '196']
[]
[]
[]
['86']
[]
['100']
['49']
[]
['75', '110']
['152', '220']
['53']
['35']
['142', '155']
[]
['174']
[]
['139']
[]
['71']
['24']
[]
['157', '199']
['160', '243']
[]
['120']
['96']
['4', '13']
['72', '170']
['40', '204']
[]
[]
['165']
['218']
['34', '208']
[]
[]
['63']
['48']
['77']
['128']
['101', '173', '197']
[]
[]
['11', '234']
['14', '216']
['228']
['113']
['213']
['121']
['83', '184', '217']
['176']
['73', '93']
['57', '200']
['60', '164', '212']
[]
['70', '206']
['162', '239']
['31']
['247']
['241']
['145', '236']
['37']
[]
['151']
['237']
['29', '124', '222']
['163']
['51', '169']
['43', '85', '167']
[]
['90']
['50', '54', '59', '133']
['221']
['8', '74', '190', '215']
[]
['112', '188']
['55', '88']
['20', '25', '166']
['62', '175']
[]
['116', '159']
['183']
['98', '158', '226', '246']
['95', '201']
[]
['36', '69', '105', '224']
['202']
['41', '178']
[]
['44', '123']
['147']
['122']
['209']
['42', '177', '185']
[]
['171']
['138', '187']
['135']
['146', '227']
[]
['32', '78']
[]
['131', '219']
[]
['249']
['47']
[]
['108']
['130', '238']
['39']
[]
['111']
[]
['26']
['81']
['21']
['148']
['97', '211']
['153']
['143', '233']
[]
[]
['161']
['27', '149', '242']
[]
['99', '137']
[]
['33', '229']
['64', '150']
['6', '118', '154', '168']
[]
['248']
['191']
['225']
['18', '129']
['15', '223']
['1']
['182']
[]
['58', '92']
['192']
['179']
[]
['61', '117', '210']
['52']
['193']
