['10', '20', '24', '42', '62', '79', '83', '95', '141', '169', '190', '193', '199', '217', '256', '258', '273', '277']
['21', '47', '56', '76', '90', '110', '119', '126', '129', '160', '189', '218', '219', '229', '235', '244', '274', '285']
['4', '34', '45', '61', '64', '66', '87', '88', '109', '145', '178', '239', '243', '252', '257', '267', '270', '290']
['9', '27', '63', '72', '93', '103', '130', '131', '138', '143', '147', '174', '204', '208', '240', '261', '293', '302']
['14', '59', '74', '92', '102', '123', '167', '215', '224', '301']
['7', '8', '32', '75', '82', '96', '105', '108', '133', '144', '157', '195', '214', '233', '236', '248', '249']
['37', '54', '57', '58', '65', '99', '115', '128', '142', '188', '198', '241', '304', '310']
['15', '71', '78', '91', '113', '122', '135', '158', '164', '180', '202', '234', '271', '275', '297']
['30', '52', '73', '89', '165', '200', '238', '254', '263', '276', '294']
['1', '2', '35', '86', '94', '117', '136', '186', '194', '210', '222', '295']
['26', '173', '177', '206', '255', '282', '292', '311']
['28', '33', '38', '68', '84', '97', '107', '111', '134', '152', '156', '161', '192', '205', '286', '308']
['0', '18', '19', '46', '106', '116', '149', '153', '176', '179', '212', '213', '226', '265', '305', '309', '312']
['29', '44', '53', '100', '146', '150', '154', '187', '237', '245', '259', '300']
['25', '40', '60', '85', '101', '168', '181', '185', '196', '220', '251', '266', '280', '298']
['41', '77', '112', '118', '120', '125', '127', '166', '175', '221', '223', '247', '264', '268', '279', '288', '306']
['80', '114', '197', '201', '296']
['5', '6', '12', '13', '31', '43', '48', '50', '67', '98', '137', '148', '184', '250', '262', '281']
['3', '23', '104', '139', '159', '162', '170', '209', '230', '246', '278', '291', '303']
['55', '124', '163', '172', '182', '191', '203', '211', '216', '227', '232', '242', '272', '289', '299', '307']
['11', '36', '49', '51', '70', '121', '132', '171', '225', '231', '269', '284', '313']
['16', '39', '81', '140', '155', '183', '228', '253']
['17', '22', '69', '151', '207', '260', '283', '287']
