['14', '40', '85', '111', '120', '125', '154', '158', '180', '206', '239', '249', '258', '264', '285', '305', '308', '356', '377', '390', '405', '434', '483', '487', '490']
['66', '68', '77', '129', '149', '150', '155', '165', '169', '201', '248', '257', '277', '346', '374', '394', '397', '426', '439', '448', '482', '488', '489']
['39', '62', '88', '89', '97', '105', '130', '205', '208', '219', '236', '237', '259', '266', '280', '284', '287', '309', '323', '349', '387', '395', '411', '430', '432', '491', '495']
['0', '46', '57', '134', '170', '178', '203', '270', '271', '283', '288', '297', '307', '317', '331', '341', '362', '385', '396', '400', '476', '496']
['13', '38', '98', '100', '107', '127', '160', '181', '183', '211', '215', '276', '310', '322', '373', '408', '455', '456', '481']
['1', '19', '33', '36', '54', '56', '64', '65', '67', '94', '131', '184', '185', '238', '242', '253', '256', '306', '401', '413', '428', '433', '435', '492']
['11', '12', '27', '87', '95', '101', '138', '140', '143', '151', '213', '224', '227', '231', '281', '314', '329', '351', '353', '354', '422', '424', '429']
['24', '32', '73', '75', '133', '148', '161', '188', '190', '255', '262', '290', '302', '311', '321', '326', '328', '368', '375', '479']
['7', '29', '90', '117', '123', '135', '145', '167', '177', '187', '209', '214', '269', '272', '282', '336', '363', '365', '402', '409', '414', '451', '461', '464', '475']
['2', '35', '42', '53', '71', '122', '163', '244', '273', '293', '316', '319', '325', '381', '388', '391', '412', '415', '442', '450', '485', '498', '499']
['8', '28', '159', '172', '204', '235', '295', '304', '313', '315', '333', '334', '343', '367', '378', '389', '446']
['34', '58', '99', '108', '193', '195', '196', '197', '221', '228', '240', '298', '320', '345', '370', '427', '443', '466', '472', '477']
['20', '21', '41', '78', '152', '171', '174', '217', '223', '234', '289', '350', '393']
['6', '26', '37', '74', '119', '176', '225', '226', '275', '291', '296', '327', '339', '361', '398', '419', '423', '440', '454', '467', '480', '486']
['49', '50', '52', '60', '69', '80', '81', '82', '112', '124', '147', '179', '229', '232', '233', '241', '324', '355', '369', '372', '404', '417', '421', '438', '449', '465', '497']
['9', '16', '23', '43', '55', '63', '92', '121', '141', '162', '194', '222', '251', '252', '260', '265', '300', '301', '359', '418', '457', '458', '463', '484']
['3', '5', '79', '84', '86', '91', '103', '104', '114', '115', '118', '136', '166', '192', '199', '210', '212', '267', '278', '294', '303', '318', '338', '352', '382', '384', '386', '410', '425', '436', '444', '469']
['10', '17', '61', '93', '113', '168', '173', '230', '250', '261', '299', '337', '344', '364', '366', '383', '392', '399', '407', '420', '441', '452', '453', '460']
['109', '137', '142', '144', '164', '175', '186', '268', '330', '335', '342', '348', '416', '445', '447', '470']
['4', '22', '44', '45', '96', '116', '128', '153', '216', '218', '246', '274', '279', '312', '371', '379', '406', '437', '459', '474', '478', '493']
['18', '25', '30', '59', '72', '76', '83', '110', '126', '132', '139', '146', '191', '202', '207', '243', '247', '254', '263', '292', '332', '340', '347', '357', '431', '468', '473']
['15', '31', '47', '48', '51', '70', '102', '106', '156', '157', '182', '189', '198', '200', '220', '245', '286', '358', '360', '376', '380', '403', '462', '471', '494']
