['3', '8', '35', '36', '39', '70', '74', '77', '81', '86', '100', '146', '170', '178', '192', '200', '210', '217', '224', '234', '259', '274', '288', '294', '298', '322', '353', '381', '388', '389']
['0', '24', '47', '51', '63', '64', '79', '115', '125', '130', '172', '173', '216', '233', '238', '239', '243', '261', '264', '267', '269', '276', '301', '306', '324', '356', '370', '375', '404', '416']
['2', '72', '78', '82', '96', '111', '119', '128', '131', '156', '165', '167', '177', '184', '206', '208', '232', '255', '263', '279', '283', '286', '303', '320', '334', '344', '409', '431', '445', '448']
['16', '38', '40', '42', '89', '91', '118', '180', '191', '194', '198', '205', '236', '248', '316', '319', '321', '326', '328', '351', '368', '372', '373', '390', '403', '425', '432', '433', '466', '472']
['10', '27', '28', '29', '58', '62', '80', '84', '102', '109', '135', '149', '168', '189', '197', '213', '304', '315', '338', '349', '362', '395', '414', '418', '438', '458', '470', '471', '475', '481']
['52', '133', '142', '145', '188', '202', '203', '215', '219', '235', '250', '260', '266', '275', '281', '300', '311', '318', '350', '360', '369', '380', '394', '397', '405', '422', '423', '446', '453', '485']
['9', '34', '95', '103', '104', '105', '106', '114', '127', '144', '163', '190', '195', '211', '228', '237', '272', '285', '293', '359', '386', '410', '419', '424', '449', '454', '467', '477', '486', '489']
['6', '45', '54', '57', '61', '83', '92', '98', '153', '169', '204', '221', '256', '273', '305', '317', '343', '358', '382', '400', '406', '426', '427', '452', '459', '476', '492']
['5', '12', '13', '46', '59', '68', '76', '97', '116', '117', '124', '240', '254', '280', '340', '348', '367', '484', '499']
['1', '41', '69', '73', '90', '150', '162', '187', '225', '227', '284', '291', '331', '335', '346', '366', '384', '450', '460', '462']
['15', '25', '33', '48', '66', '67', '93', '99', '148', '159', '160', '262', '289', '302', '314', '333', '385', '420', '428', '434', '443', '491', '495', '497']
['26', '87', '110', '123', '129', '138', '141', '181', '196', '199', '212', '220', '245', '246', '247', '271', '278', '287', '299', '327', '336', '411', '421', '436', '442', '444', '469', '480']
['4', '7', '11', '14', '49', '65', '85', '126', '134', '140', '218', '325', '329', '354', '357', '383', '387', '401', '402', '430', '437', '447', '456', '482', '487', '498']
['22', '30', '44', '75', '112', '120', '174', '182', '183', '214', '252', '265', '268', '297', '307', '342', '345', '363', '364', '365', '379', '413', '417', '435', '461', '490']
['37', '53', '113', '137', '179', '231', '251', '257', '292', '323', '337', '396', '407', '412', '439', '463', '483', '494', '496']
['17', '55', '107', '122', '143', '209', '222', '226', '230', '308', '310', '339', '355', '377', '391', '393', '415', '441', '479']
['19', '20', '31', '60', '94', '147', '161', '176', '201', '207', '242', '282', '295', '296', '312', '330', '341', '408', '429', '440', '465', '473', '474', '493']
['43', '50', '71', '101', '108', '136', '152', '155', '157', '171', '185', '229', '270', '309', '376', '399']
['32', '56', '121', '151', '154', '158', '175', '193', '223', '244', '253', '258', '277', '332', '374', '398', '457', '464']
['18', '21', '23', '88', '132', '139', '164', '166', '186', '241', '249', '290', '313', '347', '352', '361', '371', '378', '392', '451', '455', '468', '478', '488']
