['24', '45', '128', '134', '171', '204', '236', '248', '264', '275', '276', '309', '321', '328', '340', '347', '349', '363', '365', '390']
['0', '19', '51', '102', '105', '126', '132', '148', '161', '168', '226', '247', '317', '362', '380', '393', '395', '403', '454', '462']
['6', '41', '91', '104', '107', '133', '162', '184', '210', '280', '283', '300', '331', '337', '382', '412', '415', '444', '458', '468']
['11', '23', '30', '52', '88', '99', '112', '114', '131', '135', '151', '152', '157', '172', '320', '373', '441', '451', '473', '494']
['26', '39', '43', '55', '115', '137', '144', '159', '237', '284', '288', '289', '299', '301', '308', '414', '426', '471', '492', '498']
['13', '65', '106', '116', '229', '238', '270', '273', '305', '314', '329', '339', '341', '345', '383', '396', '438']
['33', '36', '145', '202', '211', '245', '326', '376', '469']
['10', '31', '59', '70', '103', '124', '165', '177', '186', '220', '243', '244', '333', '416', '447', '456', '467', '499']
['25', '125', '224', '286', '293', '315', '372', '381', '401', '422', '427', '479', '488']
['4', '113', '127', '174', '207', '254', '324', '325', '342', '387', '431', '452', '485', '495']
['73', '87', '122', '158', '223', '227', '319', '330', '357', '409', '413', '442', '445']
['20', '84', '117', '181', '208', '214', '233', '255', '278', '282', '290', '294', '327', '335', '344', '358', '379', '432', '457']
['17', '29', '57', '92', '139', '140', '141', '155', '176', '197', '246', '295', '336', '405', '453', '455', '459', '461', '496']
['47', '62', '89', '121', '136', '166', '277', '307', '490']
['34', '50', '76', '79', '80', '98', '120', '191', '195', '206', '216', '217', '241', '354', '371', '384', '392', '418', '430']
['14', '40', '48', '72', '119', '189', '190', '268', '346', '351', '374', '429', '439', '465', '466']
['3', '12', '75', '81', '123', '143', '153', '188', '218', '265', '279', '281', '312', '394', '399', '424', '435', '437', '486']
['56', '90', '100', '178', '180', '200', '205', '240', '261', '297', '306', '334', '364', '420', '433', '478', '489']
['5', '15', '21', '32', '46', '60', '93', '95', '167', '198', '209', '258', '311', '353', '355', '356', '407', '472']
['8', '9', '38', '53', '66', '256', '287', '323', '332', '338', '352', '369', '388', '400', '406', '464', '493']
['42', '68', '71', '85', '109', '110', '111', '149', '193', '232', '250', '259', '318', '322', '343', '348', '350', '448', '484']
['44', '78', '82', '96', '252', '260', '272', '298', '361', '368', '428', '449', '477', '481']
['7', '22', '54', '63', '86', '94', '129', '138', '183', '199', '262', '263', '267', '291', '303', '417', '419', '446', '475']
['28', '74', '164', '169', '179', '185', '215', '221', '230', '375', '398', '404', '423', '434', '436', '470']
['1', '83', '108', '118', '170', '173', '194', '212', '231', '257', '269', '313', '360', '391', '443', '491']
['2', '18', '35', '64', '146', '154', '192', '196', '225', '228', '251', '271', '285', '359', '367', '487']
['27', '67', '160', '175', '187', '201', '213', '239', '249', '253', '266', '292', '378', '397', '421']
['16', '77', '130', '142', '163', '182', '203', '222', '234', '296', '370', '385', '402', '440', '450', '463', '474', '497']
['61', '219', '242', '274', '302', '310', '366', '386', '408', '410', '425', '476', '483']
['37', '49', '58', '69', '97', '101', '147', '150', '156', '235', '304', '316', '377', '389', '411', '460', '480', '482']
