['114']
['12', '217']
[]
['9958', '9907']
['9829']
['9936', '81', '9911', '9886', '170', '9828', '9769']
['9894']
['9783']
['9987', '9949', '60']
['14', '9978', '77', '92', '9857', '9765']
['141', '9817']
['9974', '9931']
['39']
['9759']
['17']
['9846', '197', '243']
['9992', '9809']
['15', '18', '9950', '9827']
['250', '9888']
['64', '232']
['132']
['9929', '139']
['9896', '9867', '9848']
['9882', '201', '235']
['32']
['9995', '9837']
['9795']
['9965', '9962', '9750', '9844', '176']
['35', '9916', '9787']
['9893', '9880']
['9943', '9849', '216']
['196']
['50', '9934', '9830']
['9999', '28', '131']
['9955', '87', '135']
['33']
['9806', '9804', '207']
['94', '9866']
['21', '9901', '154', '9833', '184', '231', '233']
['9972', '140', '9840']
['9852', '9818']
['9966']
['9891', '9835']
['9959', '149', '180', '9807']
['177', '9789', '221', '242']
['145', '9774']
['9968', '9921', '152', '9838', '185']
['86', '150']
['9945', '9942', '102', '122', '9839', '9816', '9784']
['78', '82', '9898', '166', '218', '9771']
['68', '9930', '95']
['9908', '109', '9751']
['1', '9912', '118', '126', '9821', '9798', '223']
['219', '222']
['106', '9819']
['9766']
['9948', '98', '107', '198']
['9770']
['9971', '41', '90', '248']
['48', '147', '151', '203']
['9998', '105', '159']
['44', '9801']
['30', '127', '183', '209']
['9941', '115', '9756']
['146']
['9996', '9982', '9975', '9767']
['9832', '224']
['9926']
['9954']
['9964', '9875', '164']
['9', '9862', '9810']
['9990', '9989']
['163', '182']
[]
['9909', '9899', '9823', '9793']
['43', '9932', '9853', '9813', '9757']
['9903']
['179', '181']
['29', '59', '9925', '113', '9871', '9782']
['56', '9803']
['10', '210']
['65', '136']
['9905', '168', '9831']
['5', '31', '174', '9790', '9752']
['3', '97', '199', '238', '249']
['9979', '9915', '9881']
['192']
['8']
['4', '9973']
['27', '47', '9864', '9847', '9834', '206']
['9997', '22', '9953']
['83']
['38', '45', '66', '9878', '9865', '9859', '157', '186', '9797']
['9922', '119']
['9872', '9863', '9860']
['9981', '9758']
['89', '9910', '9861', '9858']
['9904', '9874']
['9952', '9923', '9917', '100', '9895', '9885', '153', '240']
['91', '9785']
['9883', '228']
['178', '220', '9755']
['9956', '74', '9822', '9808']
['9914', '9811']
['34', '9779']
['144', '9850', '213']
['49', '9897', '9786']
['54', '160', '195']
['9939', '9933', '129', '214']
['9946', '134', '9825']
['23', '9963', '40', '9924', '9902', '9760']
['46', '111', '237', '239']
['6', '99']
['16', '9928']
['9876', '130', '9856']
['61', '9937', '9913', '117', '9879', '212']
['9877', '9836', '171', '9778']
['9938', '103', '9890']
['11', '138']
['69', '80', '194', '230', '241']
[]
['9994']
['165', '9815']
['2', '9983', '133', '211']
['104', '9796', '208']
['25', '53', '9855', '9854', '215']
['9986', '9947', '137', '155', '161', '202']
['172', '234', '236', '244']
['9918']
['9944', '9842', '169', '9763']
['148']
['88', '108', '9873', '226', '247']
['9960', '121', '125', '9826', '9772']
['57', '189']
['9980', '9951', '52', '112', '123']
['9988', '191', '229']
['9870', '158', '245']
['26', '51', '58', '9792']
['71', '193', '9754']
['9927', '110', '116']
['9985', '9919', '9906']
['7', '9976', '96', '9777']
['24', '9970', '62', '173', '200']
[]
['70', '9845', '175', '9788']
['37', '9889']
['9957', '79', '9841', '9791']
['9993', '36', '9961', '67', '9892', '190', '9773', '9753']
['9969', '9887', '162', '9776']
['73', '9824', '188', '9762']
['9843', '9800']
['9920', '187', '9775']
['9851', '9814', '9802', '227', '246']
['20', '72', '167', '9768']
['13', '9868', '156', '9812']
['9977', '9761']
['101', '120', '143', '9799', '9764']
['75', '93']
['9900', '9869', '205', '225']
['19', '42', '84']
['9940', '124', '128', '142', '204']
['85']
['9991', '9967', '63', '9780']
['9984', '55', '76', '9884', '9820', '9794', '9781']
['9935']
['9805']
