['49', '149', '153', '214', '290']
['124', '156', '184', '207', '218', '225', '270', '288']
['116', '119', '128', '132', '161', '167', '210', '217', '221', '237', '262']
['6', '20', '42', '78', '127', '142', '145', '158', '169', '183', '187', '223']
['40', '97', '105', '240', '261']
['70', '108', '137', '138', '148', '172', '248', '257', '286']
['14', '19', '177', '178', '196', '205', '208', '211', '250', '256']
['8', '31', '100', '114', '144', '222', '251', '259', '278', '289']
['3', '15', '52', '63', '80', '89', '109', '115', '130', '164', '185', '216', '230', '269', '273']
['4', '73', '86', '113', '134', '186', '188', '201', '264', '276', '279']
['30', '37', '48', '58', '67', '110', '143', '190', '204', '232', '241']
['2', '7', '23', '54', '72', '94', '174', '229', '246', '285', '295']
['68', '71', '74', '135', '140', '151', '283', '294']
['13', '32', '35', '55', '65', '75', '81', '111', '136', '197', '243', '249', '255', '275']
['18', '22', '24', '82', '84', '101', '155', '191', '194', '203', '226', '235', '266']
['5', '102', '122', '170', '296', '298']
['25', '56', '59', '79', '92', '99', '131', '152', '162', '168', '293']
['0', '11', '34', '45', '76', '103', '118', '125', '126', '267', '287']
['16', '38', '57', '60', '64', '88', '106', '147', '159', '189', '271', '277']
['50', '83', '202', '215', '254', '265', '281']
['1', '41', '107', '160', '165', '171', '176', '209', '231', '253']
['10', '21', '66', '69', '87', '90', '112', '120', '219', '220', '233', '238', '272']
['17', '117', '175', '212', '282', '284', '299']
['51', '146', '154', '179', '224', '236', '244', '245', '247', '252']
['36', '53', '98', '121', '139', '141', '150', '166', '228']
['29', '44', '47', '85', '91', '96', '104', '173', '195', '258', '260', '280', '291']
['12', '26', '27', '62', '93', '129', '133', '227', '274']
['33', '46', '77', '157', '180', '181', '206', '263', '268', '297']
['39', '61', '163', '200', '239', '242', '292']
['9', '28', '43', '95', '123', '182', '192', '193', '198', '199', '213', '234']
