['AL', 'EMP', 'X', 'BNC', 'W', 'EU', 'PRYXX', 'NTMT', 'NO', 'AEV', 'MYN', 'RWO', 'LWIA', 'NJAA', 'EWAZF', 'NDMQJ', 'VCFLXV', 'TTV', 'TQWWLG', 'HHCPMB']
['WK', 'TGKUE', 'MM', 'HMURVX', 'THMU', 'UI', 'FBW', 'VWK', 'OHZYQ', 'PIGBG', 'KPXJFJ', 'TRXUD', 'JJ']
['PQ', 'ICLIT', 'ZVWR', 'TXNP', 'NMU', 'B', 'FVMBV', 'PBRPX', 'MRT', 'YQ', 'ANW', 'BW']
['LZLFY', 'XLVUF', 'HO', 'TN', 'HLT', 'JSMAHJ', 'GUOYX', 'JN', 'ZDYFZU', 'AH', 'USZM', 'DRLM', 'FAL', 'SEWIVO', 'ZQAULZ']
['JP', 'G', 'BBB', 'WAXWZU', 'OQV', 'UK', 'ZHDBW', 'NZDAU', 'VYGES', 'SRJZQ', 'NDLUNW', 'UEKXJH', 'VL', 'V', 'TAN', 'AQDX', 'BPZAJ', 'HPXSSF', 'ORJB']
['QREJV', 'T', 'BHT', 'OC', 'OTXCZH', 'CAED', 'IMB', 'PE', 'AFH', 'FGPZAA', 'IU', 'EYEWXP', 'GBSI', 'LW', 'BQIFGG', 'AY']
['P', 'ZIIN', 'SHT', 'MV', 'MPYJWG', 'GDGZN', 'U', 'HSHY', 'PHS', 'TZTCA', 'OYDEJ', 'FJTW', 'BSAEQ', 'DCBWSF', 'UVUBDR', 'DBGM', 'JCM', 'FPPMUW', 'LTHESD']
['GDFI', 'NAIN', 'FAF', 'KBV', 'VYBQIM', 'PJG', 'SU', 'JMYQEA', 'DJS']
['QNN', 'ZULMQ', 'MLDT', 'YOGJ', 'LHILT', 'Z', 'XFGUIZ', 'S', 'LNMCTV', 'GCSAZH', 'TGDTND', 'YFFNQ', 'ZTR', 'XLWRB']
['SGY', 'EP', 'GI', 'M', 'KLQR', 'JCEYOL', 'KCQRDN', 'WBPB', 'AB', 'MXSFK', 'YEBV', 'RUC', 'IGSXN', 'YO', 'RM', 'MMUK', 'SK', 'UU']
['JBJS', 'NVLNXP', 'OYJLB', 'AZN', 'TXCK', 'UBWSTW', 'JNJNE', 'QNKIQE', 'IE', 'QBB', 'MY', 'SBM', 'DLJMZC', 'EM', 'UJ', 'QREJG']
['ZHCQG', 'ETBLO', 'BAVHR', 'BHKK', 'FP', 'YDDS', 'NP', 'OIA', 'WWF', 'UXXBYF', 'KKFPQ', 'FCB', 'YII', 'KFBC']
['I', 'WTGA', 'TYQL', 'ZW', 'RQRWJT', 'HH', 'OVM', 'GFNZL', 'UHTMG', 'BGB', 'ODIF', 'QROYGT']
['CTRFIJ', 'MOOKF', 'L', 'MYSMZ', 'MWKWWN', 'KMU', 'QDMX', 'YXEJT', 'ZJUCNC', 'QKT', 'ZYFXQ', 'HDJL', 'HOQPX', 'DJC', 'VOLULU', 'CNYXMO', 'HDJIQ', 'QIZWG', 'LQ']
['KW', 'HJW', 'TSSNJ', 'DFGWZZ', 'RZU', 'DQQ', 'XU', 'YK', 'JUXOIJ', 'BX', 'KFYTH', 'HGT', 'MISGHL', 'TJU', 'XS', 'WCZSB', 'TOR', 'KAZEK', 'UIUBC']
['QGUYKQ', 'ERR', 'RKCPEP', 'VHUHI', 'E', 'ETSAG', 'O', 'WVHKC', 'LY', 'FSZNT', 'BFZ', 'LJSX', 'AR', 'AJDT', 'CMB', 'XT', 'FXAQ', 'CN']
['Y', 'WZ', 'UXBDM', 'C', 'IWP', 'J', 'XVU', 'XINMR', 'XEAARR', 'CHR', 'OFIPP', 'DEXTSN', 'UBYG', 'ARYSPZ', 'LZQ', 'EVTLXI', 'FWRV']
['CRAQYE', 'EVDQNK', 'CVSPP', 'EHXPLS', 'AZGCQ', 'H', 'ET', 'TB', 'DVVKX', 'FLLJ', 'RWHILI', 'QYC', 'A', 'EYVVY', 'MK', 'OL', 'NDZ']
['WFWU', 'COYVMU', 'CCIYM', 'N', 'ZTK', 'WELF', 'EDAKUV', 'TCBKQ', 'NBJL', 'ZAP', 'ZVKC', 'IYCHS', 'MICOE', 'BJ', 'EJOR', 'KRXDGO', 'HTA', 'SUPLJO', 'WPRTBZ']
['NDF', 'NS', 'NGUN', 'SY', 'TUB', 'ACYQN', 'JL', 'D', 'AW', 'QE', 'POL', 'KJHR', 'CFG', 'OEJ']
