['7', '12', '22', '51', '69', '73', '88', '135', '138', '174', '177', '201', '243', '245', '251', '274', '282', '286', '289', '291']
['17', '21', '32', '53', '70', '95', '100', '131', '136', '168', '209', '233', '269', '283', '285']
['16', '50', '61', '200', '219', '265', '266']
['47', '59', '146', '205', '249', '278']
['20', '27', '99', '106', '108', '117', '145', '160', '169', '175', '185', '197', '279', '294']
['4', '33', '57', '71', '80', '94', '96', '125', '171', '202', '299']
['11', '74', '118', '263']
['25', '85', '166', '181', '234', '237', '258']
['30', '76', '87', '129', '193', '223', '230', '281', '284']
['0', '1', '44', '137', '192', '211', '254', '260']
['8', '13', '37', '46', '81', '121', '122', '134', '199', '206', '208', '248']
['9', '14', '83', '102', '115', '130', '157', '195', '212', '228', '241', '267']
['2', '38', '66', '68', '141', '190', '220', '270', '288']
['24', '26', '28', '34', '35', '36', '82', '86', '111', '133', '151', '203', '232', '256', '261']
['48', '54', '119', '218']
['64', '92', '116', '123', '144', '147', '155', '159', '216', '221']
['3', '127', '140', '150', '158', '184', '187', '189', '227', '268', '272']
['10', '19', '43', '62', '89', '120', '163', '170', '224', '242', '297']
['65', '84', '231', '235', '239', '253', '255', '257', '290']
['6', '58', '90', '273', '275', '280', '296']
['18', '56', '63', '67', '104', '124', '128', '156', '164', '194', '196', '226', '252']
['15', '49', '77', '103', '112', '180', '210', '240', '295']
['5', '78', '91', '105', '132', '148', '153', '161', '198', '213', '215', '229', '244', '277']
['31', '52', '97', '98', '114', '126', '172', '173', '225', '262', '264']
['40', '72', '113', '139', '143', '152', '179', '186', '204', '207', '217', '222', '238', '293']
['41', '75', '79', '93', '101', '109', '188', '191', '214', '250']
['23', '29', '39', '45', '154', '246', '259']
['110', '149', '183', '276', '292']
['55', '60', '107', '142', '162', '167', '182', '247', '287']
['42', '165', '176', '178', '236', '271', '298']
