['DennisSchroder', 'KyrieIrving']
['MikeMuscala', 'MarcusSmart']
['TerryRozier', 'JoeHarris']
['MichaelKiddGilchrist', 'DenzelValentine']
['JarrettAllen', 'JerianGrant']
['DavidNwaba', 'PaulZipser']
['MalikMonk', 'LeBronJames']
['JustinHoliday', 'KyleKorver']
['JeremyLamb', 'MaxiKleber']
['TaureanWallerPrince', 'SalahMejri']
['KentBazemore', 'JamalMurray']
['MarcusMorris', 'TorreyCraig']
['KembaWalker', 'AndreDrummond']
['LauriMarkkanen', 'AveryBradley']
['KrisDunn', 'ReggieJackson']
['DirkNowitzki', 'KlayThompson']
['CarisLeVert', 'KevinDurant']
['AnthonyTolliver', 'DraymondGreen']
['BobbyPortis', 'AndreIguodala']
['DwightHoward', 'PatrickMcCaw']
['DAngeloRussell', 'JamesHarden']
['JaysonTatum', 'PJTucker']
['GaryHarris', 'EricGordon']
['JoseCalderon', 'ClintCapela']
['MalcolmDelaney', 'ChrisPaul']
['TreyLyles', 'RyanAnderson']
['StanleyJohnson', 'NeneHilario']
['LukeKennard', 'VictorOladipo']
['AlHorford', 'BojanBogdanovic']
['ReggieBullock', 'CoryJoseph']
['HarrisonBarnes', 'DarrenCollison']
['LangstonGalloway', 'LanceStephenson']
['IsaiahTaylor', 'DomantasSabonis']
['JRSmith', 'JoeYoung']
['JohnCollins', 'LouWilliams']
['PaulMillsap', 'WesleyJohnson']
['TobiasHarris', 'SindariusThornwell']
['ZazaPachulia', 'BlakeGriffin']
['JaeCrowder', 'SamDekker']
['KyleKuzma', 'BrandonIngram']
['NicolasBatum', 'LonzoBall']
['RondaeHollisJefferson', 'BrookLopez']
['MasonPlumlee', 'JoshHart']
['TristanThompson', 'LarryNance']
['TylerZeller', 'DillonBrooks']
['DeMarreCarroll', 'AndrewHarrison']
['CristianoFelicio', 'BenMcLemore']
['WillBarton', 'GoranDragic']
['IshSmith', 'WayneEllington']
['JamesEnnis', 'KellyOlynyk']
['TyrekeEvans', 'JustiseWinslow']
['NickYoung', 'BamAdebayo']
['ThaddeusYoung', 'HassanWhiteside']
['WesleyMatthews', 'KhrisMiddleton']
['SpencerDinwiddie', 'GiannisAntetokounmpo']
['DavidWest', 'EricBledsoe']
['DwyaneWade', 'SterlingBrown']
['EmmanuelMudiay', 'AndrewWiggins']
['AronBaynes', 'KarlAnthonyTowns']
['QuincyAcy', 'JeffTeague']
['JabariParker', 'JamalCrawford']
['JaMychalGreen', 'TyusJones']
['DwightPowell', 'NemanjaBjelica']
['DeAndreJordan', 'GorguiDieng']
['TrevorAriza', 'JrueHoliday']
['CediOsman', 'DariusMiller']
['JuliusRandle', 'DeMarcusCousins']
['DevinHarris', 'RajonRondo']
['JohnHenson', 'IanClark']
['JimmyButler', 'DanteCunningham']
['KentaviousCaldwellPope', 'JameerNelson']
['TonySnell', 'NikolaMirotic']
['ThonMaker', 'CourtneyLee']
['JaylenBrown', 'EnesKanter']
['MarvinWilliams', 'MichaelBeasley']
['SemiOjeleye', 'LanceThomas']
['MarcGasol', 'DougMcDermott']
['JasonTerry', 'CarmeloAnthony']
['DeyontaDavis', 'JeramiGrant']
['JordanClarkson', 'RaymondFelton']
['MarcoBelinelli', 'AlexAbrines']
['ErsanIlyasova', 'AndreRoberson']
['DanielTheis', 'JoshHuestis']
['FrankNtilikina', 'DJAugustin']
['RobinLopez', 'MarioHezonja']
['FrankKaminsky', 'WesleyIwundu']
['DionWaiters', 'RobertCovington']
['TajGibson', 'DarioSaric']
['GeraldGreen', 'JJRedick']
['JarellMartin', 'JoelEmbiid']
['AllenCrabbe', 'TJMcConnell']
['RussellWestbrook', 'AmirJohnson']
['BenSimmons', 'JerrydBayless']
['PaulGeorge', 'TimotheLuwawuCabarrot']
['JeffGreen', 'RichaunHolmes']
['LucMbahaMoute', 'TylerUlis']
['MalcolmBrogdon', 'TroyDaniels']
['DevinBooker', 'AlexLen']
['ShelvinMack', 'TysonChandler']
['JamesJohnson', 'JaredDudley']
['AlJefferson', 'CJMcCollum']
['JonathonSimmons', 'JusufNurkic']
['DennisSmith', 'EvanTurner']
['TreveonGraham', 'ShabazzNapier']
['ShaunLivingston', 'PatConnaughton']
['AustinRivers', 'EdDavis']
['MichaelCarterWilliams', 'ZachCollins']
['MarioChalmers', 'BogdanBogdanovic']
['AlFarouqAminu', 'WillieCauleyStein']
['ShabazzMuhammad', 'GarrettTemple']
['JJBarea', 'ZachRandolph']
['DewayneDedmon', 'JustinJackson']
['KyleOQuinn', 'KostaKoufos']
['JoshRichardson', 'SkalLabissiere']
['NikolaJokic', 'GeorgeHill']
['MontrezlHarrell', 'LaMarcusAldridge']
['TylerJohnson', 'PattyMills']
['MylesTurner', 'KyleAnderson']
['DraganBender', 'PauGasol']
['DeAaronFox', 'DannyGreen']
['EvanFournier', 'DejounteMurray']
['ElfridPayton', 'BrynForbes']
['BismackBiyombo', 'RudyGay']
['MauriceHarkless', 'DavisBertans']
['TimHardaway', 'DeMarDeRozan']
['BuddyHield', 'SergeIbaka']
['ManuGinobili', 'JonasValanciunas']
['TJWarren', 'PascalSiakam']
['WilsonChandler', 'JakobPoeltl']
['PatrickPatterson', 'FredVanVleet']
['MarqueseChriss', 'OGAnunoby']
['KevinLove', 'DelonWright']
['JarrettJack', 'DonovanMitchell']
['ETwaunMoore', 'JoeIngles']
['YogiFerrell', 'RickyRubio']
['StephenCurry', 'DerrickFavors']
['AnthonyDavis', 'RudyGobert']
['KristapsPorzingis', 'RoyceONeale']
['CoreyBrewer', 'JonasJerebko']
['DamianLillard', 'RodneyHood']
['MilosTeodosic', 'AlecBurks']
['AaronGordon', 'EkpeUdoh']
['NikolaVucevic', 'OttoPorter']
['BradleyBeal', 'MarcinGortat']
['JoshJackson', 'MarkieffMorris']
['KyleLowry', 'TomasSatoransky']
['KellyOubre', 'JohnWall']
['CJMiles', 'IanMahinmi']
['StevenAdams', 'JodieMeeks']
['MikeScott']
