['DX', 'ST', 'MX', 'MH', 'HM', 'BQ', 'EN', 'NN', 'RN', 'RO']
['RH', 'OG', 'NO', 'BS', 'PZ', 'FC', 'QY', 'HF', 'NW', 'HO']
['PK', 'KR', 'PT', 'GJ', 'CV', 'LA', 'NE', 'IV', 'TE', 'PO']
['HB', 'MY', 'OJ', 'DF', 'GT', 'PC', 'SB']
['NC', 'FT', 'EC', 'OO', 'J']
['OQ', 'JI', 'QK', 'JO', 'JP', 'QO', 'KC', 'HU']
['HJ', 'JW', 'QS', 'EZ', 'OT', 'EE', 'QP']
['CZ']
['RW', 'GW', 'FK', 'OE', 'ME', 'BF', 'IC']
['MB', 'QV', 'II', 'DY', 'OS', 'QW', 'CY', 'BP']
['IL', 'DZ']
['LN', 'HY', 'LS', 'PG', 'GS', 'SD', 'DW', 'PA']
['ND', 'RJ']
['OD', 'DV', 'OU', 'N']
['DD', 'GC', 'RQ', 'RR', 'SA']
['CJ', 'Z']
['BV', 'IK', 'LH', 'BO', 'IN', 'IS']
['IY', 'FI', 'SZ', 'HP', 'BT', 'SR', 'JX']
['BE', 'OP', 'NZ', 'KP', 'BZ']
['JB', 'TF', 'RE', 'DQ', 'JZ']
['CL', 'CP', 'IG', 'PX', 'DH']
['RG', 'IA', 'IE', 'D', 'QL', 'HN']
['RK', 'IT', 'LF']
['IF', 'HG']
['CC', 'Y', 'HH', 'T', 'MF']
['QT', 'P', 'LP', 'RD']
['HC', 'ID', 'HQ', 'FW', 'ML', 'GN', 'EM', 'BU', 'EK']
['EV', 'OY', 'JC', 'HX', 'PE', 'FO', 'QD']
['QJ', 'JT', 'FE', 'HI']
['JU', 'OI', 'GO', 'HK']
['DM']
['CI', 'MQ', 'MD', 'SN', 'DC', 'KQ', 'FD', 'FB']
['KE', 'EQ', 'NI']
['OC', 'MA', 'MK', 'RV', 'OZ']
['OB', 'GH', 'KM', 'LD', 'DU', 'KF', 'GZ']
['JF', 'EU', 'KO', 'SS', 'IM']
['KX', 'K', 'DT']
['JA', 'BJ', 'JQ']
['TB', 'LG', 'RI', 'QZ']
['MJ', 'BW', 'MW', 'IU', 'GY', 'QC']
['GA', 'PB', 'PM', 'IJ']
['KJ', 'GX', 'NJ', 'NH', 'NR', 'JL', 'KL', 'NQ', 'JR']
['X', 'OH', 'CW', 'HS', 'TD']
['FS', 'NP', 'B', 'SX']
['PY', 'SW', 'BR', 'QU']
['LV', 'PJ', 'PL', 'KY', 'IQ', 'NL', 'GP', 'EA', 'CS']
['DS', 'EF', 'F', 'MR']
['GU', 'BG', 'NB', 'LZ', 'FQ']
['DK', 'NU', 'EI', 'QF']
['FG', 'CE', 'RF', 'KB', 'DR']
['HW', 'EG', 'CF', 'MV', 'DL']
['QG', 'JN', 'SO', 'BK', 'FM', 'IR']
['GI', 'MC', 'NK', 'PW', 'SK', 'QI', 'QN']
['JG', 'KZ', 'MT', 'QQ', 'V', 'HT', 'EY', 'RY']
['CA', 'OK', 'KH', 'QA', 'LT', 'SV', 'QM', 'CR', 'NM']
['GD', 'I', 'RU', 'SF']
['BB', 'C', 'BX', 'LB', 'LL']
['MU', 'OX', 'HR', 'CG']
['GG', 'PI', 'LM', 'BD', 'NA']
['CD', 'MZ', 'U', 'HE', 'MG']
['LE', 'QB', 'S']
['KD', 'KT', 'GE']
['CQ', 'NY', 'IH', 'H', 'JV']
['EX', 'MM', 'TC']
['LO', 'NS']
['OV', 'KA', 'CX']
['LY', 'DJ', 'RP']
['TA', 'DG', 'FP']
['NG', 'SU', 'DI', 'BN', 'JE', 'BC', 'FL']
['MI', 'DB', 'LX', 'QH']
['MO', 'SP', 'JS']
['IO', 'SJ', 'LU']
['JY', 'FU', 'CK']
['FY', 'RM', 'PS', 'NT', 'JH', 'FX']
['LW', 'EJ', 'FJ', 'RC', 'LC', 'FR', 'GK']
['GB', 'OW']
['G', 'JD', 'BI', 'FZ', 'SQ', 'HA', 'RT', 'FN', 'M']
['SC', 'NF', 'ES', 'IW', 'CB']
['HZ', 'L']
['JK', 'EW', 'A', 'PH']
['O', 'CT', 'DP', 'EO', 'RA', 'IX', 'FV', 'DN']
['MN', 'ET', 'GM', 'Q', 'E']
['EL', 'PF', 'EH', 'KK', 'GF', 'SI', 'RX']
['GR', 'PU', 'FH', 'HV', 'HL', 'RS', 'HD']
['QX', 'RZ', 'KS']
['GV', 'CU', 'LQ', 'OA', 'IP']
['SL', 'RB', 'BY', 'FF', 'CH']
['KV']
['MS', 'OF', 'MP', 'OM']
['DO', 'PP', 'GL', 'PR', 'KN', 'SY']
['SG', 'SE']
['LR']
['SH', 'KU', 'R', 'DA']
['IB', 'OL', 'CM', 'QR']
['KW', 'PN', 'PV', 'IZ', 'QE', 'W']
['BM', 'BL', 'NX', 'EP', 'PQ']
['SM', 'BH', 'ER', 'JM', 'GQ', 'ED']
['LI', 'LK', 'KI', 'PD', 'JJ', 'CO', 'FA']
['NV', 'OR', 'ON', 'DE', 'KG', 'RL']
['BA', 'CN', 'EB', 'LJ']
