['222', '305', '220', '273', '258', '310', '320', '287', '47', '125', '324', '311', '247', '280', '48', '232']
['104', '252', '173', '144', '231', '337', '163', '272', '204', '54', '201', '124', '374', '44', '65', '69']
['346', '345', '209', '234', '288', '40', '147', '7', '72', '293', '248', '77', '141', '26', '371', '43']
['295', '282', '64', '6', '344', '299', '219', '304', '139', '198', '63', '42', '322', '53', '355', '372']
['38', '81', '96', '210', '152', '171', '189', '87', '83', '259', '349', '58', '224', '335', '357', '253']
['200', '276', '15', '264', '352', '180', '11', '236', '223', '329', '244', '80', '100', '46', '60', '199']
['340', '267', '208', '283', '109', '368', '3', '183']
['126', '307', '358', '327', '32', '260', '55', '143', '279', '174', '336', '30']
['20', '66', '284', '153', '245', '239', '298', '261', '105', '192']
['140', '59', '229', '1', '25', '278', '243', '146']
['106', '364', '205', '289', '301', '37', '162', '193', '290', '375', '303', '265', '306', '102']
['164', '73', '214', '347', '281', '115', '361', '196', '94', '328', '177', '285']
['62', '76', '116', '333', '330', '52', '166', '302', '131', '233', '157']
['119', '49', '158', '45', '314', '300', '315', '294', '148', '24', '331']
['319', '95', '120', '86', '190', '79', '165', '132']
['85', '178', '249', '257', '270', '194', '266', '215', '18', '114', '12', '57']
['286', '339', '168', '16', '343', '67', '91']
['207', '93', '135', '254', '29', '309', '317', '138', '277', '34']
['373', '31', '211', '129', '225']
['13', '99', '8', '33', '316', '274', '227', '187', '353', '341', '151']
['256', '250', '117', '362', '313', '134', '188', '23', '263', '235']
['35', '185', '179', '128', '354', '216', '89', '74', '255', '213', '61', '262', '217']
['338', '186', '111', '5', '101', '107', '325', '118', '202', '292']
['175', '167', '155', '121', '112', '161', '75', '363', '39']
['84', '14', '21', '133', '238', '241', '275', '27', '321', '122', '137', '212', '356', '240', '342']
['172', '332', '41', '206', '142', '170', '297', '182', '50', '68', '237', '78', '160', '71', '97']
['70', '360', '296', '154', '195', '326']
['218', '366', '365', '92', '203', '28', '271', '123', '308', '19', '156', '103', '221']
['269', '88', '98', '36', '184', '351', '334', '230', '369', '17']
['197', '110', '251', '108', '350', '370', '359', '51', '176', '130', '228']
['2', '150', '149', '323', '113', '246', '4', '9', '136', '242', '291', '191', '348', '318', '145']
['10', '312', '181', '56', '22', '169', '367', '90', '159', '82', '268', '226', '127']
