['3', '7', '17', '29', '34', '39', '132', '142', '149', '157', '199', '204', '220', '242']
['53', '84', '89', '92', '93', '99', '112', '118', '126', '151', '162', '216', '238']
['1', '24', '47', '48', '49', '63', '100', '103', '117', '180', '183', '185', '212', '231']
['10', '12', '121', '127', '148', '156', '176', '181', '214', '225', '234']
['8', '13', '21', '45', '106', '123', '128', '153', '167', '248']
['28', '72', '79', '125', '130', '140', '141', '159', '160', '168', '184', '209', '210', '211', '222', '228', '237', '241']
['4', '19', '144', '158', '178', '218', '219', '230', '246']
['0', '9', '46', '51', '55', '70', '85', '86', '88', '98', '193', '227', '244']
['16', '27', '33', '40', '58', '67', '83', '115', '129', '170', '187', '188', '201', '223']
['56', '61', '95', '102', '110', '119', '146', '194', '195', '226']
['22', '31', '52', '69', '71', '73', '75', '105', '114', '116', '165', '200']
['14', '23', '43', '64', '97', '109', '131', '163', '166', '175', '206', '213', '235']
['20', '37', '74', '108', '122', '133', '136', '150', '171', '172', '198', '205', '233', '239']
['25', '26', '134', '147', '155', '182', '186', '192', '202', '247']
['2', '11', '18', '78', '82', '96', '169', '191', '197', '207', '245']
['30', '60', '111', '124', '152', '174', '189', '196', '203', '217']
['32', '35', '38', '42', '44', '54', '68', '77', '91', '101', '120', '137', '143', '145', '173']
['5', '41', '59', '66', '76', '81', '87', '94', '113', '154', '177', '179', '208', '224', '243']
['6', '50', '65', '80', '104', '107', '135', '138', '161', '232', '236']
['15', '36', '57', '62', '90', '139', '164', '190', '215', '221', '229', '240', '249']
