['34', '43', '102', '158', '189', '204', '207', '234', '282', '348']
['113', '157', '172', '230', '243', '252', '254', '258', '284', '353']
['23', '56', '78', '83', '144', '249', '269', '298', '356', '358']
['25', '96', '151', '183', '200', '209', '261', '278', '365', '367']
['132', '141', '150', '225', '248', '266', '301', '347', '386', '392']
['5', '123', '155', '169', '171', '239', '270', '277', '324', '393']
['4', '62', '74', '146', '179', '221', '233', '328', '377', '395']
['53', '108', '120', '129', '138', '231', '265', '375', '390', '399']
['14', '36', '66', '93', '163', '203', '303', '355', '394', '400']
['15', '45', '226', '238', '309', '342', '359', '364', '373', '407']
['24', '42', '97', '139', '217', '257', '344', '372', '402', '416']
['7', '16', '17', '55', '84', '122', '275', '384', '419', '428']
['10', '46', '67', '99', '115', '287', '412', '429', '431', '437']
['30', '82', '149', '213', '235', '246', '302', '360', '414', '443']
['40', '80', '145', '294', '305', '315', '319', '380', '408', '445']
['54', '170', '210', '211', '219', '223', '263', '291', '446', '448']
['20', '32', '112', '117', '202', '227', '251', '314', '397', '449']
['133', '156', '250', '300', '345', '361', '362', '410', '432', '450']
['33', '39', '47', '140', '214', '286', '379', '444', '461', '462']
['26', '31', '35', '38', '109', '180', '222', '307', '451', '483']
['57', '130', '153', '267', '297', '306', '453', '463', '465', '484']
['18', '70', '116', '177', '236', '264', '426', '440', '458', '492']
['6', '37', '50', '206', '262', '425', '460', '468', '478', '493']
['86', '178', '184', '376', '411', '430', '447', '471', '488', '496']
['72', '187', '212', '218', '228', '279', '339', '439', '442']
['44', '79', '164', '173', '208', '326']
['65', '68', '127', '142', '148', '296', '321', '341', '371']
['21', '48', '52', '92', '479', '499']
['59', '245', '283', '313', '332', '415']
['103', '363', '391', '401', '434', '456']
['8', '89', '182', '240', '290', '349', '378']
['100', '131', '167', '196', '421', '423', '454', '470']
['64', '118', '174', '368', '383', '404', '433', '482', '494']
['76', '135', '154', '260', '473', '477']
['19', '28', '126', '215', '427', '438', '489']
['143', '293', '312', '329', '369', '457']
['27', '104', '111', '160', '232', '292', '325', '388', '476']
['63', '71', '121', '241', '259', '320', '350', '475', '495']
['88', '124', '134', '176']
['77', '186', '201', '205', '253']
['9', '161', '195', '268', '271', '422', '424']
['75', '199', '255', '481']
['58', '244', '247', '385', '396', '452']
['3', '49', '51', '190', '317', '417', '455']
['128', '188', '299', '322', '334', '474', '500']
['41', '61', '94', '165', '352', '406', '459', '464']
['91', '192', '224', '281', '331', '405']
['85', '106', '194', '289', '381', '467']
['110', '175', '273', '280', '304', '308', '374', '409', '469']
['95', '136', '276', '398', '487']
['90', '98', '185', '191', '466', '490', '498']
['12', '22', '125', '193', '229', '366', '389', '435', '497']
['1', '11', '152', '162', '323', '340', '420']
['166', '318', '343', '370', '387', '403', '486']
['13', '147', '220', '237', '436']
['2', '310', '335', '338', '413', '480']
['73', '114', '181', '333', '346']
['87', '105', '256', '274', '337', '351', '357', '382', '472']
['119', '137', '159', '168', '197', '316', '327']
['29', '60', '101', '216', '288', '295']
['81', '107', '198', '272', '330', '485', '491']
['69', '242', '285', '311', '336', '354', '418', '441']
