['Cheslie', 'Carri', 'Kathleen', 'Willi', 'Sherrie', 'Vanni', 'Yetta', 'Cristabel', 'Jacqui', 'Sadye', 'Roxane', 'Hortense', 'Agnes', 'Kania', 'Fawnia']
['Gaby', 'Daphene', 'Dorine', 'Andie', 'Harriet', 'Leda', 'Idalina', 'Quintana', 'Faythe', 'Laverne', 'Stormi', 'Ansley', 'Ramonda', 'Gabbie', 'Marris']
['Alexandrina', 'Charita', 'Rivkah', 'Amalee', 'Patty', 'Vonni', 'Monique', 'Nicoli', 'Caryn', 'Terese', 'Risa', 'Silva', 'Sula', 'Janice', 'Cassondra']
['Rowena', 'Marcie', 'Paulina', 'Roslyn', 'Cristen', 'Agnese', 'Sileas', 'Marijo', 'Eran', 'Georgeanne', 'Tarra', 'Ingunna', 'Nancie', 'Aviva', 'Della']
['Tiphanie', 'Livy', 'Estele', 'Carla', 'Adriane', 'Erminia', 'Anabelle', 'Vicky', 'Casi', 'Teddi', 'Oralee', 'Gae', 'Gavra', 'Angelica', 'Brook']
['Shanie', 'Ranice', 'Neile', 'Bridgette', 'Malva', 'Shoshana', 'Xylina', 'Chelsy', 'Addi', 'Dita', 'Jolie', 'Gwennie', 'Adiana', 'Mariellen', 'Tim']
['Estella', 'Kara', 'Clarissa', 'Alia', 'Mirna', 'Elvera', 'Marlena', 'Kathryn', 'Kaitlin', 'Debora', 'Sada', 'Agatha', 'Latisha', 'Johanna', 'Dominica']
['Winifred', 'Yovonnda', 'Avivah', 'Kiele', 'Agneta', 'Dee', 'Rosene', 'Diane', 'Eulalie', 'Peg', 'Sofie', 'Lydie', 'Sheila', 'Nissie', 'Conchita']
['Orsa', 'Joelly', 'Inga', 'Lesly', 'Austina', 'Ruperta', 'Doroteya', 'Kathy', 'Kaitlynn', 'Anastassia', 'Mei', 'Tiffy', 'Randie', 'Matilde', 'Gianina']
['Carroll', 'Drusy', 'Dena', 'Beatrice', 'Eve', 'Selinda', 'Noreen', 'Georgiana', 'Opal', 'Gerry', 'Babara', 'Athena', 'Annice', 'Madelena', 'Yoshi']
['Brigitte', 'Kittie', 'Sandie', 'Corinne', 'Camala', 'Jorrie', 'Anabel', 'Lira', 'Rosana', 'Starlin', 'Belle', 'Julie', 'Nelie', 'Andromache', 'Stephannie']
['Rhodia', 'Lorie', 'Idelle', 'Tamara', 'Colline', 'Stefa', 'Zulema', 'Nicki', 'Pammy', 'Melloney', 'Millisent', 'Valli', 'Lulu', 'Bekki', 'Edith']
['Stesha', 'Mair', 'Cherilynn', 'Erica', 'Netty', 'Frankie', 'Fernande', 'Briny', 'Diahann', 'Serena', 'Rita', 'Marisa', 'Tallie', 'Maxie', 'Dyane']
['Doris', 'Tiffany', 'Marlie', 'Helyn', 'Lani', 'Cristionna', 'Melinde', 'Lorain', 'Brunhilda', 'Antonietta', 'Myrtle', 'Lotte', 'Else', 'Allie', 'Anabal']
['Moyna', 'Karie', 'Row', 'Jaynell', 'Nanon', 'Meggi', 'Joanna', 'Mechelle', 'Britney', 'Reggi', 'Josepha', 'Tamra', 'Catha', 'Arlee', 'Eolanda']
['Gale', 'Paige', 'Tani', 'Clemmie', 'Jen', 'Jessamyn', 'Lorena', 'Lynnet', 'Korney', 'Allene', 'Leanora', 'Kellie', 'Demetria', 'Bonita', 'Lyda']
['Emelda', 'Clemence', 'Claudie', 'Hedwiga', 'Charmine', 'Fania', 'Danni', 'Flory', 'Fran', 'Sile', 'Zenia', 'Mella', 'Euphemia', 'Thia', 'Maddalena']
['Jesse', 'Katti', 'Nedda', 'Ulrike', 'Rosamond', 'Marcella', 'Brittan', 'Oliy', 'Bertie', 'Jemie', 'Krissy', 'Kellsie', 'Bernice', 'Delly', 'Cathryn']
['Shirl', 'Dotti', 'Missy', 'Rhody', 'Birgitta', 'Sonni', 'Tanitansy', 'Brear', 'Vinni', 'Natalya', 'Cassandra', 'Kala', 'Corly', 'Alyson', 'Ronnica']
['Morena', 'Veradis', 'Yolanda', 'Cindie', 'Fredericka', 'Desiri', 'Marabel', 'Noell', 'Mufinella', 'Britteny', 'Martina', 'Haley', 'Anette', 'Collete', 'Lisette']
