['c', 'eeeeee', 'ppppp', 'BBBBB', 'CCCCCCCC', 'EEEEEEEE', 'GGGG', 'HHHHH', 'N', 'OOOOOOOO', 'Q', 'XXXXXXX', '7']
['ffff', 'jjjjjjjj', 'kkkk', 'mmmmmmm', 'ooooo', 'vv', 'A', 'BBBBBBB', 'E', 'EEE', 'FFF', 'HHHHHHH', 'JJ', 'MMMMMMMM', 'XXXXXXXX', '1111', '4444444', '888888']
['ggggggg', 'jjjjjjj', 'oo', 'ppppppp', 'rrrrrr', 'v', 'vvvvvvv', 'yyyyy', 'AAA', 'FFFFFF', 'GGG', 'III', 'NNNNNNNN', 'WWWW', 'YYYYYY']
['aaaaa', 'dddddddd', 'hh', 'jjj', 'jjjjjj', 'kkkkk', 'mm', 'sssssss', 'ttttttt', 'BB', 'DDD', 'GG', 'M', 'S', 'TT', 'SSSSSSSS', 'V', '5555']
['ccccc', 'kk', 'x', 'xxx', 'xxxxxxxx', 'yyy', 'HHHHHHHH', 'KKKKK', 'LLLLLL', 'QQQ', 'RRRRRRRR', 'VVVVVVV', 'ZZZ', '8888', '777777', '7777777']
['i', 'mmm', 'ppp', 'ww', 'BBBB', 'CC', 'IIIIIII', 'KKKK', 'LLLLLLLL', 'OO', 'QQQQQQQQ', '1111111', '44', '66666666']
['bbbbbbb', 'aaaaaaaa', 'ddd', 'dddddd', 'f', 'ee', 'ff', 'll', 'nnn', 'o', 'p', 'tttt', 'sssss', 'uuuuu', 'yyyyyy', 'FFFF', 'IIIII', 'JJJJJJ', 'P', '222']
['b', 'ddddd', 'hhhhh', 'llllll', 'nn', 'qqq', 'rrrrr', 'vvvvv', 'AAAAAAA', 'FFFFF', 'HH', 'YY', '333333']
['cccccccc', 'jj', 'l', 'pppppp', 'pppppppp', 'zzzz', 'zzzzzz', 'H', 'L', 'MM', 'MMM', 'QQQQQQ', 'RRRRRR', 'VVVVV', 'UUUUUU', 'WW', 'XX', 'ZZZZZ', '1', '222222']
['bbbbbbbb', 'g', 'h', 'llll', 'qqqqqqqq', 'wwwwww', 'AAAA', 'HHHHHH', 'MMMM', 'O', 'UUUUUUU', '4444', '5', '5555555']
['lll', 'vvvv', 'zz', 'DDDDDDDD', 'JJJJJJJ', 'MMMMMM', 'SSSS', 'VVVVVV', 'VVVVVVVV', 'Z', '33']
['eeeeeeee', 'ggggg', 'iiiiii', 'k', 'kkk', 'nnnnn', 'ooooooo', 'sss', 'xx', 'y', 'zzzzzzz', 'DD', 'LLLLLLL', 'NN', 'PPP', 'TTTTTTTT', 'XXXXX', 'Y', 'YYYY', '44444', '555']
['a', 'bbbbbb', 'cc', 'ffffff', 'hhh', 'iiiiiii', 'kkkkkkk', 'ssssssss', 'uuuuuuuu', 'AAAAA', 'BBBBBBBB', 'FF', 'GGGGGGGG', 'PPPPPP', 'W', 'YYYYYYY', 'ZZZZZZZ', 'YYYYYYYY']
['aaa', 'dd', 'eeeeeee', 'hhhhhhh', 'qqqqqqq', 'www', 'CCCCCC', 'GGGGGG', 'GGGGGGG', 'II', 'ZZ', 'YYYYY', '11111']
['oooo', 's', 'uuuuuuu', 'BBB', 'DDDDD', 'NNNNNN', 'PPPPPPPP', 'YYY', '55', '55555', '77777777']
['aa', 'bbbb', 'eeeee', 'gg', 'lllllll', 'pppp', 'r', 'rrrrrrrr', 'xxxxx', 'xxxxxx', 'EEEEE', 'HHH', 'HHHH', 'JJJJ', 'IIIIII', 'IIIIIIII', 'MMMMM', 'OOOO', '22222222', '8888888']
['d', 'iii', 'iiiii', 'oooooooo', 'vvvvvv', 'wwwwwwww', 'yyyy', 'CCC', 'DDDDDD', 'JJJ', 'NNNNNNN', 'XXXXXX', '444444']
['iiii', 'iiiiiiii', 'lllll', 'mmmmmmmm', 'pp', 'uuu', 'uuuu', 'AAAAAA', 'NNN', 'MMMMMMM', 'TTTT', 'SSSSS', '3', '333', '3333', '33333', '66']
['fff', 'ffffffff', 'ggg', 'hhhhhhhh', 'nnnnnnn', 'nnnnnnnn', 'oooooo', 'rrr', 'JJJJJ', 'LL', 'UU', '4', '88']
['cccc', 'dddd', 'hhhhhh', 'jjjj', 'rr', 'ss', 'vvvvvvvv', 'xxxxxxx', 'D', 'F', 'IIII', 'LLL', 'T', 'XXX', '22', '111', '88888']
['j', 'mmmm', 'qqqqqq', 'rrrrrrr', 'zzzzzzzz', 'AA', 'CCCC', 'KKK', 'RRR', 'RRRRR', 'TTTTT', 'SSSSSS', 'U', 'WWW', 'ZZZZZZZZ', '11', '3333333', '6666666', '77777']
['eee', 'gggggggg', 'nnnn', 'nnnnnn', 'KKKKKK', 'NNNNN', 'OOOOO', 'OOOOOO', 'RR', 'SSS', 'TTT', 'TTTTTT', 'ZZZZ', '2', '2222', '77', '88888888']
['ccccccc', 'e', 'eeee', 'ii', 'wwwww', 'zzz', 'EEEEEE', 'JJJJJJJJ', 'LLLL', 'OOOOOOO', 'RRRR', '6']
['aaaa', 'hhhh', 'm', 'yy', 'DDDD', 'FFFFFFF', 'G', 'SS', 'SSSSSSS', 'UUUU', 'VVVV', 'WWWWWW', 'WWWWWWWW', '33333333', '6666', '66666', '555555']
['aaaaaaa', 'ooo', 'qqqqq', 'tt', 'ssssss', 'tttttt', 'yyyyyyyy', 'BBBBBB', 'C', 'OOO', 'QQ', 'TTTTTTT', 'VV', 'WWWWW', '44444444', '666666']
['jjjjj', 'mmmmm', 'qq', 'qqqq', 'xxxx', 'I', 'K', 'LLLLL', 'KKKKKKK', 'R', 'RRRRRRR', '11111111', '444', '8']
['bbb', 'bbbbb', 'aaaaaa', 'ccc', 'cccccc', 'fffffff', 'gggggg', 'kkkkkk', 'kkkkkkkk', 'mmmmmm', 't', 'ssss', 'uuuuuu', 'FFFFFFFF', 'GGGGG', 'KKKKKKKK', 'PPPP', 'VVV', '55555555', '7777']
['llllllll', 'n', 'q', 'tttttttt', 'vvv', 'wwww', 'yyyyyyy', 'EE', 'EEEE', 'PPPPPPP', 'QQQQ', 'QQQQQQQ', 'UUUUUUUU', 'XXXX']
['bb', 'fffff', 'gggg', 'uu', 'w', 'wwwwwww', 'CCCCC', 'DDDDDDD', 'J', 'KK', 'PP', 'UUU', 'WWWWWWW', 'ZZZZZZ', '22222', '111111', '777', '888']
['ddddddd', 'rrrr', 'ttt', 'ttttt', 'u', 'z', 'zzzzz', 'B', 'AAAAAAAA', 'CCCCCCC', 'EEEEEEE', 'NNNN', 'PPPPP', 'QQQQQ', 'UUUUU', 'X', '2222222', '666']
