['11', '27', '36', '37', '59', '79', '86', '101', '118', '146', '196', '268', '375', '386', '408', '424']
['7', '17', '23', '50', '82', '90', '92', '103', '140', '142', '160', '168', '180', '190', '191', '223', '228', '253', '255', '258', '272', '277', '296', '360', '413', '417', '421', '423', '427', '444', '461', '485', '499']
['8', '41', '54', '69', '87', '95', '158', '165', '169', '188', '193', '222', '227', '254', '266', '267', '286', '298', '300', '316', '317', '319', '328', '492']
['2', '84', '106', '114', '121', '123', '199', '234', '237', '241', '248', '265', '274', '342', '345', '364', '393', '439', '470', '473', '490']
['6', '12', '25', '52', '65', '76', '78', '83', '102', '107', '154', '159', '162', '164', '170', '183', '186', '210', '226', '239', '252', '329', '371', '385', '397', '425', '429', '434', '436', '443', '446', '496']
['21', '61', '67', '73', '100', '153', '205', '240', '284', '288', '297', '351', '357', '358', '368', '370', '483']
['99', '109', '151', '198', '200', '206', '242', '243', '283', '302', '309', '313', '318', '335', '349', '378', '389', '403', '416', '430', '458', '459', '468', '489']
['15', '19', '43', '56', '89', '132', '181', '184', '218', '224', '236', '257', '280', '293', '308', '311', '353', '372', '409', '432', '477', '480']
['29', '44', '55', '122', '130', '137', '163', '171', '178', '192', '201', '246', '264', '276', '289', '292', '294', '305', '330', '338', '352', '359', '367', '374', '396', '419', '428', '447', '450', '478']
['0', '1', '24', '34', '38', '74', '88', '97', '111', '112', '172', '173', '195', '207', '215', '217', '232', '233', '256', '273', '285', '290', '322', '333', '376', '383', '422', '460', '464']
['3', '18', '22', '40', '62', '115', '141', '157', '161', '209', '221', '229', '238', '245', '247', '251', '263', '287', '295', '304', '314', '320', '365', '369', '373', '387', '482', '494']
['10', '28', '32', '105', '126', '144', '155', '166', '182', '204', '213', '230', '261', '306', '315', '337', '350', '361', '388', '394', '455', '463', '465']
['30', '31', '49', '57', '58', '94', '138', '174', '194', '202', '216', '225', '270', '271', '325', '336', '346', '380', '400', '420', '431', '454', '457', '462', '466', '472']
['9', '48', '53', '81', '91', '134', '145', '156', '219', '249', '260', '321', '339', '347', '363', '404', '475', '484', '487']
['47', '60', '63', '70', '71', '98', '104', '110', '116', '119', '135', '143', '150', '197', '208', '212', '279', '312', '324', '332', '334', '340', '355', '381', '441', '445', '448', '451', '469', '476', '491', '498']
['5', '20', '45', '72', '113', '125', '129', '133', '177', '214', '259', '323', '341', '344', '362', '382', '390', '392', '410', '415', '418', '433', '449', '481', '493', '495', '497']
['42', '64', '66', '75', '85', '136', '167', '179', '189', '203', '231', '269', '281', '282', '291', '301', '331', '343', '379', '384', '399', '426', '435', '438', '452', '486']
['14', '39', '46', '93', '108', '127', '131', '149', '152', '187', '211', '244', '278', '299', '310', '327', '348', '356', '391', '401', '406', '412', '414', '467', '471', '479']
['13', '33', '124', '128', '148', '185', '220', '250', '262', '303', '307', '326', '366', '398', '402', '405', '407', '411', '437', '440', '442']
['4', '16', '26', '35', '51', '68', '77', '80', '96', '117', '120', '139', '147', '175', '176', '235', '275', '354', '377', '395', '453', '456', '474', '488']
