['63', '64', '79', '112', '113', '114', '147', '166', '186', '215', '219', '224', '239', '240', '253', '269', '273', '328', '353', '372', '392', '418', '427', '441', '443', '450', '478', '482', '489']
['1', '21', '28', '66', '82', '92', '101', '139', '142', '230', '238', '258', '280', '286', '327', '330', '373', '375', '384', '396', '400', '419', '448', '456', '462', '470']
['15', '16', '67', '95', '143', '152', '160', '170', '174', '180', '188', '192', '220', '227', '244', '252', '294', '362', '425', '434', '446', '465', '490', '497']
['18', '24', '39', '40', '51', '76', '106', '116', '151', '162', '182', '195', '202', '204', '212', '284', '317', '318', '323', '331', '363', '379', '390', '467', '477']
['34', '69', '88', '97', '125', '129', '150', '213', '233', '242', '259', '299', '307', '338', '352', '365', '421', '435', '439', '487']
['9', '17', '35', '74', '108', '109', '132', '141', '158', '223', '231', '237', '276', '283', '293', '297', '332', '336', '350', '367', '370', '389', '424', '433', '442', '445', '453', '460']
['5', '11', '31', '37', '43', '58', '81', '133', '168', '257', '295', '381', '391', '406', '432', '471']
['2', '6', '22', '84', '96', '105', '120', '124', '128', '134', '149', '157', '165', '187', '191', '216', '222', '232', '254', '279', '287', '340', '346', '354', '357', '422', '440']
['4', '23', '29', '60', '65', '123', '194', '197', '208', '225', '235', '260', '281', '285', '315', '321', '335', '339', '388', '401', '404', '438', '459', '476']
['33', '48', '49', '54', '83', '99', '110', '130', '138', '146', '167', '171', '181', '201', '206', '247', '277', '306', '337', '343', '344', '358', '366', '383', '429', '469', '479', '495']
['0', '38', '72', '75', '102', '121', '145', '148', '155', '164', '177', '178', '199', '200', '217', '249', '263', '274', '290', '300', '304', '309', '322', '348', '399', '402', '410', '411', '428', '437', '458', '473']
['3', '8', '19', '25', '30', '70', '71', '85', '87', '137', '154', '203', '209', '255', '292', '325', '326', '377', '408', '484', '492']
['56', '68', '172', '179', '228', '246', '265', '271', '272', '312', '314', '329', '345', '351', '371', '398', '405', '413', '451', '472', '480', '481', '488', '491']
['20', '27', '32', '41', '53', '57', '91', '100', '103', '111', '127', '140', '169', '183', '193', '241', '262', '264', '268', '308', '316', '320', '334', '342', '359', '369', '374', '385', '394', '403', '407', '449', '461', '498']
['14', '44', '45', '46', '50', '52', '73', '98', '117', '135', '156', '189', '270', '291', '296', '303', '310', '349', '364', '378', '395', '417', '431', '463', '468', '474', '499']
['12', '77', '94', '118', '126', '144', '175', '205', '226', '229', '261', '266', '301', '319', '324', '380', '386', '494']
['26', '93', '153', '163', '173', '198', '245', '267', '278', '288', '305', '356', '368', '412', '414', '423', '464', '466', '496']
['7', '42', '47', '62', '78', '86', '90', '104', '119', '185', '211', '236', '248', '275', '311', '360', '387', '397', '416', '426', '430', '444', '452', '454', '457']
['10', '13', '36', '55', '80', '89', '107', '115', '122', '136', '161', '214', '218', '221', '234', '251', '256', '282', '298', '341', '361', '393', '409', '447', '455', '483', '493']
['59', '61', '131', '159', '176', '184', '190', '196', '207', '210', '243', '250', '289', '302', '313', '333', '347', '355', '376', '382', '415', '420', '436', '475', '485', '486']
