['Ubaldo1', 'Karim8', 'Odino6', 'Teseo4', 'Gerlando9', 'Ariel9', 'Cleopatra5', 'Filomena3', 'Jari2', 'Emidio9', 'Fabiano1', 'Mecren9', 'Joshua3', 'Erminio4', 'Soriana6', 'Alessio7', 'Gianriccardo2', 'Ursula5', 'Claudia6', 'Elio3']
['Oretta5', 'Mattia1', 'Xavier5', 'Ercole1', 'Pietro1', 'Odone9', 'Kai5', 'Odone8', 'Nestore8', 'Tristano8', 'Siro0', 'Serse1', 'Marianita5', 'Erminia2', 'Ettore0', 'Bortolo5', 'Primo3', 'Nathan3', 'Marvin0', 'Marina4']
['Odone4', 'Silvano4', 'Diamante6', 'Alessandro3', 'Domiziano7', 'Vera2', 'Odino9', 'Arcibaldo8', 'Umberto9', 'Maruska3', 'Ercole2', 'Tazio7', 'Orfeo4', 'Quasimodo0', 'Xavier7', 'Santo3', 'Ivano3', 'Joseph3', 'Loredana0', 'Antonino6']
['Jole3', 'Giulietta7', 'Adriano0', 'Clodovea1', 'Anastasio7', 'Battista3', 'Celeste3', 'Rita6', 'Kris3', 'Pacifico5', 'Maika9', 'Sirio1', 'Vania3', 'Benedetta1', 'Iacopo1', 'Folco0', 'Jack2', 'Aroldo4', 'Marino4', 'Assia4']
['Fabiano3', 'Leonardo1', 'Cassiopea8', 'Furio5', 'Eusebio3', 'Tristano5', 'Mattia9', 'Caligola0', 'Penelope5', 'Rosalino2', 'Muzio8', 'Augusto8', 'Bettino1', 'Ubaldo2', 'Ulrico6', 'Liborio8', 'Fortunata6', 'Cleros7', 'Demis1', 'Fiorenzo1']
['Lidia4', 'Elio8', 'Osvaldo5', 'Miriam8', 'Loretta1', 'Noel4', 'Sebastian2', 'Edilio6', 'Cleros4', 'Isabel1', 'Ethan3', 'Eusebio6', 'Fabio9', 'Radames4', 'Eriberto7', 'Joannes5', 'Umberto6', 'Italo9', 'Trevis3', 'Ian0']
['Ian2', 'Manfredi5', 'Damiana2', 'Genziana8', 'Armando5', 'Oretta9', 'Sibilla4', 'Folco8', 'Lauro5', 'Lisa0', 'Dante5', 'Edipo4', 'Raoul7', 'Marzio6', 'Lidia0', 'Fortunata0', 'Antonio9', 'Renzo6', 'Santo9', 'Rosalba8']
['Demis2', 'Isabel6', 'Cleopatra8', 'Fatima9', 'Rosita1', 'Costantino7', 'Romeo4', 'Orfeo9', 'Marcella3', 'Sesto8', 'Fatima0', 'Nicoletta3', 'Rosolino0', 'Violante6', 'Tancredi4', 'Arduino5', 'Gianleonardo6', 'Michele7', 'Folco6', 'Laura9']
['Valdo2', 'Cleros2', 'Liborio4', 'Rosalino0', 'Mietta0', 'Loredana6', 'Patrizio4', 'Marzio4', 'Mariagiulia0', 'Gelsomina6', 'Mariagiulia4', 'Eliziario6', 'Quirino1', 'Gilda5', 'Gianriccardo3', 'Emanuel7', 'Sarita7', 'Secondo5', 'Gioacchino6', 'Mariano0']
['Michael4', 'Enrico1', 'Umberto0', 'Luce0', 'Pablo9', 'Sasha7', 'Mattia6', 'Laerte0', 'Flaviana6', 'Concetta5', 'Luigi7', 'Orfeo1', 'Lazzaro2', 'Demi9', 'Trevis2', 'Radames7', 'Baldassarre3', 'Nestore4', 'Cirino1', 'Rodolfo9']
['Eustachio2', 'Mecren5', 'Marina6', 'Brigitta8', 'Miriana4', 'Carlo1', 'Claudia1', 'Celeste4', 'Irene7', 'Egisto1', 'Adriano1', 'Siro2', 'Orfeo7', 'Gavino8', 'Gianmaria7', 'Gilda2', 'Timoteo9', 'Tancredi6', 'Erminia8', 'Danthon5']
['Sabatino1', 'Benedetta4', 'Bortolo9', 'Mietta2', 'Ermes9', 'Enzo3', 'Costanzo6', 'Tolomeo6', 'Joshua0', 'Rosaria8', 'Matilde9', 'Vania2', 'Edilio2', 'Kayla3', 'Ausonio0', 'Sarita4', 'Samira6', 'Priamo8', 'Cleopatra1', 'Edilio5']
['Cesidia8', 'Ione9', 'Armando8', 'Davide1', 'Siro3', 'Timoteo5', 'Penelope7', 'Orfeo5', 'Carmelo4', 'Enzo7', 'Benedetta5', 'Giorgio3', 'Eriberto1', 'Nico1', 'Amedeo1', 'Loretta4', 'Doriana2', 'Marianita7', 'Marino8', 'Graziano0']
['Filomena4', 'Fabio8', 'Caio6', 'Cleros6', 'Pacifico0', 'Folco4', 'Mirko4', 'Assia0', 'Jari0', 'Elga3', 'Siro9', 'Antimo9', 'Leonardo7', 'Moreno5', 'Emanuel3', 'Guido6', 'Dante0', 'Modesto4', 'Artes8', 'Rocco9']
['Giobbe6', 'Guido1', 'Elda4', 'Mauro7', 'Lauro3', 'Anselmo8', 'Quarto3', 'Giorgio6', 'Ercole8', 'Oreste0', 'Elsa1', 'Secondo0', 'Lamberto6', 'Akira3', 'Fiorenzo7', 'Sebastian4', 'Miriana7', 'Rebecca5', 'Ercole4', 'Sue0']
['Ludovico2', 'Ercole9', 'Fiorenzo8', 'Amedeo6', 'Marina7', 'Marcella0', 'Sesto2', 'Enzo0', 'Mariagiulia9', 'Radames1', 'Marzio7', 'Sirio6', 'Jelena1', 'Monia6', 'Piersilvio0', 'Dylan9', 'Prisca3', 'Amerigo1', 'Alighieri1', 'Damiana9']
['Osea1', 'Maggiore3', 'Giordano5', 'Tommaso8', 'Mariagiulia3', 'Giovanna5', 'Valdo9', 'Amedeo5', 'Miriam7', 'Costanzo4', 'Leonardo0', 'Fatima2', 'Bibiana6', 'Anselmo9', 'Giacinto6', 'Monia8', 'Romeo2', 'Ferdinando6', 'Maika6', 'Giancarlo3']
['Pablo7', 'Siro8', 'Osea9', 'Ermes4', 'Marianita8', 'Primo1', 'Sandro2', 'Renato5', 'Erminio9', 'Elsa0', 'Audenico0', 'Mietta1', 'Bibiana4', 'Sesto4', 'Elda2', 'Diamante4', 'Alighiero7', 'Nathan2', 'Gaetano4', 'Vinicio8']
['Albino1', 'Fiorentino3', 'Alberto5', 'Danuta0', 'Concetta1', 'Gianantonio5', 'Gianantonio3', 'Thea5', 'Carmela3', 'Walter7', 'Ruth1', 'Jacopo4', 'Jacopo3', 'Brigitta5', 'Cassiopea3', 'Giacobbe7', 'Fernando8', 'Ethan9', 'Demis3', 'Giovanna3']
['Michael9', 'Mirko6', 'Nestore5', 'Anselmo3', 'Demi6', 'Trevis8', 'Marcella4', 'Gregorio7', 'Nayade9', 'Ethan7', 'Nico6', 'Caio2', 'Zelida4', 'Iacopo2', 'Gianantonio6', 'Nestore6', 'Alan9', 'Samira4', 'Armando0', 'Ileana5']
['Max1', 'Cosetta2', 'Anastasio3', 'Kayla9', 'Davide8', 'Timoteo4', 'Folco3', 'Guendalina3', 'Ilario9', 'Clodovea2', 'Laerte5', 'Marzio5', 'Gioacchino7', 'Maggiore2', 'Sabino2', 'Lidia6', 'Alessio3', 'Cleros5', 'Sasha9', 'Davide5']
['Italo5', 'Prisca2', 'Carmela6', 'Ferdinando0', 'Donatella7', 'Evangelista9', 'Noah0', 'Joseph7', 'Amerigo5', 'Cassiopea9', 'Cleopatra7', 'Lino4', 'Noah6', 'Nazzareno0', 'Rufo5', 'Emanuel1', 'Lorenzo9', 'Zaccaria2', 'Deborah4', 'Rebecca6']
['Jarno1', 'Arduino8', 'Concetta9', 'Laura1', 'Miriana9', 'Giulio2', 'Gaetano5', 'Olimpia3', 'Matteo9', 'Erminia5', 'Nathan9', 'Luigi4', 'Laerte9', 'Lia2', 'Walter3', 'Avide3', 'Enzo6', 'Hector0', 'Edipo5', 'Ludovico9']
['Sue2', 'Deborah2', 'Thea4', 'Priamo0', 'Renzo5', 'Loris4', 'Gregorio2', 'Giorgio2', 'Walter1', 'Karim1', 'Nabil5', 'Rosalba1', 'Eriberto9', 'Tancredi5', 'Marianita1', 'Primo9', 'Tolomeo0', 'Gianmarco5', 'Elga8', 'Arturo8']
['Eustachio1', 'Cira7', 'Rebecca2', 'Terzo7', 'Luce6', 'Marieva8', 'Piersilvio3', 'Osea0', 'Kris2', 'Marieva7', 'Deborah9', 'Raniero0', 'Nestore7', 'Cira8', 'Bettino8', 'Pierfrancesco0', 'Nestore3', 'Azue3', 'Caligola7', 'Tazio1']
