['Anjanette', 'Herminia', 'Cynde', 'Christabel', 'HelenElizabeth', 'Elisabet', 'Goldi', 'Toni', 'Stefa', 'Caryn', 'Jaime', 'Patience', 'Jennica', 'Gabriell', 'Darcee', 'Nerta', 'Kania', 'Nevsa', 'Mehetabel']
['Ivie', 'Jeannie', 'Lorraine', 'AnnaDiana', 'Gigi', 'Jolie', 'Inna', 'Biddie', 'Barbe', 'Kay', 'Jane', 'Sophie', 'Shelli', 'Rosene', 'Kacey', 'Willabella', 'Kettie', 'Ashli', 'Lilla']
['Mariette', 'Rasla', 'Madonna', 'Leilah', 'Bobbie', 'Chelsea', 'Edeline', 'Elayne', 'Genni', 'Lacey', 'Minnnie', 'Jessika', 'Ardine', 'Marla', 'Genna', 'Natala', 'Linette', 'Amitie', 'Toma']
['Licha', 'Pandora', 'Coral', 'Valentine', 'Lila', 'Lynnett', 'Goldina', 'Loria', 'Meggy', 'Cristina', 'Heather', 'Joycelin', 'Cordie', 'Billy', 'Tammy', 'Laura', 'Jsandye', 'Corella', 'Una']
['Thomasina', 'Katleen', 'Oliy', 'Gerianna', 'Jeniffer', 'Valerie', 'Tova', 'Mariejeanne', 'Feliza', 'Livia', 'Kaylyn', 'Sephira', 'Kylen', 'Tresa', 'Trude', 'Lavinia', 'Flori', 'Vallie', 'Harriett']
['Reta', 'Arliene', 'Cate', 'Anya', 'Rebbecca', 'Giselle', 'Erinna', 'Callie', 'Cayla', 'Laraine', 'Dianna', 'Henrietta', 'Renae', 'Cordy', 'Melva', 'Wilone', 'Rosalinde', 'Clemmie', 'Midge']
['Elinor', 'Alyce', 'Idalina', 'Shayne', 'Kalindi', 'Nelia', 'Christina', 'Di', 'Brandie', 'Gaynor', 'Imogen', 'Frankie', 'Kassia', 'Tamarah', 'Karol', 'Wendeline', 'Lorna', 'Miquela', 'Courtnay']
['Lois', 'Shelia', 'Bell', 'Blake', 'Jasmin', 'Lorrin', 'Freda', 'Robena', 'Carree', 'Eve', 'Tamarra', 'Renelle', 'Tilda', 'Allsun', 'Natalina', 'Rozanna', 'Lona', 'Vin', 'Sofia']
['Brandise', 'Analise', 'Libbi', 'Pia', 'Betteanne', 'Koressa', 'Ethelind', 'Misti', 'Reggi', 'Fayina', 'Lyn', 'Shayna', 'Sue', 'Carmelia', 'Claudina', 'Joannes', 'Annalee', 'Deny', 'Susana']
['Jeannine', 'Kata', 'Magdaia', 'Giralda', 'Bonnee', 'Susi', 'Lisabeth', 'Lillis', 'Jaclyn', 'Uta', 'Therine', 'Fredelia', 'Neila', 'Noelyn', 'Cecelia', 'Leona', 'Meris', 'Yalonda', 'Shaina']
['Eadie', 'Neilla', 'Clari', 'Philomena', 'Pavla', 'Vilma', 'Gayle', 'Siusan', 'Harrie', 'Kristin', 'Lanni', 'Mina', 'Ealasaid', 'Pansie', 'Eula', 'Gussy', 'Nerissa', 'Merrielle', 'Sheeree']
['Sara', 'Serena', 'Debbie', 'Jeannette', 'Delila', 'Sheree', 'Eddi', 'Laverna', 'Marice', 'Nicoli', 'Essa', 'Zorana', 'Johnette', 'Constantia', 'Emmalynne', 'Merline', 'Dulcia', 'Katha', 'Lorena']
['Hyacinth', 'Mareah', 'Moyra', 'Vi', 'Paulette', 'Nora', 'Silva', 'Phedra', 'Costanza', 'Kippy', 'Shani', 'Sharla', 'Lisbeth', 'Cherry', 'Lindsy', 'Sibylle', 'Kerstin', 'Tanhya', 'Vivia']
['Drucill', 'Andree', 'Shay', 'SheilaKathryn', 'Brynna', 'Evangeline', 'Lita', 'Cammie', 'Emelina', 'Henriette', 'Lettie', 'Sharron', 'Leora', 'Marjie', 'Andriette', 'Almeda', 'Arleyne', 'Helenka', 'Jorey']
['Devinne', 'Stepha', 'Starr', 'Tybi', 'Lia', 'Kinna', 'Lori', 'Tressa', 'Roseann', 'Emmy', 'Melodie', 'Wilow', 'Alvina', 'Marcia', 'Nadine', 'Lorinda', 'Dulcie', 'Kellen', 'Rosalind']
['Jess', 'Evvy', 'Emilee', 'Megan', 'Zoe', 'Tiffani', 'Jacquenette', 'Joleen', 'Constantina', 'Kora', 'Dayle', 'Verina', 'Marigold', 'Ashlen', 'Ashely', 'Mable', 'Libby', 'Bessy', 'Paula']
['Ondrea', 'Raine', 'Heidie', 'Bibbie', 'Karlotta', 'AnnaDiane', 'Joly', 'Idell', 'Erma', 'Laurice', 'Trista', 'Martguerita', 'Barbaraanne', 'Nolana', 'Kelcey', 'Erna', 'Viva', 'Ellie', 'Chrystel']
['Avivah', 'Rachel', 'Sheena', 'Tatiana', 'Patti', 'Shelby', 'Dana', 'Ray', 'Vickie', 'Coretta', 'Daisi', 'Vanessa', 'Raye', 'Natka', 'Siobhan', 'Brenn', 'Debby', 'Raven', 'Camilla']
['Janette', 'Garland', 'Reeva', 'Randene', 'Saundra', 'Maryjo', 'Laureen', 'Carline', 'Hendrika', 'Jodi', 'Kial', 'Phil', 'Camille', 'Kiersten', 'Vonny', 'Mia', 'Ortensia']
['Carlye', 'Jada', 'Bria', 'Deeann', 'Denyse', 'Fayth', 'Edi', 'Sherline', 'Danell', 'Geralda', 'Hatty', 'Esmaria', 'Jessamyn', 'Aubrette', 'Keri', 'Romonda', 'Lauretta', 'Madalena']
['Zita', 'Tersina', 'Geri', 'Ginger', 'Terra', 'Winifred', 'Brynne', 'Annie', 'Karisa', 'Crystie', 'Janey', 'Katalin', 'Tobi', 'Pollyanna', 'Sheilah']
['Maddalena', 'Tessy', 'Prudi', 'Veronike', 'Ardenia', 'Milena', 'Laverne', 'Ula', 'Marley', 'Chris', 'Dulcea', 'Matilda', 'Catina', 'Corey', 'Pierrette', 'Pippy', 'Kathlin', 'Sayre']
['Thalia', 'Marylou', 'Faith', 'Corinna', 'Paulina', 'Penny', 'Cory', 'Christin', 'Gwenette', 'Dolores', 'Honey']
['Brigid', 'Rosina', 'Jenna', 'Charis', 'Suellen', 'Gerrilee', 'Lina', 'Liz', 'Jeralee', 'Isabelle', 'Grazia', 'Donella', 'Marlyn', 'Clemmy', 'Gwendolen']
['Amabel', 'Riannon', 'Tanya', 'Maryl', 'Anthe', 'Madelin', 'Madelyn', 'Jobina', 'Nomi', 'Sallyanne', 'Cinnamon', 'Phillis', 'Fawne', 'Myrilla']
