['6', '10', '120', '134', '141', '180', '193', '202', '207', '209', '219', '225', '230', '236', '241', '243', '247', '256', '276', '288', '293', '330', '339']
['59', '63', '81', '84', '103', '108', '121', '128', '142', '166', '172', '187', '196', '204', '234', '253', '268', '287', '325', '328', '342', '352', '355']
['2', '31', '64', '72', '73', '94', '147', '155', '159', '165', '203', '218', '222', '223', '239', '250', '262', '271', '290', '316', '377', '382', '393']
['27', '32', '34', '56', '60', '98', '100', '140', '171', '175', '176', '186', '198', '206', '210', '235', '267', '295', '298', '338', '384', '389', '408']
['25', '28', '40', '66', '137', '162', '181', '199', '200', '208', '215', '233', '242', '245', '252', '266', '280', '286', '318', '324', '343', '364', '416']
['11', '30', '51', '58', '113', '126', '143', '160', '174', '183', '260', '315', '337', '349', '354', '359', '372', '378', '390', '391', '398', '421', '424']
['1', '5', '20', '48', '109', '122', '127', '149', '156', '178', '191', '221', '255', '279', '282', '296', '323', '351', '388', '406', '411', '420', '434']
['16', '17', '62', '67', '102', '104', '130', '192', '194', '231', '272', '277', '281', '306', '307', '308', '313', '345', '357', '422', '425', '431', '439']
['23', '29', '43', '55', '85', '158', '168', '184', '229', '248', '264', '274', '331', '336', '366', '367', '376', '433', '440', '443', '445', '447', '449']
['38', '65', '69', '124', '132', '188', '220', '226', '278', '297', '299', '317', '333', '350', '365', '399', '403', '435', '436', '438', '451', '453', '454']
['35', '53', '87', '115', '118', '125', '163', '197', '205', '213', '238', '249', '254', '284', '371', '374', '383', '412', '419', '426', '462', '463', '468']
['36', '45', '54', '75', '116', '117', '135', '173', '185', '216', '273', '312', '319', '332', '358', '395', '417', '418', '429', '432', '448', '466', '477']
['7', '13', '49', '68', '96', '114', '189', '251', '259', '292', '344', '347', '379', '401', '402', '404', '405', '414', '460', '469', '470', '474', '478']
['0', '3', '57', '93', '97', '133', '139', '154', '232', '246', '270', '304', '348', '369', '375', '407', '456', '457', '461', '467', '472', '480', '486']
['19', '22', '39', '77', '110', '129', '144', '170', '283', '289', '303', '311', '314', '321', '322', '353', '396', '423', '473', '485', '487', '490', '493']
['14', '80', '86', '99', '151', '179', '190', '212', '217', '227', '269', '291', '301', '334', '341', '362', '373', '387', '397', '452', '458', '459', '499']
['71', '88', '105', '150', '161', '228', '294', '346', '380', '381', '430', '442', '455', '465', '476', '481']
['4', '18', '26', '42', '47', '61', '70', '89', '95', '119', '153', '164', '211', '263', '305', '335', '360', '394', '446', '464']
['15', '33', '41', '52', '74', '90', '136', '138', '146', '258', '285', '309', '320', '326', '361', '392', '410', '428', '441', '482', '488', '492']
['8', '24', '44', '83', '92', '101', '131', '152', '201', '300', '302', '310', '329', '386', '475', '496']
['21', '37', '78', '112', '167', '177', '240', '257', '261', '265', '275', '370', '385', '413', '437', '489', '494', '495', '498']
['50', '79', '82', '91', '106', '123', '145', '148', '157', '195', '214', '244', '327', '356', '400', '444', '450', '479', '483', '484', '491', '497']
['9', '12', '46', '76', '107', '111', '169', '182', '224', '237', '340', '363', '368', '409', '415', '427', '471']
