['298', '270', '34', '6', '96', '231', '378', '87', '246', '241', '175', '171', '327', '319', '310', '314', '64', '255', '289', '112', '154']
['346', '108', '30', '37', '332', '92', '323', '326', '79', '68', '313', '365', '65', '168', '353', '282']
['191', '193', '103', '106', '331', '135', '370', '240', '174', '209', '368', '214', '283', '263', '265', '53', '304', '46']
['342', '279', '400', '178', '10', '3', '364', '67', '288', '268', '57', '305', '228', '156', '40']
['296', '339', '230', '232', '142', '136', '372', '374', '83', '80', '86', '185', '12', '15', '14', '322', '76', '66', '254', '215', '52', '115']
['291', '272', '239', '233', '146', '145', '141', '139', '88', '244', '176', '188', '206', '2', '129', '385', '252', '217', '262', '260', '51', '110', '308', '49']
['297', '290', '102', '100', '38', '35', '334', '330', '333', '99', '143', '21', '377', '205', '78', '360', '361', '381', '386', '251', '257', '166', '213', '281', '50', '113', '390']
['341', '198', '336', '137', '375', '397', '11', '17', '120', '121', '369', '384', '61', '212', '150', '159', '398']
['344', '345', '33', '31', '98', '97', '234', '149', '393', '392', '7', '16', '201', '200', '203', '382', '250', '165', '284', '54', '119', '157', '44']
['295', '271', '273', '278', '107', '105', '238', '237', '140', '22', '396', '395', '85', '243', '125', '126', '388', '356', '211', '264', '269', '59', '63', '301', '303', '307', '229', '227', '155', '42']
['349', '196', '235', '132', '23', '245', '172', '183', '18', '122', '128', '315', '69', '355', '350', '359', '58', '306', '151']
['39', '147', '148', '138', '24', '179', '186', '324', '202', '204', '208', '127', '316', '161', '163', '280', '287', '116', '118']
['343', '299', '194', '275', '337', '144', '131', '247', '180', '207', '380', '387', '216', '218', '219', '55', '226']
['348', '26', '20', '84', '170', '187', '189', '321', '312', '317', '389', '258', '351', '261', '225', '223', '221', '220', '47', '45', '5']
['347', '340', '294', '195', '335', '91', '94', '130', '29', '253', '182', '184', '362', '259', '9', '286', '267']
['292', '293', '199', '32', '338', '95', '1', '134', '25', '371', '81', '248', '320', '72', '383', '357', '210', '285', '117']
['190', '89', '242', '13', '62', '74', '8', '124', '367', '169', '164', '160', '162', '358', '56', '114', '224', '158', '43']
['197', '276', '36', '93', '133', '379', '373', '376', '394', '77', '73', '318', '366', '111', '309', '300', '391', '153', '399', '48']
['192', '274', '109', '101', '27', '28', '249', '325', '328', '123', '311', '60', '256', '167', '354', '352', '4', '302']
['277', '104', '90', '236', '82', '177', '173', '181', '19', '329', '75', '71', '70', '363', '266', '222', '152', '41']
