['14', '70', '97', '119', '134', '135']
['7', '10', '26', '84', '85', '139']
['9', '55', '114', '121', '128', '143']
['47', '52', '89', '94', '145', '149']
['24', '32', '38', '66', '108', '154']
['3', '20', '40', '92', '132', '159']
['11', '42', '101', '152', '163', '164']
['33', '69', '113', '155', '167', '170']
['5', '31', '44', '76', '169', '191']
['13', '65', '90', '105', '124', '197']
['64', '67', '79', '178', '188', '199']
['4', '16', '28', '86', '179', '202']
['53', '81', '91', '110', '175', '203']
['39', '88', '93', '129', '131', '204']
['60', '106', '136', '153', '196', '206']
['19', '37', '100', '112', '122', '214']
['12', '78', '193', '195', '213', '216']
['18', '63', '71', '117', '118', '223']
['41', '68', '72', '107', '162', '224']
['2', '48', '54', '137', '138', '225']
['23', '58', '130', '150', '168', '226']
['15', '34', '43', '165', '166', '233']
['29', '77', '161', '210', '235', '239']
['59', '120', '125', '127', '158', '240']
['56', '73', '109', '207', '229', '241']
['36', '99', '147', '148', '211', '243']
['151', '215', '228', '234', '237', '244']
['82', '95', '103', '187', '222', '245']
['8', '57', '80', '133', '230', '249']
['157', '160', '219', '221']
['30', '144', '186', '212', '227']
['21', '74', '174', '231', '250']
['0', '62', '183', '236']
['17', '205', '208']
['27', '141', '248']
['25', '50', '126', '173']
['180', '182', '184', '217']
['6', '96', '189', '194', '198']
['45', '87', '104', '232']
['75', '83']
['142', '220']
['46', '102', '171', '185', '242']
['51', '61', '116', '156']
['1', '115', '123', '140', '246']
['22', '111']
['192', '200', '201', '238']
['181', '190', '209']
['35', '177', '218']
['49', '98', '146']
['172', '176', '247']
