['Joseph', 'Anthony', 'Jaxson', 'Chase', 'Gavin', 'Tyler', 'Eric', 'King', 'Malachi', 'Jonah']
['Henry', 'Isaiah', 'Xavier', 'Roman', 'Leonardo', 'Declan', 'Damian', 'Maxwell', 'Abel', 'Alejandro']
['Oliver', 'Leo', 'Nicholas', 'Dominic', 'Jason', 'Harrison', 'Kaiden', 'Richard', 'Rhett', 'Messiah']
['Alexander', 'Aiden', 'Theodore', 'Everett', 'Alex', 'Jude', 'Bryce', 'Brantley', 'Gael', 'River']
['Luke', 'Easton', 'Jose', 'Jameson', 'Luis', 'Ivan', 'Brody', 'Alan', 'Zane', 'Paxton']
['Logan', 'David', 'Josiah', 'Colton', 'Kevin', 'Axel', 'Jesus', 'Avery', 'Graham', 'Emiliano']
['William', 'Daniel', 'Dylan', 'Joshua', 'Christian', 'Jeremiah', 'Jayce', 'Emmanuel', 'Karter', 'Andres']
['Carter', 'Maverick', 'Bryson', 'Ashton', 'Calvin', 'Antonio', 'Jasper', 'Matteo', 'Maximus', 'Aidan']
['Benjamin', 'Grayson', 'Jaxon', 'Robert', 'Angel', 'Jace', 'Kai', 'Finn', 'Lorenzo', 'Bradley']
['Jack', 'Landon', 'Cameron', 'Parker', 'Kayden', 'Juan', 'Rowan', 'Kaden', 'Brian', 'Jaden']
['Elias', 'Greyson', 'Ezekiel', 'Carson', 'Santiago', 'Zachary', 'Ryder', 'Beau', 'Zander', 'Griffin']
['Jayden', 'Jordan', 'George', 'Max', 'Carlos', 'Maddox', 'Tucker', 'Jesse', 'Kyrie', 'Remington']
['Wyatt', 'Micah', 'Silas', 'Justin', 'Waylon', 'Edward', 'Grant', 'Nicolas', 'Matias', 'Jake']
['Jacob', 'Caleb', 'Bentley', 'Nathaniel', 'Joel', 'Dawson', 'Kenneth', 'Omar', 'Barrett', 'Clayton']
['Lincoln', 'Cooper', 'Ayden', 'Vincent', 'Luca', 'Hayden', 'Bryan', 'Caden', 'Brady', 'Adriel']
['Nathan', 'Hudson', 'Sawyer', 'Wesley', 'Emmett', 'Victor', 'Dean', 'Colin', 'Josue', 'Archer']
['am', 'Mason', 'Sebastian', 'Christopher', 'Brandon', 'Diego', 'Derek', 'Leon', 'Riley', 'Enzo']
['Elijah', 'Samuel', 'Levi', 'Tristan', 'Giovanni', 'Camden', 'Timothy', 'Peter', 'Gunner', 'Andre']
['Aaron', 'Eli', 'Asher', 'Braxton', 'Elliott', 'Xander', 'Charlie', 'Felix', 'Damien', 'Chance']
['Michael', 'Ethan', 'Blake', 'Patrick', 'August', 'Judah', 'Kyle', 'Thiago', 'Beckett', 'Phoenix']
['Matthew', 'Jackson', 'Charles', 'Bennett', 'Milo', 'Javier', 'Cayden', 'Sean', 'Erick', 'Tanner']
['Noah', 'Isaac', 'Austin', 'Ian', 'Zayden', 'Jeremy', 'Mark', 'Jax', 'Legend', 'Stephen']
['Lucas', 'John', 'Miguel', 'Preston', 'Oscar', 'Holden', 'Arthur', 'Killian', 'Emilio', 'Louis']
['James', 'Owen', 'Jonathan', 'Adrian', 'Brayden', 'Amir', 'Colt', 'Tobias', 'Amari', 'Cash']
['Ryker', 'Knox', 'Israel', 'Corbin', 'Dallas', 'Manuel', 'Cody', 'Iker', 'Karson', 'Reid']
['Julian', 'Miles', 'Steven', 'Zion', 'Francisco', 'Kameron', 'Emerson', 'Ace']
['Ryan', 'Thomas', 'Nolan', 'Adam', 'Kingston', 'Elliot', 'Brooks', 'Myles', 'Jorge']
['Hunter', 'Ezra', 'Evan', 'Cole', 'Lukas', 'Beckham', 'Eduardo']
['Mateo', 'Connor', 'Abraham', 'Paul', 'Simon', 'Finley', 'Martin', 'Nash', 'Rylan']
['Gabriel', 'Andrew', 'Weston', 'Kaleb', 'Marcus', 'Walter', 'Rafael', 'Theo']
