['0', '49', '108', '121', '164', '177', '212', '215', '226', '241', '263', '271']
['21', '37', '39', '42', '56', '72', '136', '158', '166', '173', '219', '278']
['41', '47', '100', '117', '143', '151', '155', '175', '192', '238', '253', '279']
['8', '46', '82', '97', '105', '106', '111', '171', '200', '217', '274', '297']
['9', '14', '67', '90', '122', '130', '132', '187', '233', '261', '284', '302']
['45', '70', '71', '76', '138', '147', '195', '220', '221', '268', '292', '310']
['69', '75', '77', '79', '85', '103', '139', '176', '206', '207', '296', '330']
['2', '6', '22', '58', '64', '165', '184', '249', '276', '299', '316', '335']
['12', '65', '128', '131', '142', '214', '216', '239', '255', '322', '336', '338']
['36', '59', '182', '223', '237', '247', '251', '288', '294', '298', '304', '344']
['31', '84', '114', '167', '178', '188', '202', '234', '250', '285', '318', '345']
['51', '55', '62', '83', '141', '153', '162', '190', '267', '301', '326', '355']
['1', '19', '61', '88', '194', '257', '259', '287', '323', '352', '358', '363']
['15', '73', '81', '150', '163', '211', '277', '286', '346', '354', '362', '370']
['25', '48', '78', '213', '227', '240', '244', '258', '311', '314', '360', '382']
['20', '35', '43', '95', '125', '186', '229', '264', '303', '341', '374', '385']
['91', '107', '115', '148', '197', '246', '252', '308', '313', '376', '380', '391']
['16', '32', '87', '134', '140', '179', '290', '305', '343', '349', '366', '393']
['50', '113', '119', '145', '146', '224', '243', '275', '328', '379', '394']
['86', '161', '185', '270', '280', '293', '315', '375']
['7', '17', '110', '169', '181', '283', '300', '396']
['26', '63', '174', '266', '289', '312', '364']
['30', '236', '256', '272', '325', '333', '347', '365']
['60', '101', '191', '201', '232', '309', '321', '371', '387']
['4', '34', '109', '160', '208', '228', '399']
['24', '38', '40', '133', '203', '218', '295', '367']
['172', '189', '225', '273', '342', '381', '389', '395']
['3', '23', '66', '124', '180', '337', '350', '357']
['10', '44', '92', '149', '199', '210', '242', '282', '320', '353']
['53', '93', '102', '104', '204', '317', '361', '373']
['94', '96', '209', '265', '291', '319']
['18', '57', '68', '98', '118', '123', '126', '135', '205', '306', '377']
['54', '159', '324', '331']
['80', '112', '127', '193', '260', '327', '348', '356']
['27', '28', '120', '144', '222', '262', '332', '368', '372', '400']
['13', '52', '137', '156', '198', '248', '254', '334', '339', '397']
['129', '152', '154', '157', '168', '269', '307', '351', '383', '388', '398']
['116', '231', '281', '369', '378']
['29', '89', '170', '183', '230', '245', '384', '386', '392']
['5', '11', '33', '74', '99', '196', '235', '329', '340', '359', '390']
