['4', '34', '246', '250', '259']
[]
[]
[]
[]
['156', '322']
['311', '343']
['268']
['116', '217']
['149', '243']
['43', '174']
[]
['251']
['64', '354']
[]
['227']
[]
['106', '229']
['142']
['88']
['159']
[]
['125', '177']
['161', '287']
['105']
[]
['150', '220']
[]
[]
['341']
['145']
['108', '160']
[]
['144', '241']
['9']
[]
[]
['205']
['46', '92', '331']
[]
['82', '228', '312']
['154', '247']
['323', '339']
[]
['71', '172', '233']
[]
['337']
['97']
[]
['50', '291']
['42', '49', '275']
[]
[]
[]
[]
['40']
['80']
['91']
['188']
['11', '70', '98']
['87', '126', '127', '240']
[]
[]
['120', '155', '182', '340']
['19', '197', '239', '289']
['58', '121', '357']
['65', '315', '327']
['77']
['348']
[]
['309', '316', '342']
['238', '353']
['2']
['351']
['63']
['18', '218', '222']
['139']
['202']
['283', '298']
['330']
['163']
['74', '192']
['0']
['184', '288']
['94', '350']
['85', '245']
['151', '170', '285']
['140']
['44', '61', '138']
[]
[]
['66']
['5']
[]
['214', '215', '221']
['60']
[]
['208', '236']
['194', '195', '304']
['317']
[]
['62', '189']
['103']
['101']
[]
['191', '279']
['110']
['52', '78', '270']
['112', '196']
['30', '45', '203']
['22', '39']
['81']
['164', '263', '305']
['37', '128']
['204']
['223', '308', '338']
['299']
['83', '148']
['328']
['129']
[]
['230', '282']
[]
[]
['266']
['234']
['13']
['356']
[]
[]
['76', '104']
['69']
[]
['23', '95', '100', '349']
['179', '244']
['352']
[]
['90']
[]
['55', '261']
[]
['109', '171']
[]
['24', '265']
['175']
['96', '262']
['165']
['198']
['33', '254']
['51', '320']
['180']
[]
['169']
[]
[]
['25', '75', '273', '345']
['255']
['47']
['12', '210']
['28', '137']
['17']
['67']
['274']
['16', '29']
[]
[]
['226']
['115']
['272', '355']
['26']
['336']
['117']
['362']
['10', '334']
['14']
[]
['21', '93']
['1']
['219', '292']
['193', '232', '335']
['32']
[]
[]
['183']
[]
['113']
['15']
[]
['253']
[]
['31']
['200', '211', '307']
['216']
['118', '237', '296']
['38']
['79', '231']
['124', '329']
[]
['332', '361']
['152', '207', '281', '346']
['3', '185']
['68', '73', '284']
['20', '99', '132', '269']
['56', '199']
['86', '122']
['158']
['225']
[]
['280', '300', '358']
['178', '314']
['252']
['35']
['146']
['212']
['190', '326']
[]
['7', '235', '318']
['133']
['257']
[]
['8', '72', '135']
['167']
[]
['53', '130', '277']
['248']
[]
['213', '359']
['147', '264']
['168', '206']
['102']
['209']
[]
['267', '310']
[]
[]
['344']
['276', '319']
['134', '162', '256']
['123', '325']
[]
['333']
[]
['36', '286']
['306', '324']
['290']
['27', '107', '302']
[]
[]
['57', '258']
['186']
['114']
[]
['111', '187', '224']
['166']
[]
[]
['293']
['301', '360']
[]
[]
['54']
[]
['41']
['303']
[]
[]
['48']
['131', '141']
['84', '321']
['153', '173', '295']
['249']
['89']
['278']
['176', '242', '260', '347']
[]
['201']
['6']
['294']
[]
['59', '143', '271']
[]
['181']
['119', '157']
['313']
['136']
['297']
