['Sagan', 'Leilah', 'Timia', 'Jema', 'Fidel', 'Salmaan', 'Marrius', 'Keion']
['Carsten', 'Aayana']
['Aylana', 'Aizik', 'Giankarlo', 'Yavian', 'Kairy', 'Tayyab', 'Trinitey', 'Marwan', 'Satomi', 'Jazir', 'Giannie', 'Fe', 'Vanesa', 'Detravion']
['Alayasia', 'Ellarie', 'Ori', 'Hannelore', 'Makyra', 'Rey', 'Marik', 'Vivica', 'Katarina', 'Keili', 'Kameryn', 'Tralaya']
['Khamil', 'Meryl', 'Marialy', 'Chyna', 'Dea', 'Salif', 'Sabastion', 'Jeru', 'Zamyah', 'Marck', 'Tajuan', 'Antonin', 'Ebany', 'Cyris']
['Rosalio', 'Elisah', 'Jasiya', 'Derionna', 'Dyami', 'Kaira', 'Analiah']
['Cliff', 'Camill', 'Jarem', 'Mykaylah', 'Oluwatobi', 'Marnae', 'Davidjr', 'Amonti', 'Jalilah', 'Alyiana', 'Jax', 'Hesham', 'Gwendolynn']
['Larrissa', 'Liann', 'Yarithza', 'Juliano', 'Natasia', 'Kenzington', 'Jacob', 'Jameisha', 'Anouk', 'Renyah']
['Bright', 'Jovey', 'Lynia', 'Antwane', 'Alison', 'Gor', 'Katalina', 'Thien', 'Mikaelah', 'Farha', 'Cisco']
['Jamaine', 'Miley', 'Cynae', 'Serra', 'Lakiyah', 'Shamyia']
['Lilienne', 'Artyom', 'Kyo', 'Delisha', 'Amritha', 'Bow', 'Ameerah', 'Alaija', 'Lilyonna', 'Reynaldo', 'Hallei']
['Tahir', 'Jebediah', 'Veena', 'Gracia', 'Devaun', 'Keni', 'Dell', 'Mykenna', 'Jomary', 'Alieyah']
['Chanze', 'Sanae', 'Dessie', 'Mylani', 'Elway', 'Jerel', 'Jezzelle', 'Stafford', 'Brinleigh', 'Siena', 'Serenety', 'Kenzo', 'Anadalay', 'Shamiyah', 'Kemily']
['Mylie', 'Jandre', 'Ettel', 'Taegan', 'Keemya', 'Amr', 'Antrone', 'Fox', 'Nakari', 'Delara', 'Soniah', 'Coi']
['Zykerria', 'Sihaam', 'Tam', 'Daxen', 'Bailynn', 'Ryleeann', 'Anwesha', 'Aryeh']
['Nakeya', 'Tobias', 'Bristol', 'Jaquan', 'Adysen', 'Thadius', 'Lukis', 'Tanyla', 'Emilie', 'Shalonda', 'Sameeha', 'Nakaya']
['Evia', 'Emree', 'Cylah', 'Guadalupe', 'Andriy', 'Khalee', 'Yaire', 'Monserath', 'Kaeleen', 'Mylez']
['Seleen', 'Abdulrehman', 'Jarrell', 'Mckaylin', 'Stefanny', 'Laticia', 'Soriya', 'Handsome', 'Sevastian', 'Mikea', 'Armita', 'Azavier']
['Samauri', 'Artie', 'Aarohi', 'Taye', 'Tralyn', 'Aysenur', 'Mailen', 'Noha']
['Kamora', 'Gunther', 'Dusan', 'Zoiee', 'Zackrey', 'Venezia', 'Mariaelena']
['Basha', 'Tafari', 'Anela', 'Avielle', 'Lauralynn', 'Kyston', 'Jeremias', 'Kaleo', 'Kensleigh', 'Nethra', 'Yonason', 'Denize', 'Blaine', 'Kapena', 'Kaushik']
['Kalum', 'Kitty', 'Gertrude', 'Alyze', 'Jersi', 'Crystina', 'Tasi', 'Jaquis', 'Treyonna', 'Kellon', 'Kirubel', 'Jaleena', 'Ron']
['Avigail', 'Ahnaya', 'Zayquan', 'Inaki', 'Loni', 'Leighann', 'Julia', 'Hayven']
['Charlize', 'Mumin', 'Terriona', 'Dorcas', 'Adaisha', 'Jamaad', 'Gauge', 'Endi', 'Sinia']
['Saheim', 'Sussy', 'Rohil', 'Rexford', 'Zahriyah', 'Merlina', 'Leib', 'Hashem', 'Trystian']
['Olive', 'Ricky', 'Adriene', 'Dainen', 'Jahred', 'Sayd', 'Shanaiya', 'Prakruti', 'Janine', 'Apollonia', 'Dashun', 'Arsalan', 'Lealand']
['Aley', 'Aman', 'Evangelyne', 'Treyson', 'Natsumi', 'Kinzie', 'Osmin']
['Jayme', 'Johnavan', 'Caliegh', 'Coraline', 'Taigen', 'Masud', 'Deliany', 'Spartan', 'Jamear', 'Gyzelle', 'Alainna', 'Jemiah', 'Abdulraheem']
['Nishta', 'Atika', 'Jakelin', 'Ilyn', 'Ganon', 'Xaviel', 'Larry', 'Kimball', 'Asa']
['Dereck', 'Jamonte', 'Jaleesa', 'Elysha', 'Eeliyah', 'Michaell', 'Dajana', 'Nalaya']
['Zaahir', 'Emmely', 'Haya', 'Vyncent', 'Sashya', 'Merissa', 'Quintasia', 'Deidre', 'Dhalia', 'Nidhi', 'Rayne']
['Desteni', 'Mezmariah', 'Deriyon', 'Marifer', 'Hakop', 'Citlally']
['Amor', 'Tashvi', 'Sevren', 'Nayara', 'Shiala', 'Jahlen', 'Zuzanna', 'Jdan', 'Mikelle', 'Ramses', 'Raphael', 'Abdoulaziz', 'Shy', 'Iris', 'Harlem', 'Benito', 'Ailene', 'Sharlene', 'Cicily', 'Maude', 'Jekeria', 'Cordai', 'Oviya']
['Bailei', 'Aleiyah', 'Eddieberto', 'Yu', 'Sydelle', 'Feven', 'Quentyn', 'Casandra', 'Kaymi', 'Jalyiah', 'Charlett', 'Srinath']
['Michai', 'Braeley', 'Jophy', 'Ancel', 'Hugo', 'Yajahira', 'Donnovan', 'Byron', 'Leni']
['Brydan', 'Jesalyn', 'Merary', 'Thaddius', 'Azeriah', 'Carine', 'Liat', 'Noami', 'Nohely', 'Marcellino', 'Jailon', 'Griffon', 'Aanyah', 'Khila']
['Seiry', 'Isaak', 'Markise', 'Shakila', 'Keyin', 'Tayseer', 'Lamariah', 'Yarisbel', 'Jos', 'Quintavious', 'Raeleigh', 'Niemah', 'Tyannah', 'Matt', 'Mircale']
['Takia', 'Sincere', 'Jesus', 'Vedika', 'Farah', 'Chidi', 'Kaymarie', 'Ishmel']
['Litsy', 'Azzareya', 'Tacori', 'Rock', 'Janesha', 'Anastacio', 'Selena', 'Malaja']
['Adanna', 'Brenya', 'Tobechi', 'Eliziah', 'Anagha', 'Dominika', 'Jirah', 'Coulson', 'Estephanie', 'Trenise', 'Kirrah']
['Halo', 'Lizmari', 'Lada', 'Zinia', 'Kayliann', 'Jaydah', 'Deedra', 'Margie', 'Keyvin', 'Kariana']
['Kobe', 'Demetreus', 'Carena', 'Lazaria', 'Zolin', 'Marcellius', 'Fabrizzio', 'Doyle', 'Aibhilin', 'Jaeline', 'Dairon', 'Emmanuela', 'Raymir', 'Casondra', 'Helaman']
['Jasahn', 'Jatziry', 'Milene', 'Lailani', 'Ayahna', 'Danyca', 'Guy', 'Orren', 'Kvaughn']
['Daxx', 'Khloee', 'Dragon', 'Suri', 'Shamaiya', 'Abhinav', 'Kay']
['Jaaziah', 'Asha', 'Mikyla', 'Nancy', 'Shanell', 'Zyeir', 'Rielly', 'Jamiyla', 'Britnee', 'Adeleine', 'Jerriah', 'Montana']
['Kaeley', 'Abaan', 'Navia', 'Kenniyah', 'Colie', 'Shelbee', 'Nitzia', 'Kenzlie', 'Akasha', 'Ally']
['Adaley', 'Shardae', 'Jabes', 'Dhyan', 'Shahid', 'Ingrid', 'Eleah', 'Joed', 'Donnelle', 'Jaimarie', 'Vinnie', 'Abriyana', 'Shannel', 'Sheniyah']
