['492']
['146', '329', '452', '499']
['188', '191', '242', '403']
['486']
['82', '83', '298']
['6', '29', '253', '276', '354', '414']
['113', '399', '496']
['157']
['87', '228', '230', '233', '406', '427']
['285']
['457']
['163', '247', '317', '358', '372']
['187', '469']
['99']
['222', '369']
['197', '200', '269', '295']
['221', '223', '240', '320', '323', '339', '439']
['9', '26', '74']
['165', '180', '419', '481']
['144', '263']
['28', '416', '441', '463']
['127', '131', '307']
['30', '225']
['305', '385']
['237']
['272', '482']
[]
['238', '313']
['103', '205']
['476']
['214', '227', '289', '299', '445', '494']
['59']
['316']
['345', '430', '474']
['53', '391']
['309']
[]
['55', '460', '471']
['175', '433']
['101', '405', '424']
['246', '374']
['115']
['70', '152', '390']
['72', '401']
[]
['54', '111', '229', '456']
['95', '143']
['12', '196']
['381', '440']
['251', '264', '288', '351']
['361', '365', '420']
['153', '156', '158', '284', '388']
['164', '190', '258', '270', '336']
['49', '472']
['2', '125', '142', '235']
['63', '400']
['436']
['23', '35', '60', '110']
[]
['410']
['45', '306', '467']
['10', '232', '473']
['57', '360', '498']
['328', '357', '465', '483']
['444']
['244', '387', '434', '437']
['86', '119', '325', '330', '409']
['76', '170', '211']
['43', '448']
[]
[]
[]
['4', '204']
['44', '154', '322']
['98']
['176', '302']
['265', '432']
['8', '274', '324', '350']
['138']
['425']
['256', '341']
['94', '169', '487']
['65', '114', '213', '273', '331']
['166', '185', '308', '422', '438']
['16', '107', '212', '239', '326', '355']
['192', '394', '478']
['194']
['458']
['24', '109', '134', '206', '218', '431']
[]
['248']
['301']
['42', '220', '359']
['90', '108', '332']
['479']
['321', '461']
['397']
['71', '250', '281', '315', '495']
['304', '314', '382', '446']
['13', '66', '337', '342']
['39', '392']
['209']
['128', '257', '375', '378']
[]
['11', '47', '168']
['88', '404']
['145', '151', '215', '347']
['104', '286']
[]
['33', '96', '171']
[]
['112']
['32']
['210', '234', '303']
['36']
[]
['5', '46', '275', '417', '418']
['368']
['77', '137', '172']
[]
['37', '183', '450']
['20', '78', '181', '366']
['184', '243']
[]
['61', '69', '262', '383', '454']
['81']
[]
['121', '189']
['122']
['68', '292']
['124', '177', '182', '236', '277', '334', '353', '497']
['296', '349', '480']
['91']
[]
['7']
['318', '364', '371', '485']
['19', '386', '411']
['67', '92', '141', '254', '338']
['18']
['62', '64', '297', '415']
['149', '174', '249', '376']
['89']
['100', '428', '447']
['117', '160', '426']
['135', '216', '348']
['464']
['48', '268', '352']
['102', '118', '126', '155', '367', '407', '413', '442']
['21']
['40']
['396']
['241', '421']
['393', '451']
['14']
['27', '148', '173', '335', '408']
['73']
['290']
['97', '370', '395']
['51', '161', '267', '363', '429']
['25', '319']
['106']
['52']
['17', '150']
['261', '344', '459']
['475', '493']
['75', '217', '260', '279']
['282']
['133']
['41', '56', '280', '343']
['129']
['226', '477']
['0', '402']
['116', '266', '470']
['80', '167']
['79', '136', '224', '245', '287', '384', '488']
['120', '147', '178', '195', '219', '455']
['202', '412']
['283', '362']
['34', '162', '198', '294', '327', '340']
['423']
['105', '380']
['203']
['93', '207']
['159']
[]
['31', '453']
[]
['389']
['38', '271', '291', '377']
['84', '462']
['130', '333']
['252', '255']
['193', '311']
['379', '490', '491']
['50', '179']
['259', '373']
['310']
[]
['398']
['139']
['22', '208', '293']
['140', '231', '356', '466']
[]
['1', '278']
['123', '199', '201', '312']
['300']
['449']
['443', '468']
['15', '132']
['3', '435', '489']
['85', '186']
['484']
['58', '346']
