['16', '104', '118', '120', '204', '218', '230', '248', '288', '296', '324', '335', '336', '396']
['37', '52', '77', '107', '109', '123', '132', '135', '136', '157', '172', '191', '251', '271', '283', '295', '301', '316', '320', '333', '357', '358', '367']
['17', '39', '53', '116', '122', '159', '217', '268', '281', '319', '328', '377', '381', '383', '397']
['22', '45', '61', '92', '125', '133', '170', '362', '376']
['188', '202', '265', '287', '313']
['2', '9', '27', '110', '111', '140', '158', '171', '229', '250', '276', '321', '356', '392']
['91', '112', '117', '163', '241', '249', '264', '267', '323', '337', '344', '375']
['26', '38', '44', '137', '145', '221', '227', '233', '243', '307', '338']
['1', '98', '108', '113', '147', '149', '156', '174', '239', '266', '270', '273', '346', '369', '393']
['183', '198', '219', '252', '277', '304', '308', '327']
['3', '13', '102', '151', '207', '236', '257', '312', '325', '368', '379']
['14', '78', '99', '181', '201', '242', '246', '254', '280', '302', '351', '355', '372']
['7', '15', '18', '25', '73', '85', '95', '124', '326', '361', '366']
['166', '169', '339', '341', '349', '374', '384', '395']
['4', '28', '43', '68', '69', '88', '142', '175', '216', '259', '260', '343', '353', '359']
['34', '173', '231', '253', '256', '284', '286', '297', '334', '360', '371']
['41', '63', '72', '96', '97', '161', '168', '196', '224', '261', '289', '354', '380']
['5', '19', '24', '55', '93', '105', '119', '153', '178', '182', '189', '190', '199', '212', '237', '350', '394']
['12', '40', '56', '115', '141', '184', '194', '213', '225', '263', '293', '332']
['114', '129', '152', '197', '245', '255', '282', '298', '311', '322', '330', '347', '373']
['32', '62', '80', '82', '130', '143', '148', '176', '193', '222', '294', '299', '342', '345', '386']
['8', '30', '86', '134', '195', '279', '290', '300', '314', '363', '385']
['20', '49', '70', '138', '155', '192', '269', '291', '340', '365']
['11', '33', '75', '103', '128', '144', '185', '228', '275', '364', '382']
['48', '64', '83', '87', '106', '200', '203', '211', '258', '262', '305', '309', '331', '387', '389']
['10', '29', '35', '46', '58', '59', '71', '126', '154', '162', '187', '209', '234', '244', '310', '348', '388']
['6', '186', '214', '223', '235', '238', '247', '292', '352', '370']
['0', '36', '51', '57', '66', '74', '79', '81', '100', '150', '165', '177', '179', '206', '226', '232', '240', '285', '315', '318']
['21', '31', '47', '54', '65', '76', '90', '94', '101', '160', '164', '220', '272', '278', '390', '391']
['23', '42', '50', '60', '67', '84', '89', '121', '127', '131', '139', '146', '167', '180', '205', '208', '210', '215', '274', '303', '306', '317', '329', '378']
