['11', '28', '77', '126', '127', '139', '243', '385']
['116', '145', '161', '163', '179', '196', '227', '230', '232', '239', '242', '245', '256', '280', '284', '326', '333', '412', '453']
['16', '40', '55', '69', '107', '115', '123', '172', '197', '235', '265', '276', '339', '388', '425', '429', '430', '436', '477', '482', '493']
['4', '17', '71', '110', '125', '252', '278', '299', '300', '327', '356', '361', '401', '416', '418', '442']
['5', '74', '97', '112', '120', '133', '152', '186', '188', '208', '251', '269', '319', '347', '358', '368', '402', '414', '426', '470']
['1', '44', '86', '91', '102', '136', '140', '147', '149', '153', '183', '210', '262', '279', '322', '342', '349', '373', '378', '395', '467', '491']
['19', '25', '29', '32', '48', '81', '103', '135', '148', '181', '195', '241', '330', '374', '379', '410', '440', '443', '458', '468', '479', '481', '488']
['9', '104', '171', '211', '236', '253', '272', '277', '287', '298', '360']
['51', '98', '178', '185', '191', '194', '212', '305', '307', '359', '364', '381', '407', '476']
['20', '45', '72', '96', '162', '207', '214', '225', '255', '282', '288', '291', '306', '335', '346', '384', '389', '390', '393', '417', '446']
['3', '49', '57', '61', '118', '129', '219', '247', '303', '316', '343', '353', '394', '397', '419', '451', '472']
['113', '117', '174', '184', '209', '234', '261', '357', '375', '382', '438', '471']
['12', '85', '89', '90', '101', '111', '155', '206', '221', '249', '273', '301', '312', '345', '370', '377', '396', '428', '462']
['176', '200', '202', '216', '274', '296', '308', '338', '354', '386', '459']
['13', '14', '15', '36', '175', '180', '203', '259', '362', '406', '415', '431', '437', '448', '461', '480']
['26', '43', '59', '66', '137', '151', '187', '223', '228', '283', '318', '332', '367', '372', '392', '450']
['31', '39', '108', '199', '204', '215', '229', '238', '323', '391', '404', '408', '465', '478', '486']
['7', '27', '52', '60', '73', '84', '119', '131', '146', '198', '218', '226', '267', '313', '331', '337', '341', '350', '411', '421', '422', '456', '487']
['10', '18', '23', '34', '41', '50', '53', '87', '154', '170', '201', '217', '224', '260', '271', '295', '315', '433', '475', '494']
['8', '37', '62', '64', '67', '80', '83', '109', '128', '237', '248', '250', '258', '289', '292', '293', '398', '447']
['54', '75', '141', '150', '156', '157', '222', '231', '254', '266', '302', '320', '325', '348', '363', '369', '380', '399', '423', '473']
['2', '21', '130', '142', '143', '160', '169', '182', '205', '314', '340', '483']
['24', '30', '38', '47', '220', '297', '304', '424', '427', '445', '454', '457', '469', '484']
['22', '46', '70', '95', '138', '173', '189', '281', '294', '324', '352', '366', '383', '387', '449', '485']
['105', '121', '132', '144', '190', '192', '193', '268', '351', '409', '413', '432', '439', '452', '464', '489']
['58', '78', '94', '159', '167', '168', '177', '270', '286', '290', '309', '317', '328', '329', '355', '434', '444', '460', '463']
['0', '35', '42', '56', '63', '68', '79', '99', '100', '134', '158', '166', '213', '233', '257', '334', '336', '365', '400', '403', '405', '455', '466', '492']
['6', '33', '82', '88', '106', '122', '124', '164', '165', '246', '263', '321', '344', '420', '435', '441', '495']
['65', '76', '92', '93', '114', '240', '244', '264', '275', '285', '310', '311', '371', '376', '474', '490']
