['Dorothy']
['Hedwig', 'Toni', 'Peggy', 'Don', 'Wendy', 'Timothy', 'Sherri']
['Lane', 'Annalee', 'Pablo', 'Francisco', 'Matthew']
['Alison', 'Moses', 'Samuel']
['Annette', 'Clarence', 'Jeffery']
['Kirk', 'Adam', 'Emery', 'Wilma', 'Lawrence']
['Debra', 'Stanley', 'Sylvia', 'Justin', 'Marcella', 'Steve', 'Rafael']
['Olivia', 'Clayton']
['Eva', 'Theodore', 'Ingeborg']
['Marilyn', 'Cory', 'Robert', 'Mack', 'Janet', 'Jodi']
['Roberto', 'Barbara', 'Constance']
['Morgan', 'Kisha', 'Esther', 'Molly']
['Bessie', 'Marlene', 'Ruth', 'Will']
['Douglas', 'Leticia', 'Frank', 'Lydia', 'Jane', 'Laurence', 'Emmie']
['Corey', 'Marion', 'Tanya']
['Tim', 'Rolf', 'Reginald']
['Antonio', 'Dale', 'Reggie', 'Gerardo']
['Andrew', 'Sheryl']
['Marie', 'Eric', 'Bradley', 'Gwen', 'Dean', 'Seth']
['Pat', 'Carol', 'Glennie']
['Brandon', 'Connie', 'Kathleen', 'Morris', 'Gordon', 'Eura', 'Dana']
['Booker', 'Heather', 'Diana', 'Carlos']
['Bobby', 'Alvin']
['Kaitlyn', 'Kellie', 'Rebecca', 'Arturo']
['Ernest', 'Betty', 'Gilda', 'Alexander']
['Lana']
[]
['Berta', 'Margarito', 'Sarita', 'Andres', 'Gloria']
['Doris', 'Fred']
['Michele', 'Willie', 'Josephine', 'Gertrude']
['Tara', 'Susan', 'Reinaldo']
['Joni', 'Danielle']
['Pamella', 'Ralph', 'Nancy']
['Mae', 'Jacque']
['Christopher', 'Curtis', 'Ivonne', 'Jonathan']
['Nola', 'Marian', 'Herbert', 'Jorge', 'Rosalee']
['Myron', 'Burl', 'Leanne']
['Melanie', 'Maria', 'Alice', 'Margert', 'Randolph', 'Marquerite']
['Crystal', 'Lloyd', 'Cesar']
['Jeanine']
[]
['Ruby']
['William', 'Edward', 'Stephanie', 'Gladys', 'Reuben', 'Cassie']
['Beverly', 'Helen', 'Derrick', 'Amos', 'Garrett']
['Alicia', 'Donna', 'Marjorie', 'Glenna', 'Brian', 'Elizabeth', 'Wilson']
['Kelly', 'Priscilla', 'Natalie']
['Irving', 'Miguel', 'Lisha', 'Sharon', 'Peter', 'Patrick', 'Jimmy', 'Maureen', 'Lonnie']
['Phillip', 'Kimberly', 'Sofia']
['Mark', 'Bertha']
['Cindy', 'Joann', 'Polly', 'Veronica']
['Christine', 'Vella', 'Wanda', 'Marcelino']
['Roy', 'Paul', 'Glen', 'Fredrick', 'Rhonda', 'Susanna']
['Jason', 'Mable']
['Nicole', 'Hugh', 'Jennifer']
['Domingo', 'Lulu']
['Jeffrey', 'Elsie', 'Paula', 'Kim']
['Audrey', 'Daniel', 'Ouida']
['Cathy', 'Ollie', 'Matt', 'Raeann', 'Lilian']
['Charles', 'Juanita', 'April', 'Charlotte', 'Mildred']
['Victor', 'Krysten', 'Kenneth']
['Evelyn', 'Belinda', 'Walter', 'Ursula', 'Eugenia', 'Alex', 'Caridad']
['Robyn', 'Lynne', 'Pamela', 'Carole', 'Joshua']
['Dorothea', 'Wallace']
['Winifred', 'Donald', 'Wayne', 'Del', 'Rick', 'Sam', 'Beulah']
['Rachel', 'Carmen', 'Fredda', 'Blair']
['Viola']
['Thomas', 'Kylie', 'Martin', 'Bonnie', 'Wesley', 'Nelson', 'Ellis']
['Jesse', 'Gregory', 'Brenda', 'Ashley', 'Stephany', 'Danny']
['Laurie', 'Amy', 'Tuan', 'Jacob', 'Janene']
['Lewis']
['Ray', 'Deanna', 'Kathryn', 'Winnifred', 'Suzie', 'Calvin']
['Everett', 'Erik']
['Shirley', 'Angela', 'Pete', 'George', 'Lessie', 'Scot', 'Raymond', 'Ricky']
['Ronda', 'Harold', 'Stephen']
['Dennis', 'David', 'Kristine', 'Keri', 'Monica']
['Gerald', 'Lorraine', 'Linda', 'Jean']
['Shannon', 'Anthony', 'Joanne', 'Jeremy', 'Norma']
['Anna', 'Darlene', 'Andre', 'Willis', 'Clarissa']
['Cheryl', 'Ernestine', 'Imogene']
['Lena']
['Mireya', 'Clyde', 'Sylvester', 'Cecile', 'Alfred', 'Maryann']
['Joe', 'Eleanor', 'Teresa', 'Phyllis']
['Katherine', 'Jessica', 'Tony', 'Therese']
['James', 'Robin', 'Cassandra', 'Nina']
['Guy', 'Jeff']
['Darrell', 'Lyle']
['Kerri', 'John', 'Adele', 'Travis', 'Craig', 'Elia', 'Ward']
['Martha', 'Warren', 'Virginia', 'Angelica', 'Dawna', 'Miles']
['Catherine', 'Mabel', 'Inez', 'Beth']
['Richard', 'Rosie', 'Karren', 'Edwin', 'Karen', 'Judy', 'Derek', 'Michelle']
['Emily', 'Gail', 'Jayme', 'Christina', 'Laura', 'Stacie']
['Lucy']
['Joseph', 'Tracy']
['Pauline', 'Mary', 'Lillian', 'Eugene', 'Selma']
['Marlin', 'Kevin', 'Bruce', 'Ellen']
['Lahoma', 'Theresa', 'Chris', 'Cecilia']
['Patricia', 'Ann', 'Steven', 'Irene', 'Myriam', 'Bernard', 'Raphael']
['Mario', 'Stacy', 'Geraldine', 'Roosevelt']
['Ronald', 'Troy', 'Ida', 'Albert', 'Lucie']
['Selina', 'Cornelius', 'Marco']
['Melissa', 'Jo', 'Quintin', 'Grant']
['Jose', 'Mike', 'Margaret', 'Tamika', 'Leigh']
['Ryan', 'Dawn', 'Raul', 'Frederick']
['Christian', 'Carl', 'Tommy', 'Harvey', 'Lucille']
['Michael', 'Loraine', 'Judith', 'Roberta', 'Louis']
['Terry', 'Deborah', 'Bethany', 'Kristin']
['Leona', 'Thelma', 'Lori']
['Philip', 'Larry', 'Sally']
['Georgette']
['Gary', 'Rosa', 'Jesus', 'Roger', 'Ana', 'Andrea']
['Juan', 'Fernando', 'Norman', 'Latisha', 'Freda', 'Rosalyn', 'Carmelita', 'Kerrie']
