['node23', 'node38', 'node84', 'node102', 'node165', 'node183', 'node191', 'node192', 'node213', 'node220', 'node223', 'node235', 'node265', 'node275', 'node281']
['node3', 'node14', 'node75', 'node98', 'node107', 'node119', 'node129', 'node199', 'node201', 'node227', 'node237', 'node249', 'node253', 'node267', 'node282']
['node54', 'node59', 'node73', 'node109', 'node114', 'node123', 'node125', 'node128', 'node174', 'node230', 'node239', 'node251', 'node280', 'node310', 'node317']
['node28', 'node79', 'node126', 'node136', 'node137', 'node153', 'node162', 'node200', 'node210', 'node248', 'node261', 'node277', 'node292', 'node325', 'node332']
['node7', 'node9', 'node36', 'node49', 'node78', 'node89', 'node96', 'node108', 'node127', 'node154', 'node169', 'node180', 'node279', 'node283', 'node340']
['node37', 'node55', 'node72', 'node104', 'node133', 'node187', 'node215', 'node219', 'node234', 'node238', 'node252', 'node297', 'node311', 'node312', 'node342']
['node11', 'node15', 'node44', 'node50', 'node64', 'node68', 'node143', 'node147', 'node194', 'node202', 'node203', 'node216', 'node322', 'node338', 'node344']
['node6', 'node25', 'node101', 'node204', 'node205', 'node242', 'node244', 'node258', 'node284', 'node286', 'node300', 'node302', 'node333', 'node339', 'node351']
['node1', 'node40', 'node41', 'node76', 'node95', 'node138', 'node207', 'node245', 'node289', 'node296', 'node315', 'node323', 'node329', 'node341', 'node353']
['node12', 'node42', 'node60', 'node86', 'node87', 'node113', 'node141', 'node142', 'node148', 'node189', 'node240', 'node301', 'node360', 'node362', 'node369']
['node30', 'node51', 'node61', 'node90', 'node152', 'node181', 'node231', 'node268', 'node298', 'node308', 'node365', 'node368', 'node375', 'node382', 'node397']
['node2', 'node10', 'node26', 'node32', 'node35', 'node170', 'node229', 'node243', 'node254', 'node269', 'node288', 'node327', 'node350', 'node376', 'node404']
['node66', 'node111', 'node112', 'node122', 'node173', 'node176', 'node198', 'node208', 'node259', 'node260', 'node305', 'node319', 'node380', 'node402', 'node409']
['node58', 'node103', 'node110', 'node117', 'node171', 'node233', 'node320', 'node352', 'node355', 'node356', 'node364', 'node371', 'node374', 'node408', 'node414']
['node46', 'node74', 'node83', 'node115', 'node177', 'node195', 'node236', 'node241', 'node256', 'node257', 'node377', 'node381', 'node406', 'node418', 'node420']
['node16', 'node31', 'node92', 'node190', 'node224', 'node226', 'node232', 'node255', 'node290', 'node309', 'node357', 'node387', 'node388', 'node393']
['node24', 'node27', 'node67', 'node71', 'node80', 'node82', 'node164', 'node172', 'node179', 'node278', 'node303', 'node324', 'node345', 'node396']
['node62', 'node168', 'node217', 'node228', 'node262', 'node276', 'node285', 'node313', 'node316', 'node390']
['node5', 'node20', 'node63', 'node106', 'node130', 'node159', 'node250', 'node272', 'node273', 'node307', 'node348', 'node405', 'node410', 'node411']
['node116', 'node121', 'node163', 'node270', 'node299', 'node358', 'node394', 'node399']
['node85', 'node97', 'node140', 'node144', 'node182', 'node218', 'node246', 'node266', 'node271', 'node304', 'node328', 'node361', 'node366', 'node413']
['node47', 'node81', 'node134', 'node158', 'node175', 'node196', 'node294', 'node326', 'node335', 'node347', 'node385', 'node386', 'node395']
['node29', 'node69', 'node145', 'node157', 'node160', 'node166', 'node186', 'node293', 'node372', 'node407', 'node412']
['node17', 'node45', 'node48', 'node52', 'node57', 'node65', 'node94', 'node132', 'node167', 'node212', 'node306', 'node359', 'node370', 'node378']
['node33', 'node70', 'node77', 'node91', 'node149', 'node150', 'node151', 'node336', 'node343', 'node363', 'node383', 'node401', 'node419']
['node22', 'node93', 'node124', 'node139', 'node178', 'node197', 'node206', 'node211', 'node314', 'node331', 'node349']
['node4', 'node13', 'node21', 'node56', 'node135', 'node156', 'node185', 'node209', 'node247', 'node318', 'node337', 'node354', 'node391', 'node392']
['node120', 'node131', 'node188', 'node222', 'node287', 'node330', 'node334', 'node379', 'node400']
['node34', 'node53', 'node146', 'node214', 'node263', 'node274', 'node346', 'node367', 'node415', 'node417']
['node8', 'node39', 'node88', 'node105', 'node118', 'node155', 'node161', 'node193', 'node221', 'node264', 'node291', 'node295', 'node321', 'node384']
['node18', 'node19', 'node43', 'node99', 'node100', 'node184', 'node225', 'node373', 'node389', 'node398', 'node403', 'node416']
