['351', '346', '200', '330', '327', '12', '317', '161', '69', '76', '103', '120', '81', '287', '71', '386', '469', '452', '365', '457', '304', '411', '11', '79', '87', '357', '461', '309', '345', '418']
['58', '123', '359', '152', '375', '164', '144', '471', '337', '394', '6', '216']
['215', '399', '133', '187', '50', '88', '289', '117', '55', '368', '437', '160', '312', '323', '250', '90', '222', '334', '241', '407', '270', '30']
['234', '255', '272', '110', '232', '221', '165', '427', '217', '436', '441', '294', '223', '73', '380', '129', '366', '348', '60', '479', '293', '269', '92']
['199', '186', '131', '385', '448', '14', '202', '417', '319', '363', '17', '262', '268', '245', '261', '376']
['181', '148', '43', '431', '318', '474', '118', '228', '74', '236', '39', '356', '247', '347', '439', '475', '267', '391', '136', '107', '350', '288', '349', '111', '459', '229', '373', '307']
['154', '122', '227', '127', '313', '151', '77', '324', '425', '126', '338', '258', '446', '230', '119', '473', '339', '149', '132', '285', '450', '353', '8', '115', '297', '138', '336']
['86', '171', '433', '204', '99', '254', '306', '7', '147', '333', '47', '239', '220', '189', '45', '177']
['233', '91', '404', '29', '412', '468', '326', '27', '15', '40', '180', '238', '443', '281']
['158', '142', '211', '183', '415', '155', '429', '442', '331', '10']
['134', '188', '140', '263', '421', '179', '173', '37', '364', '311', '397', '278', '22', '460', '252', '210', '284', '467', '428', '24', '1', '402', '344', '44']
['296', '400', '458', '358', '419', '53', '108', '273', '94', '83', '303', '38', '374', '20', '343', '249']
['100', '430', '477', '389', '371', '25', '362', '341', '240', '367', '191', '274', '167', '256', '146', '453', '56', '438', '328', '64', '112', '454', '67', '2']
['360', '283', '372', '426', '21', '295', '185', '440', '169', '432', '70', '82', '184', '435', '176', '32', '470', '218', '62']
['260', '299', '166', '159', '4', '207', '316', '212', '141', '315', '279', '264', '310', '422', '243']
['46', '406', '413', '13', '395', '19', '388', '205', '124', '190', '377', '248', '84', '462', '244', '361', '213', '276', '201', '291']
['104', '379', '96', '282', '31', '139', '168', '478', '410', '355', '54', '398', '106', '472', '68', '384', '3', '97', '378', '265']
['298', '305', '85', '224', '157', '121', '0', '280', '322', '354', '387', '130', '214', '226', '28', '193', '302', '463', '259', '393', '225', '465', '476', '208', '257', '196', '434']
['182', '198', '456', '35', '403', '170', '352', '197', '153', '383', '172', '382', '286', '135', '9', '66', '174', '369', '98', '145', '408', '332', '237', '449']
['242', '51', '381', '275', '113', '423', '59', '114', '80', '48', '231', '342', '163', '194', '414', '143', '301', '78']
['162', '41', '109', '75', '125', '105', '325', '455', '409', '137', '370', '300', '246', '416', '175', '405', '116', '93', '49', '321', '308']
['253', '101', '102', '89', '277', '156', '340', '195', '444', '95', '219', '464', '192', '390', '329', '271', '466', '451', '392']
['396', '26', '206', '63', '251', '65', '320', '18', '447', '209', '292', '314', '34', '5', '36', '57', '150', '401', '128', '235']
['52', '16', '42', '445', '290', '424', '203', '23', '178', '33', '72', '420', '335', '61', '266']
