['14', '24', '41', '46', '49', '171', '205', '305', '311', '375', '458']
['8', '34', '35', '66', '98', '143', '156', '176', '177', '229', '265', '336', '393', '438', '474']
['25', '27', '60', '133', '173', '255', '350', '421']
['82', '112', '140', '243', '262', '295', '327', '373', '378', '387', '448', '482', '490', '495']
['6', '11', '43', '58', '81', '119', '128', '136', '206', '335', '337', '447', '496', '499']
['20', '100', '113', '174', '199', '231', '260', '279', '329', '398']
['67', '73', '89', '247', '271', '360', '394', '424', '428', '479', '488']
['5', '32', '75', '158', '187', '192', '254', '258', '259', '285', '324', '412']
['110', '145', '175', '223', '273', '340', '357', '359', '385']
['15', '23', '76', '102', '132', '147', '152', '196', '320', '413', '487']
['0', '150', '210', '216', '416']
['10', '13', '68', '165', '248', '426', '429', '430', '444', '451', '455', '497']
['55', '144', '168', '348', '423', '436', '437']
['2', '71', '302', '323', '439']
['28', '64', '111', '124', '194', '197', '202', '264', '270', '290', '321', '403', '411', '414', '460', '477']
['30', '267', '268', '316', '328', '361', '408', '417']
['36', '38', '52', '139', '189', '204', '212', '221', '236', '307', '349', '381', '406', '449', '463']
['22', '369', '377', '481']
['7', '79', '91', '99', '129', '138', '151', '185', '193', '198', '298', '365', '370', '453', '461', '478']
['18', '59', '86', '130', '169', '215', '245', '355', '486']
['54', '97', '106', '241', '249', '276', '308', '389', '397']
['16', '48', '108', '214', '239', '284', '345', '352', '399']
['26', '92', '181', '186', '224', '233', '409', '432']
['56', '85', '180', '183', '235', '237', '240', '261']
['88', '211', '217', '346', '386', '425', '440']
['135', '188', '292', '294', '300', '339', '383', '467']
['164', '242', '318', '319', '443']
['17', '125', '146', '149', '154', '200', '225', '334']
['61', '107', '314', '351', '396', '404', '446', '469']
['9', '93', '96', '114', '117', '219', '230', '234', '299', '310', '388', '402', '415', '470']
['45', '63', '120', '153', '170', '195', '341', '376', '380', '433', '459']
['21', '51', '57', '309', '331', '427', '498']
['29', '70', '87', '157', '244', '312', '313', '317', '358', '368', '419', '492']
['4', '33', '122', '167', '207', '251', '272', '281', '287', '296', '315', '431']
['19', '39', '62', '155', '218', '228', '280', '353', '400', '422']
['69', '115', '127', '162', '182', '253', '263', '286', '304', '391', '392', '441', '450', '465', '485']
['72', '160', '222', '277', '301', '395']
['83', '94', '95', '227', '252', '274', '344', '366', '384', '454']
['90', '191', '213', '306', '326', '330', '338', '382', '410', '418']
['1', '42', '65', '131', '232', '238', '374', '442', '464', '471']
['142', '266', '325', '390', '401', '407', '468', '491', '493']
['3', '31', '44', '84', '104', '116', '190', '208', '278', '293', '445', '452', '456']
['105', '109', '121', '141', '148', '209', '288', '291', '332', '356', '363', '420', '494']
['134', '163', '179', '201', '220', '257', '379', '473']
['78', '80', '166', '184', '226', '269', '282', '297', '322', '371', '405', '489']
['37', '40', '53', '203', '303', '354', '435', '462', '480', '484']
['47', '103', '178', '256', '289', '342', '347', '364', '367', '472']
['12', '77', '118', '123', '172', '246', '275', '283', '362', '372', '476']
['137', '159', '250', '343', '434', '457']
['50', '74', '101', '126', '161', '333', '466', '475', '483']
