['QQCGU', 'CYVWU', 'RMHZI', 'UQJJY', 'QMJUD', 'ABQJV', 'JWNLZ', 'XMJJP', 'GDZSX', 'DPJHM', 'PBEOM', 'SIWEE', 'ZUYFN', 'GRIBM', 'FYSSP', 'OYLVF', 'UDEWT', 'DJQYY', 'NHZCJ', 'GRUYQ', 'CALHI', 'REFDA', 'PADSR', 'NKEPZ', 'UHIOD']
['NKLCQ', 'TKEWX', 'SCMKV', 'FBZDZ', 'HUNXU', 'WNDOP', 'OZSQX', 'CXMEP', 'GUJWW', 'CYRFR', 'BXGAG', 'GKOUL', 'JXKSJ', 'RWOPE', 'LEYDX', 'VQTXV', 'FHCPP', 'JFOPY', 'XYABI', 'RUSXV', 'HXGTU', 'KGDBH', 'XTFTT', 'PUWYW', 'JMNIF']
['QSIZR', 'NZQNY', 'CWZDH', 'YPSZJ', 'RDCHE', 'UXUZX', 'TEYRZ', 'PPBBM', 'YTVYR', 'WTMZW', 'GFWZF', 'GKYTD', 'ZXEUD', 'QNXTS', 'XHKTV', 'FMFZO', 'VFXSF', 'IYMNE', 'ZNEQL', 'KCWNV', 'TMCLZ', 'BKFQR', 'LHFOM', 'OENOT', 'BCKDA']
['XQUPB', 'BMNGE', 'AIWJE', 'USRDK', 'NZAXS', 'RWIWJ', 'PUFAY', 'DYIYS', 'NHBOU', 'NSSHB', 'CHCYT', 'YSBTR', 'KCPYN', 'MIMWO', 'ADKIG', 'YTTKI', 'KDZDK', 'EFRTR', 'URMYA', 'GBEQY', 'JTKTH', 'TARGC', 'ZLMYN', 'CWKNX', 'VGTYI']
['SSZXS', 'KXFFP', 'EBQJA', 'NPJSC', 'FLAIE', 'FIIIX', 'MUUIL', 'SOVUQ', 'BEFRL', 'MTXFY', 'TYYLF', 'SSWHW', 'FKSNY', 'KBDMG', 'IVYZR', 'ELRTK', 'OJTYX', 'GPKTZ', 'YIQHC', 'JAGAT', 'PKUWP']
['FXFHY', 'LCGFN', 'YHWVK', 'AZDHE', 'TQUPW', 'EIREK', 'FRHWO', 'REVQE', 'GWEZA', 'IAASE', 'MCVPN', 'XGXRC', 'YPRRC', 'LGPGN', 'KTXRI']
['YKOFS', 'NLQQX', 'HVAAR', 'WNBOI', 'CYMCE', 'YQBLY', 'CCHLM', 'WMAOH', 'GPHCZ', 'WAZOJ', 'XPMAC', 'AEHLI', 'FFZNI', 'LCYZY']
['VUPAV', 'JGBOH', 'HAPCQ', 'NGBWQ', 'GXAOE', 'HAYKV', 'QFSQF', 'ERXLL', 'GAQXI', 'LESUW', 'HKSDK', 'IPLJJ', 'XBVDI']
['AUIRW', 'VFWVV', 'SDCRN', 'HOCJP', 'GUJWH', 'DRVVY', 'HGAWC', 'GJCQK', 'XQQNM', 'XYVAU', 'EYYNC', 'PBAWW', 'QBYJR', 'IUTYE', 'JCWPV']
['QSAIM', 'TIZZI', 'NNLIE', 'XQYCU', 'PRFNT', 'LBYAL', 'FCFIW', 'RQZDB', 'LQJNK', 'UZTYA', 'EWIJA', 'DDGZR', 'UEFBC', 'EHCWU', 'RRFYM', 'LRCXZ', 'GPAYG', 'ASGXO', 'UNSUE', 'LPRGT']
['SMDTK', 'TJFHX', 'ZKMSA', 'PAVOS', 'SHEUT', 'OVNTP', 'JDDRN', 'UOYAH', 'STJMV', 'FYAYI', 'JCAYK', 'NTGQJ', 'IYGUJ']
['RISKG', 'PEIBF', 'FIPGX', 'BWKXY', 'IPMBX', 'HAKPT', 'JJDHO', 'ZPWCF', 'VSEBO']
['ZRFKN', 'ZMWJB', 'JECON', 'KEUTQ', 'IQLHD', 'NEQMO', 'RSYQC', 'VYUHL', 'SYRST', 'HIBFR', 'YVULZ', 'EPEAQ', 'OMNEY', 'UMQRP', 'JPLIB', 'WEDAM', 'DWCIC', 'RKMOC', 'BSOUP']
['TLAOJ', 'ZCMCP', 'EXERI', 'NZQKM', 'KRMMY', 'XZTVE', 'XADCG', 'QJUJE', 'RMNKI', 'LJQBN', 'UHFXM', 'ZSYGC', 'GKLKQ']
['DFZLH', 'TWVAR', 'UTYHJ', 'LFYYV', 'SURGB', 'QBGLN', 'YVMFJ', 'TJTMV', 'VNIQM', 'GZWND', 'ZRLGV', 'QHQUF', 'PPGSA', 'AQEWE', 'MQEVZ', 'ZNTDR', 'VVMSW', 'VMRKJ', 'UTQPU', 'HDFES', 'DNOMK', 'EGYBS', 'METWY']
['IHIWD', 'FPFHY', 'WWCYP', 'XIGOI', 'SUEUT', 'VUTIQ', 'JGIMA', 'YMAKV', 'DUQLN', 'PUJOM', 'PREHL', 'ILRGH', 'DZGQX', 'SWZLI', 'WZJYQ', 'ALNHK']
['BHECC', 'PKECO', 'JLTJR', 'GKPPL', 'MBBZL', 'KEDYT', 'FWKYL', 'XOUQG', 'SPSXT', 'FSYHN', 'RFDDK', 'OEEYW', 'EXSFL', 'CRKWH', 'POYSB', 'VCMUY']
['RCWOS', 'STZIM', 'WLODL', 'KIEKF', 'KFWQL', 'VSARS', 'KQZVU', 'BFHEV', 'WEYKU', 'SLYUO', 'FIUZZ', 'SLHLJ', 'IOHXF', 'PARXO', 'VKBEF']
['FKMPO', 'JEHBC', 'DTPHQ', 'AHXXM', 'ZOHDS', 'BHFJC', 'IXEZM', 'CZNRV', 'NMUXG', 'VLACB', 'BREAU', 'YTXXV', 'SACPU', 'EIALG', 'JGGQM', 'VUZHE', 'UYUIP', 'TPIHD', 'FESAS', 'EAHZI', 'UMQSO']
['GUGKR', 'OBCSZ', 'FQYNK', 'AALPZ', 'ZYEMW', 'FSIEJ', 'OHEWR', 'VQUBW', 'RRDGL', 'ENHUS', 'NCCJD', 'BNPMH', 'ZZKGQ', 'IBFSE']
['WFPUN', 'LMDUZ', 'CSILO', 'QLDQR', 'OYGNB', 'BCTKV', 'XMZUX', 'SAOVB', 'JCTBB']
['LYSRO', 'CSGGY', 'CZQAC', 'TJLUN', 'RZJZX', 'MRNHH', 'DQJYE', 'RNMID', 'CRSZF', 'NCXIY', 'EFPNV', 'YYNPW', 'XLWDU', 'CTLHM', 'QACAX', 'AXICB', 'YRTTG', 'HKBNA', 'LMZAF']
['JFKWJ', 'DOYMU', 'DWGDE', 'AEXQY', 'LVMLT', 'OXZCV', 'XGCQB', 'PQEKQ', 'WTAGZ', 'PDNXQ', 'DAPHY', 'ZOVBE', 'RAAAY', 'AAEBS', 'PCOTH', 'VHWPC', 'IEEVC', 'IDOHH']
['ZMCMD', 'BOOKC', 'LQGAI', 'QVEIA', 'SUNJN', 'MMHOG', 'OPZLD', 'SEUJM', 'WGNBW', 'QMBKL', 'DOXUP', 'DBXJE', 'DFNDO', 'KEPXD', 'GAUGX', 'BBDFQ', 'XVOGO', 'KSGPB', 'MLWLT', 'PPAYR', 'NLPHM', 'JMPSL', 'XDBSH']
['VISUM', 'QFZCO', 'QYCKH', 'KZBFF', 'FWTXB', 'MQWLN', 'RVMXY', 'QZGLO', 'QXETJ', 'HZGVK', 'BXGFY', 'FIBZD']
['NCWPX', 'WHBFR', 'DBPXU', 'ROVKN', 'MCXWP', 'RSFHX', 'ABAQL', 'UPNVV', 'VZNGS', 'ELBRQ', 'JLETC', 'ENWEC', 'BBIGY', 'PSMNV', 'FMMZU', 'PQYKQ', 'TLKIE', 'DREMQ', 'PDSZU', 'GJYBX', 'VBXTL', 'JPWDA']
['NRRFB', 'TDICM', 'MSZXR', 'WNGHY', 'UDFVU', 'QUGAX', 'NLQWV', 'PHXOS', 'GNDQJ', 'VLXZD', 'VWLQP', 'VNNEP', 'LYFLA', 'QJRDV', 'RLKNU', 'VGWZF', 'AXIHL', 'CASYZ', 'KDMQW', 'XOUQM', 'SEVGN']
['VXNNV', 'SEJRA', 'TPIXY', 'SPROB', 'FRVNO', 'VZFUK', 'POXWS', 'NMWYK', 'JRNKY', 'VKHOX', 'BVKPC']
