['84', '251', '437']
['229', '268']
['244', '275']
['95', '104', '132', '290']
['366']
[]
['121', '151']
['71', '112', '193', '397']
['21']
[]
[]
['202']
['52', '54', '256', '263']
['245']
['395']
['220', '423']
['100', '216', '376', '413']
['307']
['122', '159', '203', '293', '317', '388']
['29', '128', '265']
['64', '185', '247', '343']
[]
['4']
['152']
['133', '167', '328']
['248']
['43', '224']
['225', '444', '446']
['97', '214']
['42', '88', '364']
['83', '295', '430']
['90', '381']
['28', '302']
['149', '365']
['311']
['250']
['387']
['204']
['23', '200', '236']
['288']
['31', '189']
['46', '82', '170', '243', '378', '438']
['99', '264']
['89', '106']
['434']
['208']
['332']
[]
['85', '127', '136', '177']
['233']
['382']
['213', '301', '431']
[]
['356', '420']
['70', '414']
['320', '327']
['101', '103', '176', '383']
['7', '145', '392']
['156', '199']
['86', '108', '358', '445']
['218', '241']
[]
['61', '344', '353', '439']
['164', '419']
['191', '374']
['25', '107', '254', '273']
['18', '230']
['11', '57', '178', '195', '221', '390']
['81', '150']
['63', '66', '188']
[]
[]
['269', '372']
[]
['92', '262']
['258', '375']
['16']
['22', '240', '433']
['62', '373', '432']
['289']
['77', '354']
['137', '357']
[]
['310']
['58', '65', '114', '308']
[]
['416', '443']
['271', '314', '367']
['73']
['24']
['355']
['207', '359', '368']
['286']
['182', '342']
['17', '135']
['380']
['53']
['291', '321', '340']
['255', '409']
['153']
['181', '282']
['3', '130']
[]
['162', '305']
['238']
['13', '139', '175', '324', '436']
['287', '370', '385']
[]
['1']
[]
[]
['116', '323']
['91']
['38', '134', '313', '408']
['113']
['87', '228']
['428']
[]
['44', '211', '362']
['237', '334', '361']
['261', '296', '309', '329']
['74', '146', '274']
['249', '294']
['75', '217', '333', '442']
['19', '154', '279', '284']
['45', '49', '56', '60']
['47', '174', '219', '371']
['35']
['2', '349']
[]
['186', '299', '398']
['12']
['129', '206']
['78', '117', '235', '297']
['141', '144', '285']
['27', '253']
['39', '166', '205', '252', '303', '425']
['124']
['33', '183', '192', '417']
['20', '76', '330', '351']
[]
['157', '377']
['194', '326']
[]
['15', '280', '346']
[]
['143', '187', '312', '394']
['142', '190', '212']
['418']
[]
['40']
['169', '180']
[]
['67']
['36', '260', '298']
[]
['246', '281', '339']
['227', '316']
['32', '59', '120']
['277']
['163']
['257', '276', '347', '393', '424']
['239']
['79']
['80', '386']
[]
['435']
['184', '201', '406']
['105', '426']
['198', '223', '231', '352']
['125', '259', '422']
['110', '407', '421']
['363', '400']
['158']
['172']
['41', '331', '360']
[]
['441']
['6', '30', '336', '384', '427']
['51']
['69', '272', '318', '345', '389']
['196', '210']
['123']
[]
['350', '369', '391']
['9', '102', '173', '242', '306']
['68', '111', '155', '278', '335']
['72', '138', '197']
['48', '232', '403']
['14']
['222', '379']
['171']
['5', '402']
['55']
['315']
['98']
['322', '401', '404']
[]
['26', '337']
[]
['147', '168', '300']
['266', '283']
['348']
[]
['96']
['341']
['34', '118', '160']
['10', '93', '119', '234']
[]
['8', '37', '148']
['50']
['319', '325', '396', '415']
[]
['94', '429']
['109', '209']
['161', '267']
['126', '226']
['115', '179', '304', '338', '411', '440']
['131', '412']
['140', '405']
['165', '270', '292']
[]
['215']
['399', '410']
