['37', '253', '263', '246', '490', '493', '293']
['497', '385', '40', '474', '70', '425', '452']
['316', '128', '13', '496', '265', '465', '125']
['344', '209', '336', '235', '103', '406', '59']
['303', '371', '395', '460', '138', '153', '112']
['292', '453', '343', '314', '224', '451', '327']
['334', '208', '381', '23', '409', '418', '347']
['16', '439', '333', '20', '355', '96', '438']
['270', '115', '498', '396', '408', '7', '42']
['348', '143', '189', '145', '147', '275', '156']
['379', '2', '393', '456', '172', '137', '310']
['169', '475', '349', '36', '127', '328', '66']
['225', '473', '414', '267', '485', '444', '476']
['76', '467', '300', '399', '329', '21', '72']
['295', '436', '211', '419', '151', '78', '345']
['223', '25', '261', '173', '422', '171', '180']
['401', '403', '79', '136', '397', '4', '402']
['282', '185', '119', '413', '203', '101', '131']
['312', '289', '323', '495', '14', '227', '313']
['194', '440', '230', '217', '146', '249', '301']
['86', '255', '210', '45', '197', '416', '259']
['324', '470', '320', '95', '286', '49', '200']
['472', '51', '264', '228', '160', '158', '58']
['166', '429', '449', '222', '202', '0', '154']
['213', '407', '420', '294', '423', '205', '83']
['462', '155', '90', '360', '260', '121', '354']
['424', '463', '404', '188', '84', '18', '304']
['141', '175', '427', '484', '126', '487', '384']
['478', '61', '445', '226', '461', '15']
['367', '368', '22', '10']
['388', '435']
['278', '433', '39', '9', '358', '366']
['47', '428', '266']
['218', '315', '391', '356']
['441', '6', '152', '321', '239']
['256', '233', '288', '71', '421']
['178', '236', '359', '221', '250', '372']
['212', '443', '11', '181', '3', '34']
['410', '67', '489', '30', '434', '309']
['92', '377', '135', '469']
['364', '102', '149']
['426', '432', '415', '380']
['199', '411', '483']
['271', '201', '291', '471', '455']
['43', '468', '216', '204', '88', '464']
['306', '187', '339']
['46', '118', '5', '417']
['140', '499', '237', '130']
['442', '437', '170', '330']
['245', '446']
['394', '492', '183', '405']
['400', '290', '240', '450', '161']
['29', '98', '64', '317', '486', '273']
['105', '231', '50', '77', '75', '89']
['94', '466', '305', '133']
['97', '457', '229', '163', '32']
['374', '81', '280', '398', '353', '87']
['332', '12', '232']
['33', '488', '148', '340', '215']
['142', '281', '447']
['107', '458', '220', '335']
['164', '65', '134', '60', '129', '168']
['113', '193', '369']
['352', '109', '389', '448', '73']
['68', '214', '284']
['120', '479', '430', '234']
['139', '116', '375', '63']
['277', '283', '184']
['311', '491', '386', '296', '17', '257']
['117', '82', '331', '85', '370', '454']
['182', '48', '337']
['494', '104', '373']
['122']
['19', '341', '190', '93', '383']
['351', '192']
['308', '57', '206', '279', '99', '378']
['53', '165', '174']
['26', '1', '248', '287', '243', '338']
['54', '365']
['35', '56', '80']
['238', '196', '100', '346', '44', '322']
['350', '123', '274', '27', '106', '276']
['326', '31']
['285', '269', '431', '362', '392', '390']
['177', '363', '318', '376']
['298', '132', '319', '247']
['262', '480', '357', '387']
['241', '167', '242', '157', '481']
['258', '108', '297']
['325', '150', '62']
['41', '74', '302', '91']
['110', '69', '124', '342', '195']
['361', '24']
['251', '111', '254', '412', '162']
['459', '144', '244', '299', '252', '8']
['219', '268', '186', '191']
['207', '55', '176']
['179', '159']
['198', '477', '38', '272', '114', '482']
['52', '382', '307', '28']
