['6', '58', '76', '231', '252', '67', '109', '201', '219']
['125', '177', '178', '206', '266', '275', '318', '319', '286']
['66', '91', '159', '193', '213', '222', '196', '301', '18']
['30', '78', '99', '104', '105', '245', '296', '21', '273']
['216', '261', '324', '34', '154', '174', '12', '127', '87']
['4', '120', '122', '260', '241', '314', '64', '166', '101']
['55', '88', '223', '322', '1', '59', '254', '256', '185']
['46', '48', '89', '141', '279', '83', '108', '242', '50']
['15', '271', '111', '150', '65', '90']
['173', '209', '232', '169', '276']
['103', '179', '290', '309', '325', '205']
['47', '207', '304', '327', '2', '133']
['39', '29', '224', '96']
['24', '114', '215', '281', '129', '74']
['284', '326', '118', '234', '142']
['239', '63', '117', '302']
['289', '72']
['204', '145', '156']
['244', '270', '293']
['16', '60', '190', '198', '13']
['5', '119', '121', '132', '164', '243', '33', '110']
['0', '41', '107']
['49', '161', '268']
['56', '191', '212', '263', '135', '218', '68', '77']
['238', '316', '211', '258', '149']
['20', '230', '283', '315']
['70', '170', '299', '321', '82']
['130', '137', '155', '176', '202', '265', '73']
['123', '32', '139', '253']
['37', '197', '19', '100', '221', '38']
['124', '188', '220', '294']
['182', '192', '269', '277', '61', '282']
['184', '250', '199']
['102', '146', '208', '210', '312', '144', '134']
['3', '54', '84', '128', '160', '292']
['240', '94', '112', '295', '306']
['131', '165', '31', '52', '180', '187', '274', '167']
['53', '126']
['151']
['278', '287', '14', '62', '249']
['262', '264', '51', '246', '98']
['36', '200', '186', '42', '80', '69', '267']
['93', '300', '27']
['97', '195', '214', '248', '17', '235']
['227', '237', '307', '259']
['8', '75', '236', '311', '9', '26']
['57', '86', '136', '148', '171', '81']
['44', '175', '310', '233']
['28', '92', '172', '288', '181', '45', '194']
['168', '229', '11']
['7', '203', '217', '257', '79', '305', '225']
['43', '106', '85', '255']
['163', '280', '291', '247', '40', '157']
['95', '138', '143', '251', '116', '226']
['153', '228', '308', '25']
['147', '152', '183', '323', '162', '297', '317', '22']
['298', '113', '71']
['10', '303', '313', '320', '23', '285', '140', '272']
['115', '158', '189', '35']
