['51', '61', '134', '252', '275', '304', '306', '347', '371', '488', '495']
['38', '94', '96', '200', '234', '283', '310', '333', '369', '382', '453', '462']
['37', '116', '248', '259', '277', '370', '491']
['5', '8', '50', '270', '273', '303', '357']
['10', '41', '67', '72', '173', '269', '280', '344', '374', '476']
['1', '89', '145', '159', '198', '201', '300', '312', '337', '339', '345', '364', '455', '464', '489']
['75', '111', '118', '149', '213', '241', '245', '484']
['28', '70', '130', '148', '175', '335', '359', '383', '456', '469']
['139', '362', '409', '446', '472', '473']
['80', '165', '168', '170', '218', '323', '377', '396', '415', '436', '467']
['23', '112', '144', '216', '228', '301', '356', '397', '399', '441', '460', '490']
['29', '167', '207', '293', '328', '430', '461', '498']
['12', '91', '108', '171', '246', '305', '317', '407']
['110', '120', '122', '131', '135', '195', '227', '258', '311', '433', '470', '482']
['0', '13', '20', '42', '59', '73', '127', '158', '217', '316', '459', '496']
['4', '52', '64', '85', '97', '107', '119', '186', '206', '226', '320', '404', '445', '458']
['11', '105', '210', '239', '282', '302', '361', '372', '378', '434', '447', '451', '478']
['46', '65', '106', '123', '164', '172', '204', '260', '309', '343']
['18', '92', '188', '192', '236', '240', '267', '286', '375', '400', '449', '477']
['31', '34', '83', '98', '187', '208', '233', '247', '388', '401']
['7', '132', '146', '191', '222', '325', '366', '410', '419', '432', '438', '450', '479']
['56', '88', '100', '202', '212', '272', '288', '297', '373', '448']
['17', '82', '93', '169', '182', '215', '278', '299', '390']
['25', '76', '113', '117', '319', '355', '387', '391', '398', '435', '471']
['103', '142', '199', '326']
['30', '58', '99', '153', '177', '358', '363', '463']
['230', '292', '313', '336', '439']
['126', '157', '330', '352', '381', '408', '444', '454']
['36', '115', '235', '268', '276', '350', '384', '403', '481']
['53', '60', '69', '189', '315', '331', '406', '442']
['16', '74', '190', '279', '322', '324']
['22', '24', '49', '101', '147', '194', '197', '242', '243', '264', '392', '416', '437', '492']
['43', '160', '178', '185', '318', '351', '483']
['57', '87', '95', '141', '183', '237', '262', '346', '379', '412']
['193', '209', '211', '308', '414', '422']
['62', '78', '150', '155', '257', '263', '332', '340', '427', '452']
['35', '161', '295', '354', '380', '405']
['26', '151', '238', '290', '314', '348', '368']
['71', '156', '385', '418']
['102', '143', '174', '196', '219', '255', '402', '457', '465', '499']
['32', '33', '133', '154', '180', '221', '365', '431', '474', '493']
['39', '55', '81', '114', '125', '214', '251', '265', '393', '411', '413']
['19', '44', '63', '68', '176', '203', '205', '232', '274', '281', '298', '307', '423', '425', '443', '485']
['6', '90', '104', '128', '181', '349', '367', '480']
['2', '21', '45', '79', '86', '109', '121', '137', '225', '229', '231', '249', '289', '294', '421', '494']
['66', '250', '329', '334', '341', '420', '468', '497']
['9', '54', '84', '138', '152', '224', '261', '287', '342', '429', '487']
['3', '40', '162', '166', '184', '253', '254', '256', '266', '360', '389', '486']
['14', '48', '77', '163', '223', '271', '285', '417', '424', '475']
['15', '124', '136', '140', '179', '220', '244', '284', '296', '321', '353', '386', '394', '395', '428', '466']
['27', '47', '129', '291', '327', '338', '376', '426', '440']
