['Joed', 'Sumer', 'Akeyla', 'Sigsmond', 'Tarkany', 'Augustina', 'Danuloff', 'Doroteya', 'Leod', 'Vaish', 'Coh', 'Gombosi', 'Gerianne', 'Stearns', 'Odin', 'Renick', 'Winer', 'Ferro', 'Lotus', 'Lindell', 'Noyes', 'Verras', 'Ludovico', 'Carter', 'Foulk', 'Ng', 'Nari', 'Grochow', 'Wunder', 'Plantagenet', 'Midian', 'Pontius', 'Paulita']
['Lacy', 'Agosto', 'Celestyn', 'Galligan', 'Hardej', 'Ruyle', 'Ashling', 'Hanway', 'Livingston', 'Utica', 'Kudva', 'Moyers', 'Saudra', 'Kile', 'Kimon', 'Lenes', 'Lunetta', 'Fillender', 'Kronick', 'Gibun', 'Leiser', 'Adriane']
['Selma', 'Yim', 'Vesta', 'Marijn', 'Maye', 'Stephenson', 'Griffin', 'Charin', 'Rani', 'Gunn', 'Felise', 'Haldane', 'Ragland', 'Volkan', 'Shea', 'McIntosh', 'Felicie', 'Meras', 'Raul']
['Anuska', 'Everick', 'Bran', 'Minier', 'Hamlin', 'Pinto', 'Elihu', 'Rodolphe', 'Lauree', 'Chemush', 'Worlock', 'Bruns', 'Proudfoot', 'Neille', 'Brittnee', 'Ursola', 'Crean', 'Bello', 'Rik', 'Shelbi', 'Vikky', 'Binette', 'Hudis', 'Dott', 'Minda', 'Alvinia', 'Jimmy', 'Fokos', 'Darrow', 'Erlewine', 'Druce', 'Holms', 'Mackenzie', 'Margeaux']
['Bhayani', 'Yerxa', 'Mikol', 'Dietrich', 'Flieger', 'Corkhill', 'Balling', 'Velda', 'Ratcliffe', 'Dumas', 'Ebneter', 'Barby', 'Ammadis', 'Janaya', 'Evangeline', 'Vonni', 'Bounds', 'Halimeda', 'Summons', 'Schnabel', 'Cristiona', 'Emelita', 'Nath', 'Australia', 'Oakes', 'Hermon', 'Ted', 'Blasius', 'McCullough', 'Meingolda', 'Melburn', 'Durante', 'Uzzia']
['Rhonda', 'Cicely', 'Dotson', 'Safire', 'Eleni', 'Jessalin', 'Uta', 'Ursi', 'Fabrice', 'Hook', 'Sinnard', 'Arianna', 'Nisse', 'Billy', 'Shepp', 'Girovard', 'Fredkin', 'Oscar', 'Higgs', 'Raynor', 'Lyle', 'Derinna', 'Ubana', 'Behlau']
['Latimer', 'Tennes', 'Beaver', 'Mauchi', 'Knute', 'Hannover', 'Buxton', 'Darsie', 'Fruin', 'Melda', 'Javler', 'Sosanna', 'Fausta', 'Nessy', 'Maude', 'Kassi', 'Cristoforo', 'Jeniece', 'Marijo', 'Hako', 'Larry', 'Malo', 'Polish', 'Janenna', 'Saxen', 'Ebba', 'Willetta', 'Derril', 'Fast']
['Tine', 'Zobe', 'Thorman', 'Ginzburg', 'Formenti', 'Genie', 'Clea', 'Lynnelle', 'Matthaeus', 'Cyd', 'Hayyim', 'Cutty', 'Les', 'Favian', 'Shannah', 'Blondell', 'Weirick', 'Feinstein', 'Atkins', 'Dearman', 'Groos', 'Karie', 'Fadiman', 'Auroora']
['Klute', 'Lombardi', 'Tavy', 'Berneta', 'Dela', 'Jori', 'Robbin', 'Eilis', 'Hotze', 'Brazee', 'Nanette', 'Fairfax', 'Jestude', 'Nannette', 'Debera', 'Reste', 'Virginia', 'Biggs', 'Adolphus', 'Costin', 'Neveda', 'Eldwen', 'Willis', 'Ace']
['Padget', 'Chae', 'Kinzer', 'Gowrie', 'Melisa', 'Winebaum', 'Matthew', 'Chancellor', 'Tay', 'Lawler', 'Jillana', 'Hett', 'Dowlen', 'Milore', 'Grath', 'Coumas', 'Pappas', 'Elmira', 'Jobyna', 'Sachi', 'Saylor', 'Catherin', 'Koetke']
['Woodhead', 'Kerianne', 'Ber', 'Deni', 'Salomi', 'Tillford', 'Ashford', 'Hong', 'Davidde', 'Antonino', 'Jenkel', 'Benilda', 'McKinney', 'Sheeran', 'Perloff', 'Scherman', 'Converse', 'Chaddie', 'Ultun', 'Desi', 'Questa', 'Harmony', 'Dare', 'Lynett', 'Mathur', 'Kylah', 'Astto', 'McClimans']
['Cerracchio', 'Hakim', 'Monahan', 'Cavallaro', 'Swanhilda', 'Nestor', 'Busey', 'Wight', 'Barnett', 'Nafis', 'Cataldo', 'Osrick', 'Ardys', 'Newton', 'Wing', 'Lamb', 'Utas', 'Uchida', 'Cheria', 'Montagna', 'Morville']
['Shanly', 'Smukler', 'Gillian', 'Cardwell', 'Roanna', 'Yarvis', 'Henrique', 'Prince', 'Turrell', 'Holofernes', 'Wistrup', 'Clere', 'Balliett', 'Leanna', 'Puklich', 'Rocray', 'Placido', 'Harriet', 'Glenn', 'Quitt', 'Gloriana', 'Fitz', 'Epstein', 'Dulcea']
['Burkhart', 'Risteau', 'Caines', 'Bevon', 'Hittel', 'Farro', 'Eudocia', 'Merth', 'Buckler', 'Merola', 'Pippo', 'Arel', 'Tuttle', 'Larson', 'Colly', 'Eno', 'Lon', 'Holton', 'Pryce', 'Janerich', 'Jehiel', 'Danais', 'Groh', 'Shelby', 'Tonya', 'Kerwon']
['Letta', 'Serafine', 'Maribel', 'Harland', 'Emmer', 'Holey', 'Masterson', 'Krystalle', 'Toh', 'Bernj', 'Halstead', 'Candyce', 'Japeth', 'Ches', 'Rue', 'Sandstrom', 'Bluhm', 'Ferullo']
['Bui', 'Beebe', 'Micheal', 'Hillel', 'Lenhart', 'Griswold', 'Acacia', 'Hankins', 'Donn', 'Marina', 'Woo', 'Dedric', 'Basso', 'Sievert', 'Carlick', 'Damon', 'Lux', 'Till', 'Karon']
['Ardehs', 'Hatch', 'Antonetta', 'Elburr', 'Mokas', 'Elberta', 'Faunia', 'Earlene', 'Udell', 'Saville', 'Tessy', 'Mansoor', 'Danna', 'Cloots', 'Watson', 'Manaker', 'Lou', 'Dimitry', 'Hawger', 'Yasu', 'Lentha', 'Ruhnke', 'Cal', 'Enid', 'Demetria', 'Ainslee', 'Danita']
['Zelma', 'McCoy', 'Tiphane', 'Avril', 'Moonier', 'Girardo', 'Berner', 'Ashman', 'Katzir', 'Cherry', 'Nicolis', 'Myrvyn', 'Birck', 'Hillegass', 'Prebo', 'Baldridge', 'Klapp', 'Norean', 'Dole', 'Alf', 'Fidelio', 'Ciapas', 'Barsky', 'Edrick', 'Flo', 'Clovah', 'Tutankhamen', 'Crompton', 'Adaurd', 'Clymer', 'Rooke', 'Fifine', 'Kanya', 'Wendye']
['Firman', 'Kaufmann', 'Flemming', 'Zandt', 'Lamson', 'Won', 'Starinsky', 'Schreck', 'Delinda', 'Gwenette', 'Mitchiner', 'Love', 'Dett', 'Vevay', 'Freddy']
['Grimona', 'Delila', 'Sandeep', 'Jason', 'Hadleigh', 'Marilou', 'Carrillo', 'Ottinger', 'Aviv', 'Karlise', 'Franek', 'Emelia', 'Jenness', 'Nance', 'Tristam', 'Mushro', 'Balcer', 'Jorgenson', 'Neva', 'Towne', 'Rombert', 'Florentia', 'Lorilyn']
