['431', '92', '238', '320', '299', '407', '421', '585', '430', '441', '195', '184', '335', '114', '375', '279', '469', '145', '251', '303', '479', '192']
['265', '398', '149', '21', '189', '275', '376', '523', '358', '7', '54', '440', '449', '128', '135', '486', '85', '334', '190', '31']
['109', '117', '515', '206', '176', '442', '631', '491', '592', '210', '359', '534', '329', '153', '410', '638', '611', '38', '447', '290', '2', '540', '225', '69', '66', '501', '368', '87', '205', '364', '412', '71', '191', '448', '199']
['520', '451', '395', '259', '173', '294', '53', '401', '239', '30', '232', '397', '262', '418', '237', '40', '627', '621', '332', '610', '37', '490', '509', '157', '500', '143', '604', '141', '389', '60', '338', '347']
['519', '167', '197', '124', '284', '148', '560', '17', '392', '637', '103', '242', '495', '55', '219', '271', '212', '615', '367', '402', '381', '496', '203', '605', '151', '626', '45', '514', '211']
['423', '165', '240', '10', '137', '607', '34', '385', '550', '380', '559', '481', '51', '309', '494', '454', '477', '44', '35', '266', '411', '591']
['471', '545', '220', '245', '47', '249', '252', '492', '535', '217', '391', '428', '633', '286', '283', '207', '348', '15', '634', '152', '581', '432', '639', '472', '326', '215']
['77', '12', '493', '371', '223', '322', '305', '63', '577', '482', '281', '302', '134', '20', '517', '41', '292', '68', '256', '445', '529', '619', '414', '168', '459', '171', '388', '214', '3']
['32', '182', '186', '250', '258', '513', '612', '229', '227', '554', '289', '578', '310', '99', '541', '57', '8', '261', '346', '231', '33', '224', '208', '19', '527', '613', '288']
['579', '478', '372', '394', '27', '450', '343', '504', '118', '526', '95', '122', '110', '370', '355', '620', '466', '202', '400', '512', '328', '446', '422', '89', '132', '374', '272', '562', '172', '298', '549', '580', '106']
['121', '353', '201', '528', '29', '366', '543', '146', '632', '248', '522', '438', '111', '568', '427', '475', '593', '144', '25', '583', '546', '379', '4', '622', '319']
['155', '285', '437', '434', '183', '404', '530', '602', '603', '83', '14', '584', '126', '390', '93', '564', '384', '81', '314', '420', '75', '133', '185', '533', '200', '96', '257', '18', '590']
['318', '277', '497', '598', '508', '273', '415', '255', '276', '424', '341', '91', '9', '363', '378', '525', '425', '587', '342', '351', '174', '553', '596', '161', '625', '470']
['65', '58', '301', '236', '547', '406', '396', '337', '221', '108', '408', '498', '11', '204', '617', '538', '230', '426', '488', '435', '323', '278', '127', '331', '640', '361']
['196', '312', '311', '226', '247', '139', '316', '429', '234', '571', '461', '59', '474', '399', '120', '308', '354', '193', '270', '544']
['439', '532', '387', '88', '324', '443', '419', '362', '28', '282', '291', '235', '473', '156', '499', '267', '76', '62', '74', '295', '476', '548', '293', '566', '86', '307', '574', '269', '333', '105', '138', '628', '460', '142', '102', '209', '179', '23']
['317', '280', '315', '243', '177', '616', '304', '594', '505', '452', '22', '306', '349', '98', '158', '485', '119', '569', '558', '589', '563', '274', '403']
['336', '511', '181', '416', '586', '150', '24', '180', '641', '125', '606', '67', '321', '487', '112', '297', '383', '52', '345', '16', '557', '213', '600', '643', '582']
['162', '0', '39', '100', '166', '339', '43', '246', '313', '503', '79', '116', '254', '521', '444', '567']
['464', '1', '572', '46', '5', '356', '599', '350', '198', '175', '644', '327', '457', '377', '115', '159', '94', '187', '154', '576', '506', '575', '178', '140', '502', '296', '595', '467', '260', '49', '636', '507']
['433', '462', '222', '64', '629', '588', '382', '194', '463', '539', '101', '624', '97', '216', '565', '169', '542', '136', '570', '373', '90', '131']
['365', '78', '573', '386', '413', '340', '510', '72', '42', '344', '300', '13', '635', '623', '561', '608', '287', '436', '465', '48', '352', '551', '104', '188', '123', '468', '405', '6', '253', '537', '489', '56', '264', '241', '556']
['268', '555', '228', '458', '80', '618', '233', '170', '26', '129', '82', '369', '70', '160', '552', '518', '130', '630', '531', '147', '645', '409', '73', '524', '84', '453', '357', '50', '330']
['516', '609', '417', '642', '325', '536', '218', '393', '480', '263', '455', '614', '164', '36', '244', '163']
['597', '113', '107', '360', '456', '61', '484', '483', '601']
