['932', '161', '513', '40', '86', '446', '221', '107', '868', '931', '216', '194', '21', '856', '628', '454', '144', '906', '301', '522', '930', '8', '592', '292', '283', '827', '134', '178', '748', '650', '314', '732']
['611', '395', '636', '146', '916', '110', '213', '281', '763', '484', '823', '878', '752', '935', '37', '825', '141', '963', '829']
['713', '599', '618', '324', '515', '359', '697', '474', '506', '682', '783', '167', '548', '826', '452', '465', '83']
['954', '117', '559', '168', '139', '401', '841', '905', '328', '215', '724', '588', '747', '978', '174', '312', '203', '66', '451', '526', '937', '727', '112', '343', '881']
['226', '617', '462', '371', '668', '643', '201', '109', '908', '404', '193', '20', '302', '966', '415', '270', '638', '594', '229', '327', '438', '880', '310', '479', '266', '305', '300', '667', '147', '743', '795', '492', '655']
['661', '917', '567', '162', '28', '649', '799', '862', '496', '631', '953', '893', '843', '523', '596', '652', '25', '543', '85', '433', '678', '563']
['664', '33', '848', '866', '691', '254', '900', '398', '871', '897', '472', '399', '222', '425', '711', '830', '223', '276', '952', '426', '861', '812', '289', '247', '504', '77', '218', '949']
['703', '501', '685', '44', '986', '128', '894', '640', '316', '863', '641', '558', '1', '913', '476', '938', '470', '800', '510', '261', '508', '118', '740', '960', '788', '890']
['873', '635', '473', '367', '720', '475', '423', '712', '336', '950', '766', '411', '322', '157', '142']
['126', '482', '249', '29', '436', '54', '901', '330', '819', '189', '320', '349', '89', '575', '987', '684', '403', '362', '353', '854', '647', '43', '393', '228', '892', '150', '325', '544', '459']
['131', '84', '71', '132', '984', '183', '135', '495', '891', '448', '780', '384', '377', '173', '719', '686', '600']
['888', '22', '948', '539', '323', '469', '527', '723', '540', '639', '903', '171', '590', '372', '733', '608', '656', '220', '449', '34', '184', '759', '775', '604', '929', '623', '199', '983', '833']
['154', '439', '298', '329', '286', '413', '125', '421', '434', '806', '615', '488', '945', '738', '807', '601', '419', '591', '859', '57', '82', '391', '968', '453', '665', '803', '695', '407', '673', '260', '458']
['704', '351', '39', '445', '772', '379', '273', '124', '726', '683', '887', '610', '946', '258']
['99', '850', '660', '994', '115', '741', '487', '74', '13', '653', '509', '813', '552', '570', '771', '499', '898', '319', '294', '815', '138', '368', '257', '853', '206', '739', '196', '557', '65']
['516', '672', '345', '14', '397', '839', '785', '282', '757', '547', '511', '637', '855', '959', '518', '663', '385', '907', '6', '944', '809', '517', '392', '177']
['180', '130', '380', '30', '46', '271', '340', '582', '175', '265', '877', '275', '104', '541', '337', '306', '466', '424', '754', '354', '295', '977', '722', '500', '884']
['583', '26', '731', '409', '746', '521', '408', '486', '503', '993', '808', '498', '975', '467', '561', '114', '818', '170', '480', '925', '50', '113', '246', '810', '76', '464']
['690', '315', '824', '187', '786', '811', '858', '651', '382', '274', '654', '926', '188', '17', '224', '386', '344', '970', '59', '883', '677', '111', '680', '928', '992', '79', '874', '519', '955', '606', '250', '195', '940', '789']
['231', '210', '761', '613', '538', '589', '7', '61', '483', '2', '269', '410', '542', '440', '716', '121', '706', '455', '334', '505', '356', '450', '645', '936', '621', '290', '318', '524', '432']
['768', '857', '387', '688', '191', '773', '456', '42', '869', '431', '49', '904', '554', '624', '870', '350', '648', '942', '287', '364', '400', '979', '924', '794', '782', '532', '840', '288', '477']
['796', '735', '361', '798', '365', '737', '632', '91', '872', '267', '143', '572', '422', '313', '875', '679', '129', '60', '471', '56', '838', '4', '971', '972', '698', '999', '240']
['574', '831', '967', '145', '390', '101', '234', '437', '214', '568', '430', '675', '846', '164', '133', '47', '549', '619', '981', '277', '444', '81', '412', '602', '427', '879', '801']
['68', '915', '802', '212', '92', '232', '262', '644', '200', '708', '103', '0', '94', '909', '920', '776', '745', '633', '514', '405', '497', '817', '370', '657']
['921', '973', '18', '995', '700', '844', '58', '120', '307', '116', '753', '230', '418', '347', '163', '90', '627', '910', '885', '676']
['197', '536', '153', '73', '577', '95', '55', '980', '355', '332', '578', '10', '75', '127', '696', '969', '603', '556', '420', '837', '12', '489', '529', '123', '896', '394', '363', '989', '45', '242', '148', '208', '692']
['764', '957', '360', '822', '976', '373', '749', '69', '435', '235', '278', '964', '280', '304', '299', '902', '311', '297', '176', '227']
['659', '417', '24', '943', '285', '272', '791', '253', '734', '19', '828', '374', '23', '797', '767', '560', '381', '402', '587']
['710', '911', '709', '751', '326', '51', '342', '565', '670', '428', '707', '851', '609', '93', '317', '842', '108', '714', '919', '579', '553', '958', '535', '699', '681']
['886', '358', '375', '16', '237', '366', '383', '965', '259', '256', '770', '78', '918', '32', '852', '202', '847', '152', '255', '715', '136']
['814', '160', '137', '762', '705', '309', '997', '939', '662', '528', '533', '576', '792', '914', '447', '63', '268', '333', '321']
['616', '88', '96', '490', '233', '674', '805', '238', '331', '507', '207', '626', '951', '198', '100', '181', '264', '478', '934', '580', '460']
['376', '252', '629', '998', '642', '947', '836', '816', '481', '35', '245', '352', '98', '72', '485', '158', '217', '106', '634', '725', '468', '876']
['243', '550', '956', '598', '566', '694', '52', '149', '463', '820', '717', '211', '205', '821', '346', '406', '102', '204', '614', '765', '607', '225', '625', '166', '729', '581', '620', '179', '441', '156', '781']
['263', '895', '996', '991', '744', '185', '962', '105', '53', '755', '865', '721', '457', '357', '990', '923', '985', '9', '927', '793', '38', '389', '494', '293', '750', '5', '595', '974', '845', '941', '3']
['756', '493', '982', '97', '612', '369', '339', '605', '701', '87', '742', '186', '564', '555', '889', '335', '190', '248', '122', '832', '31', '584', '36', '669', '573', '922', '562', '933', '534']
['864', '348', '787', '151', '658', '702', '804', '593', '338', '545', '537', '388', '241', '251', '671', '546', '512', '491', '169', '899', '308']
['461', '849', '779', '172', '291', '774', '760', '530', '784', '219', '244', '414', '182', '912', '192', '502', '279', '443', '341', '159', '769', '630', '303', '571', '520', '758', '777', '860', '569', '687']
['27', '867', '296', '551', '730', '622', '689', '790', '586', '429', '882', '119', '416', '585', '666', '988', '728', '525', '11', '442', '165']
['236', '835', '64', '736', '48', '396', '239', '778', '718', '80', '646', '62', '531', '284', '15', '41', '597', '693', '140', '834', '155', '209', '378', '961', '67', '70']
