['524', '896', '760', '419', '479', '112', '18', '32', '519', '95', '691', '348', '942', '465', '255', '828', '244', '635', '147', '198', '544', '431', '656', '61', '387', '816', '430', '406', '684', '944', '71', '45', '792', '287', '249', '950', '28', '928', '637', '394']
['785', '670', '832', '649', '320', '846', '594', '266', '781', '97', '179', '240', '941', '714', '362', '400', '127', '779', '765', '964', '279', '272', '56', '531', '771', '354', '693', '473', '847', '156', '936', '879', '939', '729', '87', '747', '113', '881', '331', '396']
['482', '842', '627', '358', '417', '797', '572', '868', '857', '264', '141', '203', '273', '742', '356', '796', '38', '267', '821', '984', '647', '37', '703', '550', '440', '270', '919', '80', '754', '192', '625', '798', '626', '4', '731', '619', '146', '373', '162', '420']
['265', '533', '602', '204', '72', '317', '475', '787', '283', '583', '885', '973', '454', '125', '374', '517', '219', '721', '243', '184', '876', '158', '269', '165', '794', '277', '166', '121', '30', '188', '278', '782', '455', '401', '372', '496', '459', '143', '906', '206']
['584', '57', '791', '461', '667', '831', '975', '899', '833', '664', '498', '183', '135', '13', '190', '108', '582', '353', '897', '875', '806', '538', '534', '762', '952', '5', '55', '759', '558', '726', '67', '439', '78', '800']
['911', '724', '994', '448', '220', '44', '389', '237', '737', '541', '935', '6', '386', '350', '774', '197', '629', '853', '610', '140', '307', '286', '710', '285', '776', '170', '854', '639', '469', '322', '565', '758', '991', '958']
['341', '437', '598', '813', '988', '586', '927', '452', '360', '566', '949', '578', '103', '19', '492', '343', '357', '540', '60', '611', '414', '259', '909', '76', '131', '674', '391', '257', '689', '453']
['621', '606', '811', '189', '530', '523', '49', '319', '929', '339', '382', '960', '195', '451', '865', '210', '979', '864', '164', '852', '874', '708', '31', '334', '416', '68']
['460', '484', '890', '180', '858', '880', '871', '809', '595', '872', '966', '81', '912', '297', '561', '128', '676', '328', '559', '922', '819', '221', '444', '178', '365', '512', '934', '462', '35', '834']
['133', '385', '859', '822', '349', '860', '910', '704', '151', '546', '837', '905', '487', '398', '608', '122', '666', '812', '397', '770', '308', '494', '761', '567', '2', '214', '435', '85', '15']
['187', '167', '410', '263', '281', '149', '683', '352', '642', '309', '645', '654', '738', '827', '91', '427', '931', '447', '260', '562', '258', '732', '528', '52', '739', '99']
['138', '74', '119', '711', '181', '974', '548', '633', '426', '239', '786', '261', '736', '29', '488', '442', '378', '646', '954', '933', '383', '681', '789', '901', '570', '155', '539', '36']
['948', '472', '403', '945', '923', '699', '390', '696', '434', '824', '588', '820', '377', '925', '799', '592', '552', '152', '405', '706', '303', '536', '296', '866', '470', '564', '84', '793', '655', '618', '370', '483', '17', '90']
['123', '311', '172', '804', '337', '234', '604', '921', '63', '338', '616', '537', '368', '665', '549', '380', '246', '802', '605', '723', '59', '814', '884', '783', '556', '733', '145', '23']
['456', '347', '573', '947', '543', '478', '741', '433', '795', '893', '553', '577', '701', '978', '596', '920', '717', '310', '917', '986', '238', '513', '168', '34', '8', '555', '615', '294', '590', '505', '830', '217']
['205', '514', '680', '274', '999', '607', '916', '314', '199', '129', '245', '280', '241', '392', '705', '415', '169', '335', '212', '298', '344', '849', '695', '106', '9', '342', '93', '486', '376', '593', '551', '660', '617', '753', '467']
['507', '132', '631', '0', '527', '599', '251', '381', '114', '938', '399', '589', '989', '351', '53', '464', '671', '250', '305', '499', '581', '502', '740', '702', '182', '768', '359', '673', '295', '784', '996', '229', '477', '304']
['748', '908', '961', '174', '62', '413', '520', '892', '728', '40', '120', '856', '126', '503', '89', '722', '418', '148', '110', '516', '142', '815', '692', '825', '522', '75', '504', '937', '778', '144']
['111', '423', '481', '987', '614', '571', '450', '313', '963', '930', '70', '914', '48', '248', '678', '375', '7', '878', '579', '495', '202', '641', '137', '968', '554', '371', '587', '985', '757', '1', '869', '997', '697', '542', '953', '224', '485', '489', '907']
['763', '20', '327', '889', '918', '395', '134', '716', '982', '848', '117', '176', '209', '24', '839', '780', '312', '620', '749', '64', '563', '409', '233', '256', '262', '951', '686', '228', '644', '995', '744', '124', '981', '191', '193', '679', '364', '698', '591']
['976', '643', '992', '652', '509', '712', '82', '694', '715', '86', '300', '491', '107', '42', '609', '515', '421', '628', '105', '293', '211', '613', '429', '690', '745', '194', '73', '946']
['624', '638', '547', '201', '69', '841', '623', '292', '526', '898', '506', '807', '743', '115', '518', '468', '299', '730', '861', '851', '669', '227', '271', '803', '687', '902', '333']
['746', '46', '315', '967', '207', '648', '422', '576', '663', '213', '810', '242', '363', '727', '850', '446', '336', '290', '425', '777', '755', '215', '22', '532', '476', '50', '11', '83', '653']
['883', '521', '10', '21', '622', '943', '402', '424', '436', '500', '962', '870', '600', '109', '367', '891', '775', '882', '560', '185', '282', '767', '926', '493', '14', '301', '718', '332', '171', '232']
['268', '511', '51', '225', '345', '159', '993', '196', '632', '956', '79', '855', '329', '222', '766', '223', '302', '321', '216', '27', '139', '955', '230', '474', '808', '903', '346', '677', '276', '823', '218', '601', '805']
['603', '888', '41', '96', '545', '361', '707', '428', '161', '160', '412', '3', '773', '369', '306', '449', '330', '130', '845', '788', '497', '957', '751', '969', '790']
['177', '379', '840', '700', '998', '66', '844', '990', '640', '289', '657', '838', '597', '580', '443', '685', '836', '324', '970', '43', '636', '186', '463', '658', '630', '574', '47', '366', '817']
['88', '756', '441', '877', '432', '612', '153', '725', '253', '33', '818', '355', '895', '904', '411', '208', '92', '843', '894', '102', '408', '585', '284', '529', '977', '404', '501', '769', '98', '323', '801', '915', '438', '101']
['719', '94', '750', '388', '136', '972', '318', '407', '709', '971', '254', '682', '445', '862', '713', '752', '77', '39', '557', '575', '932', '940', '291', '886', '924', '662', '252', '863', '887', '659']
['157', '457', '154', '65', '569', '980', '983', '568', '734', '26', '867', '200', '965', '651', '959', '826', '510', '247', '913', '150', '116', '316', '16', '900', '325', '829', '480', '226', '235', '231', '104', '688', '466', '393', '326', '650', '873', '535', '634']
['236', '12', '675', '288', '661', '772', '458', '490', '672', '163', '764', '175', '471', '835', '384', '525', '508', '100', '25', '58', '275', '340', '54', '173', '668', '720', '735', '118']
