['949', '532', '849', '376', '61', '765', '975', '135', '908', '545']
['770', '242', '464', '954', '445', '393', '894', '220', '212', '555']
['133', '131', '320', '676', '158', '821', '997', '429', '316', '890']
['828', '962', '628', '87', '486', '931', '524', '780', '630', '508']
['217', '621', '130', '907', '94', '515', '43', '340', '671', '883']
['670', '210', '585', '510', '49', '413', '14', '822', '390', '84']
['879', '950', '244', '651', '537', '594', '942', '275', '860', '838']
['502', '952', '590', '368', '816', '29', '48', '221', '693', '476']
['719', '586', '790', '684', '79', '292', '993', '230', '137', '800']
['69', '753', '917', '448', '252', '507', '793', '600', '243', '58']
['582', '897', '97', '251', '110', '75', '269', '305', '804', '357']
['285', '169', '636', '970', '26', '18', '601', '847', '593', '738']
['488', '132', '809', '39', '588', '900', '160', '687', '104', '827']
['310', '960', '751', '136', '675', '478', '604', '830', '930', '808']
['24', '733', '891', '786', '286', '831', '563', '67', '349', '824']
['306', '468', '589', '246', '652', '99', '617', '650', '852', '496']
['504', '434', '380', '33', '940', '903', '4', '240', '728', '156']
['634', '367', '343', '1', '914', '337', '667', '999', '550', '598']
['361', '805', '107', '837', '785', '981', '977', '851', '812', '682']
['734', '798', '520', '546', '350', '549', '187', '278', '501', '168']
['260', '848', '607', '388', '27', '423', '170', '978', '724', '778']
['51', '36', '626', '743', '832', '859', '739', '83', '346', '556']
['68', '709', '8', '723', '60', '223', '560', '811', '826', '627']
['602', '647', '924', '233', '45', '526', '744', '612', '238', '551']
['404', '154', '648', '987', '333', '406', '330', '166', '880', '302']
['569', '382', '365', '959', '5', '760', '396', '178', '637', '649']
['91', '522', '696', '842', '707', '353', '56', '775', '329', '15']
['416', '620', '490', '991', '655', '528', '295', '727', '554', '956']
['378', '344', '939', '363', '829', '341', '163', '572', '872', '799']
['645', '666', '375', '929', '291', '288', '148', '646', '207', '927']
['905', '913', '616', '789', '752', '228', '487', '177', '461', '414']
['850', '774', '359', '467', '179', '280', '215', '629', '615', '844']
['193', '611', '234', '980', '763', '331', '141', '362', '214', '2']
['142', '342', '334', '433', '916', '513', '683', '603', '355', '103']
['356', '494', '309', '877', '973', '172', '876', '241', '861', '766']
['284', '102', '702', '458', '536', '624', '173', '578', '105', '726']
['381', '224', '46', '52', '245', '835', '788', '640', '568', '893']
['113', '466', '127', '216', '998', '196', '425', '185', '92', '737']
['139', '412', '377', '742', '213', '95', '771', '239', '564', '360']
['654', '470', '19', '65', '348', '430', '408', '817', '21', '777']
['712', '732', '257', '57', '108', '120', '226', '853', '668', '783']
['119', '303', '858', '358', '854', '915', '720', '619', '81', '686']
['920', '117', '542', '776', '109', '159', '55', '807']
['592', '298', '481', '270', '438', '815', '559', '203']
['941', '447', '301', '180', '531', '579', '869', '632']
['419', '211', '910', '583', '422', '485', '59', '813']
['701', '279', '410', '945', '174', '755']
['480', '704', '887', '385', '516', '197', '937', '70', '225']
['315', '265', '918', '115', '41', '443', '202', '256', '167']
['76', '80', '371', '129', '435', '989', '352', '871', '985']
['694', '664', '721', '867', '722', '338']
['979', '658', '735', '93', '695', '514']
['192', '558', '958', '965', '622', '595', '299', '182']
['864', '955', '379', '456', '151', '85', '820']
['856', '321', '161', '672', '543', '10']
['511', '972', '312', '710', '268', '483', '713', '12']
['147', '540', '919', '205', '386']
['896', '984', '581', '810', '557', '436', '134', '9']
['597', '801', '465', '756']
['263', '605', '149', '953', '976']
['262', '866', '966', '948', '678', '663', '754', '389', '11']
['218', '128', '473', '229', '34', '986', '665', '610']
['293', '199', '325', '983', '266']
['30', '794', '6', '921', '82', '162', '118', '38', '938']
['479', '189', '772', '124', '304', '902', '474']
['457', '153', '409', '631', '152', '964', '618', '521']
['428', '146', '143', '394', '369', '437', '17', '405']
['188', '708', '677', '951', '311', '994']
['705', '319', '944', '206']
['561']
['463', '411', '495', '552', '98', '254', '659']
['971', '44', '372', '86', '40']
['606', '957', '198', '250', '71', '935']
['450', '633', '845', '491', '88', '936', '339', '505']
['656', '711', '140', '535', '354', '249', '547', '300', '190']
['121', '392', '366', '446', '779', '100', '541', '126', '874']
['351', '933', '424', '574', '796', '395', '967', '857', '90']
['802', '762', '523', '201', '397', '609', '122', '455']
['990', '934', '881', '171', '324', '444', '718']
['698', '925', '806', '0']
['248', '865', '855', '928', '884', '78', '449', '175']
['89', '577', '529', '781', '441', '402', '236', '421', '661']
['803', '258', '150', '264', '28']
['576', '819', '63', '255', '642', '782', '519']
['767', '165']
['13', '35', '669', '697', '599', '791', '982', '114', '947']
['287', '553', '313', '31', '391', '681']
['512', '195', '870', '281', '472', '834', '186']
['741', '530', '836', '62', '584', '327']
['566', '797', '662', '641']
['318', '227', '868', '383', '138', '400']
['399', '489', '259', '527', '873', '969', '462', '716', '587']
['47', '427', '932', '846', '717', '946', '164', '335', '833']
['757', '272', '792', '123', '157']
['660', '839', '731', '517', '689', '974', '571']
['191', '534', '374', '685', '73', '25', '761', '923', '922']
['497', '503', '506', '996', '323', '909', '746', '420']
['912', '968', '317', '403', '544', '533', '460', '111']
['42', '911', '638', '943', '674', '608', '692', '573', '484']
['332', '222', '639', '700', '387', '699']
['418', '439', '276', '307', '787', '625', '570', '237']
['364', '477', '101', '209', '795', '273']
['7', '745', '565', '267', '825', '886', '901']
['898', '72', '181']
['725', '518', '282', '373', '336', '3', '843', '575', '906']
['184', '454', '657', '22', '322', '283', '64', '538', '183']
['253', '878', '690', '643', '500', '453']
['635', '407', '688', '415', '208', '296']
['66', '274', '862', '112', '231', '680', '580']
['289', '328', '596', '401', '290', '889', '961', '750', '37']
['314', '475', '525', '673', '277', '176', '452', '764']
['232', '247', '145', '23', '992', '875', '995', '297', '370']
['50', '730', '16', '384', '308', '882', '235', '431']
['749', '614', '219', '77', '116', '32', '493', '823']
['471', '417', '863', '644', '20', '261', '759', '814', '498']
['539', '653', '892', '613', '482', '442', '294']
['200', '988', '54', '714', '492', '885', '562', '784']
['747']
['74', '155', '888', '432', '679', '106', '715', '758', '204']
['706', '904', '841', '740', '499', '768', '451']
['326', '426', '125']
['144', '736', '926', '895', '703', '963', '469', '194', '773']
['347', '729', '691', '459', '440', '591']
['53', '345', '509', '748', '398', '567', '271', '96', '769']
['840', '818', '899', '548', '623']
