['752', '333', '206', '258', '802', '168', '368', '531', '621', '148', '572', '92', '865', '886', '138', '488', '164', '229', '19', '214', '406', '773', '820', '209', '342', '764', '332', '466', '503', '42', '68']
['434', '223', '542', '153', '52', '576', '743', '768', '521', '855', '376', '657', '626', '129', '34', '407', '307', '96', '427', '284', '733', '403', '221', '839', '78', '874', '109', '522', '421']
['107', '303', '684', '904', '824', '75', '163', '242', '523', '713', '646', '137', '899', '28', '748', '619', '905', '37', '35', '864', '343', '652', '162', '140', '264', '155', '211', '544', '117', '83', '33', '293', '470']
['909', '808', '202', '682', '759', '182', '425', '788', '0', '167', '278', '471', '726', '675', '56', '629', '20', '272', '243', '658', '637', '10', '390', '277']
['400', '861', '532', '702', '423', '514', '276', '146', '363', '174', '12', '765', '845', '157', '281', '821', '644', '826']
['86', '149', '297', '593', '101', '246', '315', '915', '526', '607', '693', '567', '324', '737', '739', '635', '548', '560', '468', '741', '172', '750']
['340', '8', '113', '515', '510', '859', '725', '780', '161', '147', '135', '445', '716', '64', '85', '732', '816', '269', '925', '14', '463', '895', '718', '233', '44', '54', '119', '173']
['381', '707', '690', '585', '686', '924', '91', '512', '367', '151', '649', '616', '128', '296', '442', '745', '150', '717', '469', '893', '414', '391']
['418', '265', '314', '776', '60', '706', '564', '194', '556', '910', '929', '487', '405', '738', '444', '711', '424', '758', '378', '723', '384', '114', '513', '247', '100', '858', '557', '279', '888', '410', '216', '903', '176', '440', '227', '70', '25', '197', '327', '822', '380', '257', '352']
['574', '5', '836', '791', '472', '254', '348', '577', '813', '673', '617', '309', '260', '625', '772', '409', '846', '392', '537', '271', '261', '383', '408', '569', '551', '760']
['805', '219', '659', '803', '301', '467', '596', '429', '452', '158', '334', '72', '677', '215', '815', '804', '881', '446', '97', '790', '779', '566', '99', '449', '430', '82', '847', '919']
['401', '11', '678', '316', '852', '581', '896', '450', '330', '134', '667', '80', '372', '84', '601', '244', '665', '474', '605', '783', '71', '328', '375', '496', '528', '74', '878', '288']
['668', '856', '234', '647', '412', '722', '697', '404', '549', '479', '871', '819', '291', '179', '104', '800', '144', '366', '55', '828', '727', '130', '736', '584', '2', '502', '762', '892', '641', '495', '477', '814']
['843', '294', '345', '493', '178', '918', '46', '630', '190', '142', '676', '103', '516', '188', '252', '562', '795', '337', '145', '38', '413', '18', '65', '529', '484', '701', '204', '877']
['447', '851', '462', '308', '183', '573', '595', '926', '239', '437', '312', '213', '248', '857', '454', '688', '317', '620', '550', '662', '792', '443', '349', '461', '913', '394', '220', '208']
['622', '590', '744', '415', '69', '731', '876', '636', '240', '310', '235', '691', '253', '894', '854', '880', '589', '696', '364', '459', '266', '115', '547', '767', '615', '110', '171', '465', '441', '811', '798']
['27', '398', '283', '853', '781', '169', '789', '245', '379', '362', '534', '353', '832', '837', '553', '875', '355', '125', '32', '263', '47', '841', '217', '536', '483', '210', '373', '631', '388', '628', '884']
['435', '591', '58', '175', '834', '823', '829', '156', '735', '154', '525', '203', '751', '587', '16', '527', '578', '200', '694', '268', '499', '868', '674', '88', '319', '810', '872', '225', '500', '715', '685', '683', '121', '900', '358', '250', '860', '66', '39']
['825', '640', '218', '672', '127', '387', '322', '385', '275', '491', '15', '848', '136', '721', '351', '490', '3', '6', '840', '26', '720', '879', '132', '298', '835', '681', '559', '62']
['497', '270', '561', '475', '318', '632', '923', '862', '724', '575', '323', '485', '799', '249', '131', '300', '867', '638', '579', '305', '448', '784', '476', '295', '655']
['478', '756', '507', '504', '709', '734', '571', '289', '87', '883', '797', '539', '133', '120', '212', '793', '30', '653', '419', '456', '123', '830', '7', '558', '336', '67', '545', '801', '663', '382', '9', '416']
['396', '63', '143', '105', '397', '304', '139', '660', '411', '606', '818', '586', '912', '165', '643', '21', '597', '482', '433', '191', '486', '844', '241', '290', '350', '152', '106', '714', '199', '73', '57']
['592', '432', '763', '232', '794', '389', '473', '282', '207', '705', '612', '603', '311', '698', '79', '325', '642', '887', '436', '184', '108', '420']
['399', '489', '782', '426', '370', '455', '141', '842', '457', '897', '608', '908', '439', '778', '927', '347', '604', '796', '651', '699', '402', '255']
['807', '520', '583', '704', '661', '299', '43', '754', '31', '838', '81', '766', '753', '181', '570', '849', '23', '36', '812', '45', '94', '292', '1', '729', '321', '921', '609', '565']
['509', '611', '13', '770', '118', '833', '166', '518', '627', '639', '787', '50', '891', '505', '541', '656', '728', '170', '703', '494', '498', '719', '554', '226', '238', '361', '374', '552', '540', '287', '906', '535', '869', '262', '331']
['689', '916', '274', '53', '222', '285', '259', '666', '755', '193', '458', '187', '907', '873', '530', '428', '339', '126', '687', '712', '356', '273', '4', '251', '341', '543', '480', '533', '177', '757', '538', '186', '742', '749']
['386', '377', '395', '710', '24', '338', '61', '771', '582', '669', '196', '917', '700', '546', '524', '185', '286', '417', '160', '664', '747', '599', '761', '902', '634', '679', '890', '492', '451', '889', '344']
['438', '453', '555', '326', '306', '90', '267', '89', '692', '205', '422', '568', '51', '365', '850', '112', '95', '481', '116', '870', '359', '898', '785', '598', '102', '313', '22', '329', '357', '228', '775', '920', '501', '98', '431', '809']
['914', '777', '610', '866', '831', '111', '124', '633', '40', '922', '93', '335', '730', '508', '882', '911', '885', '708', '280', '201', '654', '230', '517', '618', '695', '901', '180', '369', '192']
['195', '320', '506', '786', '393', '670', '77', '650', '817', '769', '346', '671', '588', '806', '827', '236', '614', '237', '59', '740', '863', '511', '354', '774', '623', '613', '371', '48', '464', '41']
['928', '624', '17', '460', '746', '256', '563', '519', '122', '189', '594', '76', '580', '29', '645', '224', '159', '198', '602', '648', '680', '49', '600', '360', '231', '302']
