['575', '57', '331', '887', '848', '720', '730', '942', '620', '510', '58', '106', '492', '572', '822']
['256', '286', '874', '793', '893', '285', '810', '979', '375', '436', '396', '9', '214', '904', '6', '195', '886', '571', '924', '348', '81', '841', '471', '808', '86', '97', '711', '204', '704', '757']
['804', '423', '626', '79', '659', '522', '923', '350', '795', '900', '88', '439', '896', '54', '469', '877', '47', '159', '450', '719', '313']
['440', '639', '855', '399', '389', '674', '74', '334', '188', '372', '345', '692', '780', '928', '790', '653', '36', '582', '149', '715', '417', '742']
['315', '539', '932', '136', '684', '251', '667', '421', '817', '625', '838', '892', '186', '658', '583', '723', '744', '411', '758']
['380', '982', '160', '235', '162', '551', '384', '727', '270', '636', '835', '607', '633', '327', '993', '70', '349', '142', '906', '109']
['476', '233', '147', '974', '451', '495', '306', '956', '516', '774', '491', '953', '429', '508', '747', '167', '832', '198', '951', '743', '259', '118', '329', '573', '219']
['527', '781', '456', '535', '698', '637', '480', '91', '978', '721', '791', '13', '608', '737', '933', '657', '284']
['556', '581', '939', '986', '988', '252', '237', '390', '766', '601', '814', '289', '323', '702']
['326', '617', '474', '664', '430', '401', '291', '524', '394', '482', '404', '635', '8', '517', '749', '574', '888', '223', '246', '565']
['67', '483', '266', '899', '673', '927', '987', '909', '356', '552', '533', '554', '612', '409', '438', '180', '207', '809', '890', '66', '820', '298', '864', '301']
['600', '17', '276', '163', '678', '700', '824', '918', '194', '846', '947', '983', '746', '117', '629', '829', '94', '145']
['354', '845', '805', '716', '351', '981', '597', '431', '505', '337', '121', '585', '46', '85', '632', '150', '676', '226']
['665', '728', '410', '926', '497', '227', '383', '602', '489', '911', '525', '806', '37', '308', '135', '87', '418', '34', '422', '432', '577', '873', '863', '116', '56', '761', '297', '693', '929', '584', '613', '220', '415']
['359', '685', '59', '200', '464', '203', '191', '406', '500', '889', '529', '696', '257', '599', '908', '397', '694', '249', '537', '28', '184', '931', '164']
['591', '752', '89', '882', '703', '990', '830', '281', '264', '771', '512', '93', '478', '941', '989', '558', '363', '750', '77', '847']
['73', '236', '803', '964', '69', '258', '499', '62', '131', '274', '679', '891', '959', '935']
['381', '177', '202', '765', '1', '894', '95', '772', '731', '960', '305', '333', '455', '813', '328', '958', '273', '961', '962', '998', '671', '377']
['921', '895', '487', '244', '509', '130', '488', '669', '917', '819']
['133', '336', '22', '374', '638', '714', '370', '267', '211', '292', '735', '460', '108', '101', '319', '870']
['307', '707', '398', '969', '472', '634', '733', '963', '519', '604', '501', '794', '321', '318', '792', '124', '182', '128']
['278', '866', '661', '209', '973', '4', '643', '980', '24', '122', '881', '261', '20', '957', '141', '852', '682', '310', '850', '567', '930', '596', '161', '466', '72', '496', '876']
['860', '762', '3', '777', '623', '260', '541', '140', '53', '549', '938', '493', '459', '614', '434', '699', '50', '340', '542', '788', '538', '898', '295', '445', '642']
['773', '320', '403', '486', '484', '14', '225', '293', '55', '172', '250', '785', '138', '651', '262', '26', '901', '80', '425', '48', '871', '689']
['666', '946', '412', '300', '123', '948', '392', '444', '751', '995', '206', '709', '878', '428', '734', '179', '686', '654', '606']
['361', '127', '869', '51', '312', '231', '311', '922', '705', '232', '2', '241', '353', '324', '465', '826', '19']
['461', '759', '595', '119', '934', '755', '683', '90', '621', '502', '367', '775', '859', '239', '710', '462', '992', '29', '748', '64', '92', '453', '994', '966', '799', '972', '339', '76', '282']
['173', '729', '897', '199', '843', '352', '494', '586', '915', '580', '126', '192', '787', '849', '736', '807', '208', '240', '526', '468', '187', '970', '587', '836', '937', '205', '764', '868', '726']
['243', '745', '196', '358', '18', '448', '936', '825', '385', '622', '725', '43']
['732', '950', '325', '68', '797', '457', '454', '373', '228', '402', '366', '649', '391', '944', '647', '263']
['152', '883', '768', '433', '943', '641', '382', '100', '996', '879', '570', '605', '691', '452', '169', '507']
['837', '32', '697', '400', '153', '885', '833', '701', '783', '365', '369', '129', '543', '786', '977', '38', '49', '317', '427', '739', '844', '477', '668']
['213', '562', '544', '550', '858', '854', '362', '834', '681', '102', '104', '376', '555', '294', '10', '754', '861']
['631', '912', '644', '171', '229', '553', '296', '217', '210', '7', '222', '473', '134', '84', '103', '717', '371', '283', '515', '540', '880', '414']
['435', '238', '800', '41', '782', '611', '99', '530', '23', '481', '677', '143', '670', '853', '856', '779']
['368', '316', '279', '242', '197', '234', '756', '146', '378', '592', '660', '408', '156', '588', '190', '154', '61']
['407', '467', '387', '630', '458', '299', '903', '35', '862', '609', '280', '646', '388', '740', '547', '16', '985', '940', '287', '82', '416', '610']
['193', '910', '224', '784', '568', '342', '645', '424', '347', '828', '0', '112', '346', '839', '579', '514', '624', '952', '330', '248', '443']
['419', '769', '967', '309', '706', '763', '770', '975', '105', '269', '984', '536', '688', '155', '778', '302', '680', '31', '842', '449', '945', '255']
['44', '151', '11', '189', '724', '690', '578', '528', '991', '304', '518', '802']
['78', '357', '360', '590', '563', '111', '504', '174', '851', '884', '914', '999', '569', '718', '603', '867', '181', '27', '919', '113', '722', '245', '662']
['655', '801', '560', '627', '303', '628', '115', '776', '513', '479', '463', '290', '253', '344', '110', '712', '767', '40', '5', '760', '175', '221', '532']
['168', '708', '865', '25', '663', '185', '534', '546', '675', '816', '42', '965', '39', '955', '158']
['566', '511', '33', '812', '789', '379', '968', '45', '144', '640', '137', '442', '215', '564', '52', '823', '218', '332', '949', '426', '470', '201', '30', '548']
['338', '695', '341', '576', '857', '395', '120', '157', '815', '840', '322', '65', '589', '107', '75', '656', '902', '905', '148']
['446', '593', '420', '125', '811', '230', '314', '920', '916', '976', '559', '831', '971']
['386', '447', '872', '335', '83', '441', '498', '545', '616', '275', '875', '71', '520', '21', '687', '619', '561', '405', '176', '60', '413', '672', '272', '531', '594', '753']
['557', '183', '277', '96', '15', '437', '798', '652', '288', '139', '741', '178', '521', '503']
['490', '913', '247', '170', '713', '216', '12', '523', '254']
['343', '818', '355', '954', '271', '907', '650', '821', '364', '114', '63', '796', '827', '648', '485', '393', '925', '265']
['738', '997', '475', '165', '268', '615', '132', '598', '98', '618', '212', '166', '506']
