['583', '921', '471', '678', '965', '692', '842']
['510', '600', '863', '311', '254', '382', '555']
['140', '544', '915', '42', '393', '449', '431']
['194', '54', '856', '7', '781', '348', '946']
['300', '316', '9', '491', '35', '562', '38']
['228', '935', '667', '827', '597', '937', '455']
['407', '909', '232', '245', '498', '942', '687']
['631', '528', '691', '912', '684', '894', '323']
['820', '877', '509', '338', '246', '205', '592']
['723', '618', '476', '826', '344', '173', '754']
['467', '568', '671', '904', '807', '559', '834']
['14', '517', '89', '519', '195', '249', '769']
['744', '111', '791', '876', '824', '366', '244']
['193', '722', '962', '409', '801', '29', '93']
['866', '532', '712', '775', '95', '514', '55']
['197', '787', '950', '260', '655', '564', '907']
['154', '841', '508', '832', '192', '967', '23']
['709', '309', '537', '862', '289', '97', '918']
['883', '516', '52', '683', '280', '793', '79']
['571', '138', '477', '828', '741', '324', '481']
['701', '428', '418', '274', '899', '169', '32']
['100', '784', '802', '713', '450', '219', '636']
['493', '711', '572', '76', '949', '298', '681']
['779', '615', '621', '515', '66', '8', '155']
['135', '28', '614', '5', '867', '647', '588']
['859', '78', '753', '33', '303', '308', '77']
['426', '472', '831', '868', '267', '186', '714']
['854', '812', '233', '460', '708', '939', '468']
['890', '845', '705', '902', '768', '629', '107']
['952', '638', '972', '525', '504', '343', '104']
['837', '388', '606', '352', '211', '376', '669']
['203', '475', '958', '540', '858', '231', '549']
['766', '507', '482', '419', '633', '846', '373']
['604', '49', '836', '241', '643', '331', '761']
['318', '276', '526', '462', '630', '75', '536']
['732', '879', '511', '167', '336', '569', '944']
['875', '838', '619', '17', '857', '843', '959']
['560', '185', '623', '542', '259', '483', '229']
['506', '922', '234', '45', '161', '217', '113']
['960', '164', '760', '662', '609', '677', '780']
['943', '586', '362', '611', '133', '105', '502']
['632', '575', '501', '147', '24', '438', '160']
['124', '790', '716', '297', '437', '375', '881']
['742', '374', '127', '924', '221', '264', '253']
['41', '658', '302', '731', '734', '240', '414']
['496', '773', '892', '321', '179', '204', '488']
['432', '484', '181', '212', '226', '870', '307']
['347', '73', '145', '737', '358', '456', '576']
['931', '417', '139', '291', '720', '861', '844']
['469', '98', '478', '704', '420', '224', '889']
['283', '783', '806', '422', '822', '119', '898']
['486', '367', '380', '578', '364', '702', '520']
['964', '401', '885', '957', '581', '369', '670']
['852', '178', '925', '2', '657', '333', '365']
['675', '653', '792', '370', '191', '30', '183']
['850', '359', '599', '573', '847', '940', '539']
['524', '886', '440', '27', '896', '849', '132']
['102', '936', '591', '848', '351', '91', '579']
['968', '698', '322', '605', '368', '404', '136']
['932', '196', '970', '531', '158', '797', '144']
['175', '786', '745', '808', '640', '645', '817']
['954', '337', '209', '268', '13', '46', '305']
['342', '622', '285', '726', '258', '652', '819']
['736', '87', '355', '22', '878', '699', '459']
['487', '738', '715', '947', '594', '435', '529']
['610', '116', '40', '34', '299', '759', '763']
['772', '255', '379', '522', '676', '735', '74']
['125', '325', '10', '825', '696', '930', '200']
['199', '385', '535', '410', '895', '162', '740']
['413', '505', '208', '151', '613', '873', '81']
['0', '543', '391', '608', '860', '57', '961']
['534', '545', '908', '452', '703', '86', '809']
['577', '67', '557', '906', '661', '18', '207']
['340', '679', '304', '223', '795', '71', '443']
['201', '570', '785', '332', '882', '416', '15']
['905', '815', '156', '187', '189', '171', '346']
['697', '758', '694', '682', '563', '580', '188']
['290', '383', '710', '96', '389', '648', '252']
['596', '406', '789', '747', '650', '835', '58']
['730', '56', '329', '634', '589', '810', '159']
['639', '210', '446', '474', '149', '65', '927']
['153', '312', '938', '719', '910', '626', '869']
['248', '411', '238', '680', '372', '485', '743']
['334', '269', '247', '284', '415', '262', '371']
['424', '392', '929', '853', '21', '163', '236']
['165', '651', '48', '541', '286', '152', '666']
['533', '550', '423', '803', '891', '776', '64']
['242', '818', '36', '128', '887', '386', '356']
['864', '143', '893', '239', '593', '397', '955']
['106', '518', '917', '222', '574', '353', '480']
['582', '90', '788', '278', '465', '157', '170']
['494', '778', '295', '774', '461', '686', '213']
['137', '839', '270', '444', '399', '94', '674']
['717', '70', '251', '752', '457', '865', '490']
['566', '131', '12', '448', '748', '292', '122']
['916', '400', '628', '489', '266', '326', '923']
['538', '225', '673', '620', '724', '762', '25']
['109', '1', '587', '685', '805', '830', '447']
['434', '690', '945', '814', '345', '903', '294']
['499', '757', '470', '617', '282', '349', '663']
['441', '72', '706', '190', '888', '216', '551']
['900', '971', '439', '700', '565', '721', '103']
['851', '966', '495', '963', '649', '546', '235']
['384', '436', '427', '263', '665', '601', '88']
['313', '381', '11', '926', '288', '880', '558']
['770', '83', '250', '693', '220', '50', '548']
['513', '134', '695', '755', '301', '339', '314']
['823', '43', '782', '750', '412', '625', '756']
['512', '429', '928', '403', '800', '727', '798']
['458', '451', '59', '176', '4', '553', '6']
['80', '746', '39', '749', '656', '463', '624']
['840', '150', '951', '911', '177', '61', '387']
['874', '733', '739', '129', '377', '913', '603']
['206', '497', '500', '821', '464', '668', '320']
['215', '31', '281', '180', '63', '265', '227']
['101', '547', '202', '123', '595', '395', '659']
['767', '361', '168', '310', '82', '108', '357']
['354', '751', '16', '920', '114', '20', '296']
['92', '492', '816', '855', '602', '956', '914']
['120', '317', '430', '473', '327', '627', '689']
['607', '256', '799', '115', '728', '328', '243']
['777', '527', '871', '660', '934', '421', '272']
['521', '941', '552', '718', '319', '796', '433']
['44', '110', '398', '598', '394', '554', '363']
['142', '279', '833', '99', '479', '804', '3']
['306', '315', '214', '466', '117', '612', '141']
['672', '664', '405', '523', '390', '530', '901']
['969', '19', '872', '445', '948', '919', '37']
['641', '644', '378', '635', '172', '174']
['688', '567', '112']
['182', '350', '503']
['53', '69', '166', '47', '764', '126']
['51', '121', '402', '62', '257', '85']
['335', '829', '118', '330', '68', '813']
['642', '130', '271', '933']
['146', '584', '184', '646', '897', '425']
['707', '771', '261', '408', '765']
['453', '442', '561', '277', '293']
['60', '273', '590', '953', '275']
['585', '148', '341', '811', '729']
['84', '725', '616', '794', '884']
['556', '230', '218', '454', '637', '237']
['26', '654', '396', '287', '360', '198']
