['583', '21', '345', '515', '280', '672', '789', '833', '198', '626', '474', '147', '267', '5', '167']
['512', '988', '226', '107', '569', '307', '642', '635', '6', '948', '579', '804', '531', '501', '895']
['161', '463', '130', '979', '103', '260', '691', '206', '755', '81', '834', '458', '748', '971', '106']
['540', '897', '457', '523', '318', '842', '790', '989', '200', '113', '172', '135', '695', '967', '690']
['370', '924', '401', '166', '395', '4', '918', '551', '77', '696', '385', '270', '140', '602', '686']
['497', '715', '685', '101', '155', '315', '797', '585', '631']
['992', '504', '219', '557', '411', '977', '454', '25', '292']
['945', '719', '520', '120', '926', '736', '884', '170', '970', '122', '256']
['638', '196', '281', '138', '123', '625', '760', '235', '911']
['224', '317', '779', '20', '764', '118', '832', '387', '227', '823', '157', '451']
['609', '698', '354', '786', '592', '765', '922', '455', '245', '453', '360']
['500', '739', '99', '535', '524', '247', '850', '619', '199', '575', '211', '399']
['163', '57', '721', '938', '139', '689', '493', '184', '639', '419', '301']
['462', '129', '393', '323', '805', '694', '670', '545', '265', '208']
['599', '368', '357', '656', '640', '731', '848', '271', '757', '234', '874', '415', '43', '662']
['652', '164', '959', '121', '377', '829', '590', '530', '428', '919', '564', '53', '732']
['171', '772', '510', '896', '633', '826', '776', '607', '702', '571', '618', '892', '737']
['282', '929', '645', '526', '447']
['68', '785', '950', '381', '299', '728', '482', '584', '818']
['781', '115', '74', '595', '353', '746', '496', '547', '611', '467', '687', '26', '212']
['882', '621', '364', '816', '536', '808', '853', '79', '192', '375', '238']
['927', '669', '720', '628', '697', '597']
['661', '116', '913', '469', '763', '97', '521', '664', '548', '767', '878']
['915', '40', '980', '999', '174', '86', '800', '324', '214', '108', '358']
['682', '902', '620']
['659', '376', '144', '308', '55', '476', '169', '539', '445', '306']
['311', '794', '390', '688', '480', '879', '466', '1', '729', '91', '881', '870', '898']
['807', '856', '284', '773', '177', '532']
['604', '287', '509', '885', '556', '646', '179', '452', '508', '367', '830']
['644', '542', '433', '485', '533']
['518', '263', '693', '887', '774', '89', '722', '350', '847', '427']
['459', '591', '718', '374', '537', '522', '363', '603']
['674', '484', '305', '439', '312', '675', '84', '444']
['920', '197', '558', '858', '332', '615', '762', '873', '949', '666', '183', '889']
['303', '745', '105', '792', '225', '594', '972']
['67', '852', '288', '985', '335', '18']
['262', '347', '417', '448', '514', '449', '17', '817', '769', '963']
['775', '955', '27', '28', '673']
['699', '372', '777', '203', '554', '210', '403', '796']
['507', '793', '52', '854', '394']
['494', '771', '798', '76', '886', '373', '137', '72', '32', '191', '254', '304']
['506', '890', '758', '866', '803', '440', '338', '261', '423', '974', '862', '272']
['495', '636', '780', '860', '700', '75', '806', '181']
['678', '407', '289', '413', '791', '917', '871', '567', '50', '825']
['352', '703', '838', '392', '939', '903', '223']
['616', '35', '811', '727', '566', '901', '824', '321', '706', '470']
['709', '998', '820', '965', '877', '193', '606']
['743', '481', '250', '450', '117', '714', '735', '8', '839']
['840', '438', '916', '349', '178', '723', '614', '658', '69', '47']
['954', '114', '851', '371', '894', '222', '465', '11', '712', '128', '891', '14']
['766', '472', '441', '126', '648', '230', '962', '572', '290', '343', '241', '944']
['812', '42', '665', '331', '175', '275', '596', '218', '124']
['835', '412', '237', '956', '479', '34', '770', '110', '632', '750', '111', '813']
['983', '362', '543', '570', '643', '677', '624', '863']
['752', '933', '559', '931', '778', '334', '982']
['48', '925', '255', '995', '900', '125', '809']
['946', '782', '426', '274', '422', '73', '668']
['45', '285', '681', '220', '365', '286', '487', '201', '943', '907', '580', '16']
['574', '843', '653', '268', '581', '382', '54', '389', '398', '733']
['613', '468', '756', '761', '342', '923', '98', '416', '133', '425']
['165', '751', '598', '327', '996', '937', '194', '634']
['707', '273', '102', '577', '180', '815', '313', '30']
['244', '984', '936', '909', '322', '70', '397', '182', '799', '608', '309']
['477', '202', '629', '418', '266', '443', '361', '899', '475', '683', '298', '562', '528', '958']
['680', '158', '41', '356', '964', '410', '92', '740', '300', '279', '217', '242', '488']
['560', '951', '587', '527', '725', '865', '701', '503', '33', '319', '336']
['328', '726', '160', '928', '127', '36', '505', '64', '82', '31', '85', '841']
['252', '188', '973', '37', '461', '555', '156']
['795', '549', '366', '341', '378', '51', '490', '190']
['552', '827', '622', '969', '12', '651', '880', '189', '229', '369', '704']
['100', '749', '578', '420', '976', '414', '935', '93', '491', '13', '46', '679', '711', '424']
['434', '406', '0', '671', '173', '788', '294', '586', '942', '868', '96', '957']
['565', '146', '473', '421', '23', '379', '436', '400', '221', '888']
['248', '649', '460', '251', '667', '802', '131', '961']
['546', '993', '576', '930', '464', '910', '914', '483']
['15', '612', '605', '3', '232', '310', '402', '295', '499', '231', '259', '947']
['747', '617', '588', '204', '44', '783', '112', '233']
['195', '630', '276', '676', '340', '734', '593']
['339', '905', '568', '516', '437', '753', '994', '162', '876', '2']
['724', '78', '550', '828', '296', '940', '627', '953', '80', '380', '391', '932', '134']
['442', '941', '660', '716', '684', '316', '269', '846', '893', '278', '861', '62']
['502', '784', '136', '384', '236', '742', '185']
['647', '119', '153', '87', '717', '519', '904', '209', '456', '912']
['109', '60', '986', '277', '831', '821', '498', '975', '641']
['249', '582', '49', '623', '333', '600', '264', '141', '692']
['408', '966', '388', '348']
['589', '404', '534', '132', '63', '544', '990', '94', '56', '864', '291', '207', '90']
['738', '22', '176', '991', '61', '355', '432', '952', '489', '7', '83', '810', '908', '71']
['859', '814', '65', '10', '429', '66', '143', '330', '997', '228', '654', '246']
['517', '257', '19', '836', '145', '59', '243', '38', '978']
['730', '478', '869', '987', '601', '960']
['637', '573', '563', '9', '24', '849', '95', '325', '409', '435', '768', '344', '326', '148']
['759', '320', '430', '553', '492', '525', '538', '302', '104', '396', '142', '215', '921']
['513', '154', '359', '446', '187', '351', '39', '168', '405', '837']
['152', '845', '150', '314', '801', '934', '88', '511', '710', '541', '883', '610']
['240', '663', '253', '713', '431', '968', '216', '867', '337', '819', '205']
['213', '741', '293', '149', '981', '657']
['297', '906', '29', '561', '844', '529', '346', '875', '754', '655', '151', '159', '329']
['855', '822', '186', '471', '650', '258', '239', '708', '58', '872', '744']
['705', '283', '383', '857', '787', '486', '386']
