['634', '42', '979', '831', '210', '337', '468', '955', '855', '618', '983', '103', '565', '999', '805', '762', '857', '492', '956', '464', '110', '265', '431', '328', '175', '712']
['58', '919', '654', '721', '980', '324', '479', '612', '497', '403', '31', '651', '601', '851', '437', '322', '646', '292', '556', '211', '915', '163', '875', '896', '384', '954', '973', '525', '477', '610', '363', '686']
['863', '553', '147', '767', '745', '293', '765', '458', '271', '280', '547', '971', '799', '771', '354', '706', '141', '377', '862', '173', '136', '470', '839']
['528', '317', '214', '395', '952', '289', '783', '345', '96', '419', '935', '53', '8', '816', '115', '296', '81', '968', '846', '814']
['57', '181', '432', '677', '3', '340', '30', '298', '260', '389', '924', '947', '429', '739', '772', '987', '948', '380', '568', '800', '427', '434', '185', '639', '760', '681', '123', '902', '722', '834', '832', '157', '489', '104']
['689', '366', '791', '994', '436', '616', '535', '297', '482', '439', '243', '381', '965', '107', '534', '701', '460', '541', '931', '922', '819', '545', '663', '918', '648', '705', '746', '56']
['473', '742', '193', '605', '637', '454', '625', '852', '355', '91', '813', '890', '926', '48', '371', '46', '373', '588', '582', '274', '416']
['574', '101', '670', '306', '644', '357', '6', '597', '321', '162', '526', '52', '217', '750', '879', '552', '331', '684']
['219', '777', '114', '277', '84', '850', '521', '1', '539', '993', '961', '467', '411', '838', '268', '764', '290', '287', '418', '307', '272', '617']
['286', '234', '195', '578', '761', '740', '69', '43', '353', '942', '943', '809', '774', '495', '843', '908', '887', '655', '658', '833', '400', '197', '417', '869', '680', '685', '571']
['748', '891', '16', '811', '653', '387', '251', '465', '145', '920', '567', '898', '575', '802', '491', '261', '573', '172', '779']
['72', '253', '486', '882', '335', '383', '459', '24', '842', '996', '725', '522', '408', '483', '888', '237', '930']
['456', '235', '68', '320', '188', '512', '586', '95', '144', '988', '821', '728', '455', '51', '247', '83', '22', '7', '105', '560', '499', '841', '369', '844', '472', '921']
['398', '55', '688', '872', '640', '950', '206', '649', '998', '880', '266', '255', '768', '142', '117', '184', '972', '699', '334', '425', '865']
['15', '546', '713', '341', '463', '351', '820', '220', '669', '156', '153', '239', '60', '130', '410', '61', '119', '937']
['244', '544', '405', '885', '939', '438', '423', '723', '715', '538', '665', '490', '975', '886', '773', '753', '399', '643', '393', '840', '122', '970', '66', '508', '622', '135']
['333', '747', '806', '168', '505', '905', '829', '38', '481', '283', '523', '836', '716', '881', '139', '223', '710', '375', '154', '982', '435', '627', '196', '530', '208', '187', '735', '645', '155']
['751', '667', '250', '394', '949', '325', '37', '200', '256', '40', '910', '78', '786', '656', '914', '635', '664', '570']
['529', '830', '822', '329', '633', '608', '356', '118', '124', '248', '682', '199', '303', '719', '65', '856', '258', '707', '554', '963', '636', '514', '469', '976', '448']
['191', '666', '729', '267', '957', '257', '695', '726', '18', '697', '572', '696', '917', '111', '164', '759', '958', '413', '848', '233', '374', '10', '551', '945', '138', '795']
['382', '604', '25', '690', '511', '969', '93', '727', '827', '20', '784', '343', '179', '598', '871', '531', '106', '82', '406', '709', '960', '461', '180', '901', '41', '151']
['302', '860', '823', '370', '488', '718', '741', '542', '305', '126', '379', '532', '630', '59', '349', '77', '453', '9', '120', '711', '372', '471', '626', '194', '327', '951', '704', '396', '401', '904']
['367', '176', '102', '11', '186', '238', '619', '73', '581', '368', '241', '412', '259', '17', '97', '493', '507', '650', '683', '595', '75', '657', '496', '549', '623']
['263', '143', '421', '503', '359', '602', '215', '203', '2', '876', '518', '700', '506', '509', '161', '476', '938', '131', '282', '913', '414', '121', '127', '660', '564', '64', '224', '874', '150']
['386', '659', '376', '928', '94', '524', '991', '510', '79', '929', '782', '941', '585', '88', '787', '100', '13', '853', '294', '944', '63', '864', '74', '936', '452', '858', '189', '49', '790', '76']
['584', '134', '212', '984', '125', '311', '607', '815', '67', '672', '769', '694', '867', '866', '927', '959', '34', '781', '744', '517', '662', '763', '230', '348', '916', '812', '692', '731', '433']
['26', '316', '407', '273', '629', '615', '35', '231', '989', '804', '826', '754', '766', '50', '300', '647', '520', '146', '794', '318', '903', '90', '818', '555', '288']
['562', '178', '870', '775', '967', '900', '229', '480', '344', '591', '990', '932', '264', '558', '661', '906', '894', '631', '385', '116', '835', '642', '391', '679', '170', '593', '360', '714']
['71', '674', '737', '609', '450', '87', '338', '540', '45', '933', '907', '817', '252', '213', '299', '478', '285', '428', '171', '845', '797', '897', '86', '28', '12']
['310', '204', '47', '923', '174', '347', '216', '752', '854', '19', '501', '807', '895', '254', '691', '611', '825', '457', '392', '415', '99', '749']
['54', '5', '246', '736', '925', '29', '309', '27', '128', '577', '780', '113', '39', '962', '350', '279', '451', '462', '262', '703', '946', '109', '140', '992', '236', '228']
['600', '301', '80', '326', '160', '422', '308', '441', '240', '129', '557', '934', '638', '270', '192', '652', '599']
['202', '569', '275', '603', '466', '628', '594', '559', '883', '475', '218', '158', '358', '397', '449', '167', '824', '533', '592', '485', '4', '484', '859', '487', '221', '409', '566', '995', '758']
['596', '755', '444', '152', '112', '798', '165', '364', '563', '62', '85', '981', '23', '964', '284', '589', '232', '673', '291', '789', '201', '620', '177', '502', '269', '314', '889', '899', '756', '515', '561']
['621', '776', '207', '148', '388', '447', '346', '304', '738', '242', '182', '0', '576', '847', '183', '339', '579', '245', '536', '985', '590', '730', '424', '892', '137', '336', '770', '362', '504', '702', '708']
['974', '498', '632', '717', '209', '675', '225', '190', '606', '785', '878', '33', '330', '426', '98', '313', '323', '868', '319', '342', '978', '365', '500', '796', '614', '808', '873', '166', '36']
['912', '390', '446', '828', '169', '671', '159', '580', '837', '986', '315', '678']
['281', '810', '378', '792', '548', '893', '332', '295', '70', '226', '21', '698', '89', '404', '793', '443', '527', '198', '940', '205', '445', '884', '227', '14', '911', '720', '278', '583', '676', '133']
['966', '668', '743', '537', '877', '734', '516', '953', '149', '249', '861', '788', '997', '803', '494', '801', '624', '474', '977', '641', '312', '550', '724', '442', '440', '361', '757', '132', '44', '732', '276', '733', '430', '108']
['513', '909', '402', '693', '687', '352', '543', '778', '519', '32', '420', '92', '849', '222', '613', '587']
