['879', '910', '377', '272', '717', '439', '980', '588', '698', '568', '291', '870', '964', '597', '699', '690', '750', '485', '797', '211', '675', '749']
['234', '676', '120', '806', '144', '345', '843', '500', '512', '726', '816', '305', '236', '809', '923', '192', '827', '513', '739', '707', '363', '530']
['686', '552', '654', '976', '285', '137', '21', '534', '1', '851', '988', '222', '926', '289', '688', '270', '80', '603', '275', '64', '767', '390']
['349', '777', '570', '274', '871', '223', '933', '659', '375', '730', '508', '819', '475', '709', '464', '593', '715', '838', '712', '200', '493', '159']
['764', '103', '360', '362', '105', '918', '818', '164', '415', '510', '160', '158', '199', '901', '516', '37', '773', '872', '140', '67', '109', '878']
['934', '558', '729', '325', '909', '691', '24', '848', '269', '649', '365', '276', '484', '940', '720', '584', '467', '190', '515', '883', '427', '440']
['235', '831', '391', '466', '378', '11', '472', '231', '938', '294', '660', '57', '772', '755', '505', '28', '807', '582', '559', '861', '823', '583']
['945', '124', '322', '68', '350', '796', '800', '193', '898', '489', '962', '674', '537', '238', '877', '928', '156', '957', '990', '978', '932', '352']
['937', '69', '343', '460', '774', '205', '834', '384', '526', '835', '336', '462', '2', '282', '560', '641', '323', '895', '761', '837', '743', '401']
['321', '27', '23', '562', '665', '912', '311', '87', '624', '277', '369', '172', '794', '768', '330', '689', '523', '935', '8', '280', '359', '577']
['766', '203', '356', '599', '869', '191', '737', '525', '490', '929', '209', '299', '786', '880', '907', '63', '332', '507', '0', '262', '719', '528']
['335', '632', '84', '248', '245', '961', '195', '22', '149', '326', '494', '586', '157', '986', '232', '141', '112', '943', '873', '936', '569', '304']
['306', '993', '246', '776', '85', '992', '82', '713', '240', '225', '813', '119', '590', '166', '483', '15', '452', '644', '46', '589', '125', '868']
['629', '600', '969', '572', '919', '725', '135', '677', '259', '998', '846', '316', '705', '477', '808', '784', '242', '414', '88', '48', '975', '942']
['734', '170', '286', '65', '471', '859', '437', '333', '341', '857', '635', '769', '129', '244', '683', '668', '704', '830', '511', '995', '265', '394']
['756', '911', '261', '652', '327', '612', '14', '381', '250', '424', '967', '287', '592', '268', '154', '233', '303', '75', '556', '845', '451', '628']
['296', '793', '473', '431', '803', '115', '745', '31', '127', '663', '4', '152', '760', '902', '781', '388', '143', '315', '697', '889', '785', '445']
['693', '155', '392', '409', '716', '426', '875', '214', '266', '966', '40', '288', '216', '545', '228', '740', '789', '55', '479', '456', '163', '260']
['639', '379', '329', '421', '459', '640', '939', '86', '432', '443', '727', '563', '206', '862', '627', '393', '625', '782', '7', '309', '751', '656']
['481', '342', '71', '9', '723', '319', '664', '54', '899', '243', '780', '470', '533', '66', '476', '194', '188', '457', '864', '598', '917', '669']
['371', '546', '578', '858', '876', '293', '174', '852', '97', '241', '815', '407', '922', '514', '361', '355', '196', '131']
['517', '971', '438', '106', '422', '736', '258', '503', '885', '133', '684', '653', '91', '247', '142']
['495', '17', '487', '847', '402', '76', '860', '79', '694', '217', '973', '544', '636', '455', '173']
['610', '35', '666', '894', '696', '778', '724', '687', '320', '539', '256', '169', '257', '571', '179', '496']
['927', '792', '255', '435', '989', '434', '317', '997', '441', '51', '949', '416', '732', '41', '904', '38', '478']
['622', '308', '283', '573', '963', '758', '403', '645', '370', '117', '373', '692', '395', '840', '863', '620', '634']
['595', '638', '176', '951', '107', '300', '312', '557', '482', '348', '123', '821', '540', '853', '372', '897', '49', '594', '376']
['314', '822', '524', '651', '150', '959', '765', '711', '658', '264', '566', '62', '411', '788', '463', '541', '947', '110', '991']
['833', '461', '499', '865', '351', '804', '358', '134', '741', '647', '968', '178', '987', '412', '366', '531', '757']
['826', '994', '454', '999', '763', '678', '498', '310', '520']
['408', '856', '43', '165', '96', '284', '36', '45', '239', '413', '497', '92', '549', '955', '535', '921', '229', '182']
['565', '958', '5', '298', '185', '292', '56', '93', '302', '953', '398', '210', '224', '249', '842', '44', '616', '385']
['404', '102', '714', '295', '832', '680', '810', '480', '791', '297', '273', '278', '189', '237', '924', '347', '850', '47']
['468', '449', '177', '271', '364', '198', '703', '121', '383', '587', '374', '930', '386', '718', '29', '354', '95', '981', '829', '633', '702']
['230', '700', '643', '307', '888', '136', '492', '486', '148', '521', '790', '783', '78', '337', '805', '16', '617']
['615', '824', '608', '13', '946', '874', '39', '905', '313', '518', '626', '183']
['207', '290', '428', '301', '621', '721', '400', '410', '893', '218', '94', '591', '742', '801', '334', '605', '892', '122', '944']
['631', '396', '762', '419', '672', '25', '920', '948', '825', '759', '915', '113', '661', '187', '59', '802', '695', '611']
['167', '914', '90', '389', '547', '866', '548', '367', '201', '430', '839', '662', '575', '324', '219', '564', '996', '380', '642', '811', '20']
['799', '506', '601', '746', '153', '679', '465', '952', '795', '61', '151', '104', '281', '30', '10']
['491', '19', '637', '186', '771', '798', '671', '253', '81', '397', '33', '977', '344', '820']
['779', '984', '417', '896', '212', '529', '368', '585', '710', '965', '501', '114', '828', '458', '70', '849', '787', '382', '453', '18', '542']
['168', '550', '673', '581', '618', '606', '147', '100', '504', '733', '576', '433', '903', '99', '34', '646']
['126', '53', '138', '682', '52', '32', '681', '522', '184', '406', '340', '130', '754', '442']
['906', '72', '701', '604', '543', '111', '812', '208', '882', '667', '252', '657', '3', '580', '731', '83', '886', '527', '448', '685', '614']
['139', '538', '429', '925', '118', '215', '444', '50', '985', '613', '418', '722', '318', '171', '469', '263', '399', '956', '420']
['74', '254', '405', '357', '748', '752', '916', '73', '950', '753', '162', '561', '353', '836', '775', '423', '213']
['331', '425', '220', '706', '447', '974', '941', '226', '450', '221', '972', '12', '650', '502', '161', '890']
['387', '884', '146', '180', '579', '567', '708', '116', '328', '204', '609', '509', '553', '175', '655', '58', '227', '132']
['954', '202', '181', '251', '267', '197', '536', '77', '735', '42', '474', '814', '623', '555', '728']
['738', '26', '574', '844', '519', '854', '89', '970', '532', '554', '913', '747', '60', '887', '346', '979']
['817', '338', '108', '670', '983', '855', '881', '908', '960', '982', '145', '619', '101', '648']
['770', '279', '841', '128', '900', '867', '436', '551', '6', '446', '607', '596', '931', '488', '98', '744', '630', '339', '602', '891']
