['948', '688', '243', '298', '239', '702', '529', '208', '872', '210', '438', '258', '57', '980', '292', '521', '548', '501', '517', '899', '730', '670', '214', '558', '656', '696', '240', '213', '444']
['329', '659', '448', '413', '781', '879', '607', '379', '591', '189', '554', '804', '482', '204', '794', '129', '903', '320', '884', '733', '540', '762', '110', '940', '514', '537', '512', '615', '611']
['957', '753', '850', '80', '442', '876', '289', '22', '127', '192', '599', '861', '950', '338', '742', '66', '552', '406', '346', '724', '173', '986']
['788', '549', '439', '479', '151', '253', '622', '725', '756', '136', '889', '805', '488', '563', '520', '927', '712', '894', '327', '426', '835', '408', '198', '734', '871']
['648', '24', '760', '925', '740', '736', '197', '5', '105', '825', '600', '779', '183', '870', '390', '713', '234', '921', '751', '370', '939', '891', '62', '446']
['492', '53', '859', '952', '650', '890', '131', '160', '919', '441', '146', '912', '687', '621', '103', '502', '215', '172']
['678', '3', '527', '245', '478', '458', '440', '631', '741', '857', '167', '946', '299', '977', '641', '116']
['339', '330', '988', '219', '90', '960', '139', '555', '579', '787', '207', '675', '989', '851', '452']
['48', '177', '810', '541', '961', '849', '354', '550', '955', '964', '285', '885', '96', '739', '547', '858', '700', '30', '978', '321', '373', '419', '152', '531', '122', '340', '425', '930']
['691', '150', '12', '812', '714', '525', '729', '54', '328', '386', '510', '254', '463', '695', '279', '772', '936', '709', '473', '545', '45', '680', '148']
['784', '808', '746', '212', '21', '52', '782', '365', '561', '199', '588', '93', '686', '585', '381', '293', '309', '0', '982', '467']
['597', '723', '823', '273', '577', '971', '315', '118', '170', '573', '74', '493', '609', '195', '474', '337', '842', '690', '943', '689']
['494', '721', '165', '661', '383', '318', '534', '586', '267', '663', '100', '638', '477', '880', '13', '142', '592', '257', '378', '332', '822', '191', '99', '705', '145']
['46', '765', '731', '303', '161', '623', '763', '560', '157', '504', '33', '674', '748', '897', '817', '685', '437', '716', '640', '216', '393']
['568', '503', '382', '719', '55', '369', '538', '644', '574', '582', '317', '752', '35', '566', '497', '744', '590', '581', '888']
['642', '757', '802', '261', '190', '634', '831', '658', '260', '914', '542', '990', '866', '106', '707']
['704', '860', '68', '481', '839', '722', '711', '414', '706', '306', '626', '846', '300', '345', '34', '133', '404', '385', '232', '41', '584', '813', '114', '352', '682']
['154', '509', '418', '929', '594', '78', '934', '737', '500', '646', '325', '228', '297', '928', '271', '203', '604', '969', '769', '515', '985', '613', '137', '942', '758', '862', '334']
['780', '671', '11', '202', '676', '101', '546', '25', '367', '917', '376', '603', '395', '97', '785', '187', '223', '726', '883', '361', '679', '323', '906', '140', '793', '981', '49', '920']
['783', '241', '237', '747', '774', '159', '238', '869', '796', '290', '392', '828', '76', '791', '402', '535', '60', '4', '524', '363', '61', '359', '900']
['196', '431', '401', '620', '174', '427', '668', '98', '843', '738', '896', '773', '565', '102', '322', '296', '743', '115', '681', '375', '95', '614', '218', '247', '307', '16']
['598', '221', '19', '2', '82', '612', '530', '587', '220', '126', '834', '892', '855', '164', '507', '490', '308', '304', '8', '264', '841', '435', '156', '217', '455', '864']
['155', '269', '18', '893', '178', '863', '511', '341', '454', '886', '227', '761', '29', '795', '755', '832', '59', '630', '461', '664', '905', '569', '358', '252', '498', '874', '186']
['619', '838', '643', '553', '286', '119', '342', '913', '107', '966', '120', '655', '144', '485', '775', '933', '134', '968', '617', '132', '403', '89']
['657', '570', '814', '222', '185', '230', '394', '399', '92', '749', '697', '965', '718', '807', '882', '453', '225', '179', '135', '519', '826']
['829', '23', '344', '745', '466', '931', '536', '162', '790', '280', '360', '158', '265', '278', '983', '336']
['951', '589', '67', '396', '483', '249', '398', '371', '959', '188', '944', '887', '20', '698', '476', '480', '516', '766', '518', '266', '571', '759']
['333', '65', '776', '958', '867', '639', '833', '692', '557', '637', '910', '184', '356', '543', '109', '27', '281', '71']
['87', '562', '845', '205', '83', '85', '242', '907', '575', '143', '64', '821', '727', '283', '397', '873', '800', '789', '182', '567', '149', '715', '973', '471', '666', '377', '708']
['400', '171', '224', '877', '916', '824', '130', '351', '364', '384', '528', '572', '972', '73', '10', '457', '771', '235', '94', '526', '465', '923', '693', '125', '904']
['898', '81', '732', '551', '926', '428', '63', '865', '302', '559', '256', '811', '211', '475', '768', '701', '180', '578', '412', '770', '819', '909']
['169', '484', '767', '935', '138', '416', '117', '462', '962', '51', '17', '226', '153', '374', '847', '635', '984', '459', '282', '72', '350', '596', '251', '564']
['348', '77', '522', '456', '422', '434', '979', '6', '645', '295', '58', '209', '335', '468', '915', '38', '421', '673', '677', '632', '263', '349', '830']
['450', '495', '14', '652', '311', '625', '938', '410', '720', '818', '15', '313', '506', '86', '37', '683', '593', '941', '44', '595']
['911', '262', '312', '175', '669', '430', '949', '820', '445', '610', '111', '992', '40', '837', '250', '815', '229', '123', '388', '633']
['806', '654', '1', '9', '472', '792', '848', '168', '248', '735', '147', '750', '840', '424', '710', '432', '288', '194', '26', '343', '449', '854', '324', '233']
['602', '372', '801', '36', '121', '255', '523', '420', '967', '624', '987', '636', '786', '104', '443', '618', '407', '798', '429', '387', '355', '176', '451']
['316', '895', '206', '533', '124', '932', '417', '405', '844', '728', '231', '291', '108', '901', '368', '380', '32', '694', '918', '853', '803', '764', '433', '259']
['113', '496', '945', '28', '141', '389', '331', '193', '88', '606', '856', '662', '881', '953', '778', '922', '301']
['532', '703', '816', '47', '970', '287', '684', '852', '409', '272', '460', '754', '653', '667', '924', '310', '270', '357', '649', '7', '319', '937', '576', '508', '660', '956', '809', '415']
['50', '275', '627', '447', '236', '277', '601', '975', '70', '69', '505', '469', '128', '411']
['976', '84', '491', '699', '647', '672', '200', '470', '39', '268', '181', '284', '651', '875', '665', '353', '75', '954', '326', '464', '628', '43', '499', '513', '878', '436']
['31', '486', '991', '166', '902', '294', '963', '112', '605', '799', '201', '276', '717', '391', '347', '583', '797', '366', '868', '362', '487']
['608', '91', '544', '244', '56', '489', '246', '539', '274', '305', '580', '777', '836', '616', '947', '163', '974', '827', '423', '629', '908', '556', '42', '314', '79']
