['653', '833', '165', '274', '142', '87', '14', '498', '791', '763', '875', '422', '297', '730', '614', '435', '128', '328', '488', '493', '409', '915', '32', '220', '371', '826', '296', '643', '551', '746', '130', '203', '540', '334', '486', '576', '373', '411', '593', '656']
['664', '63', '866', '39', '738', '267', '539', '75', '860', '767', '495', '131', '989', '897', '621', '978', '385', '687', '571', '202', '533', '511', '830', '928', '899', '981', '851', '459', '516', '240', '456', '462', '853', '251', '878', '331', '952', '320', '186', '904']
['720', '83', '61', '434', '300', '179', '64', '624', '254', '606', '798', '806', '201', '787', '695', '169', '879', '19', '712', '109', '474', '876', '228', '454', '491', '849', '446', '425', '532', '478', '453', '579', '903', '657', '622', '774', '604', '908', '431', '744']
['96', '355', '900', '549', '232', '140', '850', '799', '727', '247', '499', '301', '655', '548', '250', '6', '651', '93', '757', '921', '690', '588', '755', '346', '691', '170', '633', '523', '218', '837', '162', '233', '367', '515', '481', '891', '535', '213']
['912', '703', '927', '53', '659', '667', '788', '470', '314', '80', '124', '120', '129', '347', '211', '986', '85', '67', '68', '376', '750', '416', '457', '725', '521', '929', '305', '835', '649', '845', '564', '924', '119', '570', '31', '283']
['492', '931', '745', '3', '514', '997', '467', '880', '751', '184', '427', '178', '276', '4', '836', '380', '555', '5', '115', '216', '582', '483', '947', '812', '199', '848', '377', '777', '583', '16', '922', '418', '768']
['584', '48', '896', '575', '707', '381', '204', '365', '257', '966', '84', '733', '955', '69', '544', '442', '443', '558', '996', '264', '887', '309', '975', '463', '20']
['858', '57', '372', '426', '979', '287', '221', '484', '883', '358', '342', '420', '417', '890', '166', '439', '192', '670', '926', '414', '722', '881', '158', '122', '737', '821', '362', '658']
['263', '819', '586', '967', '740', '797', '888', '125', '749', '366', '965', '440', '56', '270', '319', '611', '477', '841', '884', '374', '829', '30', '82', '217', '458', '591', '600', '541', '919', '286', '181', '732', '447']
['692', '272', '868', '909', '902', '505', '724', '345', '468', '694', '391', '438', '410', '520', '961', '557', '117', '810', '510', '589', '801', '609', '832', '360', '935', '340', '406']
['284', '222', '402', '793', '872', '465', '971', '854', '524', '769', '163', '889', '547', '984', '626', '50', '796', '419', '562', '765', '36', '578', '335', '698', '180', '840', '60', '743', '985', '412', '940', '873', '428', '74', '471']
['893', '629', '160', '650', '939', '195', '399', '271', '62', '936', '275', '101', '852', '237', '321', '52', '628', '12', '623', '139', '525', '563', '859', '143', '715', '185', '537', '92', '856']
['23', '627', '587', '556', '282', '770', '834', '58', '205', '137', '168', '998', '289', '214', '608', '329', '135', '65', '818', '430', '404', '281', '870', '822', '911', '671', '804', '508', '266', '449', '581', '920']
['103', '723', '706', '343', '278', '330', '88', '368', '208', '224', '54', '962', '171', '569', '25', '847', '666', '710', '242', '964', '660', '784', '620', '568', '895', '857', '241', '610', '618', '279', '729', '176', '437']
['262', '55', '772', '960', '794', '906', '47', '66', '956', '882', '295', '114', '200', '923', '298', '705', '811', '480', '968', '597', '728', '545', '444', '107', '386', '132', '714', '639', '637', '100', '466', '209', '786', '844']
['680', '930', '307', '106', '27', '741', '34', '332', '673', '476', '121', '432', '339', '35', '350', '752', '392', '865', '529', '566', '980', '312', '450', '531', '530', '827', '123', '292', '436', '44', '963', '479', '932', '401', '51', '994']
['970', '607', '98', '910', '861', '28', '469', '838', '780', '675', '150', '326', '223', '823', '375', '280', '338', '299', '105', '172', '501', '255', '230', '901', '387', '646', '992', '817', '652', '871']
['917', '599', '97', '239', '957', '198', '634', '2', '259', '197', '173', '231', '590', '662', '594', '753', '938', '731', '742', '10', '778', '969', '407', '265', '631', '803', '144']
['688', '700', '290', '519', '642', '863', '807', '630', '864', '747', '341', '716', '460', '937', '907', '771', '748', '974', '49', '269', '632', '316', '759', '40', '846', '37', '363', '572', '482']
['661', '15', '215', '349', '304', '194', '234', '842', '862', '157', '496', '303', '424', '89', '333', '517', '182', '809', '433', '43', '78', '503', '507', '445', '76', '754', '313', '293', '464', '154', '337', '959', '518', '946', '592', '141', '73', '364']
['336', '344', '308', '90', '126', '413', '302', '400', '527', '212', '273', '193', '394', '248', '149', '644', '574', '258', '506', '958', '243', '294', '567', '577', '110', '615', '398', '713', '352', '676', '489', '825', '640', '357']
['177', '550', '127', '948', '136', '187', '654', '77', '773', '487', '815', '226', '485', '701', '764', '238', '892', '682', '991', '408', '536', '565', '191', '475', '112', '726', '26', '249', '451', '159', '512', '605', '762', '46', '619', '134', '388']
['816', '246', '18', '167', '244', '95', '188', '236', '867', '782', '612', '235', '490', '196', '775', '679', '684', '108', '945', '686', '24', '379', '256', '721', '397', '999', '874', '405', '638', '869', '268', '718', '685', '29', '790']
['894', '983', '954', '455', '421', '603', '760', '369', '147', '183', '795', '905', '318', '356', '898', '758', '580', '384', '708', '709', '982', '993', '779', '785', '59', '378', '390', '934', '824', '674', '99', '702', '327']
['261', '987', '711', '717', '877', '735', '719', '546', '353', '382', '260', '91', '497', '146', '918', '1', '502', '761', '663', '941', '916', '792', '693', '361', '441', '595', '351', '933', '542', '949', '596', '206']
['9', '944', '559', '370', '925', '538', '942', '45', '855', '585', '138', '554', '828', '950', '813', '111', '22', '153', '696', '253', '734', '617', '322', '354', '315', '988', '7', '976', '11', '669', '831']
['543', '839', '145', '113', '977', '306', '843', '789', '317', '995', '395', '951', '500', '635', '776', '636', '672', '494', '665', '678', '526', '383', '325', '323', '473', '739', '704', '72', '513', '766', '598', '800']
['781', '403', '452', '448', '102', '291', '148', '116', '227', '553', '429', '805', '133', '528', '415', '668', '70', '648', '461', '393', '561', '79', '94', '21', '33', '104', '359', '681', '118', '613', '885', '86', '155', '0']
['285', '972', '81', '808', '736', '534', '953', '17', '602', '943', '820', '164', '311', '288', '156', '13', '175', '990', '389', '207', '783', '8', '697', '41', '151', '973', '802', '225', '71', '219', '756', '677', '472', '641', '573']
['504', '814', '348', '625', '683', '509', '174', '560', '914', '324', '647', '245', '189', '152', '645', '552', '38', '190', '689', '310', '522', '616', '210', '423', '161', '229', '699', '277', '252', '886', '396', '913', '601', '42']
