['485', '533', '76', '612', '57', '647', '959', '909', '727', '256', '961', '172', '829', '641', '884', '34', '610', '301']
['588', '728', '578', '408', '706', '135', '499', '433', '235', '9', '618', '601', '901', '539', '577', '516', '123', '595']
['104', '847', '965', '456', '160', '127', '929', '630', '130', '792', '981', '355', '780', '788', '743', '194', '609', '291']
['800', '598', '746', '644', '125', '729', '585', '450', '389', '885']
['771', '816', '439', '937', '40', '794', '6', '541']
['169', '658', '627', '16', '481', '188', '316', '219', '849', '664', '774', '297', '457', '602', '438']
['85', '495', '483', '310', '704', '628', '311', '464', '46', '759', '41', '368', '451', '214', '636', '770']
['453', '971', '462', '688', '766', '633', '96']
['894', '517', '411', '840', '423', '186', '584', '762', '529', '933', '110', '157', '611', '391', '388']
['506', '998', '205', '347', '99', '210', '623', '860', '798', '356', '486', '504', '410']
['695', '314', '489', '425', '945', '198', '852', '490', '238', '429', '305', '318']
['718', '879', '327', '142', '365', '856', '458', '557', '243', '241', '445']
['232', '360', '645', '569', '498', '758', '606', '332', '696', '779', '513', '159', '684', '424', '545']
['145', '317', '776', '906']
['349', '251', '52', '295', '33', '913', '787', '496', '956', '1', '811']
['77', '455', '224', '269', '997', '386', '472', '853', '296', '928', '930', '534']
['950', '190', '875', '747', '234', '685', '726', '538']
['603', '87', '185', '459', '566', '574', '100', '446', '530', '507']
['503', '702', '722', '883', '370', '708', '944', '475', '703', '181']
['362', '524', '943', '994', '815', '717']
['149', '474', '979', '713', '378', '113', '75', '679', '221', '348', '782']
['781', '791', '354', '899', '868', '115', '202', '907', '313']
['209', '140', '646', '432', '740', '842', '864', '683', '294', '579', '501']
['512', '167', '54', '374', '568', '827', '168', '106', '604', '902', '632']
['47', '573', '397', '751', '707', '785']
['8', '939', '390', '597', '661', '509', '983', '102', '837', '796']
['790', '66', '678', '280', '302', '890']
['699', '682', '79', '161', '467', '440', '60', '245', '69', '32']
['98', '739', '4', '995', '591', '184', '298', '133', '352']
['892', '257', '86', '651', '848', '900', '497']
['196', '434', '593', '935', '576', '363', '749', '668', '147', '622', '399']
['208', '189', '870', '494', '665', '418', '407', '240', '158', '53']
['254', '293', '267', '808', '82', '865', '101', '912']
['284', '437', '908', '126', '377', '193', '527']
['465', '343', '705', '821', '818', '508', '109', '416', '71', '333', '334', '819']
['988', '895', '515', '655', '750', '905', '789', '111', '112', '700', '201', '26', '80', '686', '242', '403']
['958', '625', '954', '542', '523', '108', '30', '67', '955']
['250', '421', '206', '690', '253', '131', '319', '227', '993', '767', '984', '793', '992', '549']
['962', '558', '670', '84', '540', '248', '828', '681', '264', '616', '148', '825', '626']
['335', '412', '236', '473', '510', '654', '878']
['92', '373', '479', '924', '228', '801', '893', '752', '37', '288', '582']
['103', '976', '398', '575', '350', '544', '255', '639', '754', '978', '999', '552', '871']
['364', '546', '35', '223', '430', '652', '666', '20', '62', '567', '300', '162', '372', '918', '599']
['138', '832', '461', '65', '204', '324', '985', '27', '402']
['31', '177', '306', '81', '872', '920', '537', '259', '873']
['286', '744', '839', '36', '592', '339', '213', '387', '620']
['163', '975', '914', '225', '337', '777', '329', '165']
['919', '39', '916', '650', '642', '536', '876', '488', '5', '784', '492', '323', '400']
['921', '720', '676', '61', '926', '331', '217', '299', '764', '292', '443', '395', '723', '773']
['309', '927', '230', '21', '675', '11', '709', '482', '68']
['915', '964', '991', '710', '285', '528', '694', '304', '88', '121', '321', '353', '218', '260', '555']
['95', '562', '351', '247', '366', '807', '940', '308', '381']
['854', '452', '731', '844', '769', '672', '564', '880']
['312', '58', '0', '23', '192', '118', '417']
['809', '90', '768', '732', '721', '141', '673', '505']
['886', '326', '738', '917', '736', '427', '520', '281']
['756', '428', '134', '953', '361', '345', '272', '986', '330']
['594', '531', '980', '358', '590', '132', '415']
['968', '173', '380', '341', '660', '563', '753', '526', '742', '745']
['587', '851', '454', '888', '942', '730', '822', '763']
['56', '435', '969', '357', '287', '146', '716']
['271', '934', '518', '166', '384', '835', '600', '449', '244', '274', '484']
['480', '814', '394', '693', '19', '804', '843', '63', '155']
['922', '114', '116', '891', '967', '845', '949', '500', '404', '15', '621']
['107', '596', '431', '143', '375', '946', '624', '687', '951', '772', '212']
['897', '712', '216', '448', '637', '491', '989', '904', '44']
['2', '48', '866', '28', '401', '91']
['631', '409', '22', '560', '471', '635']
['938', '855', '823', '328', '858', '369', '778', '757', '279', '691']
['830', '346', '735', '846', '614', '514', '276', '748', '841', '775', '862', '812']
['226', '810', '903', '413', '13', '338', '229', '94', '932', '543', '547', '550', '960']
['657', '180', '43', '947', '607', '952', '17', '342', '698', '10', '144', '137', '911']
['444', '290', '262', '220', '990', '105', '51', '200', '605', '613', '923', '156', '896']
['619', '405', '974', '760', '715', '182', '463', '535', '376', '164', '154', '861', '183', '277', '382', '315']
['656', '289', '129', '203', '559', '805', '49', '55']
['724', '966', '521', '59', '97', '970', '268', '275', '74']
['831', '677', '406', '561', '674', '139', '215', '833', '73']
['813', '838', '898', '874', '122', '222', '882', '711']
['18', '383', '589', '195', '367', '211', '669', '422', '414', '278', '519']
['246', '617', '191', '93', '957', '554', '824', '502', '469']
['697', '640', '7', '653', '725', '466', '877']
['553', '179', '836', '493', '261', '233', '266', '925', '197', '671', '663']
['151', '797', '634', '608', '511', '124', '120', '733', '64', '583', '322', '680', '252', '548']
['263', '442', '128', '765', '857', '826', '525', '150', '761', '187']
['963', '320', '572', '119', '89', '615', '78']
['270', '283', '565', '336', '586', '996', '859']
['303', '258', '643', '249', '12']
['199', '171', '273', '3', '396', '307', '476', '948', '231', '820', '50']
['447', '802', '936', '581', '265', '178', '689', '570', '477', '282', '532', '45']
['649', '701', '153', '14', '174', '638', '24', '487', '344', '799']
['719', '385', '931', '72', '522', '580', '910', '441', '29', '460']
['359', '136', '25', '714', '551']
['783', '426', '38', '239', '371', '419', '755', '207', '972', '741', '152', '667', '795']
['237', '659', '987', '662', '392', '817', '881', '737']
['982', '556', '803', '850', '170', '869', '117', '436', '175', '629', '393', '834', '806']
['734', '863', '379', '786', '420', '977']
['478', '973', '325', '468', '176', '887', '889', '571', '470', '83', '941']
['340', '648', '42', '70', '692', '867']
