['590', '411']
['284', '393', '194']
['72', '186', '293', '377', '597', '315', '363', '65']
['395', '371']
['564', '758', '303', '267', '181']
['325', '156', '504', '97', '598']
['652']
['515', '420']
['270', '426']
['100', '690', '162']
['432']
['277', '63']
['265', '298', '410', '575']
['607', '157', '660', '616', '379', '646']
['320', '641']
['342', '433', '502', '532']
['759', '204', '43', '786']
['390', '14', '268', '166', '331']
['226']
['693', '797']
['435', '439', '110']
['772', '449', '402', '281', '743', '146']
['360', '576', '201', '475', '180']
['440', '42']
['62', '255', '286']
['215', '302', '817', '84']
['418', '304', '718', '761']
['17', '705', '109', '769']
['810', '27', '388', '448', '279', '800', '404']
['565', '632', '521', '137', '618', '229']
['251', '499']
['625', '216', '316', '116', '669', '765', '683', '190', '89']
['648', '69', '487', '252', '227']
['605', '407']
[]
['248', '106', '812', '136', '685', '784']
['816', '587', '774']
['417', '143', '543', '477']
['415', '814', '588', '527']
['719', '382', '672', '422']
['547', '242', '399', '496']
['793', '18', '169', '612', '213', '563', '695']
['650', '262', '533']
['620', '438']
['570', '781', '74', '222', '711', '369', '115', '495']
['726', '702', '1', '560', '375']
['589', '202', '638', '710', '453', '738', '140', '362', '676', '649', '484']
['481', '241', '11', '258']
['22', '113', '498']
['121', '150', '459', '3']
['455', '583', '271', '412', '339', '538', '253', '452']
['28', '159', '493', '26', '394']
['768', '314', '736', '732', '699']
['370', '185']
['551']
['107', '80', '225']
['796', '425']
['734', '36', '57']
['661', '312']
['610', '721']
['332', '70']
['628', '329', '613', '8', '421', '364']
['85', '163', '19', '389']
['580', '235', '454', '697']
['311', '507', '403', '621']
['243', '539', '349']
['23', '659', '102', '528', '160']
['745', '668', '318', '530']
['654', '385', '447', '677', '709']
['46', '675']
['724', '708', '771', '356', '542', '603', '209']
['492', '39', '161', '512', '792', '198']
['145', '238', '469', '138', '199']
[]
[]
['764', '218', '203']
['437', '483']
['73', '341', '234']
['300', '630', '801', '337', '103']
['679', '208', '713', '188']
['733', '343']
['408', '540', '427', '555', '594', '813']
['91', '595']
['266', '54', '35', '780']
['104', '47']
['513', '777', '811']
['308', '192', '456', '4', '664']
['189', '87', '126', '232']
['717', '350', '766', '387']
['261', '79']
['805', '651', '71']
[]
['151', '503', '526']
['376', '233']
['246', '224', '336', '749', '348', '260', '703']
['142', '773']
['323', '691']
['310', '154', '428', '615']
['309']
['806', '282', '548']
['78', '123', '434', '707', '359']
['429', '572', '770', '510', '645', '254']
['558', '419', '737', '550', '245']
['591', '763', '118', '696']
['556', '179', '9']
['49', '147', '742', '346', '678', '94', '501', '294']
['688', '98', '75', '519']
['207', '753', '96', '200', '604', '174', '541']
['135', '322', '666', '424']
['762', '671', '689', '158', '799', '468']
['518', '486', '275', '611']
['476', '808', '782']
['464', '446', '41', '752', '566', '561', '299', '458']
['692', '714', '274', '525', '606']
['795', '546', '807', '466', '352', '457']
['727', '13', '401']
['340']
['330', '465', '131', '509', '442', '187']
['712', '747']
['715', '396']
['579', '391', '231', '101', '205', '386']
['687', '287', '149']
['191', '306', '250', '643', '803']
['815', '82', '490', '694']
['667', '511', '289', '544', '67', '7', '554']
['355', '731', '445', '173']
['627', '90', '760', '631']
['441', '56']
['647', '451']
['655', '577', '462']
['474', '230']
['81', '307']
['53', '196', '729', '130']
['5']
['405', '789', '264', '397']
['83']
['29', '585']
['64', '698', '48', '327', '549', '345']
['809', '798', '593', '10']
['485', '134', '128', '99', '658', '568']
['488', '553', '508']
['750', '317', '244', '635']
['680', '578', '552']
['783', '30', '617']
['59', '45', '358', '622', '374', '269']
['720', '381', '197', '353', '15']
['791', '656', '653']
['414', '409', '520']
['214', '596', '129', '444', '529', '640']
['165', '184', '586', '240']
['37']
['313', '681', '608', '722', '50', '367']
['400', '168', '634', '674', '141']
['392', '111', '601', '119', '571']
['280', '700']
['624', '754']
['344', '347', '52']
['117', '623', '221', '494', '741']
['66', '472', '559']
['467', '471', '175', '574', '172']
['283', '333', '249', '416', '297']
['228', '470', '744', '701']
['217', '193', '171', '372', '32']
['368', '609', '460', '818', '704']
['60', '728', '398']
['629', '478', '537', '25', '602']
['68', '463', '86', '524']
['557', '24', '673', '619', '139', '223']
['263', '93', '112', '338', '642']
['506', '637', '794', '756', '599', '365']
['497', '757', '516']
['479', '44', '276', '351']
['535', '55', '600', '406']
['430', '124', '127', '776', '755']
['206', '247', '108', '290']
['684', '383', '534']
['775', '301', '176', '237']
['716', '480', '220']
['114']
['740', '663', '562', '491']
['257', '38']
['723', '735', '155']
['373', '545']
['285', '665', '211', '746', '739', '443']
['573', '288']
['6', '662', '423', '152']
['804']
['20', '505']
['259', '644', '183', '77', '0']
['788', '361', '461', '164', '326', '120', '802', '380', '500', '354']
['132']
['278', '567', '296', '413']
['210', '33', '95', '482', '34']
['239', '751', '636', '523']
['170']
['335', '88', '16', '730', '273']
['767', '236', '182', '706', '536', '682']
['292', '58', '324', '436']
['450']
['686', '178', '12']
['569', '778', '105', '256', '581', '790', '305']
['177', '51', '219']
['431', '748', '378', '725', '614']
['319', '633', '517', '514', '657']
['92', '639', '148', '125', '31']
['334', '2']
['133', '295', '122', '357', '167', '779']
['670', '626', '291', '384', '76']
['153', '787', '489']
['328', '272', '785', '531']
['144', '61', '321', '473', '195', '582']
['584', '40', '212', '522', '21', '366']
['592']
