['0', '496', '131', '231', '218', '492']
['386', '125', '494', '61', '34', '443']
['271', '32', '105', '469', '468', '210']
['11', '481', '365', '224', '347', '221']
['463', '377', '312', '415', '339', '223']
['134', '344', '138', '413', '359', '176']
['171', '10', '115', '269', '270', '99']
['112', '77', '212', '478', '304', '238']
['306', '104', '435', '425', '73', '129']
['137', '449', '149', '155', '141', '296']
['38', '169', '322', '479', '198', '495']
['95', '162', '446', '309', '348', '203']
['75', '324', '56', '410', '382', '48']
['341', '385', '268', '168', '145', '179']
['490', '458', '193', '416', '248', '462']
['262', '275', '480', '97', '427', '451']
['476', '107', '228', '350', '17', '264']
['336', '189', '334', '369', '434', '65']
['432', '488', '482', '242', '368', '144']
['185', '159', '142', '337', '215', '124']
['18', '114', '37', '40', '258', '153']
['358', '118', '283', '373', '284', '381']
['19', '362', '123', '330', '420', '402']
['470', '299', '120', '356', '205', '82']
['311', '160', '499', '192', '394', '293']
['5', '472', '89', '49', '280', '180']
['307', '14', '256', '397', '181', '303']
['438', '396', '261', '422', '436', '130']
['100', '363', '90', '200', '457', '21']
['429', '186', '421', '207', '343', '226']
['417', '320', '419', '250', '67', '229']
['68', '485', '465', '459', '487', '298']
['290', '31', '484', '407', '430', '318']
['406', '411', '52', '167', '409', '423']
['41', '27', '237', '16', '444', '199']
['455', '392', '209', '388', '345', '152']
['2', '329', '431', '83', '154', '119']
['211', '195', '190', '310', '454', '393']
['252', '281', '146', '25', '467', '364']
['277', '251', '132', '351', '291', '456']
['389', '378', '328', '196', '94', '450']
['113', '497', '214', '353', '217', '161']
['117', '475', '333', '170', '44', '439']
['486', '12', '370', '331', '379', '166']
['163', '477', '433', '178', '493', '150']
['70', '121', '366', '253', '30', '360']
['267', '136', '98', '84', '471', '327']
['28', '87', '55', '452', '461']
['460']
['187', '319', '315']
['259', '440', '234', '81', '33']
['59', '88', '102', '395', '285']
['274', '313', '272']
['398', '387', '26', '63', '140']
['316', '76', '380', '263']
['232', '390', '384', '133']
['491', '78', '74', '376']
['216', '437', '147', '445', '64']
['111', '92', '53', '375', '414']
['106', '400', '108', '13']
['23', '4', '151']
['408', '448', '6', '183', '235']
['403', '404', '326']
['426', '424', '227', '39', '295']
['80', '72', '46', '35', '173']
['197', '230', '7']
['321', '317', '391']
['332', '54']
['24', '9', '301', '340', '273']
['441']
['297', '116', '335', '466', '243']
['177', '122', '442', '45']
['60', '473', '158', '109', '157']
['464', '103', '127', '128', '288']
['342', '175', '302']
['204', '286', '257', '405', '50']
['236', '96', '247', '36', '265']
['139', '314', '346', '287', '279']
['245', '447', '20', '372', '208']
['58', '244', '206', '383']
['483', '188', '294']
['164', '57', '184', '47']
['165', '357', '352', '300', '43']
['292', '110', '276', '174']
['172', '219', '143', '222', '85']
['71', '86', '1', '42']
['255', '126', '213', '148']
['62', '101', '361', '282']
['349', '3', '66', '194']
['225', '93', '399']
['240', '29', '241', '233', '308']
['498', '182', '371', '453']
['401', '239', '418', '305']
['289', '22', '278', '156', '135']
['355', '201', '325', '323', '367']
['202', '266', '374', '260', '51']
['191', '412', '79', '254', '15']
['91', '69', '220', '489', '249']
['338', '246', '8']
['354', '428', '474']
