['195', '379', '661', '247', '199']
['432', '422']
['371', '99']
['381', '248', '261', '412', '305']
['807', '782', '749', '223']
['654', '133', '810', '330', '838', '219']
['754', '352', '423', '853', '718', '48']
['111', '898', '568', '805', '448', '857']
['822', '70', '489', '603']
['288', '425', '945', '635', '3']
['600', '63', '571']
['350']
['533', '182', '324', '90', '893']
['513', '39', '627', '245', '354', '446', '891']
['875', '107']
['181', '931', '102', '421', '187']
['558', '681', '465', '915', '835']
['715', '125', '417', '523', '110', '496', '453', '637']
['188', '586']
['504', '407', '15', '201', '700', '741']
['105']
['888', '856', '464', '697', '557']
['880', '104', '911']
['646', '220', '189', '649', '416']
['952', '418', '612']
['184', '792', '438', '366', '78', '902', '210', '206', '191']
['445', '641', '903']
['322', '550', '800']
['429', '484', '325']
['123', '309', '137']
['203', '512', '431']
['299', '249', '609', '45', '924']
['900', '295', '630', '94', '163', '554', '711', '918']
['24', '482', '716', '119', '326', '377']
['808', '26', '494', '427', '28', '348', '871']
['236']
['374', '750', '836', '345']
['643', '259', '679', '490']
['823', '786', '454']
['256', '555', '321']
['178', '307', '761', '946', '517', '606']
['147', '788', '383', '668']
['280', '566', '653', '356', '136']
['845', '955', '840', '140', '392']
['862', '666', '809', '272', '692', '40', '183', '639', '441', '597']
['214', '906', '806', '138']
['41', '951']
['13', '735', '277', '940']
['469', '765', '235', '471']
['865', '864']
['515', '860', '493', '616']
['817', '244', '680', '447', '428', '887']
['71', '86', '950', '439', '317', '251']
['353', '271']
['149', '31', '837', '239']
['920', '399', '593', '678', '852']
['589', '509']
['872', '778', '521', '525', '287']
['121', '467', '634', '771']
['559', '408', '74', '575', '613', '226', '229', '717']
['243', '456', '468']
['502']
['21', '944', '826']
['904', '444', '81', '742']
['644', '734', '380']
['209', '714', '253', '764', '725', '729']
['726', '867', '66', '847']
['938', '473', '506']
['775', '192', '684', '250']
['172', '221', '539']
['585', '781', '713', '804', '580', '281', '576']
['926', '410']
['829', '704', '528']
['364', '909', '435', '768', '676']
['290', '240', '385']
['722', '628', '154']
['315', '657']
['799', '772', '218', '4']
['885', '599', '204', '150']
['861', '682', '859', '92']
['436', '409', '335', '743']
['420', '830', '500', '899']
['930', '501', '312', '818', '9']
['398', '227', '442', '618', '712', '336', '355']
['667', '224', '76', '310', '812', '686']
['564', '925', '604', '124', '949', '488', '524', '450']
['367', '475', '12']
['802', '264', '57', '80']
['387', '237', '671', '567']
['61', '51', '519']
['770', '258', '222', '52']
['426', '777']
['457', '674']
['794', '166', '624', '37', '375']
['146', '397', '225', '728', '359']
['620', '819', '759', '34', '461', '776', '391', '362', '153']
['745', '298', '584', '16', '171', '404']
['815', '574', '520']
['914', '492', '660', '540']
['369', '139', '365']
['928', '44', '273', '303', '144']
['562', '588', '152', '570']
['53', '617', '798', '114', '503', '346', '594', '883']
['737', '159', '803', '155', '889', '339']
['411', '608', '868', '929']
['430']
['876', '120']
['128', '652', '691', '797']
['833', '941', '783', '274', '396']
['293']
['263']
['72', '897', '703']
['665']
['176', '890', '542', '230', '254', '601', '403', '656']
['89', '693', '569', '943']
['215', '602', '850', '394']
['507', '291', '158', '460']
['790', '650']
['784', '477']
['547', '534', '337', '510']
['282', '723', '640', '813', '789', '719']
['162']
['476', '130', '629', '541', '947']
['498', '401', '546', '1', '645']
['164', '340', '626', '122', '318', '780']
['338', '373', '849', '824']
['361', '472', '690', '579']
['10', '769', '753', '478']
['581', '615', '157', '85']
['98', '145']
['56', '531', '62', '549']
['257', '748']
['278', '46']
['75', '84', '38', '846']
['115', '936', '33', '434']
['801', '211', '623', '100', '463', '685']
['553']
['141', '511', '939']
['495', '384', '443']
['937', '827', '730']
['738', '231', '151', '208', '297', '841']
['216', '779', '787', '814']
['664', '669', '919']
['831', '839', '50', '747', '169']
['360', '168', '532', '881']
['228', '752', '35', '276', '636']
['292', '269', '932', '351', '286', '405', '744', '49', '43']
['793']
['294', '565', '935', '721', '341', '344']
['79', '357', '246']
['927', '709']
['77', '662', '82', '27', '854']
['954', '270', '106', '647', '895']
['921', '696', '88']
['306', '621', '907', '217', '8']
['60', '474', '733', '400', '376', '582']
['677', '706', '486']
['179']
['605', '406']
['415', '631', '592']
['670', '633', '32', '301', '913', '796']
['95', '905']
['912', '242', '161', '573']
['19', '143']
['607', '113', '583', '129', '300', '455', '739']
['275', '548', '327', '289', '916', '313']
['11', '855', '701', '551', '370', '596']
['591', '117', '29']
['190', '727', '687', '625']
['658', '413', '285', '103', '0']
['543', '702', '724', '587', '710', '751']
['67']
['174', '948', '479', '917', '268']
['200', '577', '205', '316', '109']
['942', '922', '20', '108', '96', '774']
['378', '255', '785', '185', '848']
['451', '763', '522']
['535', '241', '262', '611']
['884', '414']
['433', '732', '388']
['296', '851']
['320', '232', '536']
['505', '83', '705', '760', '165']
['699', '252', '874', '483', '736', '527']
['663', '622']
['170', '127']
['87', '757', '395']
['821', '64', '68', '177', '870']
['538', '440', '708', '101']
['499', '368', '156', '673', '69', '5']
['766', '720', '386']
['419', '767']
['886', '304', '342', '563']
['390', '459', '561']
['773', '648', '632']
['695', '212', '349']
['866', '811']
['58', '901']
['497', '518', '284']
['480']
['135', '731']
['537', '755', '659', '816']
['882', '18', '167', '820', '331']
['202', '832', '545']
['863', '402', '180', '485']
['672', '526']
['828', '97', '73', '42', '470']
['17', '556', '614', '491', '896']
['22', '207', '323', '393']
['458', '462', '334', '260']
['173', '194', '47', '23', '825', '329', '319', '382']
['560']
['358', '740', '894', '36']
['756']
['953', '689', '530', '160', '265']
['132', '267', '514', '347', '332']
['843', '595']
['59', '449', '302', '311', '372']
['892']
['791', '910', '198', '956', '552', '186']
['758', '873', '308', '54', '279', '516']
['283', '142']
['213', '193', '238']
['655', '844']
['508', '30', '6']
['572', '869', '858', '437', '651', '466', '424']
['675', '923']
['707', '134', '762', '343', '746']
['389', '610', '638', '65']
['842', '481', '196']
['148', '487', '578', '2', '314', '834', '234', '91']
['7']
['131', '233', '688', '25', '328', '93']
['934', '795', '908', '877', '197', '14']
['126', '619', '452', '544']
['698', '363', '933', '598', '529', '266']
['55', '116', '118']
['694', '878', '175', '683', '879', '642']
['590', '112', '333']
