['488', '42']
['21']
['81', '128']
[]
[]
['341', '212']
[]
[]
['258']
['230']
['345']
[]
[]
['312', '482']
[]
['30']
[]
['70', '208', '77', '214', '321']
['431']
['91']
['494']
['313', '78']
[]
[]
[]
['193']
['177']
['438']
['307', '194']
[]
['292', '331']
['365', '66']
[]
['415', '200']
['207', '326']
[]
['138']
['53', '496']
[]
[]
[]
['160']
['349', '87']
['154']
[]
['492', '360', '363']
[]
['147', '37']
[]
['380', '417']
['74']
['393', '293', '413', '356']
[]
['260', '123']
['213']
['174']
['73', '276']
['454']
['285', '250']
['3']
['223']
['253']
['126', '357', '334']
['361', '226']
[]
[]
['491', '209', '120']
['483', '263', '405', '377']
[]
['144']
['419']
[]
['424', '449', '16', '29']
[]
['269']
[]
[]
[]
[]
['111']
['231', '409']
['186']
[]
['100', '133']
[]
['480']
['394', '40']
['162', '414']
['458', '158', '159']
['63', '401', '396']
[]
['430', '286']
['428']
['64', '104']
['225']
['28', '447']
['309']
[]
['299']
['420']
['378']
['304', '233']
['35', '367']
['117']
[]
[]
['248']
['56']
['287', '116', '344']
['296', '442', '432']
['183']
[]
[]
[]
['19', '316']
[]
[]
['6']
[]
[]
['353', '20']
[]
['1', '366']
['497']
[]
[]
['382']
['39']
[]
['244']
[]
[]
[]
['170']
['173', '473']
['407', '368']
[]
['198', '99', '121']
['439']
['136']
['62']
[]
['337', '45']
[]
[]
['12']
['329']
['180']
[]
['125']
['22', '43']
[]
[]
[]
['347', '23']
[]
['406']
['281', '386']
['227', '176']
['446']
[]
['324']
['60']
['385']
['388', '411']
['46']
['371']
['96']
['280']
[]
['403', '41', '206']
['352']
[]
[]
[]
[]
['182', '416']
[]
['336', '113']
['266']
['31']
[]
['444']
[]
['282', '374', '328', '18']
[]
[]
['487']
['466', '302']
['351', '140']
[]
['50']
['134']
['462', '24']
[]
[]
[]
['495', '426']
[]
['148', '340']
['421']
['364']
['271']
['191', '211']
['130', '166', '399', '434', '167', '221', '254']
['452']
[]
[]
[]
[]
[]
['471']
[]
[]
['232', '217']
['57', '49', '47']
[]
[]
['306']
['202']
['161']
[]
['453']
['54', '379', '389']
['79']
['273']
['188', '83']
[]
['5', '422']
['262']
['157', '468']
[]
['201']
['372']
['303']
['451']
['38']
[]
['150', '290']
['268']
['142']
['384', '410', '427']
[]
['440']
['245']
['36']
['88']
['155']
['181']
[]
['90', '203']
['315', '391']
['461']
['175']
['165']
[]
['124']
['106', '261']
[]
[]
[]
['267', '235']
['278']
[]
['69']
['102']
[]
['412', '249']
['112']
[]
['310']
['195', '164']
[]
['342', '149', '479']
['210', '143']
['257', '457']
['455', '359']
[]
['376', '327']
[]
['219']
['10', '464', '459']
['338']
['348']
[]
['477']
[]
['294']
['228']
[]
['242']
['218']
['339', '350']
[]
[]
['98']
['48']
['153']
['300']
[]
[]
['362']
['243']
[]
[]
['295', '247']
[]
['185']
['484', '404', '398']
[]
['119']
['94']
['445', '15']
['169', '168']
['402', '192']
[]
['333']
['75']
['127', '460', '8']
['196', '14', '0']
['354', '450', '236', '246']
[]
['297', '13', '25']
[]
['298', '448', '481', '320']
['71', '152']
[]
[]
['216', '499']
[]
['92']
['291']
[]
['489']
['456']
['470', '279']
['93', '383', '204', '131']
['478']
[]
['55', '330']
['443', '17']
[]
['463', '256']
['437']
['318', '129']
[]
['283']
[]
['97', '474']
[]
[]
['163', '2']
[]
[]
['65', '252']
['205']
['222', '311']
['240', '265']
['322']
[]
['189', '485', '375']
['418']
['390']
['220', '33']
[]
[]
[]
['264']
['400']
[]
[]
[]
[]
['7', '95']
[]
[]
['26']
[]
[]
[]
['498']
['107']
['224']
[]
[]
['105']
[]
['305']
[]
['369', '239']
[]
['323']
['190']
[]
['275']
['355']
['61']
['343']
[]
[]
['118', '381']
['346']
['4', '476']
['172', '259']
['139']
['114', '395', '151', '436']
['241', '335']
['469']
[]
['67', '84']
[]
['270']
[]
['433']
['251']
['109', '72']
[]
[]
['115']
['272', '27']
['237']
['486']
['103']
['86']
['289']
['137']
['370']
[]
['319']
['392', '332']
['11', '425']
[]
['197', '284']
['229']
['408']
['89']
['178']
[]
[]
[]
['234']
['423']
['32']
['325', '358']
[]
['397']
['215']
['187']
['82', '308']
[]
[]
['441']
[]
['314']
[]
['490']
[]
[]
[]
['288', '80']
[]
[]
['132']
['156']
[]
['373']
['475']
[]
[]
['122', '146']
['301', '51']
['184']
[]
['467', '274']
['145', '277']
[]
['135', '52', '238', '59', '179']
['76', '101']
['108']
['465', '85']
['387', '493']
[]
[]
['171']
['472']
['68']
['34']
['435', '317']
['58', '429', '255', '141']
[]
[]
[]
['110', '199']
['9']
[]
['44']
[]
