['296', '467', '59', '204', '43', '147', '444', '237', '108', '232', '175', '62', '161', '445', '350', '334', '225', '264', '234']
['282', '347', '256', '217', '79', '91', '404', '257', '359', '191', '297', '183', '406', '84', '176', '317', '168', '294', '364', '409', '74', '415', '106', '188', '336', '250', '103', '141']
['3', '417', '64', '338', '199', '50', '487', '70', '131', '90', '5', '104', '135', '494', '22', '307', '473', '128', '376', '495', '353']
['207', '288', '51', '119', '214', '263', '190', '386', '416', '314', '481', '290', '76', '177', '189', '156', '8', '139', '126', '385', '354', '326', '346', '434', '42']
['337', '33', '312', '482', '163', '284', '14', '133', '278', '499', '391', '205', '105', '240', '496', '428', '247', '274', '390', '493', '378', '32', '411', '200', '78', '80', '158', '275', '35', '49', '85', '77']
['94', '475', '208', '480', '377', '449', '10', '371', '268', '488', '13', '253', '25', '420', '203', '435', '127', '173', '272', '313', '351', '367', '2', '216', '292', '39', '439', '228', '40', '69', '463', '345']
['277', '92', '408', '349', '227', '41', '430', '57', '196', '343', '151', '97', '242', '19', '395', '355', '368', '120']
['121', '310', '182', '451', '302', '486', '259', '412', '45', '432', '366', '478', '280', '241', '67', '321', '261', '341', '266', '226', '53', '6']
['55', '18', '397', '143', '373', '81', '433', '113', '358', '265', '468', '155', '142', '48', '222', '167', '332', '37', '316', '72', '319', '192', '269', '457', '472', '450', '93', '34', '322', '87', '16', '244']
['402', '213', '44', '210', '393', '116', '394', '195', '98', '246', '212', '215', '438', '281', '220', '162', '140', '52', '157', '401', '375', '273', '497', '414', '252', '20']
['379', '61', '365', '285', '363', '243', '323', '427', '418', '160', '178', '15', '442', '219', '150', '419', '300', '289', '197']
['129', '298', '276', '164', '221', '249', '60', '198', '304', '382', '413', '159', '485', '335', '99', '56', '286', '154', '490', '271', '58', '458', '125', '65', '460', '474', '46']
['426', '410', '144', '309', '437', '86', '260', '306', '476', '251', '479', '88', '270', '66', '423', '75', '153', '21', '27', '329', '352', '186', '454', '179', '38', '311', '362', '421']
['384', '238', '124', '453', '230', '231', '218', '422', '381', '202', '89', '489', '209', '396', '73', '174', '372', '36', '348', '193', '95', '138', '380', '63']
['132', '100', '166', '383', '137', '171', '17', '29', '206', '54', '185', '30', '11', '1', '115', '96', '344', '461', '440', '71', '466', '4', '82', '465', '223', '327', '123']
['262', '339', '279', '295', '324', '236', '492', '387', '24', '110', '148', '459', '315', '425', '483', '333', '318', '102', '136', '498']
['370', '152', '172', '248', '331', '443', '146', '224', '169', '117', '283', '360', '455', '23', '7', '112', '229', '255', '303', '233', '180', '145', '305', '424', '122', '187', '452', '441', '83', '287', '491']
['477', '118', '28', '403', '448', '291', '201', '392', '47', '107', '308', '436', '325', '470', '211', '389', '114', '267', '388', '405', '340', '134', '111', '429', '398', '374', '194', '299', '330']
['320', '356', '101', '12', '462', '456', '235', '109', '369', '130', '469', '400', '26', '464', '0', '301', '9']
['431', '446', '254', '447', '68', '361', '258', '239', '181', '165', '484', '245', '399', '184', '293', '407', '328', '357', '342', '471', '31', '170', '149']
