['120', '311', '754', '778', '191', '575', '87']
['463', '542', '212', '38', '349', '411', '178']
['136', '536', '509', '586', '226', '438', '300']
['375', '437', '659', '497', '423', '385', '791']
['290', '114', '57', '514', '203', '452', '570']
['492', '331', '494', '20', '795', '604', '284']
['632', '721', '334', '702', '679', '499', '201']
['247', '294', '699', '439', '674', '413', '513']
['262', '677', '476', '125', '454', '784', '148']
['24', '144', '279', '56', '3', '407', '468']
['789', '391', '644', '554', '593', '132', '526']
['594', '312', '43', '787', '637', '164', '134']
['363', '622', '218', '91', '230', '306', '12']
['646', '397', '481', '665', '387', '323', '692']
['734', '739', '168', '167', '81', '639', '126']
['576', '764', '480', '564', '2', '99', '516']
['448', '744', '7', '746', '94', '384', '796']
['276', '42', '631', '48', '618', '350', '602']
['244', '620', '283', '647', '409', '248', '552']
['60', '377', '163', '234', '482', '22', '673']
['498', '41', '108', '277', '264', '507', '305']
['465', '458', '461', '192', '508', '353', '661']
['189', '756', '412', '495', '712', '267', '209']
['321', '561']
['329', '121', '617', '398']
['269', '198', '243', '32', '157', '216']
['544', '155', '723']
['231', '190', '797', '61']
['545', '46', '271', '616']
['117', '45', '706', '762']
['642', '118', '485', '270']
['215', '286', '140', '471']
['288', '705', '338', '728']
['307', '588', '79', '36', '557']
['367', '256', '643', '696', '340', '379']
['352', '166']
['786', '246', '275', '713']
['667', '596', '368', '717', '10']
['422', '510', '522', '233']
['605', '589', '725', '553']
['95', '539', '662']
['383']
['649', '58', '325']
['549', '161', '694', '603']
['691', '695', '182', '313']
['548', '770', '664', '505', '447', '9']
['302', '697', '400', '358', '540', '112']
['239', '703']
['252', '714', '64', '653']
['34', '425', '200', '258']
['183', '730', '355', '333', '785', '752']
['217', '208', '671', '1']
['733', '455', '462', '63', '237', '301']
['69', '303', '21']
['50', '27', '410', '261']
['228', '18', '251', '740', '520']
['669', '427', '372', '436', '326', '537']
['322', '568', '107', '123', '388']
['402']
['122', '551', '585', '187', '621']
['710', '582', '197']
['351', '788', '686']
[]
['793', '501', '23', '128', '543']
['562', '645', '623']
['17', '199', '115', '188']
['344', '780', '195', '281', '378', '533']
['670', '453', '145', '240']
['506', '335', '404', '517', '213', '418']
['753', '165', '597', '360', '291']
['113', '567', '250', '380']
['137', '449', '255', '232']
['342', '116', '783', '663', '479', '690']
['265', '743', '295']
['556', '315', '641']
['592', '152', '6', '348']
['15', '8', '85', '470']
['97', '245', '760', '701']
['751', '124', '392', '343', '518']
['225', '257']
['40']
['475', '177', '16', '668']
['26', '285', '530', '591']
['459', '583']
['214', '146', '82', '133', '25']
['359', '435', '469']
['151', '376', '401', '651']
['180', '609', '534']
['84', '184', '130', '389', '65']
['749', '745', '390', '220']
['59', '524', '515', '92']
['72', '332', '750', '486']
['660']
['676', '254', '457', '657', '11']
['720', '727', '528', '431', '655']
['460', '51', '222']
['129', '131', '160', '55']
['316', '624']
['106']
['77', '450']
['650', '119', '611', '100']
['54', '581', '395', '373', '688', '523']
['4', '775']
['185', '590', '67', '336', '451']
['658', '502', '28']
['595']
['685', '408']
['432', '382']
['98', '709', '742', '13', '287']
['737', '206']
['625', '29', '347', '221']
['266', '324', '675']
['741', '30', '314', '310', '577']
['541', '794', '573', '766', '715']
['640', '406', '560', '159', '529']
['792', '259', '782', '357']
['317', '525', '39', '790', '718']
[]
[]
['205', '601', '777', '66', '630', '527']
['729', '565']
['138', '154', '693', '421', '610', '249']
['633', '52', '608', '196', '773']
['584', '735', '559', '75', '169']
['612']
['374', '700', '345', '724', '672', '260']
['772', '47', '532']
['174', '162', '241', '415', '296', '224']
['33']
['512', '337', '429', '62', '726']
['19', '456', '414', '521']
['781', '204']
['304', '394']
['722', '319', '574', '109']
['500', '682', '606', '181']
['320', '434', '346']
['308', '572']
['580', '105', '484', '683', '172']
['49', '339', '207']
['731', '78', '708']
['176']
['446']
['369', '147', '223']
['242', '142', '648', '0', '328']
['175', '538']
['652', '417', '236']
['474', '298']
['684', '614', '490', '193', '799']
['558', '607', '104', '555']
['477', '420', '396', '93', '179', '519']
['629', '433', '153', '635', '634']
['759']
['566']
['704', '53', '491']
['96', '579', '428', '678']
['765', '399', '70', '441', '489', '71']
['711', '504']
['210', '563', '546', '282', '292', '680']
['628', '278', '445', '443', '386', '487']
['738']
['5', '89']
[]
['656', '318', '615']
['74', '758', '732', '768']
['330', '613', '444', '464', '80', '361']
['689', '102', '535', '86']
['371', '370', '654', '419', '289']
['776', '327', '381']
['736', '767', '14']
['430', '227', '68', '88']
['619', '626']
['83', '393', '779', '365', '76']
['707', '186', '547']
['268']
['280', '73', '37', '139']
['219', '238', '171', '578']
['503', '263', '274']
['698', '747', '687']
['666', '493', '587']
['111', '636', '757', '600', '681']
['571', '424', '309', '356', '598']
['44', '488']
['496', '748', '235']
['719', '531', '472', '440']
['638', '211', '426', '31']
[]
['173', '150', '774', '101', '550', '366']
['253', '755', '627']
['141', '297', '473']
['272', '293', '170', '110']
['416', '158', '35', '466', '273']
['156', '299', '403', '364', '769', '127']
['569', '354', '771']
['798']
['467']
['599', '229', '763', '405', '442', '478']
['135', '103']
['362', '761', '511']
['90', '143', '202', '194', '341']
['483', '149', '716']
