['677', '455', '76', '437', '869', '958', '88', '447', '761', '183', '618', '339', '35', '25', '207', '658', '515', '323', '139', '197', '352', '143', '65', '859', '822', '209', '34', '821', '654', '395', '346', '520', '650', '480', '104', '5', '871', '313', '487', '635']
['610', '718', '305', '982', '888', '686', '524', '884', '753', '106', '253', '329', '671', '13', '319', '50', '1', '249', '398', '771', '470', '767', '518', '360', '725', '163', '177', '260', '572', '664', '819', '633', '273', '111', '584', '140', '770', '73', '3', '371']
['726', '161', '622', '628', '350', '669', '390', '220', '435', '47', '959', '151', '899', '807', '974', '529', '645', '924', '285', '963', '623', '232', '478', '543', '251', '833', '474', '704', '110', '484', '580', '389', '590', '429', '831', '386', '625', '560', '489', '314']
['977', '317', '275', '599', '583', '164', '345', '536', '548', '526', '491', '880', '667', '179', '196', '766', '559', '876', '210', '443', '588', '343', '516', '291', '503', '910', '438', '868', '893', '376', '99', '744', '126', '15', '234', '861', '201', '157', '597', '324']
['777', '578', '636', '131', '33', '109', '265', '338', '639', '271', '634', '168', '287', '825', '132', '657', '739', '676', '874', '169', '794', '967', '856', '835', '309', '433', '409', '773', '74', '575', '733', '137', '300', '939', '276', '683', '971', '18', '918', '175']
['648', '842', '238', '60', '134', '942', '296', '412', '840', '187', '102', '31', '420', '469', '27', '903', '552', '711', '987', '180', '582', '38', '632', '781', '873', '934', '498', '885', '746', '717', '48', '661', '39', '944', '567', '630', '178', '351', '646', '449']
['613', '281', '799', '827', '511', '0', '554', '311', '53', '380', '544', '356', '539', '847', '579', '668', '21', '957', '747', '755', '506', '564', '282', '374', '69', '368', '533', '147', '802', '32', '765', '828', '193', '256', '545', '441', '547', '388', '62', '321']
['592', '530', '697', '225', '678', '113', '115', '883', '415', '464', '91', '824', '507', '988', '741', '86', '49', '268', '476', '698', '92', '901', '595', '397', '953', '810', '98', '176', '298', '660', '407', '573', '475', '235', '236', '37', '54', '227', '834', '966']
['719', '956', '320', '727', '701', '895', '408', '173', '521', '499', '721', '931', '723', '82', '740', '414', '637', '576', '460', '617']
['788', '365', '839', '261', '710', '202', '440', '302', '237', '436', '405', '844', '914', '208', '699', '70', '665', '806', '56', '909', '954', '682', '558', '695', '17', '12', '916', '556', '410', '364', '979']
['892', '301', '165', '241', '361', '787', '306', '254', '354', '985', '332', '858', '519', '327', '780', '393', '252', '404', '927', '466', '382', '312', '42', '77', '674', '902', '9', '976', '81', '58', '596', '855', '75', '85', '915', '263']
['541', '917', '385', '655', '418', '820', '713', '189', '24', '78', '107', '41', '342', '691', '26', '513', '841', '970', '615', '212', '715', '51', '692', '223', '848', '852', '426', '627', '817']
['493', '922', '270', '158', '867', '624', '738', '272', '785', '417', '363', '894', '162', '949', '512', '204', '391', '138', '97', '619', '972', '166', '612', '117', '837', '490', '640', '813', '280', '904']
['59', '510', '707', '900', '307', '911', '246', '325', '912', '181', '264', '776', '462', '995', '616', '479', '330', '182', '72', '221', '782', '450', '540', '849', '463', '920', '192', '857', '118', '716']
['791', '87', '245', '896', '335', '797', '337', '626', '601', '333', '423', '286', '878', '811', '19', '670', '830', '146', '941', '295', '4', '483', '897', '112', '684', '757', '8', '199', '155', '219', '459', '29', '700', '675', '7', '563']
['428', '796', '401', '905', '399', '932', '651', '119', '994', '745', '381', '64', '826', '500', '432', '984', '11', '231', '473', '593', '214', '703', '696', '537', '205', '255', '730', '906', '366', '778', '877', '377', '566', '754']
['926', '793', '357', '316', '30', '742', '348', '392', '336', '322', '358', '534', '413', '875', '159', '171', '94', '257', '277', '505', '553', '546', '731', '527', '818', '750', '774', '887', '378', '722', '989', '968']
['706', '886', '764', '606', '247', '928', '952', '514', '749', '130', '442', '681', '940', '535', '644', '328', '90', '292', '359', '123', '550', '938', '659', '439', '945', '964', '451']
['344', '562', '424', '326', '160', '367', '561', '850', '217', '523', '555', '444', '804', '762', '100', '89', '587', '411', '705', '768', '293', '589', '274', '798', '406', '680', '425', '129', '224', '279']
['803', '577', '142', '983', '832', '690', '986', '120', '384', '758', '501', '128', '854', '497', '396', '792', '453', '259', '756', '190', '672', '846', '689', '647', '685']
['108', '434', '729', '605', '215', '244', '947', '372', '262', '568', '673', '46', '643', '116', '608', '517', '862', '921', '863', '720', '93', '990', '10', '815', '308', '935', '96', '737', '228', '908', '318', '456']
['95', '641', '724', '355', '421', '980', '772', '127', '653', '80', '340', '600', '865', '184', '452', '226', '809', '688', '203', '836', '538', '532', '66', '44', '170', '937', '370', '240', '574', '663', '468', '172', '422']
['642', '666', '121', '400', '446', '303', '933', '211', '760', '383', '790', '347', '144', '362', '845', '853', '482', '289', '150', '621', '148', '955', '732', '206', '656', '843', '866', '471', '341', '881', '375', '542', '495', '114', '629']
['239', '36', '522', '191', '467', '20', '594', '149', '504', '145', '571', '427', '304', '185', '156', '805', '961', '124', '216', '269', '416', '243', '43', '814', '218', '789', '570', '61', '349', '267', '786', '614']
['28', '649', '714', '528', '978', '889', '84', '250', '229', '929', '943', '611', '14', '71', '860', '153', '387', '981', '549', '808', '783', '784', '213', '890', '620', '743', '662', '936', '477', '687', '702', '103', '494', '712', '965', '481', '879', '694', '6']
['195', '609', '557', '310', '551', '174', '960', '496', '141', '801', '992', '379', '891', '68', '946', '913', '586', '278', '57', '816', '135', '565', '294', '975', '823', '458', '531', '290']
['693', '299', '882', '734', '950', '242', '188', '186', '638', '602', '297', '652', '925', '472', '431', '430', '373', '948', '919', '569', '951', '969', '45', '461', '154', '485', '800']
['907', '288', '52', '993', '394', '2', '198', '258', '973', '194', '167', '779', '16', '233', '708', '991', '728', '870', '607', '105', '248', '230', '67', '63', '502', '759', '284', '283', '448', '402']
['763', '334', '679', '751', '851', '591', '864', '748', '829', '454', '222', '736', '509', '812', '775', '585', '315', '445', '923', '508', '488', '525', '735', '465', '79', '403', '486', '40', '752', '898', '122']
['266', '55', '22', '369', '872', '331', '769', '136', '631', '101', '795', '23', '581', '709', '83', '604', '353', '930', '125', '492', '598', '419', '200', '457', '962', '838', '133', '152', '603']
