['139', '500', '224', '242', '618', '516', '635', '75', '267', '62', '421', '616', '578', '393', '8', '1', '517', '291', '116', '420', '378', '121', '5', '9', '282', '10', '617', '581', '85', '322']
['152', '473', '308', '26', '215', '555', '213', '659', '671', '365', '369', '171', '69', '661', '203', '476', '123', '689', '286', '351', '89', '403', '395', '464']
['390', '530', '445', '295', '262', '97', '349', '153', '529', '654', '589', '269', '487', '417', '458', '231', '652', '697', '624', '84', '678']
['302', '372', '330', '409', '336', '605', '328', '253', '148', '268', '82', '638', '556', '166', '414', '109', '303', '318', '3', '35']
['611', '660', '674', '440', '631', '77', '696', '585', '662', '534', '474', '425', '234', '306', '455', '655', '456', '225', '325', '524', '576', '184', '492']
['426', '22', '181', '647', '300', '321', '34', '380', '172', '134', '539', '48', '338', '590', '131', '342', '79', '676', '374', '650', '680', '60']
['17', '410', '42', '685', '326', '526', '437', '629', '61', '164', '615', '427', '279', '553', '535', '538']
['18', '150', '111', '607', '154', '666', '444', '663', '450', '199', '368', '160', '389', '359', '418', '176', '58', '588', '106', '256']
['462', '293', '664', '202', '597', '114', '305', '104', '360', '545', '63', '653', '484', '683', '557', '692', '12', '366', '386', '402', '677', '11', '471']
['564', '584', '513', '537', '574', '72', '294', '65', '370', '367', '401', '341', '599', '254', '222', '396', '15', '113', '25', '207', '309', '416', '301']
['168', '315', '276', '448', '14', '694', '355', '90', '447', '163', '480', '633', '198', '112', '71', '548', '542', '642', '546', '592', '490', '248', '406', '281', '384']
['80', '501', '565', '192', '575', '136', '432', '37', '699', '27', '24', '266', '333', '644', '252', '206', '43', '156', '45', '541', '544', '138', '397', '30', '54', '400', '102', '356', '334']
['488', '388', '686', '92', '259', '147', '636', '103', '185', '55', '408', '573', '549', '656', '288', '196', '612', '39', '107', '511', '543', '695', '503', '73', '241', '130']
['570', '512', '335', '137', '627', '620', '49', '237', '142', '625', '598', '275', '572', '431', '352', '436', '155', '170', '621', '602']
['496', '610', '494', '478', '214', '383', '105', '36', '373', '19', '158', '371', '193', '255', '100', '441', '314', '651', '178', '468', '392', '577', '567', '665', '183', '469']
['133', '672', '221', '327', '96', '125', '667', '411', '319', '208', '280', '479', '467', '423', '337', '528', '59', '596', '67', '433', '698', '186', '550']
['232', '51', '579', '531', '161', '559', '245', '29', '472', '461', '608', '626', '357', '223', '520', '358', '110', '619', '428', '457', '273', '143', '452']
['261', '175', '240', '249', '669', '465', '117', '6', '442', '646', '634', '16', '523', '435', '379', '94', '167', '316', '505', '640', '270', '460', '88', '657', '289', '324', '182', '493', '230']
['120', '586', '177', '375', '98', '218', '591', '7', '670', '283', '76', '454', '329', '508', '568', '122', '466', '140', '66', '31', '509', '180', '449', '190', '162', '404', '687', '540']
['277', '525', '44', '691', '227', '40', '439', '477', '507', '637', '587', '2', '648', '47', '56', '497', '394', '33', '250', '243', '690', '20', '101', '362', '233', '332', '580', '582']
['265', '173', '209', '169', '514', '205', '219', '563', '331', '191', '126', '346', '603', '188', '93', '419', '583', '197', '95', '347', '38', '486']
['290', '78', '502', '247', '519', '174', '235', '510', '344', '554', '499', '317', '415']
['606', '216', '658', '693', '46', '688', '518', '399', '560', '363', '212', '489', '475', '673', '141', '547', '108', '238', '604', '0', '438', '313', '83', '179']
['405', '118', '244', '387', '536', '287', '628', '600', '561', '284', '135', '74', '310', '361', '41', '354', '601', '340']
['495', '679', '675', '68', '491', '463', '558', '258', '522', '532', '594', '593', '187', '70', '382', '128', '210', '226', '364', '13', '204', '151', '217', '552', '434']
['228', '350', '144', '377', '381', '630', '132', '623', '278', '4', '229', '312', '481', '149', '99', '407', '398', '145', '201', '643', '124', '23', '521', '504', '264', '129', '189']
['515', '91', '613', '115', '263', '645', '641', '297', '453', '165', '527', '498', '323', '533', '195', '470', '52', '483', '28', '614', '345', '566', '391', '157']
['482', '343', '86', '459', '413', '376', '569', '64', '220', '562', '571', '609', '298', '320', '681', '159', '53', '272', '194', '296', '385']
['274', '50', '595', '430', '622', '485', '412', '684', '32', '200', '632', '236', '146', '304', '57', '127', '257', '446', '682', '639', '443', '311', '239', '307', '211']
['285', '271', '81', '424', '649', '87', '506', '251', '353', '451', '299', '21', '422', '551', '339', '429', '668', '348', '292', '260', '119', '246']
